--------
Total Statistics
--------
Total Instructions: 2172105006
Total Cycles: 7808247223
IPC: 0.278181

--------
Single level Tlb hierarchy
--------
  Data Tlb:
    Entries:          64
    Page Size(B):   4096
    Associativity:      4

Latencies:    0  100
Tlb-Sets:   16 - LRU - assoc:   4

Tlb Stats:
Tlb-Load-Hits:         567190409   94.21%
Tlb-Load-Misses:        34832627    5.79%
Tlb-Load-Accesses:     602023036  100.00%

Tlb-Store-Hits:         124237705   94.97%
Tlb-Store-Misses:         6584401    5.03%
Tlb-Store-Accesses:     130822106  100.00%

Tlb-Total-Hits:         691428114   94.35%
Tlb-Total-Misses:        41417028    5.65%
Tlb-Total-Accesses:     732845142  100.00%



--------
Two level Cache hierarchy
--------
  L1-Data Cache:
    Size(KB):          32
    Block Size(B):     64
    Associativity:      8

  L2-Data Cache:
    Size(KB):         512
    Block Size(B):     64
    Associativity:      8

Latencies:    1   15  250
L1-Sets:   64 - LRU - assoc:   8
L2-Sets: 1024 - LRU - assoc:   8
Store_allocation: Yes
L2_inclusive: Yes
L2_prefetching: No

L1 Cache Stats:
L1-Load-Hits:         599559327   99.59%
L1-Load-Misses:         2463709    0.41%
L1-Load-Accesses:     602023036  100.00%

L1-Store-Hits:         130411780   99.69%
L1-Store-Misses:          410326    0.31%
L1-Store-Accesses:     130822106  100.00%

L1-Total-Hits:         729971107   99.61%
L1-Total-Misses:         2874035    0.39%
L1-Total-Accesses:     732845142  100.00%

L2 Cache Stats:
L2-Load-Hits:               100    0.00%
L2-Load-Misses:         2463609  100.00%
L2-Load-Accesses:       2463709  100.00%

L2-Store-Hits:                 0    0.00%
L2-Store-Misses:          410326  100.00%
L2-Store-Accesses:        410326  100.00%

L2-Total-Hits:               100    0.00%
L2-Total-Misses:         2873935  100.00%
L2-Total-Accesses:       2874035  100.00%

