--------
Total Statistics
--------
Total Instructions: 2172105006
Total Cycles: 7191150238
IPC: 0.302053

--------
Single level Tlb hierarchy
--------
  Data Tlb:
    Entries:          64
    Page Size(B):   4096
    Associativity:      4

Latencies:    0  100
Tlb-Sets:   16 - LRU - assoc:   4

Tlb Stats:
Tlb-Load-Hits:         567190409   94.21%
Tlb-Load-Misses:        34832627    5.79%
Tlb-Load-Accesses:     602023036  100.00%

Tlb-Store-Hits:         130400805   99.68%
Tlb-Store-Misses:          421301    0.32%
Tlb-Store-Accesses:     130822106  100.00%

Tlb-Total-Hits:         697591214   95.19%
Tlb-Total-Misses:        35253928    4.81%
Tlb-Total-Accesses:     732845142  100.00%



--------
Two level Cache hierarchy
--------
  L1-Data Cache:
    Size(KB):          32
    Block Size(B):     64
    Associativity:      8

  L2-Data Cache:
    Size(KB):        1024
    Block Size(B):     64
    Associativity:      8

Latencies:    1   15  250
L1-Sets:   64 - LRU - assoc:   8
L2-Sets: 2048 - LRU - assoc:   8
Store_allocation: Yes
L2_inclusive: Yes
L2_prefetching: No

L1 Cache Stats:
L1-Load-Hits:         599556667   99.59%
L1-Load-Misses:         2466369    0.41%
L1-Load-Accesses:     602023036  100.00%

L1-Store-Hits:         130411939   99.69%
L1-Store-Misses:          410167    0.31%
L1-Store-Accesses:     130822106  100.00%

L1-Total-Hits:         729968606   99.61%
L1-Total-Misses:         2876536    0.39%
L1-Total-Accesses:     732845142  100.00%

L2 Cache Stats:
L2-Load-Hits:              5899    0.24%
L2-Load-Misses:         2460470   99.76%
L2-Load-Accesses:       2466369  100.00%

L2-Store-Hits:                 0    0.00%
L2-Store-Misses:          410167  100.00%
L2-Store-Accesses:        410167  100.00%

L2-Total-Hits:              5899    0.21%
L2-Total-Misses:         2870637   99.79%
L2-Total-Accesses:       2876536  100.00%

