--------
Total Statistics
--------
Total Instructions: 2172104981
Total Cycles: 7807401145
IPC: 0.278211

--------
Single level Tlb hierarchy
--------
  Data Tlb:
    Entries:          64
    Page Size(B):   4096
    Associativity:      4

Latencies:    0  100
Tlb-Sets:   16 - LRU - assoc:   4

Tlb Stats:
Tlb-Load-Hits:         567190400   94.21%
Tlb-Load-Misses:        34832628    5.79%
Tlb-Load-Accesses:     602023028  100.00%

Tlb-Store-Hits:         124237705   94.97%
Tlb-Store-Misses:         6584401    5.03%
Tlb-Store-Accesses:     130822106  100.00%

Tlb-Total-Hits:         691428105   94.35%
Tlb-Total-Misses:        41417029    5.65%
Tlb-Total-Accesses:     732845134  100.00%



--------
Two level Cache hierarchy
--------
  L1-Data Cache:
    Size(KB):          32
    Block Size(B):     64
    Associativity:      8

  L2-Data Cache:
    Size(KB):        1024
    Block Size(B):     64
    Associativity:     16

Latencies:    1   15  250
L1-Sets:   64 - LRU - assoc:   8
L2-Sets: 1024 - LRU - assoc:  16
Store_allocation: Yes
L2_inclusive: Yes
L2_prefetching: No

L1 Cache Stats:
L1-Load-Hits:         599562202   99.59%
L1-Load-Misses:         2460826    0.41%
L1-Load-Accesses:     602023028  100.00%

L1-Store-Hits:         130412090   99.69%
L1-Store-Misses:          410016    0.31%
L1-Store-Accesses:     130822106  100.00%

L1-Total-Hits:         729974292   99.61%
L1-Total-Misses:         2870842    0.39%
L1-Total-Accesses:     732845134  100.00%

L2 Cache Stats:
L2-Load-Hits:               100    0.00%
L2-Load-Misses:         2460726  100.00%
L2-Load-Accesses:       2460826  100.00%

L2-Store-Hits:                 0    0.00%
L2-Store-Misses:          410016  100.00%
L2-Store-Accesses:        410016  100.00%

L2-Total-Hits:               100    0.00%
L2-Total-Misses:         2870742  100.00%
L2-Total-Accesses:       2870842  100.00%

