--------
Total Statistics
--------
Total Instructions: 2172105006
Total Cycles: 6853929288
IPC: 0.316914

--------
Single level Tlb hierarchy
--------
  Data Tlb:
    Entries:          64
    Page Size(B):   4096
    Associativity:      4

Latencies:    0  100
Tlb-Sets:   16 - LRU - assoc:   4

Tlb Stats:
Tlb-Load-Hits:         567190410   94.21%
Tlb-Load-Misses:        34832626    5.79%
Tlb-Load-Accesses:     602023036  100.00%

Tlb-Store-Hits:         130400805   99.68%
Tlb-Store-Misses:          421301    0.32%
Tlb-Store-Accesses:     130822106  100.00%

Tlb-Total-Hits:         697591215   95.19%
Tlb-Total-Misses:        35253927    4.81%
Tlb-Total-Accesses:     732845142  100.00%



--------
Two level Cache hierarchy
--------
  L1-Data Cache:
    Size(KB):          32
    Block Size(B):     64
    Associativity:      8

  L2-Data Cache:
    Size(KB):        1024
    Block Size(B):    128
    Associativity:      8

Latencies:    1   15  250
L1-Sets:   64 - LRU - assoc:   8
L2-Sets: 1024 - LRU - assoc:   8
Store_allocation: Yes
L2_inclusive: Yes
L2_prefetching: No

L1 Cache Stats:
L1-Load-Hits:         598315561   99.38%
L1-Load-Misses:         3707475    0.62%
L1-Load-Accesses:     602023036  100.00%

L1-Store-Hits:         130189585   99.52%
L1-Store-Misses:          632521    0.48%
L1-Store-Accesses:     130822106  100.00%

L1-Total-Hits:         728505146   99.41%
L1-Total-Misses:         4339996    0.59%
L1-Total-Accesses:     732845142  100.00%

L2 Cache Stats:
L2-Load-Hits:           2478434   66.85%
L2-Load-Misses:         1229041   33.15%
L2-Load-Accesses:       3707475  100.00%

L2-Store-Hits:            427616   67.61%
L2-Store-Misses:          204905   32.39%
L2-Store-Accesses:        632521  100.00%

L2-Total-Hits:           2906050   66.96%
L2-Total-Misses:         1433946   33.04%
L2-Total-Accesses:       4339996  100.00%

