--------
Total Statistics
--------
Total Instructions: 2172105006
Total Cycles: 6664154813
IPC: 0.325939

--------
Single level Tlb hierarchy
--------
  Data Tlb:
    Entries:          64
    Page Size(B):   4096
    Associativity:      4

Latencies:    0  100
Tlb-Sets:   16 - LRU - assoc:   4

Tlb Stats:
Tlb-Load-Hits:         567190310   94.21%
Tlb-Load-Misses:        34832726    5.79%
Tlb-Load-Accesses:     602023036  100.00%

Tlb-Store-Hits:         130401005   99.68%
Tlb-Store-Misses:          421101    0.32%
Tlb-Store-Accesses:     130822106  100.00%

Tlb-Total-Hits:         697591315   95.19%
Tlb-Total-Misses:        35253827    4.81%
Tlb-Total-Accesses:     732845142  100.00%



--------
Two level Cache hierarchy
--------
  L1-Data Cache:
    Size(KB):          32
    Block Size(B):     64
    Associativity:      8

  L2-Data Cache:
    Size(KB):        1024
    Block Size(B):    256
    Associativity:      8

Latencies:    1   15  250
L1-Sets:   64 - LRU - assoc:   8
L2-Sets:  512 - LRU - assoc:   8
Store_allocation: Yes
L2_inclusive: Yes
L2_prefetching: No

L1 Cache Stats:
L1-Load-Hits:         598901878   99.48%
L1-Load-Misses:         3121158    0.52%
L1-Load-Accesses:     602023036  100.00%

L1-Store-Hits:         130310733   99.61%
L1-Store-Misses:          511373    0.39%
L1-Store-Accesses:     130822106  100.00%

L1-Total-Hits:         729212611   99.50%
L1-Total-Misses:         3632531    0.50%
L1-Total-Accesses:     732845142  100.00%

L2 Cache Stats:
L2-Load-Hits:           2506325   80.30%
L2-Load-Misses:          614833   19.70%
L2-Load-Accesses:       3121158  100.00%

L2-Store-Hits:            408870   79.96%
L2-Store-Misses:          102503   20.04%
L2-Store-Accesses:        511373  100.00%

L2-Total-Hits:           2915195   80.25%
L2-Total-Misses:          717336   19.75%
L2-Total-Accesses:       3632531  100.00%

