--------
Total Statistics
--------
Total Instructions: 2172105006
Total Cycles: 6475156618
IPC: 0.335452

--------
Single level Tlb hierarchy
--------
  Data Tlb:
    Entries:          64
    Page Size(B):   4096
    Associativity:      4

Latencies:    0  100
Tlb-Sets:   16 - LRU - assoc:   4

Tlb Stats:
Tlb-Load-Hits:         567190410   94.21%
Tlb-Load-Misses:        34832626    5.79%
Tlb-Load-Accesses:     602023036  100.00%

Tlb-Store-Hits:         130400805   99.68%
Tlb-Store-Misses:          421301    0.32%
Tlb-Store-Accesses:     130822106  100.00%

Tlb-Total-Hits:         697591215   95.19%
Tlb-Total-Misses:        35253927    4.81%
Tlb-Total-Accesses:     732845142  100.00%



--------
Two level Cache hierarchy
--------
  L1-Data Cache:
    Size(KB):          32
    Block Size(B):     64
    Associativity:      8

  L2-Data Cache:
    Size(KB):        2048
    Block Size(B):    256
    Associativity:     16

Latencies:    1   15  250
L1-Sets:   64 - LRU - assoc:   8
L2-Sets:  512 - LRU - assoc:  16
Store_allocation: Yes
L2_inclusive: Yes
L2_prefetching: No

L1 Cache Stats:
L1-Load-Hits:         599565275   99.59%
L1-Load-Misses:         2457761    0.41%
L1-Load-Accesses:     602023036  100.00%

L1-Store-Hits:         130412399   99.69%
L1-Store-Misses:          409707    0.31%
L1-Store-Accesses:     130822106  100.00%

L1-Total-Hits:         729977674   99.61%
L1-Total-Misses:         2867468    0.39%
L1-Total-Accesses:     732845142  100.00%

L2 Cache Stats:
L2-Load-Hits:           2451583   99.75%
L2-Load-Misses:            6178    0.25%
L2-Load-Accesses:       2457761  100.00%

L2-Store-Hits:            408678   99.75%
L2-Store-Misses:            1029    0.25%
L2-Store-Accesses:        409707  100.00%

L2-Total-Hits:           2860261   99.75%
L2-Total-Misses:            7207    0.25%
L2-Total-Accesses:       2867468  100.00%

