--------
Total Statistics
--------
Total Instructions: 2172105006
Total Cycles: 6476940603
IPC: 0.33536

--------
Single level Tlb hierarchy
--------
  Data Tlb:
    Entries:          64
    Page Size(B):   4096
    Associativity:      4

Latencies:    0  100
Tlb-Sets:   16 - LRU - assoc:   4

Tlb Stats:
Tlb-Load-Hits:         567190310   94.21%
Tlb-Load-Misses:        34832726    5.79%
Tlb-Load-Accesses:     602023036  100.00%

Tlb-Store-Hits:         130401005   99.68%
Tlb-Store-Misses:          421101    0.32%
Tlb-Store-Accesses:     130822106  100.00%

Tlb-Total-Hits:         697591315   95.19%
Tlb-Total-Misses:        35253827    4.81%
Tlb-Total-Accesses:     732845142  100.00%



--------
Two level Cache hierarchy
--------
  L1-Data Cache:
    Size(KB):          32
    Block Size(B):     64
    Associativity:      8

  L2-Data Cache:
    Size(KB):        2048
    Block Size(B):    128
    Associativity:     16

Latencies:    1   15  250
L1-Sets:   64 - LRU - assoc:   8
L2-Sets: 1024 - LRU - assoc:  16
Store_allocation: Yes
L2_inclusive: Yes
L2_prefetching: No

L1 Cache Stats:
L1-Load-Hits:         599565275   99.59%
L1-Load-Misses:         2457761    0.41%
L1-Load-Accesses:     602023036  100.00%

L1-Store-Hits:         130412400   99.69%
L1-Store-Misses:          409706    0.31%
L1-Store-Accesses:     130822106  100.00%

L1-Total-Hits:         729977675   99.61%
L1-Total-Misses:         2867467    0.39%
L1-Total-Accesses:     732845142  100.00%

L2 Cache Stats:
L2-Load-Hits:           2445432   99.50%
L2-Load-Misses:           12329    0.50%
L2-Load-Accesses:       2457761  100.00%

L2-Store-Hits:            407652   99.50%
L2-Store-Misses:            2054    0.50%
L2-Store-Accesses:        409706  100.00%

L2-Total-Hits:           2853084   99.50%
L2-Total-Misses:           14383    0.50%
L2-Total-Accesses:       2867467  100.00%

