--------
Total Statistics
--------
Total Instructions: 2172104981
Total Cycles: 6664376775
IPC: 0.325928

--------
Single level Tlb hierarchy
--------
  Data Tlb:
    Entries:          64
    Page Size(B):   4096
    Associativity:      4

Latencies:    0  100
Tlb-Sets:   16 - LRU - assoc:   4

Tlb Stats:
Tlb-Load-Hits:         567190402   94.21%
Tlb-Load-Misses:        34832626    5.79%
Tlb-Load-Accesses:     602023028  100.00%

Tlb-Store-Hits:         130400805   99.68%
Tlb-Store-Misses:          421301    0.32%
Tlb-Store-Accesses:     130822106  100.00%

Tlb-Total-Hits:         697591207   95.19%
Tlb-Total-Misses:        35253927    4.81%
Tlb-Total-Accesses:     732845134  100.00%



--------
Two level Cache hierarchy
--------
  L1-Data Cache:
    Size(KB):          32
    Block Size(B):     64
    Associativity:      8

  L2-Data Cache:
    Size(KB):         512
    Block Size(B):    256
    Associativity:      8

Latencies:    1   15  250
L1-Sets:   64 - LRU - assoc:   8
L2-Sets:  256 - LRU - assoc:   8
Store_allocation: Yes
L2_inclusive: Yes
L2_prefetching: No

L1 Cache Stats:
L1-Load-Hits:         598900743   99.48%
L1-Load-Misses:         3122285    0.52%
L1-Load-Accesses:     602023028  100.00%

L1-Store-Hits:         130291077   99.59%
L1-Store-Misses:          531029    0.41%
L1-Store-Accesses:     130822106  100.00%

L1-Total-Hits:         729191820   99.50%
L1-Total-Misses:         3653314    0.50%
L1-Total-Accesses:     732845134  100.00%

L2 Cache Stats:
L2-Load-Hits:           2507851   80.32%
L2-Load-Misses:          614434   19.68%
L2-Load-Accesses:       3122285  100.00%

L2-Store-Hits:            428526   80.70%
L2-Store-Misses:          102503   19.30%
L2-Store-Accesses:        531029  100.00%

L2-Total-Hits:           2936377   80.38%
L2-Total-Misses:          716937   19.62%
L2-Total-Accesses:       3653314  100.00%

