--------
Total Statistics
--------
Total Instructions: 2172104981
Total Cycles: 7280454625
IPC: 0.298347

--------
Single level Tlb hierarchy
--------
  Data Tlb:
    Entries:          64
    Page Size(B):   4096
    Associativity:      4

Latencies:    0  100
Tlb-Sets:   16 - LRU - assoc:   4

Tlb Stats:
Tlb-Load-Hits:         567190402   94.21%
Tlb-Load-Misses:        34832626    5.79%
Tlb-Load-Accesses:     602023028  100.00%

Tlb-Store-Hits:         124237705   94.97%
Tlb-Store-Misses:         6584401    5.03%
Tlb-Store-Accesses:     130822106  100.00%

Tlb-Total-Hits:         691428107   94.35%
Tlb-Total-Misses:        41417027    5.65%
Tlb-Total-Accesses:     732845134  100.00%



--------
Two level Cache hierarchy
--------
  L1-Data Cache:
    Size(KB):          32
    Block Size(B):     64
    Associativity:      8

  L2-Data Cache:
    Size(KB):        1024
    Block Size(B):    256
    Associativity:     16

Latencies:    1   15  250
L1-Sets:   64 - LRU - assoc:   8
L2-Sets:  256 - LRU - assoc:  16
Store_allocation: Yes
L2_inclusive: Yes
L2_prefetching: No

L1 Cache Stats:
L1-Load-Hits:         598902417   99.48%
L1-Load-Misses:         3120611    0.52%
L1-Load-Accesses:     602023028  100.00%

L1-Store-Hits:         130304913   99.60%
L1-Store-Misses:          517193    0.40%
L1-Store-Accesses:     130822106  100.00%

L1-Total-Hits:         729207330   99.50%
L1-Total-Misses:         3637804    0.50%
L1-Total-Accesses:     732845134  100.00%

L2 Cache Stats:
L2-Load-Hits:           2506175   80.31%
L2-Load-Misses:          614436   19.69%
L2-Load-Accesses:       3120611  100.00%

L2-Store-Hits:            414690   80.18%
L2-Store-Misses:          102503   19.82%
L2-Store-Accesses:        517193  100.00%

L2-Total-Hits:           2920865   80.29%
L2-Total-Misses:          716939   19.71%
L2-Total-Accesses:       3637804  100.00%

