--------
Total Statistics
--------
Total Instructions: 11731092694
Total Cycles: 17680661020
IPC: 0.663499

--------
Single level Tlb hierarchy
--------
  Data Tlb:
    Entries:          64
    Page Size(B):   4096
    Associativity:      4

Latencies:    0  100
Tlb-Sets:   16 - LRU - assoc:   4

Tlb Stats:
Tlb-Load-Hits:        2185768882   99.38%
Tlb-Load-Misses:        13676912    0.62%
Tlb-Load-Accesses:    2199445794  100.00%

Tlb-Store-Hits:         515837967   99.95%
Tlb-Store-Misses:          272640    0.05%
Tlb-Store-Accesses:     516110607  100.00%

Tlb-Total-Hits:        2701606849   99.49%
Tlb-Total-Misses:        13949552    0.51%
Tlb-Total-Accesses:    2715556401  100.00%



--------
Two level Cache hierarchy
--------
  L1-Data Cache:
    Size(KB):          32
    Block Size(B):     64
    Associativity:      8

  L2-Data Cache:
    Size(KB):        2048
    Block Size(B):    256
    Associativity:     16

Latencies:    1   15  250
L1-Sets:   64 - LRU - assoc:   8
L2-Sets:  512 - LRU - assoc:  16
Store_allocation: Yes
L2_inclusive: Yes
L2_prefetching: No

L1 Cache Stats:
L1-Load-Hits:        2087682874   94.92%
L1-Load-Misses:       111762920    5.08%
L1-Load-Accesses:    2199445794  100.00%

L1-Store-Hits:         510449112   98.90%
L1-Store-Misses:         5661495    1.10%
L1-Store-Accesses:     516110607  100.00%

L1-Total-Hits:        2598131986   95.68%
L1-Total-Misses:       117424415    4.32%
L1-Total-Accesses:    2715556401  100.00%

L2 Cache Stats:
L2-Load-Hits:         111562428   99.82%
L2-Load-Misses:          200492    0.18%
L2-Load-Accesses:     111762920  100.00%

L2-Store-Hits:           5551225   98.05%
L2-Store-Misses:          110270    1.95%
L2-Store-Accesses:       5661495  100.00%

L2-Total-Hits:         117113653   99.74%
L2-Total-Misses:          310762    0.26%
L2-Total-Accesses:     117424415  100.00%

