--------
Total Statistics
--------
Total Instructions: 11731092694
Total Cycles: 17885030850
IPC: 0.655917

--------
Single level Tlb hierarchy
--------
  Data Tlb:
    Entries:          64
    Page Size(B):   4096
    Associativity:      4

Latencies:    0  100
Tlb-Sets:   16 - LRU - assoc:   4

Tlb Stats:
Tlb-Load-Hits:        2185763064   99.38%
Tlb-Load-Misses:        13682730    0.62%
Tlb-Load-Accesses:    2199445794  100.00%

Tlb-Store-Hits:         515850276   99.95%
Tlb-Store-Misses:          260331    0.05%
Tlb-Store-Accesses:     516110607  100.00%

Tlb-Total-Hits:        2701613340   99.49%
Tlb-Total-Misses:        13943061    0.51%
Tlb-Total-Accesses:    2715556401  100.00%



--------
Two level Cache hierarchy
--------
  L1-Data Cache:
    Size(KB):          32
    Block Size(B):     64
    Associativity:      8

  L2-Data Cache:
    Size(KB):        1024
    Block Size(B):    128
    Associativity:      8

Latencies:    1   15  250
L1-Sets:   64 - LRU - assoc:   8
L2-Sets: 1024 - LRU - assoc:   8
Store_allocation: Yes
L2_inclusive: Yes
L2_prefetching: No

L1 Cache Stats:
L1-Load-Hits:        2087389561   94.91%
L1-Load-Misses:       112056233    5.09%
L1-Load-Accesses:    2199445794  100.00%

L1-Store-Hits:         509982263   98.81%
L1-Store-Misses:         6128344    1.19%
L1-Store-Accesses:     516110607  100.00%

L1-Total-Hits:        2597371824   95.65%
L1-Total-Misses:       118184577    4.35%
L1-Total-Accesses:    2715556401  100.00%

L2 Cache Stats:
L2-Load-Hits:         111443471   99.45%
L2-Load-Misses:          612762    0.55%
L2-Load-Accesses:     112056233  100.00%

L2-Store-Hits:           5655878   92.29%
L2-Store-Misses:          472466    7.71%
L2-Store-Accesses:       6128344  100.00%

L2-Total-Hits:         117099349   99.08%
L2-Total-Misses:         1085228    0.92%
L2-Total-Accesses:     118184577  100.00%

