--------
Total Statistics
--------
Total Instructions: 11731092669
Total Cycles: 18378411027
IPC: 0.638308

--------
Single level Tlb hierarchy
--------
  Data Tlb:
    Entries:          64
    Page Size(B):   4096
    Associativity:      4

Latencies:    0  100
Tlb-Sets:   16 - LRU - assoc:   4

Tlb Stats:
Tlb-Load-Hits:        2185712459   99.38%
Tlb-Load-Misses:        13733327    0.62%
Tlb-Load-Accesses:    2199445786  100.00%

Tlb-Store-Hits:         515850265   99.95%
Tlb-Store-Misses:          260342    0.05%
Tlb-Store-Accesses:     516110607  100.00%

Tlb-Total-Hits:        2701562724   99.48%
Tlb-Total-Misses:        13993669    0.52%
Tlb-Total-Accesses:    2715556393  100.00%



--------
Two level Cache hierarchy
--------
  L1-Data Cache:
    Size(KB):          32
    Block Size(B):     64
    Associativity:      8

  L2-Data Cache:
    Size(KB):         512
    Block Size(B):     64
    Associativity:      8

Latencies:    1   15  250
L1-Sets:   64 - LRU - assoc:   8
L2-Sets: 1024 - LRU - assoc:   8
Store_allocation: Yes
L2_inclusive: Yes
L2_prefetching: No

L1 Cache Stats:
L1-Load-Hits:        2087804112   94.92%
L1-Load-Misses:       111641674    5.08%
L1-Load-Accesses:    2199445786  100.00%

L1-Store-Hits:         510548760   98.92%
L1-Store-Misses:         5561847    1.08%
L1-Store-Accesses:     516110607  100.00%

L1-Total-Hits:        2598352872   95.68%
L1-Total-Misses:       117203521    4.32%
L1-Total-Accesses:    2715556393  100.00%

L2 Cache Stats:
L2-Load-Hits:         109855696   98.40%
L2-Load-Misses:         1785978    1.60%
L2-Load-Accesses:     111641674  100.00%

L2-Store-Hits:           4250456   76.42%
L2-Store-Misses:         1311391   23.58%
L2-Store-Accesses:       5561847  100.00%

L2-Total-Hits:         114106152   97.36%
L2-Total-Misses:         3097369    2.64%
L2-Total-Accesses:     117203521  100.00%

