--------
Total Statistics
--------
Total Instructions: 11731092669
Total Cycles: 18125433467
IPC: 0.647217

--------
Single level Tlb hierarchy
--------
  Data Tlb:
    Entries:          64
    Page Size(B):   4096
    Associativity:      4

Latencies:    0  100
Tlb-Sets:   16 - LRU - assoc:   4

Tlb Stats:
Tlb-Load-Hits:        2185728834   99.38%
Tlb-Load-Misses:        13716952    0.62%
Tlb-Load-Accesses:    2199445786  100.00%

Tlb-Store-Hits:         515930075   99.97%
Tlb-Store-Misses:          180532    0.03%
Tlb-Store-Accesses:     516110607  100.00%

Tlb-Total-Hits:        2701658909   99.49%
Tlb-Total-Misses:        13897484    0.51%
Tlb-Total-Accesses:    2715556393  100.00%



--------
Two level Cache hierarchy
--------
  L1-Data Cache:
    Size(KB):          32
    Block Size(B):     64
    Associativity:      8

  L2-Data Cache:
    Size(KB):        1024
    Block Size(B):     64
    Associativity:      8

Latencies:    1   15  250
L1-Sets:   64 - LRU - assoc:   8
L2-Sets: 2048 - LRU - assoc:   8
Store_allocation: Yes
L2_inclusive: Yes
L2_prefetching: No

L1 Cache Stats:
L1-Load-Hits:        2087722670   94.92%
L1-Load-Misses:       111723116    5.08%
L1-Load-Accesses:    2199445786  100.00%

L1-Store-Hits:         510313206   98.88%
L1-Store-Misses:         5797401    1.12%
L1-Store-Accesses:     516110607  100.00%

L1-Total-Hits:        2598035876   95.67%
L1-Total-Misses:       117520517    4.33%
L1-Total-Accesses:    2715556393  100.00%

L2 Cache Stats:
L2-Load-Hits:         110566416   98.96%
L2-Load-Misses:         1156700    1.04%
L2-Load-Accesses:     111723116  100.00%

L2-Store-Hits:           4849188   83.64%
L2-Store-Misses:          948213   16.36%
L2-Store-Accesses:       5797401  100.00%

L2-Total-Hits:         115415604   98.21%
L2-Total-Misses:         2104913    1.79%
L2-Total-Accesses:     117520517  100.00%

