--------
Total Statistics
--------
Total Instructions: 11731092694
Total Cycles: 17747746780
IPC: 0.660991

--------
Single level Tlb hierarchy
--------
  Data Tlb:
    Entries:          64
    Page Size(B):   4096
    Associativity:      4

Latencies:    0  100
Tlb-Sets:   16 - LRU - assoc:   4

Tlb Stats:
Tlb-Load-Hits:        2185787018   99.38%
Tlb-Load-Misses:        13658776    0.62%
Tlb-Load-Accesses:    2199445794  100.00%

Tlb-Store-Hits:         515850106   99.95%
Tlb-Store-Misses:          260501    0.05%
Tlb-Store-Accesses:     516110607  100.00%

Tlb-Total-Hits:        2701637124   99.49%
Tlb-Total-Misses:        13919277    0.51%
Tlb-Total-Accesses:    2715556401  100.00%



--------
Two level Cache hierarchy
--------
  L1-Data Cache:
    Size(KB):          32
    Block Size(B):     64
    Associativity:      8

  L2-Data Cache:
    Size(KB):        1024
    Block Size(B):    256
    Associativity:     16

Latencies:    1   15  250
L1-Sets:   64 - LRU - assoc:   8
L2-Sets:  256 - LRU - assoc:  16
Store_allocation: Yes
L2_inclusive: Yes
L2_prefetching: No

L1 Cache Stats:
L1-Load-Hits:        2087501805   94.91%
L1-Load-Misses:       111943989    5.09%
L1-Load-Accesses:    2199445794  100.00%

L1-Store-Hits:         510414197   98.90%
L1-Store-Misses:         5696410    1.10%
L1-Store-Accesses:     516110607  100.00%

L1-Total-Hits:        2597916002   95.67%
L1-Total-Misses:       117640399    4.33%
L1-Total-Accesses:    2715556401  100.00%

L2 Cache Stats:
L2-Load-Hits:         111604337   99.70%
L2-Load-Misses:          339652    0.30%
L2-Load-Accesses:     111943989  100.00%

L2-Store-Hits:           5457806   95.81%
L2-Store-Misses:          238604    4.19%
L2-Store-Accesses:       5696410  100.00%

L2-Total-Hits:         117062143   99.51%
L2-Total-Misses:          578256    0.49%
L2-Total-Accesses:     117640399  100.00%

