--------
Total Statistics
--------
Total Instructions: 11731092669
Total Cycles: 17878907347
IPC: 0.656141

--------
Single level Tlb hierarchy
--------
  Data Tlb:
    Entries:          64
    Page Size(B):   4096
    Associativity:      4

Latencies:    0  100
Tlb-Sets:   16 - LRU - assoc:   4

Tlb Stats:
Tlb-Load-Hits:        2185834344   99.38%
Tlb-Load-Misses:        13611442    0.62%
Tlb-Load-Accesses:    2199445786  100.00%

Tlb-Store-Hits:         515929436   99.96%
Tlb-Store-Misses:          181171    0.04%
Tlb-Store-Accesses:     516110607  100.00%

Tlb-Total-Hits:        2701763780   99.49%
Tlb-Total-Misses:        13792613    0.51%
Tlb-Total-Accesses:    2715556393  100.00%



--------
Two level Cache hierarchy
--------
  L1-Data Cache:
    Size(KB):          32
    Block Size(B):     64
    Associativity:      8

  L2-Data Cache:
    Size(KB):        1024
    Block Size(B):    128
    Associativity:     16

Latencies:    1   15  250
L1-Sets:   64 - LRU - assoc:   8
L2-Sets:  512 - LRU - assoc:  16
Store_allocation: Yes
L2_inclusive: Yes
L2_prefetching: No

L1 Cache Stats:
L1-Load-Hits:        2087337397   94.90%
L1-Load-Misses:       112108389    5.10%
L1-Load-Accesses:    2199445786  100.00%

L1-Store-Hits:         509708397   98.76%
L1-Store-Misses:         6402210    1.24%
L1-Store-Accesses:     516110607  100.00%

L1-Total-Hits:        2597045794   95.64%
L1-Total-Misses:       118510599    4.36%
L1-Total-Accesses:    2715556393  100.00%

L2 Cache Stats:
L2-Load-Hits:         111483664   99.44%
L2-Load-Misses:          624725    0.56%
L2-Load-Accesses:     112108389  100.00%

L2-Store-Hits:           5925583   92.56%
L2-Store-Misses:          476627    7.44%
L2-Store-Accesses:       6402210  100.00%

L2-Total-Hits:         117409247   99.07%
L2-Total-Misses:         1101352    0.93%
L2-Total-Accesses:     118510599  100.00%

