--------
Total Statistics
--------
Total Instructions: 11731092694
Total Cycles: 17739774265
IPC: 0.661288

--------
Single level Tlb hierarchy
--------
  Data Tlb:
    Entries:          64
    Page Size(B):   4096
    Associativity:      4

Latencies:    0  100
Tlb-Sets:   16 - LRU - assoc:   4

Tlb Stats:
Tlb-Load-Hits:        2185833538   99.38%
Tlb-Load-Misses:        13612256    0.62%
Tlb-Load-Accesses:    2199445794  100.00%

Tlb-Store-Hits:         515850201   99.95%
Tlb-Store-Misses:          260406    0.05%
Tlb-Store-Accesses:     516110607  100.00%

Tlb-Total-Hits:        2701683739   99.49%
Tlb-Total-Misses:        13872662    0.51%
Tlb-Total-Accesses:    2715556401  100.00%



--------
Two level Cache hierarchy
--------
  L1-Data Cache:
    Size(KB):          32
    Block Size(B):     64
    Associativity:      8

  L2-Data Cache:
    Size(KB):        2048
    Block Size(B):    128
    Associativity:     16

Latencies:    1   15  250
L1-Sets:   64 - LRU - assoc:   8
L2-Sets: 1024 - LRU - assoc:  16
Store_allocation: Yes
L2_inclusive: Yes
L2_prefetching: No

L1 Cache Stats:
L1-Load-Hits:        2087660518   94.92%
L1-Load-Misses:       111785276    5.08%
L1-Load-Accesses:    2199445794  100.00%

L1-Store-Hits:         510257185   98.87%
L1-Store-Misses:         5853422    1.13%
L1-Store-Accesses:     516110607  100.00%

L1-Total-Hits:        2597917703   95.67%
L1-Total-Misses:       117638698    4.33%
L1-Total-Accesses:    2715556401  100.00%

L2 Cache Stats:
L2-Load-Hits:         111431759   99.68%
L2-Load-Misses:          353517    0.32%
L2-Load-Accesses:     111785276  100.00%

L2-Store-Hits:           5641825   96.39%
L2-Store-Misses:          211597    3.61%
L2-Store-Accesses:       5853422  100.00%

L2-Total-Hits:         117073584   99.52%
L2-Total-Misses:          565114    0.48%
L2-Total-Accesses:     117638698  100.00%

