--------
Total Statistics
--------
Total Instructions: 11731092694
Total Cycles: 18024828850
IPC: 0.65083

--------
Single level Tlb hierarchy
--------
  Data Tlb:
    Entries:          64
    Page Size(B):   4096
    Associativity:      4

Latencies:    0  100
Tlb-Sets:   16 - LRU - assoc:   4

Tlb Stats:
Tlb-Load-Hits:        2185821158   99.38%
Tlb-Load-Misses:        13624636    0.62%
Tlb-Load-Accesses:    2199445794  100.00%

Tlb-Store-Hits:         515838244   99.95%
Tlb-Store-Misses:          272363    0.05%
Tlb-Store-Accesses:     516110607  100.00%

Tlb-Total-Hits:        2701659402   99.49%
Tlb-Total-Misses:        13896999    0.51%
Tlb-Total-Accesses:    2715556401  100.00%



--------
Two level Cache hierarchy
--------
  L1-Data Cache:
    Size(KB):          32
    Block Size(B):     64
    Associativity:      8

  L2-Data Cache:
    Size(KB):         512
    Block Size(B):    256
    Associativity:      8

Latencies:    1   15  250
L1-Sets:   64 - LRU - assoc:   8
L2-Sets:  256 - LRU - assoc:   8
Store_allocation: Yes
L2_inclusive: Yes
L2_prefetching: No

L1 Cache Stats:
L1-Load-Hits:        2087189458   94.90%
L1-Load-Misses:       112256336    5.10%
L1-Load-Accesses:    2199445794  100.00%

L1-Store-Hits:         510022236   98.82%
L1-Store-Misses:         6088371    1.18%
L1-Store-Accesses:     516110607  100.00%

L1-Total-Hits:        2597211694   95.64%
L1-Total-Misses:       118344707    4.36%
L1-Total-Accesses:    2715556401  100.00%

L2 Cache Stats:
L2-Load-Hits:         110928435   98.82%
L2-Load-Misses:         1327901    1.18%
L2-Load-Accesses:     112256336  100.00%

L2-Store-Hits:           5763035   94.66%
L2-Store-Misses:          325336    5.34%
L2-Store-Accesses:       6088371  100.00%

L2-Total-Hits:         116691470   98.60%
L2-Total-Misses:         1653237    1.40%
L2-Total-Accesses:     118344707  100.00%

