--------
Total Statistics
--------
Total Instructions: 11731092694
Total Cycles: 17861992835
IPC: 0.656763

--------
Single level Tlb hierarchy
--------
  Data Tlb:
    Entries:          64
    Page Size(B):   4096
    Associativity:      4

Latencies:    0  100
Tlb-Sets:   16 - LRU - assoc:   4

Tlb Stats:
Tlb-Load-Hits:        2185751628   99.38%
Tlb-Load-Misses:        13694166    0.62%
Tlb-Load-Accesses:    2199445794  100.00%

Tlb-Store-Hits:         515928999   99.96%
Tlb-Store-Misses:          181608    0.04%
Tlb-Store-Accesses:     516110607  100.00%

Tlb-Total-Hits:        2701680627   99.49%
Tlb-Total-Misses:        13875774    0.51%
Tlb-Total-Accesses:    2715556401  100.00%



--------
Two level Cache hierarchy
--------
  L1-Data Cache:
    Size(KB):          32
    Block Size(B):     64
    Associativity:      8

  L2-Data Cache:
    Size(KB):        2048
    Block Size(B):     64
    Associativity:     16

Latencies:    1   15  250
L1-Sets:   64 - LRU - assoc:   8
L2-Sets: 2048 - LRU - assoc:  16
Store_allocation: Yes
L2_inclusive: Yes
L2_prefetching: No

L1 Cache Stats:
L1-Load-Hits:        2087801251   94.92%
L1-Load-Misses:       111644543    5.08%
L1-Load-Accesses:    2199445794  100.00%

L1-Store-Hits:         510452244   98.90%
L1-Store-Misses:         5658363    1.10%
L1-Store-Accesses:     516110607  100.00%

L1-Total-Hits:        2598253495   95.68%
L1-Total-Misses:       117302906    4.32%
L1-Total-Accesses:    2715556401  100.00%

L2 Cache Stats:
L2-Load-Hits:         110988622   99.41%
L2-Load-Misses:          655921    0.59%
L2-Load-Accesses:     111644543  100.00%

L2-Store-Hits:           5241393   92.63%
L2-Store-Misses:          416970    7.37%
L2-Store-Accesses:       5658363  100.00%

L2-Total-Hits:         116230015   99.09%
L2-Total-Misses:         1072891    0.91%
L2-Total-Accesses:     117302906  100.00%

