--------
Total Statistics
--------
Total Instructions: 11731092694
Total Cycles: 18139159315
IPC: 0.646727

--------
Single level Tlb hierarchy
--------
  Data Tlb:
    Entries:          64
    Page Size(B):   4096
    Associativity:      4

Latencies:    0  100
Tlb-Sets:   16 - LRU - assoc:   4

Tlb Stats:
Tlb-Load-Hits:        2185693924   99.37%
Tlb-Load-Misses:        13751870    0.63%
Tlb-Load-Accesses:    2199445794  100.00%

Tlb-Store-Hits:         515929771   99.96%
Tlb-Store-Misses:          180836    0.04%
Tlb-Store-Accesses:     516110607  100.00%

Tlb-Total-Hits:        2701623695   99.49%
Tlb-Total-Misses:        13932706    0.51%
Tlb-Total-Accesses:    2715556401  100.00%



--------
Two level Cache hierarchy
--------
  L1-Data Cache:
    Size(KB):          32
    Block Size(B):     64
    Associativity:      8

  L2-Data Cache:
    Size(KB):        1024
    Block Size(B):     64
    Associativity:     16

Latencies:    1   15  250
L1-Sets:   64 - LRU - assoc:   8
L2-Sets: 1024 - LRU - assoc:  16
Store_allocation: Yes
L2_inclusive: Yes
L2_prefetching: No

L1 Cache Stats:
L1-Load-Hits:        2087633184   94.92%
L1-Load-Misses:       111812610    5.08%
L1-Load-Accesses:    2199445794  100.00%

L1-Store-Hits:         510259459   98.87%
L1-Store-Misses:         5851148    1.13%
L1-Store-Accesses:     516110607  100.00%

L1-Total-Hits:        2597892643   95.67%
L1-Total-Misses:       117663758    4.33%
L1-Total-Accesses:    2715556401  100.00%

L2 Cache Stats:
L2-Load-Hits:         110632374   98.94%
L2-Load-Misses:         1180236    1.06%
L2-Load-Accesses:     111812610  100.00%

L2-Store-Hits:           4894251   83.65%
L2-Store-Misses:          956897   16.35%
L2-Store-Accesses:       5851148  100.00%

L2-Total-Hits:         115526625   98.18%
L2-Total-Misses:         2137133    1.82%
L2-Total-Accesses:     117663758  100.00%

