--------
Total Statistics
--------
Total Instructions: 1682276970
Total Cycles: 15686625369
IPC: 0.107243

--------
Single level Tlb hierarchy
--------
  Data Tlb:
    Entries:          64
    Page Size(B):   4096
    Associativity:      4

Latencies:    0  100
Tlb-Sets:   16 - LRU - assoc:   4

Tlb Stats:
Tlb-Load-Hits:         279882754   87.04%
Tlb-Load-Misses:        41673083   12.96%
Tlb-Load-Accesses:     321555837  100.00%

Tlb-Store-Hits:         132164838  100.00%
Tlb-Store-Misses:              19    0.00%
Tlb-Store-Accesses:     132164857  100.00%

Tlb-Total-Hits:         412047592   90.82%
Tlb-Total-Misses:        41673102    9.18%
Tlb-Total-Accesses:     453720694  100.00%



--------
Two level Cache hierarchy
--------
  L1-Data Cache:
    Size(KB):          32
    Block Size(B):     64
    Associativity:      8

  L2-Data Cache:
    Size(KB):         512
    Block Size(B):    128
    Associativity:      8

Latencies:    1   15  250
L1-Sets:   64 - LRU - assoc:   8
L2-Sets:  512 - LRU - assoc:   8
Store_allocation: Yes
L2_inclusive: Yes
L2_prefetching: No

L1 Cache Stats:
L1-Load-Hits:         247903096   77.09%
L1-Load-Misses:        73652741   22.91%
L1-Load-Accesses:     321555837  100.00%

L1-Store-Hits:         132143731   99.98%
L1-Store-Misses:           21126    0.02%
L1-Store-Accesses:     132164857  100.00%

L1-Total-Hits:         380046827   83.76%
L1-Total-Misses:        73673867   16.24%
L1-Total-Accesses:     453720694  100.00%

L2 Cache Stats:
L2-Load-Hits:          40547130   55.05%
L2-Load-Misses:        33105611   44.95%
L2-Load-Accesses:      73652741  100.00%

L2-Store-Hits:             13899   65.79%
L2-Store-Misses:            7227   34.21%
L2-Store-Accesses:         21126  100.00%

L2-Total-Hits:          40561029   55.05%
L2-Total-Misses:        33112838   44.95%
L2-Total-Accesses:      73673867  100.00%

