--------
Total Statistics
--------
Total Instructions: 1682276995
Total Cycles: 15212775617
IPC: 0.110583

--------
Single level Tlb hierarchy
--------
  Data Tlb:
    Entries:          64
    Page Size(B):   4096
    Associativity:      4

Latencies:    0  100
Tlb-Sets:   16 - LRU - assoc:   4

Tlb Stats:
Tlb-Load-Hits:         280678448   87.29%
Tlb-Load-Misses:        40877397   12.71%
Tlb-Load-Accesses:     321555845  100.00%

Tlb-Store-Hits:         132164826  100.00%
Tlb-Store-Misses:              31    0.00%
Tlb-Store-Accesses:     132164857  100.00%

Tlb-Total-Hits:         412843274   90.99%
Tlb-Total-Misses:        40877428    9.01%
Tlb-Total-Accesses:     453720702  100.00%



--------
Two level Cache hierarchy
--------
  L1-Data Cache:
    Size(KB):          32
    Block Size(B):     64
    Associativity:      8

  L2-Data Cache:
    Size(KB):        1024
    Block Size(B):     64
    Associativity:      8

Latencies:    1   15  250
L1-Sets:   64 - LRU - assoc:   8
L2-Sets: 2048 - LRU - assoc:   8
Store_allocation: Yes
L2_inclusive: Yes
L2_prefetching: No

L1 Cache Stats:
L1-Load-Hits:         284286277   88.41%
L1-Load-Misses:        37269568   11.59%
L1-Load-Accesses:     321555845  100.00%

L1-Store-Hits:         132155517   99.99%
L1-Store-Misses:            9340    0.01%
L1-Store-Accesses:     132164857  100.00%

L1-Total-Hits:         416441794   91.78%
L1-Total-Misses:        37278908    8.22%
L1-Total-Accesses:     453720702  100.00%

L2 Cache Stats:
L2-Load-Hits:           3558973    9.55%
L2-Load-Misses:        33710595   90.45%
L2-Load-Accesses:      37269568  100.00%

L2-Store-Hits:               529    5.66%
L2-Store-Misses:            8811   94.34%
L2-Store-Accesses:          9340  100.00%

L2-Total-Hits:           3559502    9.55%
L2-Total-Misses:        33719406   90.45%
L2-Total-Accesses:      37278908  100.00%

