--------
Total Statistics
--------
Total Instructions: 1682276995
Total Cycles: 15348785972
IPC: 0.109603

--------
Single level Tlb hierarchy
--------
  Data Tlb:
    Entries:          64
    Page Size(B):   4096
    Associativity:      4

Latencies:    0  100
Tlb-Sets:   16 - LRU - assoc:   4

Tlb Stats:
Tlb-Load-Hits:         277778216   86.39%
Tlb-Load-Misses:        43777629   13.61%
Tlb-Load-Accesses:     321555845  100.00%

Tlb-Store-Hits:         132164826  100.00%
Tlb-Store-Misses:              31    0.00%
Tlb-Store-Accesses:     132164857  100.00%

Tlb-Total-Hits:         409943042   90.35%
Tlb-Total-Misses:        43777660    9.65%
Tlb-Total-Accesses:     453720702  100.00%



--------
Two level Cache hierarchy
--------
  L1-Data Cache:
    Size(KB):          32
    Block Size(B):     64
    Associativity:      8

  L2-Data Cache:
    Size(KB):        1024
    Block Size(B):    256
    Associativity:      8

Latencies:    1   15  250
L1-Sets:   64 - LRU - assoc:   8
L2-Sets:  512 - LRU - assoc:   8
Store_allocation: Yes
L2_inclusive: Yes
L2_prefetching: No

L1 Cache Stats:
L1-Load-Hits:         246011139   76.51%
L1-Load-Misses:        75544706   23.49%
L1-Load-Accesses:     321555845  100.00%

L1-Store-Hits:         132155178   99.99%
L1-Store-Misses:            9679    0.01%
L1-Store-Accesses:     132164857  100.00%

L1-Total-Hits:         378166317   83.35%
L1-Total-Misses:        75554385   16.65%
L1-Total-Accesses:     453720702  100.00%

L2 Cache Stats:
L2-Load-Hits:          44740374   59.22%
L2-Load-Misses:        30804332   40.78%
L2-Load-Accesses:      75544706  100.00%

L2-Store-Hits:              7185   74.23%
L2-Store-Misses:            2494   25.77%
L2-Store-Accesses:          9679  100.00%

L2-Total-Hits:          44747559   59.23%
L2-Total-Misses:        30806826   40.77%
L2-Total-Accesses:      75554385  100.00%

