--------
Total Statistics
--------
Total Instructions: 1682276995
Total Cycles: 14640899512
IPC: 0.114903

--------
Single level Tlb hierarchy
--------
  Data Tlb:
    Entries:          64
    Page Size(B):   4096
    Associativity:      4

Latencies:    0  100
Tlb-Sets:   16 - LRU - assoc:   4

Tlb Stats:
Tlb-Load-Hits:         281375761   87.50%
Tlb-Load-Misses:        40180084   12.50%
Tlb-Load-Accesses:     321555845  100.00%

Tlb-Store-Hits:         132164839  100.00%
Tlb-Store-Misses:              18    0.00%
Tlb-Store-Accesses:     132164857  100.00%

Tlb-Total-Hits:         413540600   91.14%
Tlb-Total-Misses:        40180102    8.86%
Tlb-Total-Accesses:     453720702  100.00%



--------
Two level Cache hierarchy
--------
  L1-Data Cache:
    Size(KB):          32
    Block Size(B):     64
    Associativity:      8

  L2-Data Cache:
    Size(KB):        2048
    Block Size(B):     64
    Associativity:     16

Latencies:    1   15  250
L1-Sets:   64 - LRU - assoc:   8
L2-Sets: 2048 - LRU - assoc:  16
Store_allocation: Yes
L2_inclusive: Yes
L2_prefetching: No

L1 Cache Stats:
L1-Load-Hits:         284309186   88.42%
L1-Load-Misses:        37246659   11.58%
L1-Load-Accesses:     321555845  100.00%

L1-Store-Hits:         132160925  100.00%
L1-Store-Misses:            3932    0.00%
L1-Store-Accesses:     132164857  100.00%

L1-Total-Hits:         416470111   91.79%
L1-Total-Misses:        37250591    8.21%
L1-Total-Accesses:     453720702  100.00%

L2 Cache Stats:
L2-Load-Hits:           5537501   14.87%
L2-Load-Misses:        31709158   85.13%
L2-Load-Accesses:      37246659  100.00%

L2-Store-Hits:               559   14.22%
L2-Store-Misses:            3373   85.78%
L2-Store-Accesses:          3932  100.00%

L2-Total-Hits:           5538060   14.87%
L2-Total-Misses:        31712531   85.13%
L2-Total-Accesses:      37250591  100.00%

