--------
Total Statistics
--------
Total Instructions: 1682276970
Total Cycles: 15174801084
IPC: 0.11086

--------
Single level Tlb hierarchy
--------
  Data Tlb:
    Entries:          64
    Page Size(B):   4096
    Associativity:      4

Latencies:    0  100
Tlb-Sets:   16 - LRU - assoc:   4

Tlb Stats:
Tlb-Load-Hits:         279559089   86.94%
Tlb-Load-Misses:        41996748   13.06%
Tlb-Load-Accesses:     321555837  100.00%

Tlb-Store-Hits:         132164838  100.00%
Tlb-Store-Misses:              19    0.00%
Tlb-Store-Accesses:     132164857  100.00%

Tlb-Total-Hits:         411723927   90.74%
Tlb-Total-Misses:        41996767    9.26%
Tlb-Total-Accesses:     453720694  100.00%



--------
Two level Cache hierarchy
--------
  L1-Data Cache:
    Size(KB):          32
    Block Size(B):     64
    Associativity:      8

  L2-Data Cache:
    Size(KB):        1024
    Block Size(B):    256
    Associativity:     16

Latencies:    1   15  250
L1-Sets:   64 - LRU - assoc:   8
L2-Sets:  256 - LRU - assoc:  16
Store_allocation: Yes
L2_inclusive: Yes
L2_prefetching: No

L1 Cache Stats:
L1-Load-Hits:         245553767   76.36%
L1-Load-Misses:        76002070   23.64%
L1-Load-Accesses:     321555837  100.00%

L1-Store-Hits:         132153929   99.99%
L1-Store-Misses:           10928    0.01%
L1-Store-Accesses:     132164857  100.00%

L1-Total-Hits:         377707696   83.25%
L1-Total-Misses:        76012998   16.75%
L1-Total-Accesses:     453720694  100.00%

L2 Cache Stats:
L2-Load-Hits:          45208932   59.48%
L2-Load-Misses:        30793138   40.52%
L2-Load-Accesses:      76002070  100.00%

L2-Store-Hits:              8339   76.31%
L2-Store-Misses:            2589   23.69%
L2-Store-Accesses:         10928  100.00%

L2-Total-Hits:          45217271   59.49%
L2-Total-Misses:        30795727   40.51%
L2-Total-Accesses:      76012998  100.00%

