--------
Total Statistics
--------
Total Instructions: 1682276995
Total Cycles: 14571354487
IPC: 0.115451

--------
Single level Tlb hierarchy
--------
  Data Tlb:
    Entries:          64
    Page Size(B):   4096
    Associativity:      4

Latencies:    0  100
Tlb-Sets:   16 - LRU - assoc:   4

Tlb Stats:
Tlb-Load-Hits:         280165098   87.13%
Tlb-Load-Misses:        41390747   12.87%
Tlb-Load-Accesses:     321555845  100.00%

Tlb-Store-Hits:         132164839  100.00%
Tlb-Store-Misses:              18    0.00%
Tlb-Store-Accesses:     132164857  100.00%

Tlb-Total-Hits:         412329937   90.88%
Tlb-Total-Misses:        41390765    9.12%
Tlb-Total-Accesses:     453720702  100.00%



--------
Two level Cache hierarchy
--------
  L1-Data Cache:
    Size(KB):          32
    Block Size(B):     64
    Associativity:      8

  L2-Data Cache:
    Size(KB):        2048
    Block Size(B):    256
    Associativity:     16

Latencies:    1   15  250
L1-Sets:   64 - LRU - assoc:   8
L2-Sets:  512 - LRU - assoc:  16
Store_allocation: Yes
L2_inclusive: Yes
L2_prefetching: No

L1 Cache Stats:
L1-Load-Hits:         248406693   77.25%
L1-Load-Misses:        73149152   22.75%
L1-Load-Accesses:     321555845  100.00%

L1-Store-Hits:         132148723   99.99%
L1-Store-Misses:           16134    0.01%
L1-Store-Accesses:     132164857  100.00%

L1-Total-Hits:         380555416   83.87%
L1-Total-Misses:        73165286   16.13%
L1-Total-Accesses:     453720702  100.00%

L2 Cache Stats:
L2-Load-Hits:          44357230   60.64%
L2-Load-Misses:        28791922   39.36%
L2-Load-Accesses:      73149152  100.00%

L2-Store-Hits:             12852   79.66%
L2-Store-Misses:            3282   20.34%
L2-Store-Accesses:         16134  100.00%

L2-Total-Hits:          44370082   60.64%
L2-Total-Misses:        28795204   39.36%
L2-Total-Accesses:      73165286  100.00%

