--------
Total Statistics
--------
Total Instructions: 1682276995
Total Cycles: 15476613147
IPC: 0.108698

--------
Single level Tlb hierarchy
--------
  Data Tlb:
    Entries:          64
    Page Size(B):   4096
    Associativity:      4

Latencies:    0  100
Tlb-Sets:   16 - LRU - assoc:   4

Tlb Stats:
Tlb-Load-Hits:         280841950   87.34%
Tlb-Load-Misses:        40713895   12.66%
Tlb-Load-Accesses:     321555845  100.00%

Tlb-Store-Hits:         132164837  100.00%
Tlb-Store-Misses:              20    0.00%
Tlb-Store-Accesses:     132164857  100.00%

Tlb-Total-Hits:         413006787   91.03%
Tlb-Total-Misses:        40713915    8.97%
Tlb-Total-Accesses:     453720702  100.00%



--------
Two level Cache hierarchy
--------
  L1-Data Cache:
    Size(KB):          32
    Block Size(B):     64
    Associativity:      8

  L2-Data Cache:
    Size(KB):         512
    Block Size(B):     64
    Associativity:      8

Latencies:    1   15  250
L1-Sets:   64 - LRU - assoc:   8
L2-Sets: 1024 - LRU - assoc:   8
Store_allocation: Yes
L2_inclusive: Yes
L2_prefetching: No

L1 Cache Stats:
L1-Load-Hits:         284244428   88.40%
L1-Load-Misses:        37311417   11.60%
L1-Load-Accesses:     321555845  100.00%

L1-Store-Hits:         132151144   99.99%
L1-Store-Misses:           13713    0.01%
L1-Store-Accesses:     132164857  100.00%

L1-Total-Hits:         416395572   91.77%
L1-Total-Misses:        37325130    8.23%
L1-Total-Accesses:     453720702  100.00%

L2 Cache Stats:
L2-Load-Hits:           2487286    6.67%
L2-Load-Misses:        34824131   93.33%
L2-Load-Accesses:      37311417  100.00%

L2-Store-Hits:               456    3.33%
L2-Store-Misses:           13257   96.67%
L2-Store-Accesses:         13713  100.00%

L2-Total-Hits:           2487742    6.67%
L2-Total-Misses:        34837388   93.33%
L2-Total-Accesses:      37325130  100.00%

