--------
Total Statistics
--------
Total Instructions: 1682276995
Total Cycles: 14818010567
IPC: 0.113529

--------
Single level Tlb hierarchy
--------
  Data Tlb:
    Entries:          64
    Page Size(B):   4096
    Associativity:      4

Latencies:    0  100
Tlb-Sets:   16 - LRU - assoc:   4

Tlb Stats:
Tlb-Load-Hits:         280155271   87.12%
Tlb-Load-Misses:        41400574   12.88%
Tlb-Load-Accesses:     321555845  100.00%

Tlb-Store-Hits:         132164839  100.00%
Tlb-Store-Misses:              18    0.00%
Tlb-Store-Accesses:     132164857  100.00%

Tlb-Total-Hits:         412320110   90.88%
Tlb-Total-Misses:        41400592    9.12%
Tlb-Total-Accesses:     453720702  100.00%



--------
Two level Cache hierarchy
--------
  L1-Data Cache:
    Size(KB):          32
    Block Size(B):     64
    Associativity:      8

  L2-Data Cache:
    Size(KB):        2048
    Block Size(B):    128
    Associativity:     16

Latencies:    1   15  250
L1-Sets:   64 - LRU - assoc:   8
L2-Sets: 1024 - LRU - assoc:  16
Store_allocation: Yes
L2_inclusive: Yes
L2_prefetching: No

L1 Cache Stats:
L1-Load-Hits:         251330256   78.16%
L1-Load-Misses:        70225589   21.84%
L1-Load-Accesses:     321555845  100.00%

L1-Store-Hits:         132155918   99.99%
L1-Store-Misses:            8939    0.01%
L1-Store-Accesses:     132164857  100.00%

L1-Total-Hits:         383486174   84.52%
L1-Total-Misses:        70234528   15.48%
L1-Total-Accesses:     453720702  100.00%

L2 Cache Stats:
L2-Load-Hits:          40272845   57.35%
L2-Load-Misses:        29952744   42.65%
L2-Load-Accesses:      70225589  100.00%

L2-Store-Hits:              7940   88.82%
L2-Store-Misses:             999   11.18%
L2-Store-Accesses:          8939  100.00%

L2-Total-Hits:          40280785   57.35%
L2-Total-Misses:        29953743   42.65%
L2-Total-Accesses:      70234528  100.00%

