--------
Total Statistics
--------
Total Instructions: 20857186000
Total Cycles: 69788321312
IPC: 0.298864

--------
Single level Tlb hierarchy
--------
  Data Tlb:
    Entries:          64
    Page Size(B):   4096
    Associativity:      4

Latencies:    0  100
Tlb-Sets:   16 - LRU - assoc:   4

Tlb Stats:
Tlb-Load-Hits:        6348631496   99.43%
Tlb-Load-Misses:        36304048    0.57%
Tlb-Load-Accesses:    6384935544  100.00%

Tlb-Store-Hits:        2613077734   99.73%
Tlb-Store-Misses:         7003584    0.27%
Tlb-Store-Accesses:    2620081318  100.00%

Tlb-Total-Hits:        8961709230   99.52%
Tlb-Total-Misses:        43307632    0.48%
Tlb-Total-Accesses:    9005016862  100.00%



--------
Two level Cache hierarchy
--------
  L1-Data Cache:
    Size(KB):          32
    Block Size(B):     64
    Associativity:      8

  L2-Data Cache:
    Size(KB):        2048
    Block Size(B):     64
    Associativity:     16

Latencies:    1   15  250
L1-Sets:   64 - LRU - assoc:   8
L2-Sets: 2048 - LRU - assoc:  16
Store_allocation: Yes
L2_inclusive: Yes
L2_prefetching: No

L1 Cache Stats:
L1-Load-Hits:        6232700470   97.62%
L1-Load-Misses:       152235074    2.38%
L1-Load-Accesses:    6384935544  100.00%

L1-Store-Hits:        2608177092   99.55%
L1-Store-Misses:        11904226    0.45%
L1-Store-Accesses:    2620081318  100.00%

L1-Total-Hits:        8840877562   98.18%
L1-Total-Misses:       164139300    1.82%
L1-Total-Accesses:    9005016862  100.00%

L2 Cache Stats:
L2-Load-Hits:          29978744   19.69%
L2-Load-Misses:       122256330   80.31%
L2-Load-Accesses:     152235074  100.00%

L2-Store-Hits:           1627493   13.67%
L2-Store-Misses:        10276733   86.33%
L2-Store-Accesses:      11904226  100.00%

L2-Total-Hits:          31606237   19.26%
L2-Total-Misses:       132533063   80.74%
L2-Total-Accesses:     164139300  100.00%

