--------
Total Statistics
--------
Total Instructions: 20857186347
Total Cycles: 72432436818
IPC: 0.287954

--------
Single level Tlb hierarchy
--------
  Data Tlb:
    Entries:          64
    Page Size(B):   4096
    Associativity:      4

Latencies:    0  100
Tlb-Sets:   16 - LRU - assoc:   4

Tlb Stats:
Tlb-Load-Hits:        6334933647   99.22%
Tlb-Load-Misses:        50001979    0.78%
Tlb-Load-Accesses:    6384935626  100.00%

Tlb-Store-Hits:        2614670992   99.79%
Tlb-Store-Misses:         5410338    0.21%
Tlb-Store-Accesses:    2620081330  100.00%

Tlb-Total-Hits:        8949604639   99.38%
Tlb-Total-Misses:        55412317    0.62%
Tlb-Total-Accesses:    9005016956  100.00%



--------
Two level Cache hierarchy
--------
  L1-Data Cache:
    Size(KB):          32
    Block Size(B):     64
    Associativity:      8

  L2-Data Cache:
    Size(KB):        1024
    Block Size(B):     64
    Associativity:     16

Latencies:    1   15  250
L1-Sets:   64 - LRU - assoc:   8
L2-Sets: 1024 - LRU - assoc:  16
Store_allocation: Yes
L2_inclusive: Yes
L2_prefetching: No

L1 Cache Stats:
L1-Load-Hits:        6232693834   97.62%
L1-Load-Misses:       152241792    2.38%
L1-Load-Accesses:    6384935626  100.00%

L1-Store-Hits:        2608175201   99.55%
L1-Store-Misses:        11906129    0.45%
L1-Store-Accesses:    2620081330  100.00%

L1-Total-Hits:        8840869035   98.18%
L1-Total-Misses:       164147921    1.82%
L1-Total-Accesses:    9005016956  100.00%

L2 Cache Stats:
L2-Load-Hits:          24781879   16.28%
L2-Load-Misses:       127459913   83.72%
L2-Load-Accesses:     152241792  100.00%

L2-Store-Hits:           1098910    9.23%
L2-Store-Misses:        10807219   90.77%
L2-Store-Accesses:      11906129  100.00%

L2-Total-Hits:          25880789   15.77%
L2-Total-Misses:       138267132   84.23%
L2-Total-Accesses:     164147921  100.00%

