--------
Total Statistics
--------
Total Instructions: 20857186211
Total Cycles: 70602127354
IPC: 0.295419

--------
Single level Tlb hierarchy
--------
  Data Tlb:
    Entries:          64
    Page Size(B):   4096
    Associativity:      4

Latencies:    0  100
Tlb-Sets:   16 - LRU - assoc:   4

Tlb Stats:
Tlb-Load-Hits:        6353153404   99.50%
Tlb-Load-Misses:        31782192    0.50%
Tlb-Load-Accesses:    6384935596  100.00%

Tlb-Store-Hits:        2614832510   99.80%
Tlb-Store-Misses:         5248827    0.20%
Tlb-Store-Accesses:    2620081337  100.00%

Tlb-Total-Hits:        8967985914   99.59%
Tlb-Total-Misses:        37031019    0.41%
Tlb-Total-Accesses:    9005016933  100.00%



--------
Two level Cache hierarchy
--------
  L1-Data Cache:
    Size(KB):          32
    Block Size(B):     64
    Associativity:      8

  L2-Data Cache:
    Size(KB):        1024
    Block Size(B):     64
    Associativity:      8

Latencies:    1   15  250
L1-Sets:   64 - LRU - assoc:   8
L2-Sets: 2048 - LRU - assoc:   8
Store_allocation: Yes
L2_inclusive: Yes
L2_prefetching: No

L1 Cache Stats:
L1-Load-Hits:        6232684856   97.62%
L1-Load-Misses:       152250740    2.38%
L1-Load-Accesses:    6384935596  100.00%

L1-Store-Hits:        2608172323   99.55%
L1-Store-Misses:        11909014    0.45%
L1-Store-Accesses:    2620081337  100.00%

L1-Total-Hits:        8840857179   98.18%
L1-Total-Misses:       164159754    1.82%
L1-Total-Accesses:    9005016933  100.00%

L2 Cache Stats:
L2-Load-Hits:          24756820   16.26%
L2-Load-Misses:       127493920   83.74%
L2-Load-Accesses:     152250740  100.00%

L2-Store-Hits:           1105230    9.28%
L2-Store-Misses:        10803784   90.72%
L2-Store-Accesses:      11909014  100.00%

L2-Total-Hits:          25862050   15.75%
L2-Total-Misses:       138297704   84.25%
L2-Total-Accesses:     164159754  100.00%

