--------
Total Statistics
--------
Total Instructions: 20857185945
Total Cycles: 46036437291
IPC: 0.453058

--------
Single level Tlb hierarchy
--------
  Data Tlb:
    Entries:          64
    Page Size(B):   4096
    Associativity:      4

Latencies:    0  100
Tlb-Sets:   16 - LRU - assoc:   4

Tlb Stats:
Tlb-Load-Hits:        6350041675   99.45%
Tlb-Load-Misses:        34893858    0.55%
Tlb-Load-Accesses:    6384935533  100.00%

Tlb-Store-Hits:        2614670073   99.79%
Tlb-Store-Misses:         5411260    0.21%
Tlb-Store-Accesses:    2620081333  100.00%

Tlb-Total-Hits:        8964711748   99.55%
Tlb-Total-Misses:        40305118    0.45%
Tlb-Total-Accesses:    9005016866  100.00%



--------
Two level Cache hierarchy
--------
  L1-Data Cache:
    Size(KB):          32
    Block Size(B):     64
    Associativity:      8

  L2-Data Cache:
    Size(KB):        1024
    Block Size(B):    256
    Associativity:     16

Latencies:    1   15  250
L1-Sets:   64 - LRU - assoc:   8
L2-Sets:  256 - LRU - assoc:  16
Store_allocation: Yes
L2_inclusive: Yes
L2_prefetching: No

L1 Cache Stats:
L1-Load-Hits:        6192479643   96.99%
L1-Load-Misses:       192455890    3.01%
L1-Load-Accesses:    6384935533  100.00%

L1-Store-Hits:        2603609911   99.37%
L1-Store-Misses:        16471422    0.63%
L1-Store-Accesses:    2620081333  100.00%

L1-Total-Hits:        8796089554   97.68%
L1-Total-Misses:       208927312    2.32%
L1-Total-Accesses:    9005016866  100.00%

L2 Cache Stats:
L2-Load-Hits:         159293102   82.77%
L2-Load-Misses:        33162788   17.23%
L2-Load-Accesses:     192455890  100.00%

L2-Store-Hits:          13594958   82.54%
L2-Store-Misses:         2876464   17.46%
L2-Store-Accesses:      16471422  100.00%

L2-Total-Hits:         172888060   82.75%
L2-Total-Misses:        36039252   17.25%
L2-Total-Accesses:     208927312  100.00%

