--------
Total Statistics
--------
Total Instructions: 20857185757
Total Cycles: 55200004998
IPC: 0.377848

--------
Single level Tlb hierarchy
--------
  Data Tlb:
    Entries:          64
    Page Size(B):   4096
    Associativity:      4

Latencies:    0  100
Tlb-Sets:   16 - LRU - assoc:   4

Tlb Stats:
Tlb-Load-Hits:        6349652502   99.45%
Tlb-Load-Misses:        35282993    0.55%
Tlb-Load-Accesses:    6384935495  100.00%

Tlb-Store-Hits:        2614938960   99.80%
Tlb-Store-Misses:         5142331    0.20%
Tlb-Store-Accesses:    2620081291  100.00%

Tlb-Total-Hits:        8964591462   99.55%
Tlb-Total-Misses:        40425324    0.45%
Tlb-Total-Accesses:    9005016786  100.00%



--------
Two level Cache hierarchy
--------
  L1-Data Cache:
    Size(KB):          32
    Block Size(B):     64
    Associativity:      8

  L2-Data Cache:
    Size(KB):        1024
    Block Size(B):    128
    Associativity:     16

Latencies:    1   15  250
L1-Sets:   64 - LRU - assoc:   8
L2-Sets:  512 - LRU - assoc:  16
Store_allocation: Yes
L2_inclusive: Yes
L2_prefetching: No

L1 Cache Stats:
L1-Load-Hits:        6159161440   96.46%
L1-Load-Misses:       225774055    3.54%
L1-Load-Accesses:    6384935495  100.00%

L1-Store-Hits:        2600165059   99.24%
L1-Store-Misses:        19916232    0.76%
L1-Store-Accesses:    2620081291  100.00%

L1-Total-Hits:        8759326499   97.27%
L1-Total-Misses:       245690287    2.73%
L1-Total-Accesses:    9005016786  100.00%

L2 Cache Stats:
L2-Load-Hits:         160894043   71.26%
L2-Load-Misses:        64880012   28.74%
L2-Load-Accesses:     225774055  100.00%

L2-Store-Hits:          14356581   72.08%
L2-Store-Misses:         5559651   27.92%
L2-Store-Accesses:      19916232  100.00%

L2-Total-Hits:         175250624   71.33%
L2-Total-Misses:        70439663   28.67%
L2-Total-Accesses:     245690287  100.00%

