--------
Total Statistics
--------
Total Instructions: 20857186075
Total Cycles: 55073473668
IPC: 0.378716

--------
Single level Tlb hierarchy
--------
  Data Tlb:
    Entries:          64
    Page Size(B):   4096
    Associativity:      4

Latencies:    0  100
Tlb-Sets:   16 - LRU - assoc:   4

Tlb Stats:
Tlb-Load-Hits:        6351883694   99.48%
Tlb-Load-Misses:        33051866    0.52%
Tlb-Load-Accesses:    6384935560  100.00%

Tlb-Store-Hits:        2613550267   99.75%
Tlb-Store-Misses:         6531061    0.25%
Tlb-Store-Accesses:    2620081328  100.00%

Tlb-Total-Hits:        8965433961   99.56%
Tlb-Total-Misses:        39582927    0.44%
Tlb-Total-Accesses:    9005016888  100.00%



--------
Two level Cache hierarchy
--------
  L1-Data Cache:
    Size(KB):          32
    Block Size(B):     64
    Associativity:      8

  L2-Data Cache:
    Size(KB):        1024
    Block Size(B):    128
    Associativity:      8

Latencies:    1   15  250
L1-Sets:   64 - LRU - assoc:   8
L2-Sets: 1024 - LRU - assoc:   8
Store_allocation: Yes
L2_inclusive: Yes
L2_prefetching: No

L1 Cache Stats:
L1-Load-Hits:        6161767435   96.50%
L1-Load-Misses:       223168125    3.50%
L1-Load-Accesses:    6384935560  100.00%

L1-Store-Hits:        2600818786   99.26%
L1-Store-Misses:        19262542    0.74%
L1-Store-Accesses:    2620081328  100.00%

L1-Total-Hits:        8762586221   97.31%
L1-Total-Misses:       242430667    2.69%
L1-Total-Accesses:    9005016888  100.00%

L2 Cache Stats:
L2-Load-Hits:         158259323   70.91%
L2-Load-Misses:        64908802   29.09%
L2-Load-Accesses:     223168125  100.00%

L2-Store-Hits:          13705272   71.15%
L2-Store-Misses:         5557270   28.85%
L2-Store-Accesses:      19262542  100.00%

L2-Total-Hits:         171964595   70.93%
L2-Total-Misses:        70466072   29.07%
L2-Total-Accesses:     242430667  100.00%

