--------
Total Statistics
--------
Total Instructions: 24710723182
Total Cycles: 54359730897
IPC: 0.454578

--------
Single level Tlb hierarchy
--------
  Data Tlb:
    Entries:          64
    Page Size(B):   4096
    Associativity:      4

Latencies:    0  100
Tlb-Sets:   16 - LRU - assoc:   4

Tlb Stats:
Tlb-Load-Hits:        7076413435   99.46%
Tlb-Load-Misses:        38165793    0.54%
Tlb-Load-Accesses:    7114579228  100.00%

Tlb-Store-Hits:        1450617303   99.58%
Tlb-Store-Misses:         6127289    0.42%
Tlb-Store-Accesses:    1456744592  100.00%

Tlb-Total-Hits:        8527030738   99.48%
Tlb-Total-Misses:        44293082    0.52%
Tlb-Total-Accesses:    8571323820  100.00%



--------
Two level Cache hierarchy
--------
  L1-Data Cache:
    Size(KB):          32
    Block Size(B):     64
    Associativity:      8

  L2-Data Cache:
    Size(KB):        1024
    Block Size(B):    128
    Associativity:      8

Latencies:    1   15  250
L1-Sets:   64 - LRU - assoc:   8
L2-Sets: 1024 - LRU - assoc:   8
Store_allocation: Yes
L2_inclusive: Yes
L2_prefetching: No

L1 Cache Stats:
L1-Load-Hits:        6946262136   97.63%
L1-Load-Misses:       168317092    2.37%
L1-Load-Accesses:    7114579228  100.00%

L1-Store-Hits:        1352422171   92.84%
L1-Store-Misses:       104322421    7.16%
L1-Store-Accesses:    1456744592  100.00%

L1-Total-Hits:        8298684307   96.82%
L1-Total-Misses:       272639513    3.18%
L1-Total-Accesses:    8571323820  100.00%

L2 Cache Stats:
L2-Load-Hits:         122261653   72.64%
L2-Load-Misses:        46055439   27.36%
L2-Load-Accesses:     168317092  100.00%

L2-Store-Hits:         100142728   95.99%
L2-Store-Misses:         4179693    4.01%
L2-Store-Accesses:     104322421  100.00%

L2-Total-Hits:         222404381   81.57%
L2-Total-Misses:        50235132   18.43%
L2-Total-Accesses:     272639513  100.00%

