--------
Total Statistics
--------
Total Instructions: 24710724250
Total Cycles: 50091238429
IPC: 0.493314

--------
Single level Tlb hierarchy
--------
  Data Tlb:
    Entries:          64
    Page Size(B):   4096
    Associativity:      4

Latencies:    0  100
Tlb-Sets:   16 - LRU - assoc:   4

Tlb Stats:
Tlb-Load-Hits:        7079533256   99.51%
Tlb-Load-Misses:        35045980    0.49%
Tlb-Load-Accesses:    7114579236  100.00%

Tlb-Store-Hits:        1451806995   99.66%
Tlb-Store-Misses:         4938193    0.34%
Tlb-Store-Accesses:    1456745188  100.00%

Tlb-Total-Hits:        8531340251   99.53%
Tlb-Total-Misses:        39984173    0.47%
Tlb-Total-Accesses:    8571324424  100.00%



--------
Two level Cache hierarchy
--------
  L1-Data Cache:
    Size(KB):          32
    Block Size(B):     64
    Associativity:      8

  L2-Data Cache:
    Size(KB):        2048
    Block Size(B):    256
    Associativity:     16

Latencies:    1   15  250
L1-Sets:   64 - LRU - assoc:   8
L2-Sets:  512 - LRU - assoc:  16
Store_allocation: Yes
L2_inclusive: Yes
L2_prefetching: No

L1 Cache Stats:
L1-Load-Hits:        6951906262   97.71%
L1-Load-Misses:       162672974    2.29%
L1-Load-Accesses:    7114579236  100.00%

L1-Store-Hits:        1355655515   93.06%
L1-Store-Misses:       101089673    6.94%
L1-Store-Accesses:    1456745188  100.00%

L1-Total-Hits:        8307561777   96.92%
L1-Total-Misses:       263762647    3.08%
L1-Total-Accesses:    8571324424  100.00%

L2 Cache Stats:
L2-Load-Hits:         129187664   79.42%
L2-Load-Misses:        33485310   20.58%
L2-Load-Accesses:     162672974  100.00%

L2-Store-Hits:          99157652   98.09%
L2-Store-Misses:         1932021    1.91%
L2-Store-Accesses:     101089673  100.00%

L2-Total-Hits:         228345316   86.57%
L2-Total-Misses:        35417331   13.43%
L2-Total-Accesses:     263762647  100.00%

