--------
Total Statistics
--------
Total Instructions: 24710724250
Total Cycles: 53118855009
IPC: 0.465197

--------
Single level Tlb hierarchy
--------
  Data Tlb:
    Entries:          64
    Page Size(B):   4096
    Associativity:      4

Latencies:    0  100
Tlb-Sets:   16 - LRU - assoc:   4

Tlb Stats:
Tlb-Load-Hits:        7076118181   99.46%
Tlb-Load-Misses:        38461055    0.54%
Tlb-Load-Accesses:    7114579236  100.00%

Tlb-Store-Hits:        1451466040   99.64%
Tlb-Store-Misses:         5279148    0.36%
Tlb-Store-Accesses:    1456745188  100.00%

Tlb-Total-Hits:        8527584221   99.49%
Tlb-Total-Misses:        43740203    0.51%
Tlb-Total-Accesses:    8571324424  100.00%



--------
Two level Cache hierarchy
--------
  L1-Data Cache:
    Size(KB):          32
    Block Size(B):     64
    Associativity:      8

  L2-Data Cache:
    Size(KB):         512
    Block Size(B):    256
    Associativity:      8

Latencies:    1   15  250
L1-Sets:   64 - LRU - assoc:   8
L2-Sets:  256 - LRU - assoc:   8
Store_allocation: Yes
L2_inclusive: Yes
L2_prefetching: No

L1 Cache Stats:
L1-Load-Hits:        6939737029   97.54%
L1-Load-Misses:       174842207    2.46%
L1-Load-Accesses:    7114579236  100.00%

L1-Store-Hits:        1352532876   92.85%
L1-Store-Misses:       104212312    7.15%
L1-Store-Accesses:    1456745188  100.00%

L1-Total-Hits:        8292269905   96.74%
L1-Total-Misses:       279054519    3.26%
L1-Total-Accesses:    8571324424  100.00%

L2 Cache Stats:
L2-Load-Hits:         132487567   75.78%
L2-Load-Misses:        42354640   24.22%
L2-Load-Accesses:     174842207  100.00%

L2-Store-Hits:         101459079   97.36%
L2-Store-Misses:         2753233    2.64%
L2-Store-Accesses:     104212312  100.00%

L2-Total-Hits:         233946646   83.84%
L2-Total-Misses:        45107873   16.16%
L2-Total-Accesses:     279054519  100.00%

