--------
Total Statistics
--------
Total Instructions: 24710725478
Total Cycles: 58564522960
IPC: 0.42194

--------
Single level Tlb hierarchy
--------
  Data Tlb:
    Entries:          64
    Page Size(B):   4096
    Associativity:      4

Latencies:    0  100
Tlb-Sets:   16 - LRU - assoc:   4

Tlb Stats:
Tlb-Load-Hits:        7080434115   99.52%
Tlb-Load-Misses:        34145113    0.48%
Tlb-Load-Accesses:    7114579228  100.00%

Tlb-Store-Hits:        1452104613   99.68%
Tlb-Store-Misses:         4641291    0.32%
Tlb-Store-Accesses:    1456745904  100.00%

Tlb-Total-Hits:        8532538728   99.55%
Tlb-Total-Misses:        38786404    0.45%
Tlb-Total-Accesses:    8571325132  100.00%



--------
Two level Cache hierarchy
--------
  L1-Data Cache:
    Size(KB):          32
    Block Size(B):     64
    Associativity:      8

  L2-Data Cache:
    Size(KB):        1024
    Block Size(B):     64
    Associativity:     16

Latencies:    1   15  250
L1-Sets:   64 - LRU - assoc:   8
L2-Sets: 1024 - LRU - assoc:  16
Store_allocation: Yes
L2_inclusive: Yes
L2_prefetching: No

L1 Cache Stats:
L1-Load-Hits:        6990050642   98.25%
L1-Load-Misses:       124528586    1.75%
L1-Load-Accesses:    7114579228  100.00%

L1-Store-Hits:        1357633810   93.20%
L1-Store-Misses:        99112094    6.80%
L1-Store-Accesses:    1456745904  100.00%

L1-Total-Hits:        8347684452   97.39%
L1-Total-Misses:       223640680    2.61%
L1-Total-Accesses:    8571325132  100.00%

L2 Cache Stats:
L2-Load-Hits:          60324449   48.44%
L2-Load-Misses:        64204137   51.56%
L2-Load-Accesses:     124528586  100.00%

L2-Store-Hits:          91119344   91.94%
L2-Store-Misses:         7992750    8.06%
L2-Store-Accesses:      99112094  100.00%

L2-Total-Hits:         151443793   67.72%
L2-Total-Misses:        72196887   32.28%
L2-Total-Accesses:     223640680  100.00%

