--------
Total Statistics
--------
Total Instructions: 24710725478
Total Cycles: 51140447500
IPC: 0.483193

--------
Single level Tlb hierarchy
--------
  Data Tlb:
    Entries:          64
    Page Size(B):   4096
    Associativity:      4

Latencies:    0  100
Tlb-Sets:   16 - LRU - assoc:   4

Tlb Stats:
Tlb-Load-Hits:        7079496845   99.51%
Tlb-Load-Misses:        35082383    0.49%
Tlb-Load-Accesses:    7114579228  100.00%

Tlb-Store-Hits:        1452030566   99.68%
Tlb-Store-Misses:         4715338    0.32%
Tlb-Store-Accesses:    1456745904  100.00%

Tlb-Total-Hits:        8531527411   99.54%
Tlb-Total-Misses:        39797721    0.46%
Tlb-Total-Accesses:    8571325132  100.00%



--------
Two level Cache hierarchy
--------
  L1-Data Cache:
    Size(KB):          32
    Block Size(B):     64
    Associativity:      8

  L2-Data Cache:
    Size(KB):        1024
    Block Size(B):    256
    Associativity:     16

Latencies:    1   15  250
L1-Sets:   64 - LRU - assoc:   8
L2-Sets:  256 - LRU - assoc:  16
Store_allocation: Yes
L2_inclusive: Yes
L2_prefetching: No

L1 Cache Stats:
L1-Load-Hits:        6939499922   97.54%
L1-Load-Misses:       175079306    2.46%
L1-Load-Accesses:    7114579228  100.00%

L1-Store-Hits:        1354474374   92.98%
L1-Store-Misses:       102271530    7.02%
L1-Store-Accesses:    1456745904  100.00%

L1-Total-Hits:        8293974296   96.76%
L1-Total-Misses:       277350836    3.24%
L1-Total-Accesses:    8571325132  100.00%

L2 Cache Stats:
L2-Load-Hits:         138406298   79.05%
L2-Load-Misses:        36673008   20.95%
L2-Load-Accesses:     175079306  100.00%

L2-Store-Hits:         100071089   97.85%
L2-Store-Misses:         2200441    2.15%
L2-Store-Accesses:     102271530  100.00%

L2-Total-Hits:         238477387   85.98%
L2-Total-Misses:        38873449   14.02%
L2-Total-Accesses:     277350836  100.00%

