--------
Total Statistics
--------
Total Instructions: 24710724225
Total Cycles: 56170903761
IPC: 0.43992

--------
Single level Tlb hierarchy
--------
  Data Tlb:
    Entries:          64
    Page Size(B):   4096
    Associativity:      4

Latencies:    0  100
Tlb-Sets:   16 - LRU - assoc:   4

Tlb Stats:
Tlb-Load-Hits:        7080113616   99.52%
Tlb-Load-Misses:        34465612    0.48%
Tlb-Load-Accesses:    7114579228  100.00%

Tlb-Store-Hits:        1452143693   99.68%
Tlb-Store-Misses:         4601495    0.32%
Tlb-Store-Accesses:    1456745188  100.00%

Tlb-Total-Hits:        8532257309   99.54%
Tlb-Total-Misses:        39067107    0.46%
Tlb-Total-Accesses:    8571324416  100.00%



--------
Two level Cache hierarchy
--------
  L1-Data Cache:
    Size(KB):          32
    Block Size(B):     64
    Associativity:      8

  L2-Data Cache:
    Size(KB):         512
    Block Size(B):    128
    Associativity:      8

Latencies:    1   15  250
L1-Sets:   64 - LRU - assoc:   8
L2-Sets:  512 - LRU - assoc:   8
Store_allocation: Yes
L2_inclusive: Yes
L2_prefetching: No

L1 Cache Stats:
L1-Load-Hits:        6939545423   97.54%
L1-Load-Misses:       175033805    2.46%
L1-Load-Accesses:    7114579228  100.00%

L1-Store-Hits:        1348909265   92.60%
L1-Store-Misses:       107835923    7.40%
L1-Store-Accesses:    1456745188  100.00%

L1-Total-Hits:        8288454688   96.70%
L1-Total-Misses:       282869728    3.30%
L1-Total-Accesses:    8571324416  100.00%

L2 Cache Stats:
L2-Load-Hits:         121486591   69.41%
L2-Load-Misses:        53547214   30.59%
L2-Load-Accesses:     175033805  100.00%

L2-Store-Hits:         102426743   94.98%
L2-Store-Misses:         5409180    5.02%
L2-Store-Accesses:     107835923  100.00%

L2-Total-Hits:         223913334   79.16%
L2-Total-Misses:        58956394   20.84%
L2-Total-Accesses:     282869728  100.00%

