--------
Total Statistics
--------
Total Instructions: 24710723207
Total Cycles: 54044142015
IPC: 0.457232

--------
Single level Tlb hierarchy
--------
  Data Tlb:
    Entries:          64
    Page Size(B):   4096
    Associativity:      4

Latencies:    0  100
Tlb-Sets:   16 - LRU - assoc:   4

Tlb Stats:
Tlb-Load-Hits:        7079009592   99.50%
Tlb-Load-Misses:        35569644    0.50%
Tlb-Load-Accesses:    7114579236  100.00%

Tlb-Store-Hits:        1451846147   99.66%
Tlb-Store-Misses:         4898445    0.34%
Tlb-Store-Accesses:    1456744592  100.00%

Tlb-Total-Hits:        8530855739   99.53%
Tlb-Total-Misses:        40468089    0.47%
Tlb-Total-Accesses:    8571323828  100.00%



--------
Two level Cache hierarchy
--------
  L1-Data Cache:
    Size(KB):          32
    Block Size(B):     64
    Associativity:      8

  L2-Data Cache:
    Size(KB):        1024
    Block Size(B):    128
    Associativity:     16

Latencies:    1   15  250
L1-Sets:   64 - LRU - assoc:   8
L2-Sets:  512 - LRU - assoc:  16
Store_allocation: Yes
L2_inclusive: Yes
L2_prefetching: No

L1 Cache Stats:
L1-Load-Hits:        6942806616   97.59%
L1-Load-Misses:       171772620    2.41%
L1-Load-Accesses:    7114579236  100.00%

L1-Store-Hits:        1352426640   92.84%
L1-Store-Misses:       104317952    7.16%
L1-Store-Accesses:    1456744592  100.00%

L1-Total-Hits:        8295233256   96.78%
L1-Total-Misses:       276090572    3.22%
L1-Total-Accesses:    8571323828  100.00%

L2 Cache Stats:
L2-Load-Hits:         125671029   73.16%
L2-Load-Misses:        46101591   26.84%
L2-Load-Accesses:     171772620  100.00%

L2-Store-Hits:         100123833   95.98%
L2-Store-Misses:         4194119    4.02%
L2-Store-Accesses:     104317952  100.00%

L2-Total-Hits:         225794862   81.78%
L2-Total-Misses:        50295710   18.22%
L2-Total-Accesses:     276090572  100.00%

