--------
Total Statistics
--------
Total Instructions: 24710725503
Total Cycles: 58647560498
IPC: 0.421343

--------
Single level Tlb hierarchy
--------
  Data Tlb:
    Entries:          64
    Page Size(B):   4096
    Associativity:      4

Latencies:    0  100
Tlb-Sets:   16 - LRU - assoc:   4

Tlb Stats:
Tlb-Load-Hits:        7079427392   99.51%
Tlb-Load-Misses:        35151844    0.49%
Tlb-Load-Accesses:    7114579236  100.00%

Tlb-Store-Hits:        1452055641   99.68%
Tlb-Store-Misses:         4690263    0.32%
Tlb-Store-Accesses:    1456745904  100.00%

Tlb-Total-Hits:        8531483033   99.54%
Tlb-Total-Misses:        39842107    0.46%
Tlb-Total-Accesses:    8571325140  100.00%



--------
Two level Cache hierarchy
--------
  L1-Data Cache:
    Size(KB):          32
    Block Size(B):     64
    Associativity:      8

  L2-Data Cache:
    Size(KB):        1024
    Block Size(B):     64
    Associativity:      8

Latencies:    1   15  250
L1-Sets:   64 - LRU - assoc:   8
L2-Sets: 2048 - LRU - assoc:   8
Store_allocation: Yes
L2_inclusive: Yes
L2_prefetching: No

L1 Cache Stats:
L1-Load-Hits:        6989295878   98.24%
L1-Load-Misses:       125283358    1.76%
L1-Load-Accesses:    7114579236  100.00%

L1-Store-Hits:        1358053785   93.23%
L1-Store-Misses:        98692119    6.77%
L1-Store-Accesses:    1456745904  100.00%

L1-Total-Hits:        8347349663   97.39%
L1-Total-Misses:       223975477    2.61%
L1-Total-Accesses:    8571325140  100.00%

L2 Cache Stats:
L2-Load-Hits:          61160980   48.82%
L2-Load-Misses:        64122378   51.18%
L2-Load-Accesses:     125283358  100.00%

L2-Store-Hits:          90727829   91.93%
L2-Store-Misses:         7964290    8.07%
L2-Store-Accesses:      98692119  100.00%

L2-Total-Hits:         151888809   67.81%
L2-Total-Misses:        72086668   32.19%
L2-Total-Accesses:     223975477  100.00%

