--------
Total Statistics
--------
Total Instructions: 24710724561
Total Cycles: 56717251604
IPC: 0.435683

--------
Single level Tlb hierarchy
--------
  Data Tlb:
    Entries:          64
    Page Size(B):   4096
    Associativity:      4

Latencies:    0  100
Tlb-Sets:   16 - LRU - assoc:   4

Tlb Stats:
Tlb-Load-Hits:        7077266616   99.48%
Tlb-Load-Misses:        37312612    0.52%
Tlb-Load-Accesses:    7114579228  100.00%

Tlb-Store-Hits:        1451640811   99.65%
Tlb-Store-Misses:         5104569    0.35%
Tlb-Store-Accesses:    1456745380  100.00%

Tlb-Total-Hits:        8528907427   99.51%
Tlb-Total-Misses:        42417181    0.49%
Tlb-Total-Accesses:    8571324608  100.00%



--------
Two level Cache hierarchy
--------
  L1-Data Cache:
    Size(KB):          32
    Block Size(B):     64
    Associativity:      8

  L2-Data Cache:
    Size(KB):        2048
    Block Size(B):     64
    Associativity:     16

Latencies:    1   15  250
L1-Sets:   64 - LRU - assoc:   8
L2-Sets: 2048 - LRU - assoc:  16
Store_allocation: Yes
L2_inclusive: Yes
L2_prefetching: No

L1 Cache Stats:
L1-Load-Hits:        6982842450   98.15%
L1-Load-Misses:       131736778    1.85%
L1-Load-Accesses:    7114579228  100.00%

L1-Store-Hits:        1357815519   93.21%
L1-Store-Misses:        98929861    6.79%
L1-Store-Accesses:    1456745380  100.00%

L1-Total-Hits:        8340657969   97.31%
L1-Total-Misses:       230666639    2.69%
L1-Total-Accesses:    8571324608  100.00%

L2 Cache Stats:
L2-Load-Hits:          75427359   57.26%
L2-Load-Misses:        56309419   42.74%
L2-Load-Accesses:     131736778  100.00%

L2-Store-Hits:          92305341   93.30%
L2-Store-Misses:         6624520    6.70%
L2-Store-Accesses:      98929861  100.00%

L2-Total-Hits:         167732700   72.72%
L2-Total-Misses:        62933939   27.28%
L2-Total-Accesses:     230666639  100.00%

