--------
Total Statistics
--------
Total Instructions: 7966224626
Total Cycles: 11881076815
IPC: 0.670497

--------
Single level Tlb hierarchy
--------
  Data Tlb:
    Entries:          64
    Page Size(B):   4096
    Associativity:      4

Latencies:    0  100
Tlb-Sets:   16 - LRU - assoc:   4

Tlb Stats:
Tlb-Load-Hits:        1867741694   99.97%
Tlb-Load-Misses:          564573    0.03%
Tlb-Load-Accesses:    1868306267  100.00%

Tlb-Store-Hits:         187508297   99.85%
Tlb-Store-Misses:          279850    0.15%
Tlb-Store-Accesses:     187788147  100.00%

Tlb-Total-Hits:        2055249991   99.96%
Tlb-Total-Misses:          844423    0.04%
Tlb-Total-Accesses:    2056094414  100.00%



--------
Two level Cache hierarchy
--------
  L1-Data Cache:
    Size(KB):          32
    Block Size(B):     64
    Associativity:      8

  L2-Data Cache:
    Size(KB):        2048
    Block Size(B):    256
    Associativity:     16

Latencies:    1   15  250
L1-Sets:   64 - LRU - assoc:   8
L2-Sets:  512 - LRU - assoc:  16
Store_allocation: Yes
L2_inclusive: Yes
L2_prefetching: No

L1 Cache Stats:
L1-Load-Hits:        1849481040   98.99%
L1-Load-Misses:        18825227    1.01%
L1-Load-Accesses:    1868306267  100.00%

L1-Store-Hits:         182850209   97.37%
L1-Store-Misses:         4937938    2.63%
L1-Store-Accesses:     187788147  100.00%

L1-Total-Hits:        2032331249   98.84%
L1-Total-Misses:        23763165    1.16%
L1-Total-Accesses:    2056094414  100.00%

L2 Cache Stats:
L2-Load-Hits:          15334218   81.46%
L2-Load-Misses:         3491009   18.54%
L2-Load-Accesses:      18825227  100.00%

L2-Store-Hits:           2757475   55.84%
L2-Store-Misses:         2180463   44.16%
L2-Store-Accesses:       4937938  100.00%

L2-Total-Hits:          18091693   76.13%
L2-Total-Misses:         5671472   23.87%
L2-Total-Accesses:      23763165  100.00%

