--------
Total Statistics
--------
Total Instructions: 7966224626
Total Cycles: 12834962500
IPC: 0.620666

--------
Single level Tlb hierarchy
--------
  Data Tlb:
    Entries:          64
    Page Size(B):   4096
    Associativity:      4

Latencies:    0  100
Tlb-Sets:   16 - LRU - assoc:   4

Tlb Stats:
Tlb-Load-Hits:        1867741788   99.97%
Tlb-Load-Misses:          564479    0.03%
Tlb-Load-Accesses:    1868306267  100.00%

Tlb-Store-Hits:         187508297   99.85%
Tlb-Store-Misses:          279850    0.15%
Tlb-Store-Accesses:     187788147  100.00%

Tlb-Total-Hits:        2055250085   99.96%
Tlb-Total-Misses:          844329    0.04%
Tlb-Total-Accesses:    2056094414  100.00%



--------
Two level Cache hierarchy
--------
  L1-Data Cache:
    Size(KB):          32
    Block Size(B):     64
    Associativity:      8

  L2-Data Cache:
    Size(KB):         512
    Block Size(B):    128
    Associativity:      8

Latencies:    1   15  250
L1-Sets:   64 - LRU - assoc:   8
L2-Sets:  512 - LRU - assoc:   8
Store_allocation: Yes
L2_inclusive: Yes
L2_prefetching: No

L1 Cache Stats:
L1-Load-Hits:        1846037712   98.81%
L1-Load-Misses:        22268555    1.19%
L1-Load-Accesses:    1868306267  100.00%

L1-Store-Hits:         182041848   96.94%
L1-Store-Misses:         5746299    3.06%
L1-Store-Accesses:     187788147  100.00%

L1-Total-Hits:        2028079560   98.64%
L1-Total-Misses:        28014854    1.36%
L1-Total-Accesses:    2056094414  100.00%

L2 Cache Stats:
L2-Load-Hits:          15755920   70.75%
L2-Load-Misses:         6512635   29.25%
L2-Load-Accesses:      22268555  100.00%

L2-Store-Hits:           3026983   52.68%
L2-Store-Misses:         2719316   47.32%
L2-Store-Accesses:       5746299  100.00%

L2-Total-Hits:          18782903   67.05%
L2-Total-Misses:         9231951   32.95%
L2-Total-Accesses:      28014854  100.00%

