--------
Total Statistics
--------
Total Instructions: 7966224626
Total Cycles: 12109314920
IPC: 0.657859

--------
Single level Tlb hierarchy
--------
  Data Tlb:
    Entries:          64
    Page Size(B):   4096
    Associativity:      4

Latencies:    0  100
Tlb-Sets:   16 - LRU - assoc:   4

Tlb Stats:
Tlb-Load-Hits:        1867736190   99.97%
Tlb-Load-Misses:          570077    0.03%
Tlb-Load-Accesses:    1868306267  100.00%

Tlb-Store-Hits:         187508284   99.85%
Tlb-Store-Misses:          279863    0.15%
Tlb-Store-Accesses:     187788147  100.00%

Tlb-Total-Hits:        2055244474   99.96%
Tlb-Total-Misses:          849940    0.04%
Tlb-Total-Accesses:    2056094414  100.00%



--------
Two level Cache hierarchy
--------
  L1-Data Cache:
    Size(KB):          32
    Block Size(B):     64
    Associativity:      8

  L2-Data Cache:
    Size(KB):        1024
    Block Size(B):    256
    Associativity:     16

Latencies:    1   15  250
L1-Sets:   64 - LRU - assoc:   8
L2-Sets:  256 - LRU - assoc:  16
Store_allocation: Yes
L2_inclusive: Yes
L2_prefetching: No

L1 Cache Stats:
L1-Load-Hits:        1848298134   98.93%
L1-Load-Misses:        20008133    1.07%
L1-Load-Accesses:    1868306267  100.00%

L1-Store-Hits:         182834338   97.36%
L1-Store-Misses:         4953809    2.64%
L1-Store-Accesses:     187788147  100.00%

L1-Total-Hits:        2031132472   98.79%
L1-Total-Misses:        24961942    1.21%
L1-Total-Accesses:    2056094414  100.00%

L2 Cache Stats:
L2-Load-Hits:          15679993   78.37%
L2-Load-Misses:         4328140   21.63%
L2-Load-Accesses:      20008133  100.00%

L2-Store-Hits:           2771658   55.95%
L2-Store-Misses:         2182151   44.05%
L2-Store-Accesses:       4953809  100.00%

L2-Total-Hits:          18451651   73.92%
L2-Total-Misses:         6510291   26.08%
L2-Total-Accesses:      24961942  100.00%

