--------
Total Statistics
--------
Total Instructions: 7966224626
Total Cycles: 12700288035
IPC: 0.627248

--------
Single level Tlb hierarchy
--------
  Data Tlb:
    Entries:          64
    Page Size(B):   4096
    Associativity:      4

Latencies:    0  100
Tlb-Sets:   16 - LRU - assoc:   4

Tlb Stats:
Tlb-Load-Hits:        1867742104   99.97%
Tlb-Load-Misses:          564163    0.03%
Tlb-Load-Accesses:    1868306267  100.00%

Tlb-Store-Hits:         187508297   99.85%
Tlb-Store-Misses:          279850    0.15%
Tlb-Store-Accesses:     187788147  100.00%

Tlb-Total-Hits:        2055250401   99.96%
Tlb-Total-Misses:          844013    0.04%
Tlb-Total-Accesses:    2056094414  100.00%



--------
Two level Cache hierarchy
--------
  L1-Data Cache:
    Size(KB):          32
    Block Size(B):     64
    Associativity:      8

  L2-Data Cache:
    Size(KB):        1024
    Block Size(B):     64
    Associativity:     16

Latencies:    1   15  250
L1-Sets:   64 - LRU - assoc:   8
L2-Sets: 1024 - LRU - assoc:  16
Store_allocation: Yes
L2_inclusive: Yes
L2_prefetching: No

L1 Cache Stats:
L1-Load-Hits:        1854391594   99.26%
L1-Load-Misses:        13914673    0.74%
L1-Load-Accesses:    1868306267  100.00%

L1-Store-Hits:         184700257   98.36%
L1-Store-Misses:         3087890    1.64%
L1-Store-Accesses:     187788147  100.00%

L1-Total-Hits:        2039091851   99.17%
L1-Total-Misses:        17002563    0.83%
L1-Total-Accesses:    2056094414  100.00%

L2 Cache Stats:
L2-Load-Hits:           7641167   54.91%
L2-Load-Misses:         6273506   45.09%
L2-Load-Accesses:      13914673  100.00%

L2-Store-Hits:              7279    0.24%
L2-Store-Misses:         3080611   99.76%
L2-Store-Accesses:       3087890  100.00%

L2-Total-Hits:           7648446   44.98%
L2-Total-Misses:         9354117   55.02%
L2-Total-Accesses:      17002563  100.00%

