--------
Total Statistics
--------
Total Instructions: 7966224601
Total Cycles: 12692862392
IPC: 0.627615

--------
Single level Tlb hierarchy
--------
  Data Tlb:
    Entries:          64
    Page Size(B):   4096
    Associativity:      4

Latencies:    0  100
Tlb-Sets:   16 - LRU - assoc:   4

Tlb Stats:
Tlb-Load-Hits:        1867741145   99.97%
Tlb-Load-Misses:          565114    0.03%
Tlb-Load-Accesses:    1868306259  100.00%

Tlb-Store-Hits:         187508297   99.85%
Tlb-Store-Misses:          279850    0.15%
Tlb-Store-Accesses:     187788147  100.00%

Tlb-Total-Hits:        2055249442   99.96%
Tlb-Total-Misses:          844964    0.04%
Tlb-Total-Accesses:    2056094406  100.00%



--------
Two level Cache hierarchy
--------
  L1-Data Cache:
    Size(KB):          32
    Block Size(B):     64
    Associativity:      8

  L2-Data Cache:
    Size(KB):        1024
    Block Size(B):    128
    Associativity:     16

Latencies:    1   15  250
L1-Sets:   64 - LRU - assoc:   8
L2-Sets:  512 - LRU - assoc:  16
Store_allocation: Yes
L2_inclusive: Yes
L2_prefetching: No

L1 Cache Stats:
L1-Load-Hits:        1846320832   98.82%
L1-Load-Misses:        21985427    1.18%
L1-Load-Accesses:    1868306259  100.00%

L1-Store-Hits:         182293675   97.07%
L1-Store-Misses:         5494472    2.93%
L1-Store-Accesses:     187788147  100.00%

L1-Total-Hits:        2028614507   98.66%
L1-Total-Misses:        27479899    1.34%
L1-Total-Accesses:    2056094406  100.00%

L2 Cache Stats:
L2-Load-Hits:          16008884   72.82%
L2-Load-Misses:         5976543   27.18%
L2-Load-Accesses:      21985427  100.00%

L2-Store-Hits:           2775621   50.52%
L2-Store-Misses:         2718851   49.48%
L2-Store-Accesses:       5494472  100.00%

L2-Total-Hits:          18784505   68.36%
L2-Total-Misses:         8695394   31.64%
L2-Total-Accesses:      27479899  100.00%

