--------
Total Statistics
--------
Total Instructions: 7966224626
Total Cycles: 12223246330
IPC: 0.651727

--------
Single level Tlb hierarchy
--------
  Data Tlb:
    Entries:          64
    Page Size(B):   4096
    Associativity:      4

Latencies:    0  100
Tlb-Sets:   16 - LRU - assoc:   4

Tlb Stats:
Tlb-Load-Hits:        1867741580   99.97%
Tlb-Load-Misses:          564687    0.03%
Tlb-Load-Accesses:    1868306267  100.00%

Tlb-Store-Hits:         187508297   99.85%
Tlb-Store-Misses:          279850    0.15%
Tlb-Store-Accesses:     187788147  100.00%

Tlb-Total-Hits:        2055249877   99.96%
Tlb-Total-Misses:          844537    0.04%
Tlb-Total-Accesses:    2056094414  100.00%



--------
Two level Cache hierarchy
--------
  L1-Data Cache:
    Size(KB):          32
    Block Size(B):     64
    Associativity:      8

  L2-Data Cache:
    Size(KB):         512
    Block Size(B):    256
    Associativity:      8

Latencies:    1   15  250
L1-Sets:   64 - LRU - assoc:   8
L2-Sets:  256 - LRU - assoc:   8
Store_allocation: Yes
L2_inclusive: Yes
L2_prefetching: No

L1 Cache Stats:
L1-Load-Hits:        1848142227   98.92%
L1-Load-Misses:        20164040    1.08%
L1-Load-Accesses:    1868306267  100.00%

L1-Store-Hits:         182644781   97.26%
L1-Store-Misses:         5143366    2.74%
L1-Store-Accesses:     187788147  100.00%

L1-Total-Hits:        2030787008   98.77%
L1-Total-Misses:        25307406    1.23%
L1-Total-Accesses:    2056094414  100.00%

L2 Cache Stats:
L2-Load-Hits:          15398869   76.37%
L2-Load-Misses:         4765171   23.63%
L2-Load-Accesses:      20164040  100.00%

L2-Store-Hits:           2961087   57.57%
L2-Store-Misses:         2182279   42.43%
L2-Store-Accesses:       5143366  100.00%

L2-Total-Hits:          18359956   72.55%
L2-Total-Misses:         6947450   27.45%
L2-Total-Accesses:      25307406  100.00%

