--------
Total Statistics
--------
Total Instructions: 7966224601
Total Cycles: 12521104462
IPC: 0.636224

--------
Single level Tlb hierarchy
--------
  Data Tlb:
    Entries:          64
    Page Size(B):   4096
    Associativity:      4

Latencies:    0  100
Tlb-Sets:   16 - LRU - assoc:   4

Tlb Stats:
Tlb-Load-Hits:        1867742121   99.97%
Tlb-Load-Misses:          564138    0.03%
Tlb-Load-Accesses:    1868306259  100.00%

Tlb-Store-Hits:         187508296   99.85%
Tlb-Store-Misses:          279851    0.15%
Tlb-Store-Accesses:     187788147  100.00%

Tlb-Total-Hits:        2055250417   99.96%
Tlb-Total-Misses:          843989    0.04%
Tlb-Total-Accesses:    2056094406  100.00%



--------
Two level Cache hierarchy
--------
  L1-Data Cache:
    Size(KB):          32
    Block Size(B):     64
    Associativity:      8

  L2-Data Cache:
    Size(KB):        2048
    Block Size(B):     64
    Associativity:     16

Latencies:    1   15  250
L1-Sets:   64 - LRU - assoc:   8
L2-Sets: 2048 - LRU - assoc:  16
Store_allocation: Yes
L2_inclusive: Yes
L2_prefetching: No

L1 Cache Stats:
L1-Load-Hits:        1854394627   99.26%
L1-Load-Misses:        13911632    0.74%
L1-Load-Accesses:    1868306259  100.00%

L1-Store-Hits:         184699992   98.36%
L1-Store-Misses:         3088155    1.64%
L1-Store-Accesses:     187788147  100.00%

L1-Total-Hits:        2039094619   99.17%
L1-Total-Misses:        16999787    0.83%
L1-Total-Accesses:    2056094406  100.00%

L2 Cache Stats:
L2-Load-Hits:           8354762   60.06%
L2-Load-Misses:         5556870   39.94%
L2-Load-Accesses:      13911632  100.00%

L2-Store-Hits:              7466    0.24%
L2-Store-Misses:         3080689   99.76%
L2-Store-Accesses:       3088155  100.00%

L2-Total-Hits:           8362228   49.19%
L2-Total-Misses:         8637559   50.81%
L2-Total-Accesses:      16999787  100.00%

