--------
Total Statistics
--------
Total Instructions: 7966224626
Total Cycles: 13007595235
IPC: 0.612429

--------
Single level Tlb hierarchy
--------
  Data Tlb:
    Entries:          64
    Page Size(B):   4096
    Associativity:      4

Latencies:    0  100
Tlb-Sets:   16 - LRU - assoc:   4

Tlb Stats:
Tlb-Load-Hits:        1867649935   99.96%
Tlb-Load-Misses:          656332    0.04%
Tlb-Load-Accesses:    1868306267  100.00%

Tlb-Store-Hits:         187508267   99.85%
Tlb-Store-Misses:          279880    0.15%
Tlb-Store-Accesses:     187788147  100.00%

Tlb-Total-Hits:        2055158202   99.95%
Tlb-Total-Misses:          936212    0.05%
Tlb-Total-Accesses:    2056094414  100.00%



--------
Two level Cache hierarchy
--------
  L1-Data Cache:
    Size(KB):          32
    Block Size(B):     64
    Associativity:      8

  L2-Data Cache:
    Size(KB):         512
    Block Size(B):     64
    Associativity:      8

Latencies:    1   15  250
L1-Sets:   64 - LRU - assoc:   8
L2-Sets: 1024 - LRU - assoc:   8
Store_allocation: Yes
L2_inclusive: Yes
L2_prefetching: No

L1 Cache Stats:
L1-Load-Hits:        1854389883   99.26%
L1-Load-Misses:        13916384    0.74%
L1-Load-Accesses:    1868306267  100.00%

L1-Store-Hits:         184697948   98.35%
L1-Store-Misses:         3090199    1.65%
L1-Store-Accesses:     187788147  100.00%

L1-Total-Hits:        2039087831   99.17%
L1-Total-Misses:        17006583    0.83%
L1-Total-Accesses:    2056094414  100.00%

L2 Cache Stats:
L2-Load-Hits:           6452682   46.37%
L2-Load-Misses:         7463702   53.63%
L2-Load-Accesses:      13916384  100.00%

L2-Store-Hits:              7676    0.25%
L2-Store-Misses:         3082523   99.75%
L2-Store-Accesses:       3090199  100.00%

L2-Total-Hits:           6460358   37.99%
L2-Total-Misses:        10546225   62.01%
L2-Total-Accesses:      17006583  100.00%

