--------
Total Statistics
--------
Total Instructions: 7966224601
Total Cycles: 12689717632
IPC: 0.62777

--------
Single level Tlb hierarchy
--------
  Data Tlb:
    Entries:          64
    Page Size(B):   4096
    Associativity:      4

Latencies:    0  100
Tlb-Sets:   16 - LRU - assoc:   4

Tlb Stats:
Tlb-Load-Hits:        1867741390   99.97%
Tlb-Load-Misses:          564869    0.03%
Tlb-Load-Accesses:    1868306259  100.00%

Tlb-Store-Hits:         187508297   99.85%
Tlb-Store-Misses:          279850    0.15%
Tlb-Store-Accesses:     187788147  100.00%

Tlb-Total-Hits:        2055249687   99.96%
Tlb-Total-Misses:          844719    0.04%
Tlb-Total-Accesses:    2056094406  100.00%



--------
Two level Cache hierarchy
--------
  L1-Data Cache:
    Size(KB):          32
    Block Size(B):     64
    Associativity:      8

  L2-Data Cache:
    Size(KB):        1024
    Block Size(B):    128
    Associativity:      8

Latencies:    1   15  250
L1-Sets:   64 - LRU - assoc:   8
L2-Sets: 1024 - LRU - assoc:   8
Store_allocation: Yes
L2_inclusive: Yes
L2_prefetching: No

L1 Cache Stats:
L1-Load-Hits:        1846332074   98.82%
L1-Load-Misses:        21974185    1.18%
L1-Load-Accesses:    1868306259  100.00%

L1-Store-Hits:         182293667   97.07%
L1-Store-Misses:         5494480    2.93%
L1-Store-Accesses:     187788147  100.00%

L1-Total-Hits:        2028625741   98.66%
L1-Total-Misses:        27468665    1.34%
L1-Total-Accesses:    2056094406  100.00%

L2 Cache Stats:
L2-Load-Hits:          16009421   72.86%
L2-Load-Misses:         5964764   27.14%
L2-Load-Accesses:      21974185  100.00%

L2-Store-Hits:           2775657   50.52%
L2-Store-Misses:         2718823   49.48%
L2-Store-Accesses:       5494480  100.00%

L2-Total-Hits:          18785078   68.39%
L2-Total-Misses:         8683587   31.61%
L2-Total-Accesses:      27468665  100.00%

