--------
Total Statistics
--------
Total Instructions: 31246956914
Total Cycles: 52488104829
IPC: 0.595315

--------
Single level Tlb hierarchy
--------
  Data Tlb:
    Entries:          64
    Page Size(B):   4096
    Associativity:      4

Latencies:    0  100
Tlb-Sets:   16 - LRU - assoc:   4

Tlb Stats:
Tlb-Load-Hits:        9361534514   99.70%
Tlb-Load-Misses:        28204023    0.30%
Tlb-Load-Accesses:    9389738537  100.00%

Tlb-Store-Hits:        4898430984   99.80%
Tlb-Store-Misses:         9743529    0.20%
Tlb-Store-Accesses:    4908174513  100.00%

Tlb-Total-Hits:       14259965498   99.73%
Tlb-Total-Misses:        37947552    0.27%
Tlb-Total-Accesses:   14297913050  100.00%



--------
Two level Cache hierarchy
--------
  L1-Data Cache:
    Size(KB):          32
    Block Size(B):     64
    Associativity:      8

  L2-Data Cache:
    Size(KB):        2048
    Block Size(B):     64
    Associativity:     16

Latencies:    1   15  250
L1-Sets:   64 - LRU - assoc:   8
L2-Sets: 2048 - LRU - assoc:  16
Store_allocation: Yes
L2_inclusive: Yes
L2_prefetching: No

L1 Cache Stats:
L1-Load-Hits:        9347010262   99.54%
L1-Load-Misses:        42728275    0.46%
L1-Load-Accesses:    9389738537  100.00%

L1-Store-Hits:        4900733777   99.85%
L1-Store-Misses:         7440736    0.15%
L1-Store-Accesses:    4908174513  100.00%

L1-Total-Hits:       14247744039   99.65%
L1-Total-Misses:        50169011    0.35%
L1-Total-Accesses:   14297913050  100.00%

L2 Cache Stats:
L2-Load-Hits:          36375442   85.13%
L2-Load-Misses:         6352833   14.87%
L2-Load-Accesses:      42728275  100.00%

L2-Store-Hits:           4209791   56.58%
L2-Store-Misses:         3230945   43.42%
L2-Store-Accesses:       7440736  100.00%

L2-Total-Hits:          40585233   80.90%
L2-Total-Misses:         9583778   19.10%
L2-Total-Accesses:      50169011  100.00%

