--------
Total Statistics
--------
Total Instructions: 31246956914
Total Cycles: 53770533859
IPC: 0.581117

--------
Single level Tlb hierarchy
--------
  Data Tlb:
    Entries:          64
    Page Size(B):   4096
    Associativity:      4

Latencies:    0  100
Tlb-Sets:   16 - LRU - assoc:   4

Tlb Stats:
Tlb-Load-Hits:        9346279103   99.54%
Tlb-Load-Misses:        43459434    0.46%
Tlb-Load-Accesses:    9389738537  100.00%

Tlb-Store-Hits:        4899132999   99.82%
Tlb-Store-Misses:         9041514    0.18%
Tlb-Store-Accesses:    4908174513  100.00%

Tlb-Total-Hits:       14245412102   99.63%
Tlb-Total-Misses:        52500948    0.37%
Tlb-Total-Accesses:   14297913050  100.00%



--------
Two level Cache hierarchy
--------
  L1-Data Cache:
    Size(KB):          32
    Block Size(B):     64
    Associativity:      8

  L2-Data Cache:
    Size(KB):        1024
    Block Size(B):    128
    Associativity:     16

Latencies:    1   15  250
L1-Sets:   64 - LRU - assoc:   8
L2-Sets:  512 - LRU - assoc:  16
Store_allocation: Yes
L2_inclusive: Yes
L2_prefetching: No

L1 Cache Stats:
L1-Load-Hits:        9339749378   99.47%
L1-Load-Misses:        49989159    0.53%
L1-Load-Accesses:    9389738537  100.00%

L1-Store-Hits:        4897925749   99.79%
L1-Store-Misses:        10248764    0.21%
L1-Store-Accesses:    4908174513  100.00%

L1-Total-Hits:       14237675127   99.58%
L1-Total-Misses:        60237923    0.42%
L1-Total-Accesses:   14297913050  100.00%

L2 Cache Stats:
L2-Load-Hits:          43974691   87.97%
L2-Load-Misses:         6014468   12.03%
L2-Load-Accesses:      49989159  100.00%

L2-Store-Hits:           7975231   77.82%
L2-Store-Misses:         2273533   22.18%
L2-Store-Accesses:      10248764  100.00%

L2-Total-Hits:          51949922   86.24%
L2-Total-Misses:         8288001   13.76%
L2-Total-Accesses:      60237923  100.00%

