--------
Total Statistics
--------
Total Instructions: 31246956914
Total Cycles: 51139433224
IPC: 0.611015

--------
Single level Tlb hierarchy
--------
  Data Tlb:
    Entries:          64
    Page Size(B):   4096
    Associativity:      4

Latencies:    0  100
Tlb-Sets:   16 - LRU - assoc:   4

Tlb Stats:
Tlb-Load-Hits:        9376762260   99.86%
Tlb-Load-Misses:        12976277    0.14%
Tlb-Load-Accesses:    9389738537  100.00%

Tlb-Store-Hits:        4904114892   99.92%
Tlb-Store-Misses:         4059621    0.08%
Tlb-Store-Accesses:    4908174513  100.00%

Tlb-Total-Hits:       14280877152   99.88%
Tlb-Total-Misses:        17035898    0.12%
Tlb-Total-Accesses:   14297913050  100.00%



--------
Two level Cache hierarchy
--------
  L1-Data Cache:
    Size(KB):          32
    Block Size(B):     64
    Associativity:      8

  L2-Data Cache:
    Size(KB):        1024
    Block Size(B):     64
    Associativity:     16

Latencies:    1   15  250
L1-Sets:   64 - LRU - assoc:   8
L2-Sets: 1024 - LRU - assoc:  16
Store_allocation: Yes
L2_inclusive: Yes
L2_prefetching: No

L1 Cache Stats:
L1-Load-Hits:        9346955825   99.54%
L1-Load-Misses:        42782712    0.46%
L1-Load-Accesses:    9389738537  100.00%

L1-Store-Hits:        4900718611   99.85%
L1-Store-Misses:         7455902    0.15%
L1-Store-Accesses:    4908174513  100.00%

L1-Total-Hits:       14247674436   99.65%
L1-Total-Misses:        50238614    0.35%
L1-Total-Accesses:   14297913050  100.00%

L2 Cache Stats:
L2-Load-Hits:          34490975   80.62%
L2-Load-Misses:         8291737   19.38%
L2-Load-Accesses:      42782712  100.00%

L2-Store-Hits:           3198062   42.89%
L2-Store-Misses:         4257840   57.11%
L2-Store-Accesses:       7455902  100.00%

L2-Total-Hits:          37689037   75.02%
L2-Total-Misses:        12549577   24.98%
L2-Total-Accesses:      50238614  100.00%

