--------
Total Statistics
--------
Total Instructions: 31246956914
Total Cycles: 51620484634
IPC: 0.605321

--------
Single level Tlb hierarchy
--------
  Data Tlb:
    Entries:          64
    Page Size(B):   4096
    Associativity:      4

Latencies:    0  100
Tlb-Sets:   16 - LRU - assoc:   4

Tlb Stats:
Tlb-Load-Hits:        9362068536   99.71%
Tlb-Load-Misses:        27670001    0.29%
Tlb-Load-Accesses:    9389738537  100.00%

Tlb-Store-Hits:        4899160066   99.82%
Tlb-Store-Misses:         9014447    0.18%
Tlb-Store-Accesses:    4908174513  100.00%

Tlb-Total-Hits:       14261228602   99.74%
Tlb-Total-Misses:        36684448    0.26%
Tlb-Total-Accesses:   14297913050  100.00%



--------
Two level Cache hierarchy
--------
  L1-Data Cache:
    Size(KB):          32
    Block Size(B):     64
    Associativity:      8

  L2-Data Cache:
    Size(KB):        2048
    Block Size(B):    128
    Associativity:     16

Latencies:    1   15  250
L1-Sets:   64 - LRU - assoc:   8
L2-Sets: 1024 - LRU - assoc:  16
Store_allocation: Yes
L2_inclusive: Yes
L2_prefetching: No

L1 Cache Stats:
L1-Load-Hits:        9341693191   99.49%
L1-Load-Misses:        48045346    0.51%
L1-Load-Accesses:    9389738537  100.00%

L1-Store-Hits:        4898553201   99.80%
L1-Store-Misses:         9621312    0.20%
L1-Store-Accesses:    4908174513  100.00%

L1-Total-Hits:       14240246392   99.60%
L1-Total-Misses:        57666658    0.40%
L1-Total-Accesses:   14297913050  100.00%

L2 Cache Stats:
L2-Load-Hits:          43672676   90.90%
L2-Load-Misses:         4372670    9.10%
L2-Load-Accesses:      48045346  100.00%

L2-Store-Hits:           7825302   81.33%
L2-Store-Misses:         1796010   18.67%
L2-Store-Accesses:       9621312  100.00%

L2-Total-Hits:          51497978   89.30%
L2-Total-Misses:         6168680   10.70%
L2-Total-Accesses:      57666658  100.00%

