--------
Total Statistics
--------
Total Instructions: 31246956920
Total Cycles: 52216333720
IPC: 0.598413

--------
Single level Tlb hierarchy
--------
  Data Tlb:
    Entries:          64
    Page Size(B):   4096
    Associativity:      4

Latencies:    0  100
Tlb-Sets:   16 - LRU - assoc:   4

Tlb Stats:
Tlb-Load-Hits:        9362048595   99.71%
Tlb-Load-Misses:        27689942    0.29%
Tlb-Load-Accesses:    9389738537  100.00%

Tlb-Store-Hits:        4899182550   99.82%
Tlb-Store-Misses:         8991963    0.18%
Tlb-Store-Accesses:    4908174513  100.00%

Tlb-Total-Hits:       14261231145   99.74%
Tlb-Total-Misses:        36681905    0.26%
Tlb-Total-Accesses:   14297913050  100.00%



--------
Two level Cache hierarchy
--------
  L1-Data Cache:
    Size(KB):          32
    Block Size(B):     64
    Associativity:      8

  L2-Data Cache:
    Size(KB):        1024
    Block Size(B):    128
    Associativity:      8

Latencies:    1   15  250
L1-Sets:   64 - LRU - assoc:   8
L2-Sets: 1024 - LRU - assoc:   8
Store_allocation: Yes
L2_inclusive: Yes
L2_prefetching: No

L1 Cache Stats:
L1-Load-Hits:        9339629820   99.47%
L1-Load-Misses:        50108717    0.53%
L1-Load-Accesses:    9389738537  100.00%

L1-Store-Hits:        4897930280   99.79%
L1-Store-Misses:        10244233    0.21%
L1-Store-Accesses:    4908174513  100.00%

L1-Total-Hits:       14237560100   99.58%
L1-Total-Misses:        60352950    0.42%
L1-Total-Accesses:   14297913050  100.00%

L2 Cache Stats:
L2-Load-Hits:          43986832   87.78%
L2-Load-Misses:         6121885   12.22%
L2-Load-Accesses:      50108717  100.00%

L2-Store-Hits:           7974202   77.84%
L2-Store-Misses:         2270031   22.16%
L2-Store-Accesses:      10244233  100.00%

L2-Total-Hits:          51961034   86.10%
L2-Total-Misses:         8391916   13.90%
L2-Total-Accesses:      60352950  100.00%

