--------
Total Statistics
--------
Total Instructions: 31246956939
Total Cycles: 49849355462
IPC: 0.626828

--------
Single level Tlb hierarchy
--------
  Data Tlb:
    Entries:          64
    Page Size(B):   4096
    Associativity:      4

Latencies:    0  100
Tlb-Sets:   16 - LRU - assoc:   4

Tlb Stats:
Tlb-Load-Hits:        9376860569   99.86%
Tlb-Load-Misses:        12877976    0.14%
Tlb-Load-Accesses:    9389738545  100.00%

Tlb-Store-Hits:        4902739722   99.89%
Tlb-Store-Misses:         5434791    0.11%
Tlb-Store-Accesses:    4908174513  100.00%

Tlb-Total-Hits:       14279600291   99.87%
Tlb-Total-Misses:        18312767    0.13%
Tlb-Total-Accesses:   14297913058  100.00%



--------
Two level Cache hierarchy
--------
  L1-Data Cache:
    Size(KB):          32
    Block Size(B):     64
    Associativity:      8

  L2-Data Cache:
    Size(KB):        1024
    Block Size(B):    256
    Associativity:     16

Latencies:    1   15  250
L1-Sets:   64 - LRU - assoc:   8
L2-Sets:  256 - LRU - assoc:  16
Store_allocation: Yes
L2_inclusive: Yes
L2_prefetching: No

L1 Cache Stats:
L1-Load-Hits:        9340421943   99.47%
L1-Load-Misses:        49316602    0.53%
L1-Load-Accesses:    9389738545  100.00%

L1-Store-Hits:        4899101614   99.82%
L1-Store-Misses:         9072899    0.18%
L1-Store-Accesses:    4908174513  100.00%

L1-Total-Hits:       14239523557   99.59%
L1-Total-Misses:        58389501    0.41%
L1-Total-Accesses:   14297913058  100.00%

L2 Cache Stats:
L2-Load-Hits:          44157900   89.54%
L2-Load-Misses:         5158702   10.46%
L2-Load-Accesses:      49316602  100.00%

L2-Store-Hits:           7842136   86.43%
L2-Store-Misses:         1230763   13.57%
L2-Store-Accesses:       9072899  100.00%

L2-Total-Hits:          52000036   89.06%
L2-Total-Misses:         6389465   10.94%
L2-Total-Accesses:      58389501  100.00%

