--------
Total Statistics
--------
Total Instructions: 31246956939
Total Cycles: 50649461012
IPC: 0.616926

--------
Single level Tlb hierarchy
--------
  Data Tlb:
    Entries:          64
    Page Size(B):   4096
    Associativity:      4

Latencies:    0  100
Tlb-Sets:   16 - LRU - assoc:   4

Tlb Stats:
Tlb-Load-Hits:        9376735478   99.86%
Tlb-Load-Misses:        13003067    0.14%
Tlb-Load-Accesses:    9389738545  100.00%

Tlb-Store-Hits:        4904106850   99.92%
Tlb-Store-Misses:         4067663    0.08%
Tlb-Store-Accesses:    4908174513  100.00%

Tlb-Total-Hits:       14280842328   99.88%
Tlb-Total-Misses:        17070730    0.12%
Tlb-Total-Accesses:   14297913058  100.00%



--------
Two level Cache hierarchy
--------
  L1-Data Cache:
    Size(KB):          32
    Block Size(B):     64
    Associativity:      8

  L2-Data Cache:
    Size(KB):         512
    Block Size(B):    256
    Associativity:      8

Latencies:    1   15  250
L1-Sets:   64 - LRU - assoc:   8
L2-Sets:  256 - LRU - assoc:   8
Store_allocation: Yes
L2_inclusive: Yes
L2_prefetching: No

L1 Cache Stats:
L1-Load-Hits:        9337069910   99.44%
L1-Load-Misses:        52668635    0.56%
L1-Load-Accesses:    9389738545  100.00%

L1-Store-Hits:        4898446297   99.80%
L1-Store-Misses:         9728216    0.20%
L1-Store-Accesses:    4908174513  100.00%

L1-Total-Hits:       14235516207   99.56%
L1-Total-Misses:        62396851    0.44%
L1-Total-Accesses:   14297913058  100.00%

L2 Cache Stats:
L2-Load-Hits:          44434341   84.37%
L2-Load-Misses:         8234294   15.63%
L2-Load-Accesses:      52668635  100.00%

L2-Store-Hits:           8116249   83.43%
L2-Store-Misses:         1611967   16.57%
L2-Store-Accesses:       9728216  100.00%

L2-Total-Hits:          52550590   84.22%
L2-Total-Misses:         9846261   15.78%
L2-Total-Accesses:      62396851  100.00%

