--------
Total Statistics
--------
Total Instructions: 31246956939
Total Cycles: 52432477892
IPC: 0.595947

--------
Single level Tlb hierarchy
--------
  Data Tlb:
    Entries:          64
    Page Size(B):   4096
    Associativity:      4

Latencies:    0  100
Tlb-Sets:   16 - LRU - assoc:   4

Tlb Stats:
Tlb-Load-Hits:        9373415753   99.83%
Tlb-Load-Misses:        16322792    0.17%
Tlb-Load-Accesses:    9389738545  100.00%

Tlb-Store-Hits:        4903698745   99.91%
Tlb-Store-Misses:         4475768    0.09%
Tlb-Store-Accesses:    4908174513  100.00%

Tlb-Total-Hits:       14277114498   99.85%
Tlb-Total-Misses:        20798560    0.15%
Tlb-Total-Accesses:   14297913058  100.00%



--------
Two level Cache hierarchy
--------
  L1-Data Cache:
    Size(KB):          32
    Block Size(B):     64
    Associativity:      8

  L2-Data Cache:
    Size(KB):         512
    Block Size(B):     64
    Associativity:      8

Latencies:    1   15  250
L1-Sets:   64 - LRU - assoc:   8
L2-Sets: 1024 - LRU - assoc:   8
Store_allocation: Yes
L2_inclusive: Yes
L2_prefetching: No

L1 Cache Stats:
L1-Load-Hits:        9346954300   99.54%
L1-Load-Misses:        42784245    0.46%
L1-Load-Accesses:    9389738545  100.00%

L1-Store-Hits:        4900714415   99.85%
L1-Store-Misses:         7460098    0.15%
L1-Store-Accesses:    4908174513  100.00%

L1-Total-Hits:       14247668715   99.65%
L1-Total-Misses:        50244343    0.35%
L1-Total-Accesses:   14297913058  100.00%

L2 Cache Stats:
L2-Load-Hits:          31313346   73.19%
L2-Load-Misses:        11470899   26.81%
L2-Load-Accesses:      42784245  100.00%

L2-Store-Hits:           2714650   36.39%
L2-Store-Misses:         4745448   63.61%
L2-Store-Accesses:       7460098  100.00%

L2-Total-Hits:          34027996   67.73%
L2-Total-Misses:        16216347   32.27%
L2-Total-Accesses:      50244343  100.00%

