--------
Total Statistics
--------
Total Instructions: 31246956939
Total Cycles: 51244400287
IPC: 0.609763

--------
Single level Tlb hierarchy
--------
  Data Tlb:
    Entries:          64
    Page Size(B):   4096
    Associativity:      4

Latencies:    0  100
Tlb-Sets:   16 - LRU - assoc:   4

Tlb Stats:
Tlb-Load-Hits:        9376017646   99.85%
Tlb-Load-Misses:        13720899    0.15%
Tlb-Load-Accesses:    9389738545  100.00%

Tlb-Store-Hits:        4903964814   99.91%
Tlb-Store-Misses:         4209699    0.09%
Tlb-Store-Accesses:    4908174513  100.00%

Tlb-Total-Hits:       14279982460   99.87%
Tlb-Total-Misses:        17930598    0.13%
Tlb-Total-Accesses:   14297913058  100.00%



--------
Two level Cache hierarchy
--------
  L1-Data Cache:
    Size(KB):          32
    Block Size(B):     64
    Associativity:      8

  L2-Data Cache:
    Size(KB):        1024
    Block Size(B):     64
    Associativity:      8

Latencies:    1   15  250
L1-Sets:   64 - LRU - assoc:   8
L2-Sets: 2048 - LRU - assoc:   8
Store_allocation: Yes
L2_inclusive: Yes
L2_prefetching: No

L1 Cache Stats:
L1-Load-Hits:        9346976073   99.54%
L1-Load-Misses:        42762472    0.46%
L1-Load-Accesses:    9389738545  100.00%

L1-Store-Hits:        4900716069   99.85%
L1-Store-Misses:         7458444    0.15%
L1-Store-Accesses:    4908174513  100.00%

L1-Total-Hits:       14247692142   99.65%
L1-Total-Misses:        50220916    0.35%
L1-Total-Accesses:   14297913058  100.00%

L2 Cache Stats:
L2-Load-Hits:          34383795   80.41%
L2-Load-Misses:         8378677   19.59%
L2-Load-Accesses:      42762472  100.00%

L2-Store-Hits:           3224494   43.23%
L2-Store-Misses:         4233950   56.77%
L2-Store-Accesses:       7458444  100.00%

L2-Total-Hits:          37608289   74.89%
L2-Total-Misses:        12612627   25.11%
L2-Total-Accesses:      50220916  100.00%

