--------
Total Statistics
--------
Total Instructions: 6899721478
Total Cycles: 9975196855
IPC: 0.691688

--------
Single level Tlb hierarchy
--------
  Data Tlb:
    Entries:          64
    Page Size(B):   4096
    Associativity:      4

Latencies:    0  100
Tlb-Sets:   16 - LRU - assoc:   4

Tlb Stats:
Tlb-Load-Hits:        1840029358   99.97%
Tlb-Load-Misses:          549087    0.03%
Tlb-Load-Accesses:    1840578445  100.00%

Tlb-Store-Hits:         682042170   99.99%
Tlb-Store-Misses:           51292    0.01%
Tlb-Store-Accesses:     682093462  100.00%

Tlb-Total-Hits:        2522071528   99.98%
Tlb-Total-Misses:          600379    0.02%
Tlb-Total-Accesses:    2522671907  100.00%



--------
Two level Cache hierarchy
--------
  L1-Data Cache:
    Size(KB):          32
    Block Size(B):     64
    Associativity:      8

  L2-Data Cache:
    Size(KB):        1024
    Block Size(B):     64
    Associativity:     16

Latencies:    1   15  250
L1-Sets:   64 - LRU - assoc:   8
L2-Sets: 1024 - LRU - assoc:  16
Store_allocation: Yes
L2_inclusive: Yes
L2_prefetching: No

L1 Cache Stats:
L1-Load-Hits:        1837998782   99.86%
L1-Load-Misses:         2579663    0.14%
L1-Load-Accesses:    1840578445  100.00%

L1-Store-Hits:         681678637   99.94%
L1-Store-Misses:          414825    0.06%
L1-Store-Accesses:     682093462  100.00%

L1-Total-Hits:        2519677419   99.88%
L1-Total-Misses:         2994488    0.12%
L1-Total-Accesses:    2522671907  100.00%

L2 Cache Stats:
L2-Load-Hits:           1178585   45.69%
L2-Load-Misses:         1401078   54.31%
L2-Load-Accesses:       2579663  100.00%

L2-Store-Hits:             24510    5.91%
L2-Store-Misses:          390315   94.09%
L2-Store-Accesses:        414825  100.00%

L2-Total-Hits:           1203095   40.18%
L2-Total-Misses:         1791393   59.82%
L2-Total-Accesses:       2994488  100.00%

