--------
Total Statistics
--------
Total Instructions: 6899721503
Total Cycles: 9975079318
IPC: 0.691696

--------
Single level Tlb hierarchy
--------
  Data Tlb:
    Entries:          64
    Page Size(B):   4096
    Associativity:      4

Latencies:    0  100
Tlb-Sets:   16 - LRU - assoc:   4

Tlb Stats:
Tlb-Load-Hits:        1840015798   99.97%
Tlb-Load-Misses:          562655    0.03%
Tlb-Load-Accesses:    1840578453  100.00%

Tlb-Store-Hits:         682040356   99.99%
Tlb-Store-Misses:           53106    0.01%
Tlb-Store-Accesses:     682093462  100.00%

Tlb-Total-Hits:        2522056154   99.98%
Tlb-Total-Misses:          615761    0.02%
Tlb-Total-Accesses:    2522671915  100.00%



--------
Two level Cache hierarchy
--------
  L1-Data Cache:
    Size(KB):          32
    Block Size(B):     64
    Associativity:      8

  L2-Data Cache:
    Size(KB):        2048
    Block Size(B):     64
    Associativity:     16

Latencies:    1   15  250
L1-Sets:   64 - LRU - assoc:   8
L2-Sets: 2048 - LRU - assoc:  16
Store_allocation: Yes
L2_inclusive: Yes
L2_prefetching: No

L1 Cache Stats:
L1-Load-Hits:        1838013888   99.86%
L1-Load-Misses:         2564565    0.14%
L1-Load-Accesses:    1840578453  100.00%

L1-Store-Hits:         681681257   99.94%
L1-Store-Misses:          412205    0.06%
L1-Store-Accesses:     682093462  100.00%

L1-Total-Hits:        2519695145   99.88%
L1-Total-Misses:         2976770    0.12%
L1-Total-Accesses:    2522671915  100.00%

L2 Cache Stats:
L2-Load-Hits:           1168281   45.55%
L2-Load-Misses:         1396284   54.45%
L2-Load-Accesses:       2564565  100.00%

L2-Store-Hits:             22656    5.50%
L2-Store-Misses:          389549   94.50%
L2-Store-Accesses:        412205  100.00%

L2-Total-Hits:           1190937   40.01%
L2-Total-Misses:         1785833   59.99%
L2-Total-Accesses:       2976770  100.00%

