--------
Total Statistics
--------
Total Instructions: 6899721478
Total Cycles: 9783195765
IPC: 0.705263

--------
Single level Tlb hierarchy
--------
  Data Tlb:
    Entries:          64
    Page Size(B):   4096
    Associativity:      4

Latencies:    0  100
Tlb-Sets:   16 - LRU - assoc:   4

Tlb Stats:
Tlb-Load-Hits:        1840023957   99.97%
Tlb-Load-Misses:          554488    0.03%
Tlb-Load-Accesses:    1840578445  100.00%

Tlb-Store-Hits:         682041979   99.99%
Tlb-Store-Misses:           51483    0.01%
Tlb-Store-Accesses:     682093462  100.00%

Tlb-Total-Hits:        2522065936   99.98%
Tlb-Total-Misses:          605971    0.02%
Tlb-Total-Accesses:    2522671907  100.00%



--------
Two level Cache hierarchy
--------
  L1-Data Cache:
    Size(KB):          32
    Block Size(B):     64
    Associativity:      8

  L2-Data Cache:
    Size(KB):        1024
    Block Size(B):    128
    Associativity:     16

Latencies:    1   15  250
L1-Sets:   64 - LRU - assoc:   8
L2-Sets:  512 - LRU - assoc:  16
Store_allocation: Yes
L2_inclusive: Yes
L2_prefetching: No

L1 Cache Stats:
L1-Load-Hits:        1837058482   99.81%
L1-Load-Misses:         3519963    0.19%
L1-Load-Accesses:    1840578445  100.00%

L1-Store-Hits:         681485073   99.91%
L1-Store-Misses:          608389    0.09%
L1-Store-Accesses:     682093462  100.00%

L1-Total-Hits:        2518543555   99.84%
L1-Total-Misses:         4128352    0.16%
L1-Total-Accesses:    2522671907  100.00%

L2 Cache Stats:
L2-Load-Hits:           2761833   78.46%
L2-Load-Misses:          758130   21.54%
L2-Load-Accesses:       3519963  100.00%

L2-Store-Hits:            413399   67.95%
L2-Store-Misses:          194990   32.05%
L2-Store-Accesses:        608389  100.00%

L2-Total-Hits:           3175232   76.91%
L2-Total-Misses:          953120   23.09%
L2-Total-Accesses:       4128352  100.00%

