--------
Total Statistics
--------
Total Instructions: 6899721478
Total Cycles: 9786169735
IPC: 0.705048

--------
Single level Tlb hierarchy
--------
  Data Tlb:
    Entries:          64
    Page Size(B):   4096
    Associativity:      4

Latencies:    0  100
Tlb-Sets:   16 - LRU - assoc:   4

Tlb Stats:
Tlb-Load-Hits:        1840027652   99.97%
Tlb-Load-Misses:          550793    0.03%
Tlb-Load-Accesses:    1840578445  100.00%

Tlb-Store-Hits:         682041166   99.99%
Tlb-Store-Misses:           52296    0.01%
Tlb-Store-Accesses:     682093462  100.00%

Tlb-Total-Hits:        2522068818   99.98%
Tlb-Total-Misses:          603089    0.02%
Tlb-Total-Accesses:    2522671907  100.00%



--------
Two level Cache hierarchy
--------
  L1-Data Cache:
    Size(KB):          32
    Block Size(B):     64
    Associativity:      8

  L2-Data Cache:
    Size(KB):        1024
    Block Size(B):    128
    Associativity:      8

Latencies:    1   15  250
L1-Sets:   64 - LRU - assoc:   8
L2-Sets: 1024 - LRU - assoc:   8
Store_allocation: Yes
L2_inclusive: Yes
L2_prefetching: No

L1 Cache Stats:
L1-Load-Hits:        1837060544   99.81%
L1-Load-Misses:         3517901    0.19%
L1-Load-Accesses:    1840578445  100.00%

L1-Store-Hits:         681463683   99.91%
L1-Store-Misses:          629779    0.09%
L1-Store-Accesses:     682093462  100.00%

L1-Total-Hits:        2518524227   99.84%
L1-Total-Misses:         4147680    0.16%
L1-Total-Accesses:    2522671907  100.00%

L2 Cache Stats:
L2-Load-Hits:           2747968   78.11%
L2-Load-Misses:          769933   21.89%
L2-Load-Accesses:       3517901  100.00%

L2-Store-Hits:            434703   69.02%
L2-Store-Misses:          195076   30.98%
L2-Store-Accesses:        629779  100.00%

L2-Total-Hits:           3182671   76.73%
L2-Total-Misses:          965009   23.27%
L2-Total-Accesses:       4147680  100.00%

