--------
Total Statistics
--------
Total Instructions: 6899721503
Total Cycles: 9673548353
IPC: 0.713257

--------
Single level Tlb hierarchy
--------
  Data Tlb:
    Entries:          64
    Page Size(B):   4096
    Associativity:      4

Latencies:    0  100
Tlb-Sets:   16 - LRU - assoc:   4

Tlb Stats:
Tlb-Load-Hits:        1840007034   99.97%
Tlb-Load-Misses:          571419    0.03%
Tlb-Load-Accesses:    1840578453  100.00%

Tlb-Store-Hits:         682033169   99.99%
Tlb-Store-Misses:           60293    0.01%
Tlb-Store-Accesses:     682093462  100.00%

Tlb-Total-Hits:        2522040203   99.97%
Tlb-Total-Misses:          631712    0.03%
Tlb-Total-Accesses:    2522671915  100.00%



--------
Two level Cache hierarchy
--------
  L1-Data Cache:
    Size(KB):          32
    Block Size(B):     64
    Associativity:      8

  L2-Data Cache:
    Size(KB):        1024
    Block Size(B):    256
    Associativity:      8

Latencies:    1   15  250
L1-Sets:   64 - LRU - assoc:   8
L2-Sets:  512 - LRU - assoc:   8
Store_allocation: Yes
L2_inclusive: Yes
L2_prefetching: No

L1 Cache Stats:
L1-Load-Hits:        1837350470   99.82%
L1-Load-Misses:         3227983    0.18%
L1-Load-Accesses:    1840578453  100.00%

L1-Store-Hits:         681555896   99.92%
L1-Store-Misses:          537566    0.08%
L1-Store-Accesses:     682093462  100.00%

L1-Total-Hits:        2518906366   99.85%
L1-Total-Misses:         3765549    0.15%
L1-Total-Accesses:    2522671915  100.00%

L2 Cache Stats:
L2-Load-Hits:           2799721   86.73%
L2-Load-Misses:          428262   13.27%
L2-Load-Accesses:       3227983  100.00%

L2-Store-Hits:            439826   81.82%
L2-Store-Misses:           97740   18.18%
L2-Store-Accesses:        537566  100.00%

L2-Total-Hits:           3239547   86.03%
L2-Total-Misses:          526002   13.97%
L2-Total-Accesses:       3765549  100.00%

