--------
Total Statistics
--------
Total Instructions: 6899721478
Total Cycles: 10030193360
IPC: 0.687895

--------
Single level Tlb hierarchy
--------
  Data Tlb:
    Entries:          64
    Page Size(B):   4096
    Associativity:      4

Latencies:    0  100
Tlb-Sets:   16 - LRU - assoc:   4

Tlb Stats:
Tlb-Load-Hits:        1840037395   99.97%
Tlb-Load-Misses:          541050    0.03%
Tlb-Load-Accesses:    1840578445  100.00%

Tlb-Store-Hits:         682042354   99.99%
Tlb-Store-Misses:           51108    0.01%
Tlb-Store-Accesses:     682093462  100.00%

Tlb-Total-Hits:        2522079749   99.98%
Tlb-Total-Misses:          592158    0.02%
Tlb-Total-Accesses:    2522671907  100.00%



--------
Two level Cache hierarchy
--------
  L1-Data Cache:
    Size(KB):          32
    Block Size(B):     64
    Associativity:      8

  L2-Data Cache:
    Size(KB):         512
    Block Size(B):     64
    Associativity:      8

Latencies:    1   15  250
L1-Sets:   64 - LRU - assoc:   8
L2-Sets: 1024 - LRU - assoc:   8
Store_allocation: Yes
L2_inclusive: Yes
L2_prefetching: No

L1 Cache Stats:
L1-Load-Hits:        1837989551   99.86%
L1-Load-Misses:         2588894    0.14%
L1-Load-Accesses:    1840578445  100.00%

L1-Store-Hits:         681677111   99.94%
L1-Store-Misses:          416351    0.06%
L1-Store-Accesses:     682093462  100.00%

L1-Total-Hits:        2519666662   99.88%
L1-Total-Misses:         3005245    0.12%
L1-Total-Accesses:    2522671907  100.00%

L2 Cache Stats:
L2-Load-Hits:            967134   37.36%
L2-Load-Misses:         1621760   62.64%
L2-Load-Accesses:       2588894  100.00%

L2-Store-Hits:             24089    5.79%
L2-Store-Misses:          392262   94.21%
L2-Store-Accesses:        416351  100.00%

L2-Total-Hits:            991223   32.98%
L2-Total-Misses:         2014022   67.02%
L2-Total-Accesses:       3005245  100.00%

