--------
Total Statistics
--------
Total Instructions: 6899721478
Total Cycles: 9783301875
IPC: 0.705255

--------
Single level Tlb hierarchy
--------
  Data Tlb:
    Entries:          64
    Page Size(B):   4096
    Associativity:      4

Latencies:    0  100
Tlb-Sets:   16 - LRU - assoc:   4

Tlb Stats:
Tlb-Load-Hits:        1840014061   99.97%
Tlb-Load-Misses:          564384    0.03%
Tlb-Load-Accesses:    1840578445  100.00%

Tlb-Store-Hits:         682037962   99.99%
Tlb-Store-Misses:           55500    0.01%
Tlb-Store-Accesses:     682093462  100.00%

Tlb-Total-Hits:        2522052023   99.98%
Tlb-Total-Misses:          619884    0.02%
Tlb-Total-Accesses:    2522671907  100.00%



--------
Two level Cache hierarchy
--------
  L1-Data Cache:
    Size(KB):          32
    Block Size(B):     64
    Associativity:      8

  L2-Data Cache:
    Size(KB):        2048
    Block Size(B):    128
    Associativity:     16

Latencies:    1   15  250
L1-Sets:   64 - LRU - assoc:   8
L2-Sets: 1024 - LRU - assoc:  16
Store_allocation: Yes
L2_inclusive: Yes
L2_prefetching: No

L1 Cache Stats:
L1-Load-Hits:        1837080950   99.81%
L1-Load-Misses:         3497495    0.19%
L1-Load-Accesses:    1840578445  100.00%

L1-Store-Hits:         681465101   99.91%
L1-Store-Misses:          628361    0.09%
L1-Store-Accesses:     682093462  100.00%

L1-Total-Hits:        2518546051   99.84%
L1-Total-Misses:         4125856    0.16%
L1-Total-Accesses:    2522671907  100.00%

L2 Cache Stats:
L2-Load-Hits:           2744119   78.46%
L2-Load-Misses:          753376   21.54%
L2-Load-Accesses:       3497495  100.00%

L2-Store-Hits:            433608   69.01%
L2-Store-Misses:          194753   30.99%
L2-Store-Accesses:        628361  100.00%

L2-Total-Hits:           3177727   77.02%
L2-Total-Misses:          948129   22.98%
L2-Total-Accesses:       4125856  100.00%

