--------
Total Statistics
--------
Total Instructions: 6899721503
Total Cycles: 9717794633
IPC: 0.710009

--------
Single level Tlb hierarchy
--------
  Data Tlb:
    Entries:          64
    Page Size(B):   4096
    Associativity:      4

Latencies:    0  100
Tlb-Sets:   16 - LRU - assoc:   4

Tlb Stats:
Tlb-Load-Hits:        1840030684   99.97%
Tlb-Load-Misses:          547769    0.03%
Tlb-Load-Accesses:    1840578453  100.00%

Tlb-Store-Hits:         682041351   99.99%
Tlb-Store-Misses:           52111    0.01%
Tlb-Store-Accesses:     682093462  100.00%

Tlb-Total-Hits:        2522072035   99.98%
Tlb-Total-Misses:          599880    0.02%
Tlb-Total-Accesses:    2522671915  100.00%



--------
Two level Cache hierarchy
--------
  L1-Data Cache:
    Size(KB):          32
    Block Size(B):     64
    Associativity:      8

  L2-Data Cache:
    Size(KB):         512
    Block Size(B):    256
    Associativity:      8

Latencies:    1   15  250
L1-Sets:   64 - LRU - assoc:   8
L2-Sets:  256 - LRU - assoc:   8
Store_allocation: Yes
L2_inclusive: Yes
L2_prefetching: No

L1 Cache Stats:
L1-Load-Hits:        1837147656   99.81%
L1-Load-Misses:         3430797    0.19%
L1-Load-Accesses:    1840578453  100.00%

L1-Store-Hits:         681539078   99.92%
L1-Store-Misses:          554384    0.08%
L1-Store-Accesses:     682093462  100.00%

L1-Total-Hits:        2518686734   99.84%
L1-Total-Misses:         3985181    0.16%
L1-Total-Accesses:    2522671915  100.00%

L2 Cache Stats:
L2-Load-Hits:           2827312   82.41%
L2-Load-Misses:          603485   17.59%
L2-Load-Accesses:       3430797  100.00%

L2-Store-Hits:            455327   82.13%
L2-Store-Misses:           99057   17.87%
L2-Store-Accesses:        554384  100.00%

L2-Total-Hits:           3282639   82.37%
L2-Total-Misses:          702542   17.63%
L2-Total-Accesses:       3985181  100.00%

