--------
Total Statistics
--------
Total Instructions: 19326205275
Total Cycles: 76935266971
IPC: 0.251201

--------
Single level Tlb hierarchy
--------
  Data Tlb:
    Entries:          64
    Page Size(B):   4096
    Associativity:      4

Latencies:    0  100
Tlb-Sets:   16 - LRU - assoc:   4

Tlb Stats:
Tlb-Load-Hits:        8634631755   99.62%
Tlb-Load-Misses:        33342290    0.38%
Tlb-Load-Accesses:    8667974045  100.00%

Tlb-Store-Hits:         299231619   99.95%
Tlb-Store-Misses:          136877    0.05%
Tlb-Store-Accesses:     299368496  100.00%

Tlb-Total-Hits:        8933863374   99.63%
Tlb-Total-Misses:        33479167    0.37%
Tlb-Total-Accesses:    8967342541  100.00%



--------
Two level Cache hierarchy
--------
  L1-Data Cache:
    Size(KB):          32
    Block Size(B):     64
    Associativity:      8

  L2-Data Cache:
    Size(KB):        1024
    Block Size(B):    128
    Associativity:      8

Latencies:    1   15  250
L1-Sets:   64 - LRU - assoc:   8
L2-Sets: 1024 - LRU - assoc:   8
Store_allocation: Yes
L2_inclusive: Yes
L2_prefetching: No

L1 Cache Stats:
L1-Load-Hits:        8208539408   94.70%
L1-Load-Misses:       459434637    5.30%
L1-Load-Accesses:    8667974045  100.00%

L1-Store-Hits:         297397786   99.34%
L1-Store-Misses:         1970710    0.66%
L1-Store-Accesses:     299368496  100.00%

L1-Total-Hits:        8505937194   94.85%
L1-Total-Misses:       461405347    5.15%
L1-Total-Accesses:    8967342541  100.00%

L2 Cache Stats:
L2-Load-Hits:         306407930   66.69%
L2-Load-Misses:       153026707   33.31%
L2-Load-Accesses:     459434637  100.00%

L2-Store-Hits:           1506528   76.45%
L2-Store-Misses:          464182   23.55%
L2-Store-Accesses:       1970710  100.00%

L2-Total-Hits:         307914458   66.73%
L2-Total-Misses:       153490889   33.27%
L2-Total-Accesses:     461405347  100.00%

