--------
Total Statistics
--------
Total Instructions: 19326205275
Total Cycles: 59981828626
IPC: 0.322201

--------
Single level Tlb hierarchy
--------
  Data Tlb:
    Entries:          64
    Page Size(B):   4096
    Associativity:      4

Latencies:    0  100
Tlb-Sets:   16 - LRU - assoc:   4

Tlb Stats:
Tlb-Load-Hits:        8634544644   99.61%
Tlb-Load-Misses:        33429401    0.39%
Tlb-Load-Accesses:    8667974045  100.00%

Tlb-Store-Hits:         299212149   99.95%
Tlb-Store-Misses:          156347    0.05%
Tlb-Store-Accesses:     299368496  100.00%

Tlb-Total-Hits:        8933756793   99.63%
Tlb-Total-Misses:        33585748    0.37%
Tlb-Total-Accesses:    8967342541  100.00%



--------
Two level Cache hierarchy
--------
  L1-Data Cache:
    Size(KB):          32
    Block Size(B):     64
    Associativity:      8

  L2-Data Cache:
    Size(KB):        1024
    Block Size(B):    256
    Associativity:     16

Latencies:    1   15  250
L1-Sets:   64 - LRU - assoc:   8
L2-Sets:  256 - LRU - assoc:  16
Store_allocation: Yes
L2_inclusive: Yes
L2_prefetching: No

L1 Cache Stats:
L1-Load-Hits:        8277873853   95.50%
L1-Load-Misses:       390100192    4.50%
L1-Load-Accesses:    8667974045  100.00%

L1-Store-Hits:         297853604   99.49%
L1-Store-Misses:         1514892    0.51%
L1-Store-Accesses:     299368496  100.00%

L1-Total-Hits:        8575727457   95.63%
L1-Total-Misses:       391615084    4.37%
L1-Total-Accesses:    8967342541  100.00%

L2 Cache Stats:
L2-Load-Hits:         300516224   77.04%
L2-Load-Misses:        89583968   22.96%
L2-Load-Accesses:     390100192  100.00%

L2-Store-Hits:           1276941   84.29%
L2-Store-Misses:          237951   15.71%
L2-Store-Accesses:       1514892  100.00%

L2-Total-Hits:         301793165   77.06%
L2-Total-Misses:        89821919   22.94%
L2-Total-Accesses:     391615084  100.00%

