--------
Total Statistics
--------
Total Instructions: 19326205250
Total Cycles: 58908416723
IPC: 0.328072

--------
Single level Tlb hierarchy
--------
  Data Tlb:
    Entries:          64
    Page Size(B):   4096
    Associativity:      4

Latencies:    0  100
Tlb-Sets:   16 - LRU - assoc:   4

Tlb Stats:
Tlb-Load-Hits:        8634549573   99.61%
Tlb-Load-Misses:        33424464    0.39%
Tlb-Load-Accesses:    8667974037  100.00%

Tlb-Store-Hits:         299212158   99.95%
Tlb-Store-Misses:          156338    0.05%
Tlb-Store-Accesses:     299368496  100.00%

Tlb-Total-Hits:        8933761731   99.63%
Tlb-Total-Misses:        33580802    0.37%
Tlb-Total-Accesses:    8967342533  100.00%



--------
Two level Cache hierarchy
--------
  L1-Data Cache:
    Size(KB):          32
    Block Size(B):     64
    Associativity:      8

  L2-Data Cache:
    Size(KB):        2048
    Block Size(B):    256
    Associativity:     16

Latencies:    1   15  250
L1-Sets:   64 - LRU - assoc:   8
L2-Sets:  512 - LRU - assoc:  16
Store_allocation: Yes
L2_inclusive: Yes
L2_prefetching: No

L1 Cache Stats:
L1-Load-Hits:        8282537997   95.55%
L1-Load-Misses:       385436040    4.45%
L1-Load-Accesses:    8667974037  100.00%

L1-Store-Hits:         297881270   99.50%
L1-Store-Misses:         1487226    0.50%
L1-Store-Accesses:     299368496  100.00%

L1-Total-Hits:        8580419267   95.69%
L1-Total-Misses:       386923266    4.31%
L1-Total-Accesses:    8967342533  100.00%

L2 Cache Stats:
L2-Load-Hits:         299849331   77.79%
L2-Load-Misses:        85586709   22.21%
L2-Load-Accesses:     385436040  100.00%

L2-Store-Hits:           1262176   84.87%
L2-Store-Misses:          225050   15.13%
L2-Store-Accesses:       1487226  100.00%

L2-Total-Hits:         301111507   77.82%
L2-Total-Misses:        85811759   22.18%
L2-Total-Accesses:     386923266  100.00%

