--------
Total Statistics
--------
Total Instructions: 19326205275
Total Cycles: 105131691456
IPC: 0.183829

--------
Single level Tlb hierarchy
--------
  Data Tlb:
    Entries:          64
    Page Size(B):   4096
    Associativity:      4

Latencies:    0  100
Tlb-Sets:   16 - LRU - assoc:   4

Tlb Stats:
Tlb-Load-Hits:        8634538069   99.61%
Tlb-Load-Misses:        33435976    0.39%
Tlb-Load-Accesses:    8667974045  100.00%

Tlb-Store-Hits:         299201975   99.94%
Tlb-Store-Misses:          166521    0.06%
Tlb-Store-Accesses:     299368496  100.00%

Tlb-Total-Hits:        8933740044   99.63%
Tlb-Total-Misses:        33602497    0.37%
Tlb-Total-Accesses:    8967342541  100.00%



--------
Two level Cache hierarchy
--------
  L1-Data Cache:
    Size(KB):          32
    Block Size(B):     64
    Associativity:      8

  L2-Data Cache:
    Size(KB):        2048
    Block Size(B):     64
    Associativity:     16

Latencies:    1   15  250
L1-Sets:   64 - LRU - assoc:   8
L2-Sets: 2048 - LRU - assoc:  16
Store_allocation: Yes
L2_inclusive: Yes
L2_prefetching: No

L1 Cache Stats:
L1-Load-Hits:        8383646885   96.72%
L1-Load-Misses:       284327160    3.28%
L1-Load-Accesses:    8667974045  100.00%

L1-Store-Hits:         298370910   99.67%
L1-Store-Misses:          997586    0.33%
L1-Store-Accesses:     299368496  100.00%

L1-Total-Hits:        8682017795   96.82%
L1-Total-Misses:       285324746    3.18%
L1-Total-Accesses:    8967342541  100.00%

L2 Cache Stats:
L2-Load-Hits:           8363248    2.94%
L2-Load-Misses:       275963912   97.06%
L2-Load-Accesses:     284327160  100.00%

L2-Store-Hits:            169407   16.98%
L2-Store-Misses:          828179   83.02%
L2-Store-Accesses:        997586  100.00%

L2-Total-Hits:           8532655    2.99%
L2-Total-Misses:       276792091   97.01%
L2-Total-Accesses:     285324746  100.00%

