--------
Total Statistics
--------
Total Instructions: 19326205275
Total Cycles: 60547218651
IPC: 0.319192

--------
Single level Tlb hierarchy
--------
  Data Tlb:
    Entries:          64
    Page Size(B):   4096
    Associativity:      4

Latencies:    0  100
Tlb-Sets:   16 - LRU - assoc:   4

Tlb Stats:
Tlb-Load-Hits:        8634635760   99.62%
Tlb-Load-Misses:        33338285    0.38%
Tlb-Load-Accesses:    8667974045  100.00%

Tlb-Store-Hits:         299222736   99.95%
Tlb-Store-Misses:          145760    0.05%
Tlb-Store-Accesses:     299368496  100.00%

Tlb-Total-Hits:        8933858496   99.63%
Tlb-Total-Misses:        33484045    0.37%
Tlb-Total-Accesses:    8967342541  100.00%



--------
Two level Cache hierarchy
--------
  L1-Data Cache:
    Size(KB):          32
    Block Size(B):     64
    Associativity:      8

  L2-Data Cache:
    Size(KB):         512
    Block Size(B):    256
    Associativity:      8

Latencies:    1   15  250
L1-Sets:   64 - LRU - assoc:   8
L2-Sets:  256 - LRU - assoc:   8
Store_allocation: Yes
L2_inclusive: Yes
L2_prefetching: No

L1 Cache Stats:
L1-Load-Hits:        8271947662   95.43%
L1-Load-Misses:       396026383    4.57%
L1-Load-Accesses:    8667974045  100.00%

L1-Store-Hits:         297630540   99.42%
L1-Store-Misses:         1737956    0.58%
L1-Store-Accesses:     299368496  100.00%

L1-Total-Hits:        8569578202   95.56%
L1-Total-Misses:       397764339    4.44%
L1-Total-Accesses:    8967342541  100.00%

L2 Cache Stats:
L2-Load-Hits:         304522189   76.89%
L2-Load-Misses:        91504194   23.11%
L2-Load-Accesses:     396026383  100.00%

L2-Store-Hits:           1486945   85.56%
L2-Store-Misses:          251011   14.44%
L2-Store-Accesses:       1737956  100.00%

L2-Total-Hits:         306009134   76.93%
L2-Total-Misses:        91755205   23.07%
L2-Total-Accesses:     397764339  100.00%

