--------
Total Statistics
--------
Total Instructions: 19326205250
Total Cycles: 76953969668
IPC: 0.25114

--------
Single level Tlb hierarchy
--------
  Data Tlb:
    Entries:          64
    Page Size(B):   4096
    Associativity:      4

Latencies:    0  100
Tlb-Sets:   16 - LRU - assoc:   4

Tlb Stats:
Tlb-Load-Hits:        8634565442   99.61%
Tlb-Load-Misses:        33408595    0.39%
Tlb-Load-Accesses:    8667974037  100.00%

Tlb-Store-Hits:         299211119   99.95%
Tlb-Store-Misses:          157377    0.05%
Tlb-Store-Accesses:     299368496  100.00%

Tlb-Total-Hits:        8933776561   99.63%
Tlb-Total-Misses:        33565972    0.37%
Tlb-Total-Accesses:    8967342533  100.00%



--------
Two level Cache hierarchy
--------
  L1-Data Cache:
    Size(KB):          32
    Block Size(B):     64
    Associativity:      8

  L2-Data Cache:
    Size(KB):        1024
    Block Size(B):    128
    Associativity:     16

Latencies:    1   15  250
L1-Sets:   64 - LRU - assoc:   8
L2-Sets:  512 - LRU - assoc:  16
Store_allocation: Yes
L2_inclusive: Yes
L2_prefetching: No

L1 Cache Stats:
L1-Load-Hits:        8208451286   94.70%
L1-Load-Misses:       459522751    5.30%
L1-Load-Accesses:    8667974037  100.00%

L1-Store-Hits:         297393418   99.34%
L1-Store-Misses:         1975078    0.66%
L1-Store-Accesses:     299368496  100.00%

L1-Total-Hits:        8505844704   94.85%
L1-Total-Misses:       461497829    5.15%
L1-Total-Accesses:    8967342533  100.00%

L2 Cache Stats:
L2-Load-Hits:         306468555   66.69%
L2-Load-Misses:       153054196   33.31%
L2-Load-Accesses:     459522751  100.00%

L2-Store-Hits:           1503845   76.14%
L2-Store-Misses:          471233   23.86%
L2-Store-Accesses:       1975078  100.00%

L2-Total-Hits:         307972400   66.73%
L2-Total-Misses:       153525429   33.27%
L2-Total-Accesses:     461497829  100.00%

