--------
Total Statistics
--------
Total Instructions: 19326205250
Total Cycles: 106175422573
IPC: 0.182021

--------
Single level Tlb hierarchy
--------
  Data Tlb:
    Entries:          64
    Page Size(B):   4096
    Associativity:      4

Latencies:    0  100
Tlb-Sets:   16 - LRU - assoc:   4

Tlb Stats:
Tlb-Load-Hits:        8634542616   99.61%
Tlb-Load-Misses:        33431421    0.39%
Tlb-Load-Accesses:    8667974037  100.00%

Tlb-Store-Hits:         299218528   99.95%
Tlb-Store-Misses:          149968    0.05%
Tlb-Store-Accesses:     299368496  100.00%

Tlb-Total-Hits:        8933761144   99.63%
Tlb-Total-Misses:        33581389    0.37%
Tlb-Total-Accesses:    8967342533  100.00%



--------
Two level Cache hierarchy
--------
  L1-Data Cache:
    Size(KB):          32
    Block Size(B):     64
    Associativity:      8

  L2-Data Cache:
    Size(KB):        1024
    Block Size(B):     64
    Associativity:      8

Latencies:    1   15  250
L1-Sets:   64 - LRU - assoc:   8
L2-Sets: 2048 - LRU - assoc:   8
Store_allocation: Yes
L2_inclusive: Yes
L2_prefetching: No

L1 Cache Stats:
L1-Load-Hits:        8383527451   96.72%
L1-Load-Misses:       284446586    3.28%
L1-Load-Accesses:    8667974037  100.00%

L1-Store-Hits:         298370306   99.67%
L1-Store-Misses:          998190    0.33%
L1-Store-Accesses:     299368496  100.00%

L1-Total-Hits:        8681897757   96.82%
L1-Total-Misses:       285444776    3.18%
L1-Total-Accesses:    8967342533  100.00%

L2 Cache Stats:
L2-Load-Hits:           4379719    1.54%
L2-Load-Misses:       280066867   98.46%
L2-Load-Accesses:     284446586  100.00%

L2-Store-Hits:             96800    9.70%
L2-Store-Misses:          901390   90.30%
L2-Store-Accesses:        998190  100.00%

L2-Total-Hits:           4476519    1.57%
L2-Total-Misses:       280968257   98.43%
L2-Total-Accesses:     285444776  100.00%

