--------
Total Statistics
--------
Total Instructions: 19326205250
Total Cycles: 106178479418
IPC: 0.182016

--------
Single level Tlb hierarchy
--------
  Data Tlb:
    Entries:          64
    Page Size(B):   4096
    Associativity:      4

Latencies:    0  100
Tlb-Sets:   16 - LRU - assoc:   4

Tlb Stats:
Tlb-Load-Hits:        8634600958   99.61%
Tlb-Load-Misses:        33373079    0.39%
Tlb-Load-Accesses:    8667974037  100.00%

Tlb-Store-Hits:         299210448   99.95%
Tlb-Store-Misses:          158048    0.05%
Tlb-Store-Accesses:     299368496  100.00%

Tlb-Total-Hits:        8933811406   99.63%
Tlb-Total-Misses:        33531127    0.37%
Tlb-Total-Accesses:    8967342533  100.00%



--------
Two level Cache hierarchy
--------
  L1-Data Cache:
    Size(KB):          32
    Block Size(B):     64
    Associativity:      8

  L2-Data Cache:
    Size(KB):        1024
    Block Size(B):     64
    Associativity:     16

Latencies:    1   15  250
L1-Sets:   64 - LRU - assoc:   8
L2-Sets: 1024 - LRU - assoc:  16
Store_allocation: Yes
L2_inclusive: Yes
L2_prefetching: No

L1 Cache Stats:
L1-Load-Hits:        8383526662   96.72%
L1-Load-Misses:       284447375    3.28%
L1-Load-Accesses:    8667974037  100.00%

L1-Store-Hits:         298370692   99.67%
L1-Store-Misses:          997804    0.33%
L1-Store-Accesses:     299368496  100.00%

L1-Total-Hits:        8681897354   96.82%
L1-Total-Misses:       285445179    3.18%
L1-Total-Accesses:    8967342533  100.00%

L2 Cache Stats:
L2-Load-Hits:           4335855    1.52%
L2-Load-Misses:       280111520   98.48%
L2-Load-Accesses:     284447375  100.00%

L2-Store-Hits:            108759   10.90%
L2-Store-Misses:          889045   89.10%
L2-Store-Accesses:        997804  100.00%

L2-Total-Hits:           4444614    1.56%
L2-Total-Misses:       281000565   98.44%
L2-Total-Accesses:     285445179  100.00%

