--------
Total Statistics
--------
Total Instructions: 19326205275
Total Cycles: 75803300616
IPC: 0.254952

--------
Single level Tlb hierarchy
--------
  Data Tlb:
    Entries:          64
    Page Size(B):   4096
    Associativity:      4

Latencies:    0  100
Tlb-Sets:   16 - LRU - assoc:   4

Tlb Stats:
Tlb-Load-Hits:        8634606031   99.62%
Tlb-Load-Misses:        33368014    0.38%
Tlb-Load-Accesses:    8667974045  100.00%

Tlb-Store-Hits:         299221549   99.95%
Tlb-Store-Misses:          146947    0.05%
Tlb-Store-Accesses:     299368496  100.00%

Tlb-Total-Hits:        8933827580   99.63%
Tlb-Total-Misses:        33514961    0.37%
Tlb-Total-Accesses:    8967342541  100.00%



--------
Two level Cache hierarchy
--------
  L1-Data Cache:
    Size(KB):          32
    Block Size(B):     64
    Associativity:      8

  L2-Data Cache:
    Size(KB):        2048
    Block Size(B):    128
    Associativity:     16

Latencies:    1   15  250
L1-Sets:   64 - LRU - assoc:   8
L2-Sets: 1024 - LRU - assoc:  16
Store_allocation: Yes
L2_inclusive: Yes
L2_prefetching: No

L1 Cache Stats:
L1-Load-Hits:        8216994065   94.80%
L1-Load-Misses:       450979980    5.20%
L1-Load-Accesses:    8667974045  100.00%

L1-Store-Hits:         297438596   99.36%
L1-Store-Misses:         1929900    0.64%
L1-Store-Accesses:     299368496  100.00%

L1-Total-Hits:        8514432661   94.95%
L1-Total-Misses:       452909880    5.05%
L1-Total-Accesses:    8967342541  100.00%

L2 Cache Stats:
L2-Load-Hits:         301949649   66.95%
L2-Load-Misses:       149030331   33.05%
L2-Load-Accesses:     450979980  100.00%

L2-Store-Hits:           1501797   77.82%
L2-Store-Misses:          428103   22.18%
L2-Store-Accesses:       1929900  100.00%

L2-Total-Hits:         303451446   67.00%
L2-Total-Misses:       149458434   33.00%
L2-Total-Accesses:     452909880  100.00%

