--------
Total Statistics
--------
Total Instructions: 27912831090
Total Cycles: 39716526192
IPC: 0.702801

--------
Single level Tlb hierarchy
--------
  Data Tlb:
    Entries:          64
    Page Size(B):   4096
    Associativity:      4

Latencies:    0  100
Tlb-Sets:   16 - LRU - assoc:   4

Tlb Stats:
Tlb-Load-Hits:        7669097076  100.00%
Tlb-Load-Misses:          220793    0.00%
Tlb-Load-Accesses:    7669317869  100.00%

Tlb-Store-Hits:        2317380409  100.00%
Tlb-Store-Misses:            1369    0.00%
Tlb-Store-Accesses:    2317381778  100.00%

Tlb-Total-Hits:        9986477485  100.00%
Tlb-Total-Misses:          222162    0.00%
Tlb-Total-Accesses:    9986699647  100.00%



--------
Two level Cache hierarchy
--------
  L1-Data Cache:
    Size(KB):          32
    Block Size(B):     64
    Associativity:      8

  L2-Data Cache:
    Size(KB):         512
    Block Size(B):    256
    Associativity:      8

Latencies:    1   15  250
L1-Sets:   64 - LRU - assoc:   8
L2-Sets:  256 - LRU - assoc:   8
Store_allocation: Yes
L2_inclusive: Yes
L2_prefetching: No

L1 Cache Stats:
L1-Load-Hits:        7603163190   99.14%
L1-Load-Misses:        66154679    0.86%
L1-Load-Accesses:    7669317869  100.00%

L1-Store-Hits:        2263980790   97.70%
L1-Store-Misses:        53400988    2.30%
L1-Store-Accesses:    2317381778  100.00%

L1-Total-Hits:        9867143980   98.80%
L1-Total-Misses:       119555667    1.20%
L1-Total-Accesses:    9986699647  100.00%

L2 Cache Stats:
L2-Load-Hits:          66153683  100.00%
L2-Load-Misses:             996    0.00%
L2-Load-Accesses:      66154679  100.00%

L2-Store-Hits:          53396207   99.99%
L2-Store-Misses:            4781    0.01%
L2-Store-Accesses:      53400988  100.00%

L2-Total-Hits:         119549890  100.00%
L2-Total-Misses:            5777    0.00%
L2-Total-Accesses:     119555667  100.00%

