--------
Total Statistics
--------
Total Instructions: 27912831115
Total Cycles: 39808225245
IPC: 0.701183

--------
Single level Tlb hierarchy
--------
  Data Tlb:
    Entries:          64
    Page Size(B):   4096
    Associativity:      4

Latencies:    0  100
Tlb-Sets:   16 - LRU - assoc:   4

Tlb Stats:
Tlb-Load-Hits:        7668314976   99.99%
Tlb-Load-Misses:         1002901    0.01%
Tlb-Load-Accesses:    7669317877  100.00%

Tlb-Store-Hits:        2317321188  100.00%
Tlb-Store-Misses:           60590    0.00%
Tlb-Store-Accesses:    2317381778  100.00%

Tlb-Total-Hits:        9985636164   99.99%
Tlb-Total-Misses:         1063491    0.01%
Tlb-Total-Accesses:    9986699655  100.00%



--------
Two level Cache hierarchy
--------
  L1-Data Cache:
    Size(KB):          32
    Block Size(B):     64
    Associativity:      8

  L2-Data Cache:
    Size(KB):        1024
    Block Size(B):    256
    Associativity:      8

Latencies:    1   15  250
L1-Sets:   64 - LRU - assoc:   8
L2-Sets:  512 - LRU - assoc:   8
Store_allocation: Yes
L2_inclusive: Yes
L2_prefetching: No

L1 Cache Stats:
L1-Load-Hits:        7602991112   99.14%
L1-Load-Misses:        66326765    0.86%
L1-Load-Accesses:    7669317877  100.00%

L1-Store-Hits:        2263648418   97.68%
L1-Store-Misses:        53733360    2.32%
L1-Store-Accesses:    2317381778  100.00%

L1-Total-Hits:        9866639530   98.80%
L1-Total-Misses:       120060125    1.20%
L1-Total-Accesses:    9986699655  100.00%

L2 Cache Stats:
L2-Load-Hits:          66325767  100.00%
L2-Load-Misses:             998    0.00%
L2-Load-Accesses:      66326765  100.00%

L2-Store-Hits:          53728584   99.99%
L2-Store-Misses:            4776    0.01%
L2-Store-Accesses:      53733360  100.00%

L2-Total-Hits:         120054351  100.00%
L2-Total-Misses:            5774    0.00%
L2-Total-Accesses:     120060125  100.00%

