--------
Total Statistics
--------
Total Instructions: 27912831090
Total Cycles: 39712723132
IPC: 0.702869

--------
Single level Tlb hierarchy
--------
  Data Tlb:
    Entries:          64
    Page Size(B):   4096
    Associativity:      4

Latencies:    0  100
Tlb-Sets:   16 - LRU - assoc:   4

Tlb Stats:
Tlb-Load-Hits:        7669190036  100.00%
Tlb-Load-Misses:          127833    0.00%
Tlb-Load-Accesses:    7669317869  100.00%

Tlb-Store-Hits:        2317381216  100.00%
Tlb-Store-Misses:             562    0.00%
Tlb-Store-Accesses:    2317381778  100.00%

Tlb-Total-Hits:        9986571252  100.00%
Tlb-Total-Misses:          128395    0.00%
Tlb-Total-Accesses:    9986699647  100.00%



--------
Two level Cache hierarchy
--------
  L1-Data Cache:
    Size(KB):          32
    Block Size(B):     64
    Associativity:      8

  L2-Data Cache:
    Size(KB):        2048
    Block Size(B):    128
    Associativity:     16

Latencies:    1   15  250
L1-Sets:   64 - LRU - assoc:   8
L2-Sets: 1024 - LRU - assoc:  16
Store_allocation: Yes
L2_inclusive: Yes
L2_prefetching: No

L1 Cache Stats:
L1-Load-Hits:        7603127093   99.14%
L1-Load-Misses:        66190776    0.86%
L1-Load-Accesses:    7669317869  100.00%

L1-Store-Hits:        2263740461   97.69%
L1-Store-Misses:        53641317    2.31%
L1-Store-Accesses:    2317381778  100.00%

L1-Total-Hits:        9866867554   98.80%
L1-Total-Misses:       119832093    1.20%
L1-Total-Accesses:    9986699647  100.00%

L2 Cache Stats:
L2-Load-Hits:          66188779  100.00%
L2-Load-Misses:            1997    0.00%
L2-Load-Accesses:      66190776  100.00%

L2-Store-Hits:          53631828   99.98%
L2-Store-Misses:            9489    0.02%
L2-Store-Accesses:      53641317  100.00%

L2-Total-Hits:         119820607   99.99%
L2-Total-Misses:           11486    0.01%
L2-Total-Accesses:     119832093  100.00%

