--------
Total Statistics
--------
Total Instructions: 27912831090
Total Cycles: 39713339087
IPC: 0.702858

--------
Single level Tlb hierarchy
--------
  Data Tlb:
    Entries:          64
    Page Size(B):   4096
    Associativity:      4

Latencies:    0  100
Tlb-Sets:   16 - LRU - assoc:   4

Tlb Stats:
Tlb-Load-Hits:        7669217933  100.00%
Tlb-Load-Misses:           99936    0.00%
Tlb-Load-Accesses:    7669317869  100.00%

Tlb-Store-Hits:        2317308430  100.00%
Tlb-Store-Misses:           73348    0.00%
Tlb-Store-Accesses:    2317381778  100.00%

Tlb-Total-Hits:        9986526363  100.00%
Tlb-Total-Misses:          173284    0.00%
Tlb-Total-Accesses:    9986699647  100.00%



--------
Two level Cache hierarchy
--------
  L1-Data Cache:
    Size(KB):          32
    Block Size(B):     64
    Associativity:      8

  L2-Data Cache:
    Size(KB):         512
    Block Size(B):    128
    Associativity:      8

Latencies:    1   15  250
L1-Sets:   64 - LRU - assoc:   8
L2-Sets:  512 - LRU - assoc:   8
Store_allocation: Yes
L2_inclusive: Yes
L2_prefetching: No

L1 Cache Stats:
L1-Load-Hits:        7603155470   99.14%
L1-Load-Misses:        66162399    0.86%
L1-Load-Accesses:    7669317869  100.00%

L1-Store-Hits:        2263970397   97.70%
L1-Store-Misses:        53411381    2.30%
L1-Store-Accesses:    2317381778  100.00%

L1-Total-Hits:        9867125867   98.80%
L1-Total-Misses:       119573780    1.20%
L1-Total-Accesses:    9986699647  100.00%

L2 Cache Stats:
L2-Load-Hits:          66160398  100.00%
L2-Load-Misses:            2001    0.00%
L2-Load-Accesses:      66162399  100.00%

L2-Store-Hits:          53401889   99.98%
L2-Store-Misses:            9492    0.02%
L2-Store-Accesses:      53411381  100.00%

L2-Total-Hits:         119562287   99.99%
L2-Total-Misses:           11493    0.01%
L2-Total-Accesses:     119573780  100.00%

