--------
Total Statistics
--------
Total Instructions: 27912831090
Total Cycles: 39727318597
IPC: 0.70261

--------
Single level Tlb hierarchy
--------
  Data Tlb:
    Entries:          64
    Page Size(B):   4096
    Associativity:      4

Latencies:    0  100
Tlb-Sets:   16 - LRU - assoc:   4

Tlb Stats:
Tlb-Load-Hits:        7669072216  100.00%
Tlb-Load-Misses:          245653    0.00%
Tlb-Load-Accesses:    7669317869  100.00%

Tlb-Store-Hits:        2317342623  100.00%
Tlb-Store-Misses:           39155    0.00%
Tlb-Store-Accesses:    2317381778  100.00%

Tlb-Total-Hits:        9986414839  100.00%
Tlb-Total-Misses:          284808    0.00%
Tlb-Total-Accesses:    9986699647  100.00%



--------
Two level Cache hierarchy
--------
  L1-Data Cache:
    Size(KB):          32
    Block Size(B):     64
    Associativity:      8

  L2-Data Cache:
    Size(KB):        1024
    Block Size(B):    256
    Associativity:     16

Latencies:    1   15  250
L1-Sets:   64 - LRU - assoc:   8
L2-Sets:  256 - LRU - assoc:  16
Store_allocation: Yes
L2_inclusive: Yes
L2_prefetching: No

L1 Cache Stats:
L1-Load-Hits:        7603066784   99.14%
L1-Load-Misses:        66251085    0.86%
L1-Load-Accesses:    7669317869  100.00%

L1-Store-Hits:        2263775309   97.69%
L1-Store-Misses:        53606469    2.31%
L1-Store-Accesses:    2317381778  100.00%

L1-Total-Hits:        9866842093   98.80%
L1-Total-Misses:       119857554    1.20%
L1-Total-Accesses:    9986699647  100.00%

L2 Cache Stats:
L2-Load-Hits:          66250089  100.00%
L2-Load-Misses:             996    0.00%
L2-Load-Accesses:      66251085  100.00%

L2-Store-Hits:          53601690   99.99%
L2-Store-Misses:            4779    0.01%
L2-Store-Accesses:      53606469  100.00%

L2-Total-Hits:         119851779  100.00%
L2-Total-Misses:            5775    0.00%
L2-Total-Accesses:     119857554  100.00%

