--------
Total Statistics
--------
Total Instructions: 27912831090
Total Cycles: 39711791172
IPC: 0.702885

--------
Single level Tlb hierarchy
--------
  Data Tlb:
    Entries:          64
    Page Size(B):   4096
    Associativity:      4

Latencies:    0  100
Tlb-Sets:   16 - LRU - assoc:   4

Tlb Stats:
Tlb-Load-Hits:        7669234394  100.00%
Tlb-Load-Misses:           83475    0.00%
Tlb-Load-Accesses:    7669317869  100.00%

Tlb-Store-Hits:        2317378773  100.00%
Tlb-Store-Misses:            3005    0.00%
Tlb-Store-Accesses:    2317381778  100.00%

Tlb-Total-Hits:        9986613167  100.00%
Tlb-Total-Misses:           86480    0.00%
Tlb-Total-Accesses:    9986699647  100.00%



--------
Two level Cache hierarchy
--------
  L1-Data Cache:
    Size(KB):          32
    Block Size(B):     64
    Associativity:      8

  L2-Data Cache:
    Size(KB):        1024
    Block Size(B):     64
    Associativity:     16

Latencies:    1   15  250
L1-Sets:   64 - LRU - assoc:   8
L2-Sets: 1024 - LRU - assoc:  16
Store_allocation: Yes
L2_inclusive: Yes
L2_prefetching: No

L1 Cache Stats:
L1-Load-Hits:        7602971047   99.13%
L1-Load-Misses:        66346822    0.87%
L1-Load-Accesses:    7669317869  100.00%

L1-Store-Hits:        2263869421   97.69%
L1-Store-Misses:        53512357    2.31%
L1-Store-Accesses:    2317381778  100.00%

L1-Total-Hits:        9866840468   98.80%
L1-Total-Misses:       119859179    1.20%
L1-Total-Accesses:    9986699647  100.00%

L2 Cache Stats:
L2-Load-Hits:          66343629  100.00%
L2-Load-Misses:            3193    0.00%
L2-Load-Accesses:      66346822  100.00%

L2-Store-Hits:          53492651   99.96%
L2-Store-Misses:           19706    0.04%
L2-Store-Accesses:      53512357  100.00%

L2-Total-Hits:         119836280   99.98%
L2-Total-Misses:           22899    0.02%
L2-Total-Accesses:     119859179  100.00%

