--------
Total Statistics
--------
Total Instructions: 27912831115
Total Cycles: 39694856425
IPC: 0.703185

--------
Single level Tlb hierarchy
--------
  Data Tlb:
    Entries:          64
    Page Size(B):   4096
    Associativity:      4

Latencies:    0  100
Tlb-Sets:   16 - LRU - assoc:   4

Tlb Stats:
Tlb-Load-Hits:        7669316775  100.00%
Tlb-Load-Misses:            1102    0.00%
Tlb-Load-Accesses:    7669317877  100.00%

Tlb-Store-Hits:        2317380715  100.00%
Tlb-Store-Misses:            1063    0.00%
Tlb-Store-Accesses:    2317381778  100.00%

Tlb-Total-Hits:        9986697490  100.00%
Tlb-Total-Misses:            2165    0.00%
Tlb-Total-Accesses:    9986699655  100.00%



--------
Two level Cache hierarchy
--------
  L1-Data Cache:
    Size(KB):          32
    Block Size(B):     64
    Associativity:      8

  L2-Data Cache:
    Size(KB):        1024
    Block Size(B):    128
    Associativity:     16

Latencies:    1   15  250
L1-Sets:   64 - LRU - assoc:   8
L2-Sets:  512 - LRU - assoc:  16
Store_allocation: Yes
L2_inclusive: Yes
L2_prefetching: No

L1 Cache Stats:
L1-Load-Hits:        7603354906   99.14%
L1-Load-Misses:        65962971    0.86%
L1-Load-Accesses:    7669317877  100.00%

L1-Store-Hits:        2263862322   97.69%
L1-Store-Misses:        53519456    2.31%
L1-Store-Accesses:    2317381778  100.00%

L1-Total-Hits:        9867217228   98.80%
L1-Total-Misses:       119482427    1.20%
L1-Total-Accesses:    9986699655  100.00%

L2 Cache Stats:
L2-Load-Hits:          65960969  100.00%
L2-Load-Misses:            2002    0.00%
L2-Load-Accesses:      65962971  100.00%

L2-Store-Hits:          53509967   99.98%
L2-Store-Misses:            9489    0.02%
L2-Store-Accesses:      53519456  100.00%

L2-Total-Hits:         119470936   99.99%
L2-Total-Misses:           11491    0.01%
L2-Total-Accesses:     119482427  100.00%

