--------
Total Statistics
--------
Total Instructions: 27912831115
Total Cycles: 39732725755
IPC: 0.702515

--------
Single level Tlb hierarchy
--------
  Data Tlb:
    Entries:          64
    Page Size(B):   4096
    Associativity:      4

Latencies:    0  100
Tlb-Sets:   16 - LRU - assoc:   4

Tlb Stats:
Tlb-Load-Hits:        7669022889  100.00%
Tlb-Load-Misses:          294988    0.00%
Tlb-Load-Accesses:    7669317877  100.00%

Tlb-Store-Hits:        2317308902  100.00%
Tlb-Store-Misses:           72876    0.00%
Tlb-Store-Accesses:    2317381778  100.00%

Tlb-Total-Hits:        9986331791  100.00%
Tlb-Total-Misses:          367864    0.00%
Tlb-Total-Accesses:    9986699655  100.00%



--------
Two level Cache hierarchy
--------
  L1-Data Cache:
    Size(KB):          32
    Block Size(B):     64
    Associativity:      8

  L2-Data Cache:
    Size(KB):        1024
    Block Size(B):    128
    Associativity:      8

Latencies:    1   15  250
L1-Sets:   64 - LRU - assoc:   8
L2-Sets: 1024 - LRU - assoc:   8
Store_allocation: Yes
L2_inclusive: Yes
L2_prefetching: No

L1 Cache Stats:
L1-Load-Hits:        7603156118   99.14%
L1-Load-Misses:        66161759    0.86%
L1-Load-Accesses:    7669317877  100.00%

L1-Store-Hits:        2263974498   97.70%
L1-Store-Misses:        53407280    2.30%
L1-Store-Accesses:    2317381778  100.00%

L1-Total-Hits:        9867130616   98.80%
L1-Total-Misses:       119569039    1.20%
L1-Total-Accesses:    9986699655  100.00%

L2 Cache Stats:
L2-Load-Hits:          66159759  100.00%
L2-Load-Misses:            2000    0.00%
L2-Load-Accesses:      66161759  100.00%

L2-Store-Hits:          53397788   99.98%
L2-Store-Misses:            9492    0.02%
L2-Store-Accesses:      53407280  100.00%

L2-Total-Hits:         119557547   99.99%
L2-Total-Misses:           11492    0.01%
L2-Total-Accesses:     119569039  100.00%

