--------
Total Statistics
--------
Total Instructions: 27912831090
Total Cycles: 39754974467
IPC: 0.702122

--------
Single level Tlb hierarchy
--------
  Data Tlb:
    Entries:          64
    Page Size(B):   4096
    Associativity:      4

Latencies:    0  100
Tlb-Sets:   16 - LRU - assoc:   4

Tlb Stats:
Tlb-Load-Hits:        7668868172   99.99%
Tlb-Load-Misses:          449697    0.01%
Tlb-Load-Accesses:    7669317869  100.00%

Tlb-Store-Hits:        2317318919  100.00%
Tlb-Store-Misses:           62859    0.00%
Tlb-Store-Accesses:    2317381778  100.00%

Tlb-Total-Hits:        9986187091   99.99%
Tlb-Total-Misses:          512556    0.01%
Tlb-Total-Accesses:    9986699647  100.00%



--------
Two level Cache hierarchy
--------
  L1-Data Cache:
    Size(KB):          32
    Block Size(B):     64
    Associativity:      8

  L2-Data Cache:
    Size(KB):        2048
    Block Size(B):     64
    Associativity:     16

Latencies:    1   15  250
L1-Sets:   64 - LRU - assoc:   8
L2-Sets: 2048 - LRU - assoc:  16
Store_allocation: Yes
L2_inclusive: Yes
L2_prefetching: No

L1 Cache Stats:
L1-Load-Hits:        7603220236   99.14%
L1-Load-Misses:        66097633    0.86%
L1-Load-Accesses:    7669317869  100.00%

L1-Store-Hits:        2263581769   97.68%
L1-Store-Misses:        53800009    2.32%
L1-Store-Accesses:    2317381778  100.00%

L1-Total-Hits:        9866802005   98.80%
L1-Total-Misses:       119897642    1.20%
L1-Total-Accesses:    9986699647  100.00%

L2 Cache Stats:
L2-Load-Hits:          66094448  100.00%
L2-Load-Misses:            3185    0.00%
L2-Load-Accesses:      66097633  100.00%

L2-Store-Hits:          53780300   99.96%
L2-Store-Misses:           19709    0.04%
L2-Store-Accesses:      53800009  100.00%

L2-Total-Hits:         119874748   99.98%
L2-Total-Misses:           22894    0.02%
L2-Total-Accesses:     119897642  100.00%

