                                     | Core 0     | Core 1     | Core 2     | Core 3     | Core 4     | Core 5     | Core 6     | Core 7     | Core 8     | Core 9     | Core 10    | Core 11    | Core 12    | Core 13    | Core 14    | Core 15   
  Instructions                       |   85923795 |   88622188 |   88194652 |   89042212 |   76567137 |   85022837 |   82229929 |   83935499 |   86364768 |   82450993 |   85357492 |   88506721 |   88522180 |   88978993 |   83609675 |   79743759
  Cycles                             |   49589352 |   49589352 |   49589352 |   49589352 |   49589352 |   49589352 |   49589352 |   49589352 |   49589352 |   49589352 |   49589352 |   49589352 |   49589352 |   49589352 |   49589352 |   49589352
  IPC                                |       1.73 |       1.79 |       1.78 |       1.80 |       1.54 |       1.71 |       1.66 |       1.69 |       1.74 |       1.66 |       1.72 |       1.78 |       1.79 |       1.79 |       1.69 |       1.61
  Time (ns)                          |   18642614 |   18642614 |   18642614 |   18642614 |   18642614 |   18642614 |   18642614 |   18642614 |   18642614 |   18642614 |   18642614 |   18642614 |   18642614 |   18642614 |   18642614 |   18642614
  Idle time (ns)                     |     623849 |      86098 |     181576 |       2910 |    2496408 |     828814 |    1369685 |    1034559 |     526401 |    1327702 |     750852 |     122115 |     102353 |      33082 |    1099478 |    1864804
  Idle time (%)                      |       3.3% |       0.5% |       1.0% |       0.0% |      13.4% |       4.4% |       7.3% |       5.5% |       2.8% |       7.1% |       4.0% |       0.7% |       0.5% |       0.2% |       5.9% |      10.0%
Branch predictor stats               |            |            |            |            |            |            |            |            |            |            |            |            |            |            |            |           
  num correct                        |   21244224 |   21918801 |   21811966 |   22023788 |   18905073 |   21018990 |   20320776 |   20747168 |   21354472 |   20376074 |   21102616 |   21889920 |   21893819 |   22008032 |   20665770 |   19699268
  num incorrect                      |       1191 |       1225 |       1167 |       1213 |       1185 |       1190 |       1189 |       1181 |       1190 |       1142 |       1224 |       1228 |       1196 |       1184 |       1121 |       1138
  misprediction rate                 |      0.01% |      0.01% |      0.01% |      0.01% |      0.01% |      0.01% |      0.01% |      0.01% |      0.01% |      0.01% |      0.01% |      0.01% |      0.01% |      0.01% |      0.01% |      0.01%
  mpki                               |       0.01 |       0.01 |       0.01 |       0.01 |       0.02 |       0.01 |       0.01 |       0.01 |       0.01 |       0.01 |       0.01 |       0.01 |       0.01 |       0.01 |       0.01 |       0.01
TLB Summary                          |            |            |            |            |            |            |            |            |            |            |            |            |            |            |            |           
Cache Summary                        |            |            |            |            |            |            |            |            |            |            |            |            |            |            |            |           
  Cache L1-I                         |            |            |            |            |            |            |            |            |            |            |            |            |            |            |            |           
    num cache accesses               |   42493720 |   43842958 |   43629166 |   44052880 |   37815426 |   42043262 |   40646853 |   41499603 |   42714224 |   40757326 |   42210572 |   43785190 |   43792930 |   44021326 |   41336688 |   39403702
    num cache misses                 |         15 |         15 |         16 |         16 |         16 |         16 |         16 |         16 |         16 |         16 |         16 |         16 |         16 |         16 |         16 |         16
    miss rate                        |      0.00% |      0.00% |      0.00% |      0.00% |      0.00% |      0.00% |      0.00% |      0.00% |      0.00% |      0.00% |      0.00% |      0.00% |      0.00% |      0.00% |      0.00% |      0.00%
    mpki                             |       0.00 |       0.00 |       0.00 |       0.00 |       0.00 |       0.00 |       0.00 |       0.00 |       0.00 |       0.00 |       0.00 |       0.00 |       0.00 |       0.00 |       0.00 |       0.00
  Cache L1-D                         |            |            |            |            |            |            |            |            |            |            |            |            |            |            |            |           
    num cache accesses               |   43218904 |   44568114 |   44354336 |   44778083 |   38540581 |   42768429 |   41371990 |   42224769 |   43439394 |   41482505 |   42935754 |   44510369 |   44518100 |   44746505 |   42061849 |   40128887
    num cache misses                 |      25906 |      26876 |      26613 |      26845 |      23145 |      25379 |      24769 |      25073 |      26236 |      24814 |      25632 |      26614 |      26754 |      26672 |      25005 |      23781
    miss rate                        |      0.06% |      0.06% |      0.06% |      0.06% |      0.06% |      0.06% |      0.06% |      0.06% |      0.06% |      0.06% |      0.06% |      0.06% |      0.06% |      0.06% |      0.06% |      0.06%
    mpki                             |       0.30 |       0.30 |       0.30 |       0.30 |       0.30 |       0.30 |       0.30 |       0.30 |       0.30 |       0.30 |       0.30 |       0.30 |       0.30 |       0.30 |       0.30 |       0.30
  Cache L2                           |            |            |            |            |            |            |            |            |            |            |            |            |            |            |            |           
    num cache accesses               |      27181 |      27978 |      27691 |      27896 |      24241 |      26457 |      25877 |      26175 |      27496 |      25878 |      26714 |      27690 |      27828 |      27732 |      26096 |      24895
    num cache misses                 |      25921 |      26891 |      26629 |      26861 |      23161 |      25395 |      24785 |      25089 |      26252 |      24830 |      25648 |      26630 |      26771 |      26689 |      25021 |      23797
    miss rate                        |     95.36% |     96.11% |     96.16% |     96.29% |     95.54% |     95.99% |     95.78% |     95.85% |     95.48% |     95.95% |     96.01% |     96.17% |     96.20% |     96.24% |     95.88% |     95.59%
    mpki                             |       0.30 |       0.30 |       0.30 |       0.30 |       0.30 |       0.30 |       0.30 |       0.30 |       0.30 |       0.30 |       0.30 |       0.30 |       0.30 |       0.30 |       0.30 |       0.30
  Cache L3                           |            |            |            |            |            |            |            |            |            |            |            |            |            |            |            |           
    num cache accesses               |      27181 |      27978 |      27691 |      27896 |      24241 |      26457 |      25877 |      26175 |      27496 |      25878 |      26714 |      27690 |      27828 |      27732 |      26096 |      24895
    num cache misses                 |      13508 |      14306 |      13882 |      14017 |      11345 |      12529 |      12202 |      12810 |      14013 |      12879 |      12962 |      13752 |      13915 |      13679 |      12344 |      11892
    miss rate                        |     49.70% |     51.13% |     50.13% |     50.25% |     46.80% |     47.36% |     47.15% |     48.94% |     50.96% |     49.77% |     48.52% |     49.66% |     50.00% |     49.33% |     47.30% |     47.77%
    mpki                             |       0.16 |       0.16 |       0.16 |       0.16 |       0.15 |       0.15 |       0.15 |       0.15 |       0.16 |       0.16 |       0.15 |       0.16 |       0.16 |       0.15 |       0.15 |       0.15
DRAM summary                         |            |            |            |            |            |            |            |            |            |            |            |            |            |            |            |           
  num dram accesses                  |         87 |          0 |          0 |          0 |          0 |          0 |          0 |          0 |          0 |          0 |          0 |          0 |          0 |          0 |          0 |          0
  average dram access latency (ns)   |     218.16 |        inf |        inf |        inf |        inf |        inf |        inf |        inf |        inf |        inf |        inf |        inf |        inf |        inf |        inf |        inf
  average dram queueing delay        |     164.73 |       0.00 |       0.00 |       0.00 |       0.00 |       0.00 |       0.00 |       0.00 |       0.00 |       0.00 |       0.00 |       0.00 |       0.00 |       0.00 |       0.00 |       0.00
  average dram bandwidth utilization |      0.00% |      0.00% |      0.00% |      0.00% |      0.00% |      0.00% |      0.00% |      0.00% |      0.00% |      0.00% |      0.00% |      0.00% |      0.00% |      0.00% |      0.00% |      0.00%
Coherency Traffic                    |            |            |            |            |            |            |            |            |            |            |            |            |            |            |            |           
  num loads from dram                |          2 |          3 |          5 |          5 |          4 |          3 |          6 |          4 |          3 |          3 |          3 |          3 |          3 |          3 |          3 |          3
  num loads from dram cache          |          0 |          0 |          0 |          0 |          0 |          0 |          0 |          0 |          0 |          0 |          0 |          0 |          0 |          0 |          0 |          0
  num loads from remote cache        |       7646 |       8084 |       7855 |       8091 |       6619 |       7333 |       7107 |       7326 |       7899 |       7202 |       7320 |       7888 |       8036 |       8046 |       7274 |       6893
