                                     | Core 0     | Core 1     | Core 2     | Core 3     | Core 4     | Core 5     | Core 6     | Core 7     | Core 8     | Core 9     | Core 10    | Core 11    | Core 12    | Core 13    | Core 14    | Core 15   
  Instructions                       |     124350 |      94523 |     122740 |     127748 |     111544 |     114789 |     121574 |     125937 |     131790 |     128247 |     113479 |     119180 |     118514 |     116288 |      86002 |     121586
  Cycles                             |    1190120 |    1190120 |    1190120 |    1190120 |    1190120 |    1190120 |    1190120 |    1190120 |    1190120 |    1190120 |    1190120 |    1190120 |    1190120 |    1190120 |    1190120 |    1190120
  IPC                                |       0.10 |       0.08 |       0.10 |       0.11 |       0.09 |       0.10 |       0.10 |       0.11 |       0.11 |       0.11 |       0.10 |       0.10 |       0.10 |       0.10 |       0.07 |       0.10
  Time (ns)                          |     447414 |     447414 |     447414 |     447414 |     447414 |     447414 |     447414 |     447414 |     447414 |     447414 |     447414 |     447414 |     447414 |     447414 |     447414 |     447414
  Idle time (ns)                     |      22975 |     209248 |      25270 |       6391 |      88928 |      70211 |      29563 |      15429 |       3060 |       3391 |      80940 |      42232 |      52886 |      65540 |     280242 |      47586
  Idle time (%)                      |       5.1% |      46.8% |       5.6% |       1.4% |      19.9% |      15.7% |       6.6% |       3.4% |       0.7% |       0.8% |      18.1% |       9.4% |      11.8% |      14.6% |      62.6% |      10.6%
Branch predictor stats               |            |            |            |            |            |            |            |            |            |            |            |            |            |            |            |           
  num correct                        |      13400 |       8488 |      13156 |      13947 |      11254 |      11805 |      12923 |      13658 |      14561 |      14024 |      11543 |      12523 |      12415 |      12114 |       7118 |      12967
  num incorrect                      |        165 |        105 |        142 |        186 |        169 |        168 |        181 |        173 |        245 |        192 |        212 |        185 |        179 |        109 |         54 |        139
  misprediction rate                 |      1.22% |      1.22% |      1.07% |      1.32% |      1.48% |      1.40% |      1.38% |      1.25% |      1.65% |      1.35% |      1.80% |      1.46% |      1.42% |      0.89% |      0.75% |      1.06%
  mpki                               |       1.33 |       1.11 |       1.16 |       1.46 |       1.52 |       1.46 |       1.49 |       1.37 |       1.86 |       1.50 |       1.87 |       1.55 |       1.51 |       0.94 |       0.63 |       1.14
TLB Summary                          |            |            |            |            |            |            |            |            |            |            |            |            |            |            |            |           
Cache Summary                        |            |            |            |            |            |            |            |            |            |            |            |            |            |            |            |           
  Cache L1-I                         |            |            |            |            |            |            |            |            |            |            |            |            |            |            |            |           
    num cache accesses               |      33120 |      23180 |      32590 |      34260 |      28841 |      29940 |      32202 |      33656 |      35605 |      34426 |      29506 |      31410 |      31182 |      30441 |      20338 |      32206
    num cache misses                 |         16 |         17 |         17 |         17 |         17 |         17 |         17 |         17 |         16 |         17 |         17 |         17 |         17 |         17 |         16 |         17
    miss rate                        |      0.05% |      0.07% |      0.05% |      0.05% |      0.06% |      0.06% |      0.05% |      0.05% |      0.04% |      0.05% |      0.06% |      0.05% |      0.05% |      0.06% |      0.08% |      0.05%
    mpki                             |       0.13 |       0.18 |       0.14 |       0.13 |       0.15 |       0.15 |       0.14 |       0.13 |       0.12 |       0.13 |       0.15 |       0.14 |       0.14 |       0.15 |       0.19 |       0.14
  Cache L1-D                         |            |            |            |            |            |            |            |            |            |            |            |            |            |            |            |           
    num cache accesses               |      71705 |      56788 |      70905 |      73408 |      65285 |      66928 |      70321 |      72502 |      75433 |      73657 |      66277 |      69131 |      68791 |      67683 |      52523 |      70327
    num cache misses                 |      13805 |       6857 |      11346 |      12146 |       9889 |      10570 |      11582 |      11720 |      13940 |      11426 |       9854 |      10858 |      10865 |      10333 |       5259 |      11012
    miss rate                        |     19.25% |     12.07% |     16.00% |     16.55% |     15.15% |     15.79% |     16.47% |     16.17% |     18.48% |     15.51% |     14.87% |     15.71% |     15.79% |     15.27% |     10.01% |     15.66%
    mpki                             |     111.02 |      72.54 |      92.44 |      95.08 |      88.66 |      92.08 |      95.27 |      93.06 |     105.77 |      89.09 |      86.84 |      91.11 |      91.68 |      88.86 |      61.15 |      90.57
  Cache L2                           |            |            |            |            |            |            |            |            |            |            |            |            |            |            |            |           
    num cache accesses               |      14253 |       7116 |      11704 |      12625 |      10246 |      10934 |      11928 |      12060 |      14445 |      11844 |      10144 |      11257 |      11208 |      10616 |       5550 |      11400
    num cache misses                 |      13825 |       6877 |      11366 |      12169 |       9910 |      10596 |      11610 |      11740 |      13960 |      11446 |       9876 |      10884 |      10889 |      10354 |       5277 |      11042
    miss rate                        |     97.00% |     96.64% |     97.11% |     96.39% |     96.72% |     96.91% |     97.33% |     97.35% |     96.64% |     96.64% |     97.36% |     96.69% |     97.15% |     97.53% |     95.08% |     96.86%
    mpki                             |     111.18 |      72.75 |      92.60 |      95.26 |      88.84 |      92.31 |      95.50 |      93.22 |     105.93 |      89.25 |      87.03 |      91.32 |      91.88 |      89.04 |      61.36 |      90.82
  Cache L3                           |            |            |            |            |            |            |            |            |            |            |            |            |            |            |            |           
    num cache accesses               |      14253 |       7116 |      11704 |      12625 |      10246 |      10934 |      11928 |      12060 |      14445 |      11844 |      10144 |      11257 |      11208 |      10616 |       5550 |      11400
    num cache misses                 |       5434 |       3935 |       6183 |       6643 |       5502 |       5648 |       6197 |       6317 |       6050 |       6563 |       5609 |       6151 |       6066 |       5713 |       3272 |       6288
    miss rate                        |     38.13% |     55.30% |     52.83% |     52.62% |     53.70% |     51.66% |     51.95% |     52.38% |     41.88% |     55.41% |     55.29% |     54.64% |     54.12% |     53.81% |     58.95% |     55.16%
    mpki                             |      43.70 |      41.63 |      50.37 |      52.00 |      49.33 |      49.20 |      50.97 |      50.16 |      45.91 |      51.17 |      49.43 |      51.61 |      51.18 |      49.13 |      38.05 |      51.72
DRAM summary                         |            |            |            |            |            |            |            |            |            |            |            |            |            |            |            |           
  num dram accesses                  |         88 |          0 |          0 |          0 |          0 |          0 |          0 |          0 |          0 |          0 |          0 |          0 |          0 |          0 |          0 |          0
  average dram access latency (ns)   |     227.45 |        inf |        inf |        inf |        inf |        inf |        inf |        inf |        inf |        inf |        inf |        inf |        inf |        inf |        inf |        inf
  average dram queueing delay        |     174.02 |       0.00 |       0.00 |       0.00 |       0.00 |       0.00 |       0.00 |       0.00 |       0.00 |       0.00 |       0.00 |       0.00 |       0.00 |       0.00 |       0.00 |       0.00
  average dram bandwidth utilization |      0.00% |      0.00% |      0.00% |      0.00% |      0.00% |      0.00% |      0.00% |      0.00% |      0.00% |      0.00% |      0.00% |      0.00% |      0.00% |      0.00% |      0.00% |      0.00%
Coherency Traffic                    |            |            |            |            |            |            |            |            |            |            |            |            |            |            |            |           
  num loads from dram                |          3 |          4 |          4 |          5 |          3 |          4 |          4 |          3 |          3 |          4 |          3 |          3 |          4 |          3 |          3 |          5
  num loads from dram cache          |          0 |          0 |          0 |          0 |          0 |          0 |          0 |          0 |          0 |          0 |          0 |          0 |          0 |          0 |          0 |          0
  num loads from remote cache        |       2991 |       2263 |       3940 |       4140 |       3571 |       3616 |       4043 |       4058 |       3240 |       3844 |       3338 |       3834 |       3731 |       3610 |       1871 |       3882
