--------
Total Statistics
--------
Total Instructions: 2172105006
Total Cycles: 6561786248
IPC: 0.331023

--------
Single level Tlb hierarchy
--------
  Data Tlb:
    Entries:          64
    Page Size(B):   4096
    Associativity:      4

Latencies:    0  100
Tlb-Sets:   16 - LRU - assoc:   4

Tlb Stats:
Tlb-Load-Hits:         567190410   94.21%
Tlb-Load-Misses:        34832626    5.79%
Tlb-Load-Accesses:     602023036  100.00%

Tlb-Store-Hits:         130400705   99.68%
Tlb-Store-Misses:          421401    0.32%
Tlb-Store-Accesses:     130822106  100.00%

Tlb-Total-Hits:         697591115   95.19%
Tlb-Total-Misses:        35254027    4.81%
Tlb-Total-Accesses:     732845142  100.00%



--------
Two level Cache hierarchy
--------
  L1-Data Cache:
    Size(KB):          32
    Block Size(B):     64
    Associativity:      8

  L2-Data Cache:
    Size(KB):        1024
    Block Size(B):    128
    Associativity:      8

Latencies:    1   15  250
L1-Sets:   64 - LRU - assoc:   8
L2-Sets: 1024 - LRU - assoc:   8
Store_allocation: Yes
L2_inclusive: Yes
L2_prefetching: Yes (  4)

L1 Cache Stats:
L1-Load-Hits:         598470324   99.41%
L1-Load-Misses:         3552712    0.59%
L1-Load-Accesses:     602023036  100.00%

L1-Store-Hits:         130393258   99.67%
L1-Store-Misses:          428848    0.33%
L1-Store-Accesses:     130822106  100.00%

L1-Total-Hits:         728863582   99.46%
L1-Total-Misses:         3981560    0.54%
L1-Total-Accesses:     732845142  100.00%

L2 Cache Stats:
L2-Load-Hits:           3306875   93.08%
L2-Load-Misses:          245837    6.92%
L2-Load-Accesses:       3552712  100.00%

L2-Store-Hits:            387845   90.44%
L2-Store-Misses:           41003    9.56%
L2-Store-Accesses:        428848  100.00%

L2-Total-Hits:           3694720   92.80%
L2-Total-Misses:          286840    7.20%
L2-Total-Accesses:       3981560  100.00%

