--------
Total Statistics
--------
Total Instructions: 2172104981
Total Cycles: 6517996175
IPC: 0.333247

--------
Single level Tlb hierarchy
--------
  Data Tlb:
    Entries:          64
    Page Size(B):   4096
    Associativity:      4

Latencies:    0  100
Tlb-Sets:   16 - LRU - assoc:   4

Tlb Stats:
Tlb-Load-Hits:         567190403   94.21%
Tlb-Load-Misses:        34832625    5.79%
Tlb-Load-Accesses:     602023028  100.00%

Tlb-Store-Hits:         130400705   99.68%
Tlb-Store-Misses:          421401    0.32%
Tlb-Store-Accesses:     130822106  100.00%

Tlb-Total-Hits:         697591108   95.19%
Tlb-Total-Misses:        35254026    4.81%
Tlb-Total-Accesses:     732845134  100.00%



--------
Two level Cache hierarchy
--------
  L1-Data Cache:
    Size(KB):          32
    Block Size(B):     64
    Associativity:      8

  L2-Data Cache:
    Size(KB):        1024
    Block Size(B):    128
    Associativity:      8

Latencies:    1   15  250
L1-Sets:   64 - LRU - assoc:   8
L2-Sets: 1024 - LRU - assoc:   8
Store_allocation: Yes
L2_inclusive: Yes
L2_prefetching: Yes (  8)

L1 Cache Stats:
L1-Load-Hits:         599247887   99.54%
L1-Load-Misses:         2775141    0.46%
L1-Load-Accesses:     602023028  100.00%

L1-Store-Hits:         130411683   99.69%
L1-Store-Misses:          410423    0.31%
L1-Store-Accesses:     130822106  100.00%

L1-Total-Hits:         729659570   99.57%
L1-Total-Misses:         3185564    0.43%
L1-Total-Accesses:     732845134  100.00%

L2 Cache Stats:
L2-Load-Hits:           2638506   95.08%
L2-Load-Misses:          136635    4.92%
L2-Load-Accesses:       2775141  100.00%

L2-Store-Hits:            387618   94.44%
L2-Store-Misses:           22805    5.56%
L2-Store-Accesses:        410423  100.00%

L2-Total-Hits:           3026124   94.99%
L2-Total-Misses:          159440    5.01%
L2-Total-Accesses:       3185564  100.00%

