--------
Total Statistics
--------
Total Instructions: 2172105006
Total Cycles: 6606340288
IPC: 0.328791

--------
Single level Tlb hierarchy
--------
  Data Tlb:
    Entries:          64
    Page Size(B):   4096
    Associativity:      4

Latencies:    0  100
Tlb-Sets:   16 - LRU - assoc:   4

Tlb Stats:
Tlb-Load-Hits:         567190411   94.21%
Tlb-Load-Misses:        34832625    5.79%
Tlb-Load-Accesses:     602023036  100.00%

Tlb-Store-Hits:         130400705   99.68%
Tlb-Store-Misses:          421401    0.32%
Tlb-Store-Accesses:     130822106  100.00%

Tlb-Total-Hits:         697591116   95.19%
Tlb-Total-Misses:        35254026    4.81%
Tlb-Total-Accesses:     732845142  100.00%



--------
Two level Cache hierarchy
--------
  L1-Data Cache:
    Size(KB):          32
    Block Size(B):     64
    Associativity:      8

  L2-Data Cache:
    Size(KB):        1024
    Block Size(B):    128
    Associativity:      8

Latencies:    1   15  250
L1-Sets:   64 - LRU - assoc:   8
L2-Sets: 1024 - LRU - assoc:   8
Store_allocation: Yes
L2_inclusive: Yes
L2_prefetching: Yes (  2)

L1 Cache Stats:
L1-Load-Hits:         598700364   99.45%
L1-Load-Misses:         3322672    0.55%
L1-Load-Accesses:     602023036  100.00%

L1-Store-Hits:         130361392   99.65%
L1-Store-Misses:          460714    0.35%
L1-Store-Accesses:     130822106  100.00%

L1-Total-Hits:         729061756   99.48%
L1-Total-Misses:         3783386    0.52%
L1-Total-Accesses:     732845142  100.00%

L2 Cache Stats:
L2-Load-Hits:           2913035   87.67%
L2-Load-Misses:          409637   12.33%
L2-Load-Accesses:       3322672  100.00%

L2-Store-Hits:            393404   85.39%
L2-Store-Misses:           67310   14.61%
L2-Store-Accesses:        460714  100.00%

L2-Total-Hits:           3306439   87.39%
L2-Total-Misses:          476947   12.61%
L2-Total-Accesses:       3783386  100.00%

