--------
Total Statistics
--------
Total Instructions: 2172104981
Total Cycles: 6486143890
IPC: 0.334884

--------
Single level Tlb hierarchy
--------
  Data Tlb:
    Entries:          64
    Page Size(B):   4096
    Associativity:      4

Latencies:    0  100
Tlb-Sets:   16 - LRU - assoc:   4

Tlb Stats:
Tlb-Load-Hits:         567190403   94.21%
Tlb-Load-Misses:        34832625    5.79%
Tlb-Load-Accesses:     602023028  100.00%

Tlb-Store-Hits:         130400805   99.68%
Tlb-Store-Misses:          421301    0.32%
Tlb-Store-Accesses:     130822106  100.00%

Tlb-Total-Hits:         697591208   95.19%
Tlb-Total-Misses:        35253926    4.81%
Tlb-Total-Accesses:     732845134  100.00%



--------
Two level Cache hierarchy
--------
  L1-Data Cache:
    Size(KB):          32
    Block Size(B):     64
    Associativity:      8

  L2-Data Cache:
    Size(KB):        1024
    Block Size(B):    128
    Associativity:      8

Latencies:    1   15  250
L1-Sets:   64 - LRU - assoc:   8
L2-Sets: 1024 - LRU - assoc:   8
Store_allocation: Yes
L2_inclusive: Yes
L2_prefetching: Yes ( 32)

L1 Cache Stats:
L1-Load-Hits:         599450885   99.57%
L1-Load-Misses:         2572143    0.43%
L1-Load-Accesses:     602023028  100.00%

L1-Store-Hits:         130404854   99.68%
L1-Store-Misses:          417252    0.32%
L1-Store-Accesses:     130822106  100.00%

L1-Total-Hits:         729855739   99.59%
L1-Total-Misses:         2989395    0.41%
L1-Total-Accesses:     732845134  100.00%

L2 Cache Stats:
L2-Load-Hits:           2534606   98.54%
L2-Load-Misses:           37537    1.46%
L2-Load-Accesses:       2572143  100.00%

L2-Store-Hits:            410948   98.49%
L2-Store-Misses:            6304    1.51%
L2-Store-Accesses:        417252  100.00%

L2-Total-Hits:           2945554   98.53%
L2-Total-Misses:           43841    1.47%
L2-Total-Accesses:       2989395  100.00%

