--------
Total Statistics
--------
Total Instructions: 2172105006
Total Cycles: 6495230953
IPC: 0.334415

--------
Single level Tlb hierarchy
--------
  Data Tlb:
    Entries:          64
    Page Size(B):   4096
    Associativity:      4

Latencies:    0  100
Tlb-Sets:   16 - LRU - assoc:   4

Tlb Stats:
Tlb-Load-Hits:         567190208   94.21%
Tlb-Load-Misses:        34832828    5.79%
Tlb-Load-Accesses:     602023036  100.00%

Tlb-Store-Hits:         130400705   99.68%
Tlb-Store-Misses:          421401    0.32%
Tlb-Store-Accesses:     130822106  100.00%

Tlb-Total-Hits:         697590913   95.19%
Tlb-Total-Misses:        35254229    4.81%
Tlb-Total-Accesses:     732845142  100.00%



--------
Two level Cache hierarchy
--------
  L1-Data Cache:
    Size(KB):          32
    Block Size(B):     64
    Associativity:      8

  L2-Data Cache:
    Size(KB):        1024
    Block Size(B):    128
    Associativity:      8

Latencies:    1   15  250
L1-Sets:   64 - LRU - assoc:   8
L2-Sets: 1024 - LRU - assoc:   8
Store_allocation: Yes
L2_inclusive: Yes
L2_prefetching: Yes ( 16)

L1 Cache Stats:
L1-Load-Hits:         599497560   99.58%
L1-Load-Misses:         2525476    0.42%
L1-Load-Accesses:     602023036  100.00%

L1-Store-Hits:         130432705   99.70%
L1-Store-Misses:          389401    0.30%
L1-Store-Accesses:     130822106  100.00%

L1-Total-Hits:         729930265   99.60%
L1-Total-Misses:         2914877    0.40%
L1-Total-Accesses:     732845142  100.00%

L2 Cache Stats:
L2-Load-Hits:           2453040   97.13%
L2-Load-Misses:           72436    2.87%
L2-Load-Accesses:       2525476  100.00%

L2-Store-Hits:            377298   96.89%
L2-Store-Misses:           12103    3.11%
L2-Store-Accesses:        389401  100.00%

L2-Total-Hits:           2830338   97.10%
L2-Total-Misses:           84539    2.90%
L2-Total-Accesses:       2914877  100.00%

