--------
Total Statistics
--------
Total Instructions: 2172105006
Total Cycles: 6664070898
IPC: 0.325943

--------
Single level Tlb hierarchy
--------
  Data Tlb:
    Entries:          64
    Page Size(B):   4096
    Associativity:      4

Latencies:    0  100
Tlb-Sets:   16 - LRU - assoc:   4

Tlb Stats:
Tlb-Load-Hits:         567190411   94.21%
Tlb-Load-Misses:        34832625    5.79%
Tlb-Load-Accesses:     602023036  100.00%

Tlb-Store-Hits:         130400705   99.68%
Tlb-Store-Misses:          421401    0.32%
Tlb-Store-Accesses:     130822106  100.00%

Tlb-Total-Hits:         697591116   95.19%
Tlb-Total-Misses:        35254026    4.81%
Tlb-Total-Accesses:     732845142  100.00%



--------
Two level Cache hierarchy
--------
  L1-Data Cache:
    Size(KB):          32
    Block Size(B):     64
    Associativity:      8

  L2-Data Cache:
    Size(KB):        1024
    Block Size(B):    128
    Associativity:      8

Latencies:    1   15  250
L1-Sets:   64 - LRU - assoc:   8
L2-Sets: 1024 - LRU - assoc:   8
Store_allocation: Yes
L2_inclusive: Yes
L2_prefetching: Yes (  1)

L1 Cache Stats:
L1-Load-Hits:         598902446   99.48%
L1-Load-Misses:         3120590    0.52%
L1-Load-Accesses:     602023036  100.00%

L1-Store-Hits:         130310486   99.61%
L1-Store-Misses:          511620    0.39%
L1-Store-Accesses:     130822106  100.00%

L1-Total-Hits:         729212932   99.50%
L1-Total-Misses:         3632210    0.50%
L1-Total-Accesses:     732845142  100.00%

L2 Cache Stats:
L2-Load-Hits:           2506154   80.31%
L2-Load-Misses:          614436   19.69%
L2-Load-Accesses:       3120590  100.00%

L2-Store-Hits:            409116   79.96%
L2-Store-Misses:          102504   20.04%
L2-Store-Accesses:        511620  100.00%

L2-Total-Hits:           2915270   80.26%
L2-Total-Misses:          716940   19.74%
L2-Total-Accesses:       3632210  100.00%

