--------
Total Statistics
--------
Total Instructions: 11731092694
Total Cycles: 17731241520
IPC: 0.661606

--------
Single level Tlb hierarchy
--------
  Data Tlb:
    Entries:          64
    Page Size(B):   4096
    Associativity:      4

Latencies:    0  100
Tlb-Sets:   16 - LRU - assoc:   4

Tlb Stats:
Tlb-Load-Hits:        2185707414   99.38%
Tlb-Load-Misses:        13738380    0.62%
Tlb-Load-Accesses:    2199445794  100.00%

Tlb-Store-Hits:         515849744   99.95%
Tlb-Store-Misses:          260863    0.05%
Tlb-Store-Accesses:     516110607  100.00%

Tlb-Total-Hits:        2701557158   99.48%
Tlb-Total-Misses:        13999243    0.52%
Tlb-Total-Accesses:    2715556401  100.00%



--------
Two level Cache hierarchy
--------
  L1-Data Cache:
    Size(KB):          32
    Block Size(B):     64
    Associativity:      8

  L2-Data Cache:
    Size(KB):        1024
    Block Size(B):    128
    Associativity:      8

Latencies:    1   15  250
L1-Sets:   64 - LRU - assoc:   8
L2-Sets: 1024 - LRU - assoc:   8
Store_allocation: Yes
L2_inclusive: Yes
L2_prefetching: Yes (  2)

L1 Cache Stats:
L1-Load-Hits:        2087499578   94.91%
L1-Load-Misses:       111946216    5.09%
L1-Load-Accesses:    2199445794  100.00%

L1-Store-Hits:         510345448   98.88%
L1-Store-Misses:         5765159    1.12%
L1-Store-Accesses:     516110607  100.00%

L1-Total-Hits:        2597845026   95.67%
L1-Total-Misses:       117711375    4.33%
L1-Total-Accesses:    2715556401  100.00%

L2 Cache Stats:
L2-Load-Hits:         111686268   99.77%
L2-Load-Misses:          259948    0.23%
L2-Load-Accesses:     111946216  100.00%

L2-Store-Hits:           5549117   96.25%
L2-Store-Misses:          216042    3.75%
L2-Store-Accesses:       5765159  100.00%

L2-Total-Hits:         117235385   99.60%
L2-Total-Misses:          475990    0.40%
L2-Total-Accesses:     117711375  100.00%

