--------
Total Statistics
--------
Total Instructions: 11731092669
Total Cycles: 17608789952
IPC: 0.666207

--------
Single level Tlb hierarchy
--------
  Data Tlb:
    Entries:          64
    Page Size(B):   4096
    Associativity:      4

Latencies:    0  100
Tlb-Sets:   16 - LRU - assoc:   4

Tlb Stats:
Tlb-Load-Hits:        2185848661   99.38%
Tlb-Load-Misses:        13597125    0.62%
Tlb-Load-Accesses:    2199445786  100.00%

Tlb-Store-Hits:         515929828   99.96%
Tlb-Store-Misses:          180779    0.04%
Tlb-Store-Accesses:     516110607  100.00%

Tlb-Total-Hits:        2701778489   99.49%
Tlb-Total-Misses:        13777904    0.51%
Tlb-Total-Accesses:    2715556393  100.00%



--------
Two level Cache hierarchy
--------
  L1-Data Cache:
    Size(KB):          32
    Block Size(B):     64
    Associativity:      8

  L2-Data Cache:
    Size(KB):        1024
    Block Size(B):    128
    Associativity:      8

Latencies:    1   15  250
L1-Sets:   64 - LRU - assoc:   8
L2-Sets: 1024 - LRU - assoc:   8
Store_allocation: Yes
L2_inclusive: Yes
L2_prefetching: Yes ( 32)

L1 Cache Stats:
L1-Load-Hits:        2087712766   94.92%
L1-Load-Misses:       111733020    5.08%
L1-Load-Accesses:    2199445786  100.00%

L1-Store-Hits:         510372011   98.89%
L1-Store-Misses:         5738596    1.11%
L1-Store-Accesses:     516110607  100.00%

L1-Total-Hits:        2598084777   95.67%
L1-Total-Misses:       117471616    4.33%
L1-Total-Accesses:    2715556393  100.00%

L2 Cache Stats:
L2-Load-Hits:         111691441   99.96%
L2-Load-Misses:           41579    0.04%
L2-Load-Accesses:     111733020  100.00%

L2-Store-Hits:           5691070   99.17%
L2-Store-Misses:           47526    0.83%
L2-Store-Accesses:       5738596  100.00%

L2-Total-Hits:         117382511   99.92%
L2-Total-Misses:           89105    0.08%
L2-Total-Accesses:     117471616  100.00%

