--------
Total Statistics
--------
Total Instructions: 11731092669
Total Cycles: 17760136687
IPC: 0.660529

--------
Single level Tlb hierarchy
--------
  Data Tlb:
    Entries:          64
    Page Size(B):   4096
    Associativity:      4

Latencies:    0  100
Tlb-Sets:   16 - LRU - assoc:   4

Tlb Stats:
Tlb-Load-Hits:        2185740294   99.38%
Tlb-Load-Misses:        13705492    0.62%
Tlb-Load-Accesses:    2199445786  100.00%

Tlb-Store-Hits:         515930122   99.97%
Tlb-Store-Misses:          180485    0.03%
Tlb-Store-Accesses:     516110607  100.00%

Tlb-Total-Hits:        2701670416   99.49%
Tlb-Total-Misses:        13885977    0.51%
Tlb-Total-Accesses:    2715556393  100.00%



--------
Two level Cache hierarchy
--------
  L1-Data Cache:
    Size(KB):          32
    Block Size(B):     64
    Associativity:      8

  L2-Data Cache:
    Size(KB):        1024
    Block Size(B):    128
    Associativity:      8

Latencies:    1   15  250
L1-Sets:   64 - LRU - assoc:   8
L2-Sets: 1024 - LRU - assoc:   8
Store_allocation: Yes
L2_inclusive: Yes
L2_prefetching: Yes (  1)

L1 Cache Stats:
L1-Load-Hits:        2087491817   94.91%
L1-Load-Misses:       111953969    5.09%
L1-Load-Accesses:    2199445786  100.00%

L1-Store-Hits:         510236031   98.86%
L1-Store-Misses:         5874576    1.14%
L1-Store-Accesses:     516110607  100.00%

L1-Total-Hits:        2597727848   95.66%
L1-Total-Misses:       117828545    4.34%
L1-Total-Accesses:    2715556393  100.00%

L2 Cache Stats:
L2-Load-Hits:         111603536   99.69%
L2-Load-Misses:          350433    0.31%
L2-Load-Accesses:     111953969  100.00%

L2-Store-Hits:           5595162   95.24%
L2-Store-Misses:          279414    4.76%
L2-Store-Accesses:       5874576  100.00%

L2-Total-Hits:         117198698   99.47%
L2-Total-Misses:          629847    0.53%
L2-Total-Accesses:     117828545  100.00%

