--------
Total Statistics
--------
Total Instructions: 11731092694
Total Cycles: 17619971195
IPC: 0.665784

--------
Single level Tlb hierarchy
--------
  Data Tlb:
    Entries:          64
    Page Size(B):   4096
    Associativity:      4

Latencies:    0  100
Tlb-Sets:   16 - LRU - assoc:   4

Tlb Stats:
Tlb-Load-Hits:        2185842443   99.38%
Tlb-Load-Misses:        13603351    0.62%
Tlb-Load-Accesses:    2199445794  100.00%

Tlb-Store-Hits:         515930171   99.97%
Tlb-Store-Misses:          180436    0.03%
Tlb-Store-Accesses:     516110607  100.00%

Tlb-Total-Hits:        2701772614   99.49%
Tlb-Total-Misses:        13783787    0.51%
Tlb-Total-Accesses:    2715556401  100.00%



--------
Two level Cache hierarchy
--------
  L1-Data Cache:
    Size(KB):          32
    Block Size(B):     64
    Associativity:      8

  L2-Data Cache:
    Size(KB):        1024
    Block Size(B):    128
    Associativity:      8

Latencies:    1   15  250
L1-Sets:   64 - LRU - assoc:   8
L2-Sets: 1024 - LRU - assoc:   8
Store_allocation: Yes
L2_inclusive: Yes
L2_prefetching: Yes ( 16)

L1 Cache Stats:
L1-Load-Hits:        2087850049   94.93%
L1-Load-Misses:       111595745    5.07%
L1-Load-Accesses:    2199445794  100.00%

L1-Store-Hits:         510433492   98.90%
L1-Store-Misses:         5677115    1.10%
L1-Store-Accesses:     516110607  100.00%

L1-Total-Hits:        2598283541   95.68%
L1-Total-Misses:       117272860    4.32%
L1-Total-Accesses:    2715556401  100.00%

L2 Cache Stats:
L2-Load-Hits:         111525644   99.94%
L2-Load-Misses:           70101    0.06%
L2-Load-Accesses:     111595745  100.00%

L2-Store-Hits:           5603814   98.71%
L2-Store-Misses:           73301    1.29%
L2-Store-Accesses:       5677115  100.00%

L2-Total-Hits:         117129458   99.88%
L2-Total-Misses:          143402    0.12%
L2-Total-Accesses:     117272860  100.00%

