--------
Total Statistics
--------
Total Instructions: 11731092669
Total Cycles: 17663291752
IPC: 0.664151

--------
Single level Tlb hierarchy
--------
  Data Tlb:
    Entries:          64
    Page Size(B):   4096
    Associativity:      4

Latencies:    0  100
Tlb-Sets:   16 - LRU - assoc:   4

Tlb Stats:
Tlb-Load-Hits:        2185855387   99.38%
Tlb-Load-Misses:        13590399    0.62%
Tlb-Load-Accesses:    2199445786  100.00%

Tlb-Store-Hits:         515930114   99.97%
Tlb-Store-Misses:          180493    0.03%
Tlb-Store-Accesses:     516110607  100.00%

Tlb-Total-Hits:        2701785501   99.49%
Tlb-Total-Misses:        13770892    0.51%
Tlb-Total-Accesses:    2715556393  100.00%



--------
Two level Cache hierarchy
--------
  L1-Data Cache:
    Size(KB):          32
    Block Size(B):     64
    Associativity:      8

  L2-Data Cache:
    Size(KB):        1024
    Block Size(B):    128
    Associativity:      8

Latencies:    1   15  250
L1-Sets:   64 - LRU - assoc:   8
L2-Sets: 1024 - LRU - assoc:   8
Store_allocation: Yes
L2_inclusive: Yes
L2_prefetching: Yes (  4)

L1 Cache Stats:
L1-Load-Hits:        2087581651   94.91%
L1-Load-Misses:       111864135    5.09%
L1-Load-Accesses:    2199445786  100.00%

L1-Store-Hits:         510193176   98.85%
L1-Store-Misses:         5917431    1.15%
L1-Store-Accesses:     516110607  100.00%

L1-Total-Hits:        2597774827   95.66%
L1-Total-Misses:       117781566    4.34%
L1-Total-Accesses:    2715556393  100.00%

L2 Cache Stats:
L2-Load-Hits:         111687190   99.84%
L2-Load-Misses:          176945    0.16%
L2-Load-Accesses:     111864135  100.00%

L2-Store-Hits:           5803056   98.07%
L2-Store-Misses:          114375    1.93%
L2-Store-Accesses:       5917431  100.00%

L2-Total-Hits:         117490246   99.75%
L2-Total-Misses:          291320    0.25%
L2-Total-Accesses:     117781566  100.00%

