--------
Total Statistics
--------
Total Instructions: 11731092694
Total Cycles: 17616471285
IPC: 0.665916

--------
Single level Tlb hierarchy
--------
  Data Tlb:
    Entries:          64
    Page Size(B):   4096
    Associativity:      4

Latencies:    0  100
Tlb-Sets:   16 - LRU - assoc:   4

Tlb Stats:
Tlb-Load-Hits:        2185724795   99.38%
Tlb-Load-Misses:        13720999    0.62%
Tlb-Load-Accesses:    2199445794  100.00%

Tlb-Store-Hits:         515930241   99.97%
Tlb-Store-Misses:          180366    0.03%
Tlb-Store-Accesses:     516110607  100.00%

Tlb-Total-Hits:        2701655036   99.49%
Tlb-Total-Misses:        13901365    0.51%
Tlb-Total-Accesses:    2715556401  100.00%



--------
Two level Cache hierarchy
--------
  L1-Data Cache:
    Size(KB):          32
    Block Size(B):     64
    Associativity:      8

  L2-Data Cache:
    Size(KB):        1024
    Block Size(B):    128
    Associativity:      8

Latencies:    1   15  250
L1-Sets:   64 - LRU - assoc:   8
L2-Sets: 1024 - LRU - assoc:   8
Store_allocation: Yes
L2_inclusive: Yes
L2_prefetching: Yes ( 64)

L1 Cache Stats:
L1-Load-Hits:        2087695468   94.92%
L1-Load-Misses:       111750326    5.08%
L1-Load-Accesses:    2199445794  100.00%

L1-Store-Hits:         510276037   98.87%
L1-Store-Misses:         5834570    1.13%
L1-Store-Accesses:     516110607  100.00%

L1-Total-Hits:        2597971505   95.67%
L1-Total-Misses:       117584896    4.33%
L1-Total-Accesses:    2715556401  100.00%

L2 Cache Stats:
L2-Load-Hits:         111720637   99.97%
L2-Load-Misses:           29689    0.03%
L2-Load-Accesses:     111750326  100.00%

L2-Store-Hits:           5800610   99.42%
L2-Store-Misses:           33960    0.58%
L2-Store-Accesses:       5834570  100.00%

L2-Total-Hits:         117521247   99.95%
L2-Total-Misses:           63649    0.05%
L2-Total-Accesses:     117584896  100.00%

