--------
Total Statistics
--------
Total Instructions: 1682276995
Total Cycles: 15311451752
IPC: 0.109871

--------
Single level Tlb hierarchy
--------
  Data Tlb:
    Entries:          64
    Page Size(B):   4096
    Associativity:      4

Latencies:    0  100
Tlb-Sets:   16 - LRU - assoc:   4

Tlb Stats:
Tlb-Load-Hits:         278990423   86.76%
Tlb-Load-Misses:        42565422   13.24%
Tlb-Load-Accesses:     321555845  100.00%

Tlb-Store-Hits:         132164838  100.00%
Tlb-Store-Misses:              19    0.00%
Tlb-Store-Accesses:     132164857  100.00%

Tlb-Total-Hits:         411155261   90.62%
Tlb-Total-Misses:        42565441    9.38%
Tlb-Total-Accesses:     453720702  100.00%



--------
Two level Cache hierarchy
--------
  L1-Data Cache:
    Size(KB):          32
    Block Size(B):     64
    Associativity:      8

  L2-Data Cache:
    Size(KB):        1024
    Block Size(B):    128
    Associativity:      8

Latencies:    1   15  250
L1-Sets:   64 - LRU - assoc:   8
L2-Sets: 1024 - LRU - assoc:   8
Store_allocation: Yes
L2_inclusive: Yes
L2_prefetching: Yes ( 32)

L1 Cache Stats:
L1-Load-Hits:         248898029   77.40%
L1-Load-Misses:        72657816   22.60%
L1-Load-Accesses:     321555845  100.00%

L1-Store-Hits:         132058776   99.92%
L1-Store-Misses:          106081    0.08%
L1-Store-Accesses:     132164857  100.00%

L1-Total-Hits:         380956805   83.96%
L1-Total-Misses:        72763897   16.04%
L1-Total-Accesses:     453720702  100.00%

L2 Cache Stats:
L2-Load-Hits:          41398356   56.98%
L2-Load-Misses:        31259460   43.02%
L2-Load-Accesses:      72657816  100.00%

L2-Store-Hits:             55735   52.54%
L2-Store-Misses:           50346   47.46%
L2-Store-Accesses:        106081  100.00%

L2-Total-Hits:          41454091   56.97%
L2-Total-Misses:        31309806   43.03%
L2-Total-Accesses:      72763897  100.00%

