--------
Total Statistics
--------
Total Instructions: 1682276970
Total Cycles: 15088544749
IPC: 0.111494

--------
Single level Tlb hierarchy
--------
  Data Tlb:
    Entries:          64
    Page Size(B):   4096
    Associativity:      4

Latencies:    0  100
Tlb-Sets:   16 - LRU - assoc:   4

Tlb Stats:
Tlb-Load-Hits:         280753106   87.31%
Tlb-Load-Misses:        40802731   12.69%
Tlb-Load-Accesses:     321555837  100.00%

Tlb-Store-Hits:         132164838  100.00%
Tlb-Store-Misses:              19    0.00%
Tlb-Store-Accesses:     132164857  100.00%

Tlb-Total-Hits:         412917944   91.01%
Tlb-Total-Misses:        40802750    8.99%
Tlb-Total-Accesses:     453720694  100.00%



--------
Two level Cache hierarchy
--------
  L1-Data Cache:
    Size(KB):          32
    Block Size(B):     64
    Associativity:      8

  L2-Data Cache:
    Size(KB):        1024
    Block Size(B):    128
    Associativity:      8

Latencies:    1   15  250
L1-Sets:   64 - LRU - assoc:   8
L2-Sets: 1024 - LRU - assoc:   8
Store_allocation: Yes
L2_inclusive: Yes
L2_prefetching: Yes (  8)

L1 Cache Stats:
L1-Load-Hits:         244818477   76.14%
L1-Load-Misses:        76737360   23.86%
L1-Load-Accesses:     321555837  100.00%

L1-Store-Hits:         131530028   99.52%
L1-Store-Misses:          634829    0.48%
L1-Store-Accesses:     132164857  100.00%

L1-Total-Hits:         376348505   82.95%
L1-Total-Misses:        77372189   17.05%
L1-Total-Accesses:     453720694  100.00%

L2 Cache Stats:
L2-Load-Hits:          45899965   59.81%
L2-Load-Misses:        30837395   40.19%
L2-Load-Accesses:      76737360  100.00%

L2-Store-Hits:            625467   98.53%
L2-Store-Misses:            9362    1.47%
L2-Store-Accesses:        634829  100.00%

L2-Total-Hits:          46525432   60.13%
L2-Total-Misses:        30846757   39.87%
L2-Total-Accesses:      77372189  100.00%

