--------
Total Statistics
--------
Total Instructions: 1682276995
Total Cycles: 15137765152
IPC: 0.111131

--------
Single level Tlb hierarchy
--------
  Data Tlb:
    Entries:          64
    Page Size(B):   4096
    Associativity:      4

Latencies:    0  100
Tlb-Sets:   16 - LRU - assoc:   4

Tlb Stats:
Tlb-Load-Hits:         280606527   87.27%
Tlb-Load-Misses:        40949318   12.73%
Tlb-Load-Accesses:     321555845  100.00%

Tlb-Store-Hits:         132164839  100.00%
Tlb-Store-Misses:              18    0.00%
Tlb-Store-Accesses:     132164857  100.00%

Tlb-Total-Hits:         412771366   90.97%
Tlb-Total-Misses:        40949336    9.03%
Tlb-Total-Accesses:     453720702  100.00%



--------
Two level Cache hierarchy
--------
  L1-Data Cache:
    Size(KB):          32
    Block Size(B):     64
    Associativity:      8

  L2-Data Cache:
    Size(KB):        1024
    Block Size(B):    128
    Associativity:      8

Latencies:    1   15  250
L1-Sets:   64 - LRU - assoc:   8
L2-Sets: 1024 - LRU - assoc:   8
Store_allocation: Yes
L2_inclusive: Yes
L2_prefetching: Yes (  1)

L1 Cache Stats:
L1-Load-Hits:         242582540   75.44%
L1-Load-Misses:        78973305   24.56%
L1-Load-Accesses:     321555845  100.00%

L1-Store-Hits:         132093455   99.95%
L1-Store-Misses:           71402    0.05%
L1-Store-Accesses:     132164857  100.00%

L1-Total-Hits:         374675995   82.58%
L1-Total-Misses:        79044707   17.42%
L1-Total-Accesses:     453720702  100.00%

L2 Cache Stats:
L2-Load-Hits:          48091413   60.90%
L2-Load-Misses:        30881892   39.10%
L2-Load-Accesses:      78973305  100.00%

L2-Store-Hits:             68641   96.13%
L2-Store-Misses:            2761    3.87%
L2-Store-Accesses:         71402  100.00%

L2-Total-Hits:          48160054   60.93%
L2-Total-Misses:        30884653   39.07%
L2-Total-Accesses:      79044707  100.00%

