--------
Total Statistics
--------
Total Instructions: 1682276995
Total Cycles: 15267260632
IPC: 0.110189

--------
Single level Tlb hierarchy
--------
  Data Tlb:
    Entries:          64
    Page Size(B):   4096
    Associativity:      4

Latencies:    0  100
Tlb-Sets:   16 - LRU - assoc:   4

Tlb Stats:
Tlb-Load-Hits:         279293542   86.86%
Tlb-Load-Misses:        42262303   13.14%
Tlb-Load-Accesses:     321555845  100.00%

Tlb-Store-Hits:         132164836  100.00%
Tlb-Store-Misses:              21    0.00%
Tlb-Store-Accesses:     132164857  100.00%

Tlb-Total-Hits:         411458378   90.69%
Tlb-Total-Misses:        42262324    9.31%
Tlb-Total-Accesses:     453720702  100.00%



--------
Two level Cache hierarchy
--------
  L1-Data Cache:
    Size(KB):          32
    Block Size(B):     64
    Associativity:      8

  L2-Data Cache:
    Size(KB):        1024
    Block Size(B):    128
    Associativity:      8

Latencies:    1   15  250
L1-Sets:   64 - LRU - assoc:   8
L2-Sets: 1024 - LRU - assoc:   8
Store_allocation: Yes
L2_inclusive: Yes
L2_prefetching: Yes (  2)

L1 Cache Stats:
L1-Load-Hits:         242701838   75.48%
L1-Load-Misses:        78854007   24.52%
L1-Load-Accesses:     321555845  100.00%

L1-Store-Hits:         131138695   99.22%
L1-Store-Misses:         1026162    0.78%
L1-Store-Accesses:     132164857  100.00%

L1-Total-Hits:         373840533   82.39%
L1-Total-Misses:        79880169   17.61%
L1-Total-Accesses:     453720702  100.00%

L2 Cache Stats:
L2-Load-Hits:          48026915   60.91%
L2-Load-Misses:        30827092   39.09%
L2-Load-Accesses:      78854007  100.00%

L2-Store-Hits:           1025942   99.98%
L2-Store-Misses:             220    0.02%
L2-Store-Accesses:       1026162  100.00%

L2-Total-Hits:          49052857   61.41%
L2-Total-Misses:        30827312   38.59%
L2-Total-Accesses:      79880169  100.00%

