--------
Total Statistics
--------
Total Instructions: 1682276970
Total Cycles: 15467960739
IPC: 0.108759

--------
Single level Tlb hierarchy
--------
  Data Tlb:
    Entries:          64
    Page Size(B):   4096
    Associativity:      4

Latencies:    0  100
Tlb-Sets:   16 - LRU - assoc:   4

Tlb Stats:
Tlb-Load-Hits:         277343651   86.25%
Tlb-Load-Misses:        44212186   13.75%
Tlb-Load-Accesses:     321555837  100.00%

Tlb-Store-Hits:         132164839  100.00%
Tlb-Store-Misses:              18    0.00%
Tlb-Store-Accesses:     132164857  100.00%

Tlb-Total-Hits:         409508490   90.26%
Tlb-Total-Misses:        44212204    9.74%
Tlb-Total-Accesses:     453720694  100.00%



--------
Two level Cache hierarchy
--------
  L1-Data Cache:
    Size(KB):          32
    Block Size(B):     64
    Associativity:      8

  L2-Data Cache:
    Size(KB):        1024
    Block Size(B):    128
    Associativity:      8

Latencies:    1   15  250
L1-Sets:   64 - LRU - assoc:   8
L2-Sets: 1024 - LRU - assoc:   8
Store_allocation: Yes
L2_inclusive: Yes
L2_prefetching: Yes (  4)

L1 Cache Stats:
L1-Load-Hits:         241805542   75.20%
L1-Load-Misses:        79750295   24.80%
L1-Load-Accesses:     321555837  100.00%

L1-Store-Hits:         131018557   99.13%
L1-Store-Misses:         1146300    0.87%
L1-Store-Accesses:     132164857  100.00%

L1-Total-Hits:         372824099   82.17%
L1-Total-Misses:        80896595   17.83%
L1-Total-Accesses:     453720694  100.00%

L2 Cache Stats:
L2-Load-Hits:          48961290   61.39%
L2-Load-Misses:        30789005   38.61%
L2-Load-Accesses:      79750295  100.00%

L2-Store-Hits:           1146130   99.99%
L2-Store-Misses:             170    0.01%
L2-Store-Accesses:       1146300  100.00%

L2-Total-Hits:          50107420   61.94%
L2-Total-Misses:        30789175   38.06%
L2-Total-Accesses:      80896595  100.00%

