--------
Total Statistics
--------
Total Instructions: 20857185870
Total Cycles: 38173055147
IPC: 0.546385

--------
Single level Tlb hierarchy
--------
  Data Tlb:
    Entries:          64
    Page Size(B):   4096
    Associativity:      4

Latencies:    0  100
Tlb-Sets:   16 - LRU - assoc:   4

Tlb Stats:
Tlb-Load-Hits:        6356407306   99.55%
Tlb-Load-Misses:        28528205    0.45%
Tlb-Load-Accesses:    6384935511  100.00%

Tlb-Store-Hits:        2615997535   99.84%
Tlb-Store-Misses:         4083791    0.16%
Tlb-Store-Accesses:    2620081326  100.00%

Tlb-Total-Hits:        8972404841   99.64%
Tlb-Total-Misses:        32611996    0.36%
Tlb-Total-Accesses:    9005016837  100.00%



--------
Two level Cache hierarchy
--------
  L1-Data Cache:
    Size(KB):          32
    Block Size(B):     64
    Associativity:      8

  L2-Data Cache:
    Size(KB):        1024
    Block Size(B):    128
    Associativity:      8

Latencies:    1   15  250
L1-Sets:   64 - LRU - assoc:   8
L2-Sets: 1024 - LRU - assoc:   8
Store_allocation: Yes
L2_inclusive: Yes
L2_prefetching: Yes (  8)

L1 Cache Stats:
L1-Load-Hits:        6224584603   97.49%
L1-Load-Misses:       160350908    2.51%
L1-Load-Accesses:    6384935511  100.00%

L1-Store-Hits:        2607061928   99.50%
L1-Store-Misses:        13019398    0.50%
L1-Store-Accesses:    2620081326  100.00%

L1-Total-Hits:        8831646531   98.07%
L1-Total-Misses:       173370306    1.93%
L1-Total-Accesses:    9005016837  100.00%

L2 Cache Stats:
L2-Load-Hits:         151333809   94.38%
L2-Load-Misses:         9017099    5.62%
L2-Load-Accesses:     160350908  100.00%

L2-Store-Hits:          12240104   94.01%
L2-Store-Misses:          779294    5.99%
L2-Store-Accesses:      13019398  100.00%

L2-Total-Hits:         163573913   94.35%
L2-Total-Misses:         9796393    5.65%
L2-Total-Accesses:     173370306  100.00%

