--------
Total Statistics
--------
Total Instructions: 24710722714
Total Cycles: 49792280361
IPC: 0.496276

--------
Single level Tlb hierarchy
--------
  Data Tlb:
    Entries:          64
    Page Size(B):   4096
    Associativity:      4

Latencies:    0  100
Tlb-Sets:   16 - LRU - assoc:   4

Tlb Stats:
Tlb-Load-Hits:        7075906977   99.46%
Tlb-Load-Misses:        38671747    0.54%
Tlb-Load-Accesses:    7114578724  100.00%

Tlb-Store-Hits:        1451207680   99.62%
Tlb-Store-Misses:         5537508    0.38%
Tlb-Store-Accesses:    1456745188  100.00%

Tlb-Total-Hits:        8527114657   99.48%
Tlb-Total-Misses:        44209255    0.52%
Tlb-Total-Accesses:    8571323912  100.00%



--------
Two level Cache hierarchy
--------
  L1-Data Cache:
    Size(KB):          32
    Block Size(B):     64
    Associativity:      8

  L2-Data Cache:
    Size(KB):        1024
    Block Size(B):    128
    Associativity:      8

Latencies:    1   15  250
L1-Sets:   64 - LRU - assoc:   8
L2-Sets: 1024 - LRU - assoc:   8
Store_allocation: Yes
L2_inclusive: Yes
L2_prefetching: Yes (  1)

L1 Cache Stats:
L1-Load-Hits:        6953454726   97.74%
L1-Load-Misses:       161123998    2.26%
L1-Load-Accesses:    7114578724  100.00%

L1-Store-Hits:        1355211087   93.03%
L1-Store-Misses:       101534101    6.97%
L1-Store-Accesses:    1456745188  100.00%

L1-Total-Hits:        8308665813   96.94%
L1-Total-Misses:       262658099    3.06%
L1-Total-Accesses:    8571323912  100.00%

L2 Cache Stats:
L2-Load-Hits:         130741266   81.14%
L2-Load-Misses:        30382732   18.86%
L2-Load-Accesses:     161123998  100.00%

L2-Store-Hits:          99319086   97.82%
L2-Store-Misses:         2215015    2.18%
L2-Store-Accesses:     101534101  100.00%

L2-Total-Hits:         230060352   87.59%
L2-Total-Misses:        32597747   12.41%
L2-Total-Accesses:     262658099  100.00%

