--------
Total Statistics
--------
Total Instructions: 24710723050
Total Cycles: 48531064869
IPC: 0.509173

--------
Single level Tlb hierarchy
--------
  Data Tlb:
    Entries:          64
    Page Size(B):   4096
    Associativity:      4

Latencies:    0  100
Tlb-Sets:   16 - LRU - assoc:   4

Tlb Stats:
Tlb-Load-Hits:        7075434451   99.45%
Tlb-Load-Misses:        39144273    0.55%
Tlb-Load-Accesses:    7114578724  100.00%

Tlb-Store-Hits:        1451752397   99.66%
Tlb-Store-Misses:         4992983    0.34%
Tlb-Store-Accesses:    1456745380  100.00%

Tlb-Total-Hits:        8527186848   99.49%
Tlb-Total-Misses:        44137256    0.51%
Tlb-Total-Accesses:    8571324104  100.00%



--------
Two level Cache hierarchy
--------
  L1-Data Cache:
    Size(KB):          32
    Block Size(B):     64
    Associativity:      8

  L2-Data Cache:
    Size(KB):        1024
    Block Size(B):    128
    Associativity:      8

Latencies:    1   15  250
L1-Sets:   64 - LRU - assoc:   8
L2-Sets: 1024 - LRU - assoc:   8
Store_allocation: Yes
L2_inclusive: Yes
L2_prefetching: Yes (  4)

L1 Cache Stats:
L1-Load-Hits:        6956541974   97.78%
L1-Load-Misses:       158036750    2.22%
L1-Load-Accesses:    7114578724  100.00%

L1-Store-Hits:        1356190339   93.10%
L1-Store-Misses:       100555041    6.90%
L1-Store-Accesses:    1456745380  100.00%

L1-Total-Hits:        8312732313   96.98%
L1-Total-Misses:       258591791    3.02%
L1-Total-Accesses:    8571324104  100.00%

L2 Cache Stats:
L2-Load-Hits:         131239885   83.04%
L2-Load-Misses:        26796865   16.96%
L2-Load-Accesses:     158036750  100.00%

L2-Store-Hits:          99526245   98.98%
L2-Store-Misses:         1028796    1.02%
L2-Store-Accesses:     100555041  100.00%

L2-Total-Hits:         230766130   89.24%
L2-Total-Misses:        27825661   10.76%
L2-Total-Accesses:     258591791  100.00%

