--------
Total Statistics
--------
Total Instructions: 24710723050
Total Cycles: 47425727614
IPC: 0.52104

--------
Single level Tlb hierarchy
--------
  Data Tlb:
    Entries:          64
    Page Size(B):   4096
    Associativity:      4

Latencies:    0  100
Tlb-Sets:   16 - LRU - assoc:   4

Tlb Stats:
Tlb-Load-Hits:        7079198326   99.50%
Tlb-Load-Misses:        35380398    0.50%
Tlb-Load-Accesses:    7114578724  100.00%

Tlb-Store-Hits:        1451866320   99.67%
Tlb-Store-Misses:         4879060    0.33%
Tlb-Store-Accesses:    1456745380  100.00%

Tlb-Total-Hits:        8531064646   99.53%
Tlb-Total-Misses:        40259458    0.47%
Tlb-Total-Accesses:    8571324104  100.00%



--------
Two level Cache hierarchy
--------
  L1-Data Cache:
    Size(KB):          32
    Block Size(B):     64
    Associativity:      8

  L2-Data Cache:
    Size(KB):        1024
    Block Size(B):    128
    Associativity:      8

Latencies:    1   15  250
L1-Sets:   64 - LRU - assoc:   8
L2-Sets: 1024 - LRU - assoc:   8
Store_allocation: Yes
L2_inclusive: Yes
L2_prefetching: Yes (  8)

L1 Cache Stats:
L1-Load-Hits:        6958364730   97.80%
L1-Load-Misses:       156213994    2.20%
L1-Load-Accesses:    7114578724  100.00%

L1-Store-Hits:        1357157880   93.16%
L1-Store-Misses:        99587500    6.84%
L1-Store-Accesses:    1456745380  100.00%

L1-Total-Hits:        8315522610   97.02%
L1-Total-Misses:       255801494    2.98%
L1-Total-Accesses:    8571324104  100.00%

L2 Cache Stats:
L2-Load-Hits:         131730232   84.33%
L2-Load-Misses:        24483762   15.67%
L2-Load-Accesses:     156213994  100.00%

L2-Store-Hits:          98948413   99.36%
L2-Store-Misses:          639087    0.64%
L2-Store-Accesses:      99587500  100.00%

L2-Total-Hits:         230678645   90.18%
L2-Total-Misses:        25122849    9.82%
L2-Total-Accesses:     255801494  100.00%

