--------
Total Statistics
--------
Total Instructions: 24710722689
Total Cycles: 46183708488
IPC: 0.535053

--------
Single level Tlb hierarchy
--------
  Data Tlb:
    Entries:          64
    Page Size(B):   4096
    Associativity:      4

Latencies:    0  100
Tlb-Sets:   16 - LRU - assoc:   4

Tlb Stats:
Tlb-Load-Hits:        7074577410   99.44%
Tlb-Load-Misses:        40001306    0.56%
Tlb-Load-Accesses:    7114578716  100.00%

Tlb-Store-Hits:        1450914802   99.60%
Tlb-Store-Misses:         5830386    0.40%
Tlb-Store-Accesses:    1456745188  100.00%

Tlb-Total-Hits:        8525492212   99.47%
Tlb-Total-Misses:        45831692    0.53%
Tlb-Total-Accesses:    8571323904  100.00%



--------
Two level Cache hierarchy
--------
  L1-Data Cache:
    Size(KB):          32
    Block Size(B):     64
    Associativity:      8

  L2-Data Cache:
    Size(KB):        1024
    Block Size(B):    128
    Associativity:      8

Latencies:    1   15  250
L1-Sets:   64 - LRU - assoc:   8
L2-Sets: 1024 - LRU - assoc:   8
Store_allocation: Yes
L2_inclusive: Yes
L2_prefetching: Yes ( 32)

L1 Cache Stats:
L1-Load-Hits:        6972806375   98.01%
L1-Load-Misses:       141772341    1.99%
L1-Load-Accesses:    7114578716  100.00%

L1-Store-Hits:        1357739166   93.20%
L1-Store-Misses:        99006022    6.80%
L1-Store-Accesses:    1456745188  100.00%

L1-Total-Hits:        8330545541   97.19%
L1-Total-Misses:       240778363    2.81%
L1-Total-Accesses:    8571323904  100.00%

L2 Cache Stats:
L2-Load-Hits:         123195641   86.90%
L2-Load-Misses:        18576700   13.10%
L2-Load-Accesses:     141772341  100.00%

L2-Store-Hits:          98755453   99.75%
L2-Store-Misses:          250569    0.25%
L2-Store-Accesses:      99006022  100.00%

L2-Total-Hits:         221951094   92.18%
L2-Total-Misses:        18827269    7.82%
L2-Total-Accesses:     240778363  100.00%

