--------
Total Statistics
--------
Total Instructions: 7966224601
Total Cycles: 11931480897
IPC: 0.667664

--------
Single level Tlb hierarchy
--------
  Data Tlb:
    Entries:          64
    Page Size(B):   4096
    Associativity:      4

Latencies:    0  100
Tlb-Sets:   16 - LRU - assoc:   4

Tlb Stats:
Tlb-Load-Hits:        1867741665   99.97%
Tlb-Load-Misses:          564594    0.03%
Tlb-Load-Accesses:    1868306259  100.00%

Tlb-Store-Hits:         187508289   99.85%
Tlb-Store-Misses:          279858    0.15%
Tlb-Store-Accesses:     187788147  100.00%

Tlb-Total-Hits:        2055249954   99.96%
Tlb-Total-Misses:          844452    0.04%
Tlb-Total-Accesses:    2056094406  100.00%



--------
Two level Cache hierarchy
--------
  L1-Data Cache:
    Size(KB):          32
    Block Size(B):     64
    Associativity:      8

  L2-Data Cache:
    Size(KB):        1024
    Block Size(B):    128
    Associativity:      8

Latencies:    1   15  250
L1-Sets:   64 - LRU - assoc:   8
L2-Sets: 1024 - LRU - assoc:   8
Store_allocation: Yes
L2_inclusive: Yes
L2_prefetching: Yes (  2)

L1 Cache Stats:
L1-Load-Hits:        1848474519   98.94%
L1-Load-Misses:        19831740    1.06%
L1-Load-Accesses:    1868306259  100.00%

L1-Store-Hits:         183180441   97.55%
L1-Store-Misses:         4607706    2.45%
L1-Store-Accesses:     187788147  100.00%

L1-Total-Hits:        2031654960   98.81%
L1-Total-Misses:        24439446    1.19%
L1-Total-Accesses:    2056094406  100.00%

L2 Cache Stats:
L2-Load-Hits:          15867669   80.01%
L2-Load-Misses:         3964071   19.99%
L2-Load-Accesses:      19831740  100.00%

L2-Store-Hits:           2739277   59.45%
L2-Store-Misses:         1868429   40.55%
L2-Store-Accesses:       4607706  100.00%

L2-Total-Hits:          18606946   76.13%
L2-Total-Misses:         5832500   23.87%
L2-Total-Accesses:      24439446  100.00%

