--------
Total Statistics
--------
Total Instructions: 7966224601
Total Cycles: 12108495822
IPC: 0.657904

--------
Single level Tlb hierarchy
--------
  Data Tlb:
    Entries:          64
    Page Size(B):   4096
    Associativity:      4

Latencies:    0  100
Tlb-Sets:   16 - LRU - assoc:   4

Tlb Stats:
Tlb-Load-Hits:        1867741412   99.97%
Tlb-Load-Misses:          564847    0.03%
Tlb-Load-Accesses:    1868306259  100.00%

Tlb-Store-Hits:         187508296   99.85%
Tlb-Store-Misses:          279851    0.15%
Tlb-Store-Accesses:     187788147  100.00%

Tlb-Total-Hits:        2055249708   99.96%
Tlb-Total-Misses:          844698    0.04%
Tlb-Total-Accesses:    2056094406  100.00%



--------
Two level Cache hierarchy
--------
  L1-Data Cache:
    Size(KB):          32
    Block Size(B):     64
    Associativity:      8

  L2-Data Cache:
    Size(KB):        1024
    Block Size(B):    128
    Associativity:      8

Latencies:    1   15  250
L1-Sets:   64 - LRU - assoc:   8
L2-Sets: 1024 - LRU - assoc:   8
Store_allocation: Yes
L2_inclusive: Yes
L2_prefetching: Yes (  1)

L1 Cache Stats:
L1-Load-Hits:        1848369488   98.93%
L1-Load-Misses:        19936771    1.07%
L1-Load-Accesses:    1868306259  100.00%

L1-Store-Hits:         182718117   97.30%
L1-Store-Misses:         5070030    2.70%
L1-Store-Accesses:     187788147  100.00%

L1-Total-Hits:        2031087605   98.78%
L1-Total-Misses:        25006801    1.22%
L1-Total-Accesses:    2056094406  100.00%

L2 Cache Stats:
L2-Load-Hits:          15722465   78.86%
L2-Load-Misses:         4214306   21.14%
L2-Load-Accesses:      19936771  100.00%

L2-Store-Hits:           2777916   54.79%
L2-Store-Misses:         2292114   45.21%
L2-Store-Accesses:       5070030  100.00%

L2-Total-Hits:          18500381   73.98%
L2-Total-Misses:         6506420   26.02%
L2-Total-Accesses:      25006801  100.00%

