--------
Total Statistics
--------
Total Instructions: 7966224626
Total Cycles: 11172055690
IPC: 0.713049

--------
Single level Tlb hierarchy
--------
  Data Tlb:
    Entries:          64
    Page Size(B):   4096
    Associativity:      4

Latencies:    0  100
Tlb-Sets:   16 - LRU - assoc:   4

Tlb Stats:
Tlb-Load-Hits:        1867741707   99.97%
Tlb-Load-Misses:          564560    0.03%
Tlb-Load-Accesses:    1868306267  100.00%

Tlb-Store-Hits:         187508293   99.85%
Tlb-Store-Misses:          279854    0.15%
Tlb-Store-Accesses:     187788147  100.00%

Tlb-Total-Hits:        2055250000   99.96%
Tlb-Total-Misses:          844414    0.04%
Tlb-Total-Accesses:    2056094414  100.00%



--------
Two level Cache hierarchy
--------
  L1-Data Cache:
    Size(KB):          32
    Block Size(B):     64
    Associativity:      8

  L2-Data Cache:
    Size(KB):        1024
    Block Size(B):    128
    Associativity:      8

Latencies:    1   15  250
L1-Sets:   64 - LRU - assoc:   8
L2-Sets: 1024 - LRU - assoc:   8
Store_allocation: Yes
L2_inclusive: Yes
L2_prefetching: Yes (  8)

L1 Cache Stats:
L1-Load-Hits:        1851634056   99.11%
L1-Load-Misses:        16672211    0.89%
L1-Load-Accesses:    1868306267  100.00%

L1-Store-Hits:         183832608   97.89%
L1-Store-Misses:         3955539    2.11%
L1-Store-Accesses:     187788147  100.00%

L1-Total-Hits:        2035466664   99.00%
L1-Total-Misses:        20627750    1.00%
L1-Total-Accesses:    2056094414  100.00%

L2 Cache Stats:
L2-Load-Hits:          14526035   87.13%
L2-Load-Misses:         2146176   12.87%
L2-Load-Accesses:      16672211  100.00%

L2-Store-Hits:           3078199   77.82%
L2-Store-Misses:          877340   22.18%
L2-Store-Accesses:       3955539  100.00%

L2-Total-Hits:          17604234   85.34%
L2-Total-Misses:         3023516   14.66%
L2-Total-Accesses:      20627750  100.00%

