--------
Total Statistics
--------
Total Instructions: 7966224626
Total Cycles: 11718150815
IPC: 0.679819

--------
Single level Tlb hierarchy
--------
  Data Tlb:
    Entries:          64
    Page Size(B):   4096
    Associativity:      4

Latencies:    0  100
Tlb-Sets:   16 - LRU - assoc:   4

Tlb Stats:
Tlb-Load-Hits:        1867741475   99.97%
Tlb-Load-Misses:          564792    0.03%
Tlb-Load-Accesses:    1868306267  100.00%

Tlb-Store-Hits:         187508286   99.85%
Tlb-Store-Misses:          279861    0.15%
Tlb-Store-Accesses:     187788147  100.00%

Tlb-Total-Hits:        2055249761   99.96%
Tlb-Total-Misses:          844653    0.04%
Tlb-Total-Accesses:    2056094414  100.00%



--------
Two level Cache hierarchy
--------
  L1-Data Cache:
    Size(KB):          32
    Block Size(B):     64
    Associativity:      8

  L2-Data Cache:
    Size(KB):        1024
    Block Size(B):    128
    Associativity:      8

Latencies:    1   15  250
L1-Sets:   64 - LRU - assoc:   8
L2-Sets: 1024 - LRU - assoc:   8
Store_allocation: Yes
L2_inclusive: Yes
L2_prefetching: Yes (  4)

L1 Cache Stats:
L1-Load-Hits:        1850511068   99.05%
L1-Load-Misses:        17795199    0.95%
L1-Load-Accesses:    1868306267  100.00%

L1-Store-Hits:         182874781   97.38%
L1-Store-Misses:         4913366    2.62%
L1-Store-Accesses:     187788147  100.00%

L1-Total-Hits:        2033385849   98.90%
L1-Total-Misses:        22708565    1.10%
L1-Total-Accesses:    2056094414  100.00%

L2 Cache Stats:
L2-Load-Hits:          14599836   82.04%
L2-Load-Misses:         3195363   17.96%
L2-Load-Accesses:      17795199  100.00%

L2-Store-Hits:           3025777   61.58%
L2-Store-Misses:         1887589   38.42%
L2-Store-Accesses:       4913366  100.00%

L2-Total-Hits:          17625613   77.62%
L2-Total-Misses:         5082952   22.38%
L2-Total-Accesses:      22708565  100.00%

