--------
Total Statistics
--------
Total Instructions: 31246956939
Total Cycles: 50755482352
IPC: 0.615637

--------
Single level Tlb hierarchy
--------
  Data Tlb:
    Entries:          64
    Page Size(B):   4096
    Associativity:      4

Latencies:    0  100
Tlb-Sets:   16 - LRU - assoc:   4

Tlb Stats:
Tlb-Load-Hits:        9377356422   99.87%
Tlb-Load-Misses:        12382123    0.13%
Tlb-Load-Accesses:    9389738545  100.00%

Tlb-Store-Hits:        4904383093   99.92%
Tlb-Store-Misses:         3791420    0.08%
Tlb-Store-Accesses:    4908174513  100.00%

Tlb-Total-Hits:       14281739515   99.89%
Tlb-Total-Misses:        16173543    0.11%
Tlb-Total-Accesses:   14297913058  100.00%



--------
Two level Cache hierarchy
--------
  L1-Data Cache:
    Size(KB):          32
    Block Size(B):     64
    Associativity:      8

  L2-Data Cache:
    Size(KB):        1024
    Block Size(B):    128
    Associativity:      8

Latencies:    1   15  250
L1-Sets:   64 - LRU - assoc:   8
L2-Sets: 1024 - LRU - assoc:   8
Store_allocation: Yes
L2_inclusive: Yes
L2_prefetching: Yes ( 64)

L1 Cache Stats:
L1-Load-Hits:        9337153253   99.44%
L1-Load-Misses:        52585292    0.56%
L1-Load-Accesses:    9389738545  100.00%

L1-Store-Hits:        4897366218   99.78%
L1-Store-Misses:        10808295    0.22%
L1-Store-Accesses:    4908174513  100.00%

L1-Total-Hits:       14234519471   99.56%
L1-Total-Misses:        63393587    0.44%
L1-Total-Accesses:   14297913058  100.00%

L2 Cache Stats:
L2-Load-Hits:          44775094   85.15%
L2-Load-Misses:         7810198   14.85%
L2-Load-Accesses:      52585292  100.00%

L2-Store-Hits:           8049076   74.47%
L2-Store-Misses:         2759219   25.53%
L2-Store-Accesses:      10808295  100.00%

L2-Total-Hits:          52824170   83.33%
L2-Total-Misses:        10569417   16.67%
L2-Total-Accesses:      63393587  100.00%

