--------
Total Statistics
--------
Total Instructions: 31246956939
Total Cycles: 49779466422
IPC: 0.627708

--------
Single level Tlb hierarchy
--------
  Data Tlb:
    Entries:          64
    Page Size(B):   4096
    Associativity:      4

Latencies:    0  100
Tlb-Sets:   16 - LRU - assoc:   4

Tlb Stats:
Tlb-Load-Hits:        9376356841   99.86%
Tlb-Load-Misses:        13381704    0.14%
Tlb-Load-Accesses:    9389738545  100.00%

Tlb-Store-Hits:        4903889592   99.91%
Tlb-Store-Misses:         4284921    0.09%
Tlb-Store-Accesses:    4908174513  100.00%

Tlb-Total-Hits:       14280246433   99.88%
Tlb-Total-Misses:        17666625    0.12%
Tlb-Total-Accesses:   14297913058  100.00%



--------
Two level Cache hierarchy
--------
  L1-Data Cache:
    Size(KB):          32
    Block Size(B):     64
    Associativity:      8

  L2-Data Cache:
    Size(KB):        1024
    Block Size(B):    128
    Associativity:      8

Latencies:    1   15  250
L1-Sets:   64 - LRU - assoc:   8
L2-Sets: 1024 - LRU - assoc:   8
Store_allocation: Yes
L2_inclusive: Yes
L2_prefetching: Yes (  1)

L1 Cache Stats:
L1-Load-Hits:        9340310596   99.47%
L1-Load-Misses:        49427949    0.53%
L1-Load-Accesses:    9389738545  100.00%

L1-Store-Hits:        4898960617   99.81%
L1-Store-Misses:         9213896    0.19%
L1-Store-Accesses:    4908174513  100.00%

L1-Total-Hits:       14239271213   99.59%
L1-Total-Misses:        58641845    0.41%
L1-Total-Accesses:   14297913058  100.00%

L2 Cache Stats:
L2-Load-Hits:          44389548   89.81%
L2-Load-Misses:         5038401   10.19%
L2-Load-Accesses:      49427949  100.00%

L2-Store-Hits:           7899072   85.73%
L2-Store-Misses:         1314824   14.27%
L2-Store-Accesses:       9213896  100.00%

L2-Total-Hits:          52288620   89.17%
L2-Total-Misses:         6353225   10.83%
L2-Total-Accesses:      58641845  100.00%

