--------
Total Statistics
--------
Total Instructions: 31246956939
Total Cycles: 50255227262
IPC: 0.621765

--------
Single level Tlb hierarchy
--------
  Data Tlb:
    Entries:          64
    Page Size(B):   4096
    Associativity:      4

Latencies:    0  100
Tlb-Sets:   16 - LRU - assoc:   4

Tlb Stats:
Tlb-Load-Hits:        9373933333   99.83%
Tlb-Load-Misses:        15805212    0.17%
Tlb-Load-Accesses:    9389738545  100.00%

Tlb-Store-Hits:        4901088125   99.86%
Tlb-Store-Misses:         7086388    0.14%
Tlb-Store-Accesses:    4908174513  100.00%

Tlb-Total-Hits:       14275021458   99.84%
Tlb-Total-Misses:        22891600    0.16%
Tlb-Total-Accesses:   14297913058  100.00%



--------
Two level Cache hierarchy
--------
  L1-Data Cache:
    Size(KB):          32
    Block Size(B):     64
    Associativity:      8

  L2-Data Cache:
    Size(KB):        1024
    Block Size(B):    128
    Associativity:      8

Latencies:    1   15  250
L1-Sets:   64 - LRU - assoc:   8
L2-Sets: 1024 - LRU - assoc:   8
Store_allocation: Yes
L2_inclusive: Yes
L2_prefetching: Yes (  2)

L1 Cache Stats:
L1-Load-Hits:        9339974335   99.47%
L1-Load-Misses:        49764210    0.53%
L1-Load-Accesses:    9389738545  100.00%

L1-Store-Hits:        4899269722   99.82%
L1-Store-Misses:         8904791    0.18%
L1-Store-Accesses:    4908174513  100.00%

L1-Total-Hits:       14239244057   99.59%
L1-Total-Misses:        58669001    0.41%
L1-Total-Accesses:   14297913058  100.00%

L2 Cache Stats:
L2-Load-Hits:          44611312   89.65%
L2-Load-Misses:         5152898   10.35%
L2-Load-Accesses:      49764210  100.00%

L2-Store-Hits:           7893040   88.64%
L2-Store-Misses:         1011751   11.36%
L2-Store-Accesses:       8904791  100.00%

L2-Total-Hits:          52504352   89.49%
L2-Total-Misses:         6164649   10.51%
L2-Total-Accesses:      58669001  100.00%

