--------
Total Statistics
--------
Total Instructions: 31246956939
Total Cycles: 49798048722
IPC: 0.627474

--------
Single level Tlb hierarchy
--------
  Data Tlb:
    Entries:          64
    Page Size(B):   4096
    Associativity:      4

Latencies:    0  100
Tlb-Sets:   16 - LRU - assoc:   4

Tlb Stats:
Tlb-Load-Hits:        9376582394   99.86%
Tlb-Load-Misses:        13156151    0.14%
Tlb-Load-Accesses:    9389738545  100.00%

Tlb-Store-Hits:        4904032015   99.92%
Tlb-Store-Misses:         4142498    0.08%
Tlb-Store-Accesses:    4908174513  100.00%

Tlb-Total-Hits:       14280614409   99.88%
Tlb-Total-Misses:        17298649    0.12%
Tlb-Total-Accesses:   14297913058  100.00%



--------
Two level Cache hierarchy
--------
  L1-Data Cache:
    Size(KB):          32
    Block Size(B):     64
    Associativity:      8

  L2-Data Cache:
    Size(KB):        1024
    Block Size(B):    128
    Associativity:      8

Latencies:    1   15  250
L1-Sets:   64 - LRU - assoc:   8
L2-Sets: 1024 - LRU - assoc:   8
Store_allocation: Yes
L2_inclusive: Yes
L2_prefetching: Yes (  4)

L1 Cache Stats:
L1-Load-Hits:        9338903995   99.46%
L1-Load-Misses:        50834550    0.54%
L1-Load-Accesses:    9389738545  100.00%

L1-Store-Hits:        4899498308   99.82%
L1-Store-Misses:         8676205    0.18%
L1-Store-Accesses:    4908174513  100.00%

L1-Total-Hits:       14238402303   99.58%
L1-Total-Misses:        59510755    0.42%
L1-Total-Accesses:   14297913058  100.00%

L2 Cache Stats:
L2-Load-Hits:          45123022   88.76%
L2-Load-Misses:         5711528   11.24%
L2-Load-Accesses:      50834550  100.00%

L2-Store-Hits:           7865123   90.65%
L2-Store-Misses:          811082    9.35%
L2-Store-Accesses:       8676205  100.00%

L2-Total-Hits:          52988145   89.04%
L2-Total-Misses:         6522610   10.96%
L2-Total-Accesses:      59510755  100.00%

