--------
Total Statistics
--------
Total Instructions: 31246956939
Total Cycles: 50154208212
IPC: 0.623018

--------
Single level Tlb hierarchy
--------
  Data Tlb:
    Entries:          64
    Page Size(B):   4096
    Associativity:      4

Latencies:    0  100
Tlb-Sets:   16 - LRU - assoc:   4

Tlb Stats:
Tlb-Load-Hits:        9375902947   99.85%
Tlb-Load-Misses:        13835598    0.15%
Tlb-Load-Accesses:    9389738545  100.00%

Tlb-Store-Hits:        4903325959   99.90%
Tlb-Store-Misses:         4848554    0.10%
Tlb-Store-Accesses:    4908174513  100.00%

Tlb-Total-Hits:       14279228906   99.87%
Tlb-Total-Misses:        18684152    0.13%
Tlb-Total-Accesses:   14297913058  100.00%



--------
Two level Cache hierarchy
--------
  L1-Data Cache:
    Size(KB):          32
    Block Size(B):     64
    Associativity:      8

  L2-Data Cache:
    Size(KB):        1024
    Block Size(B):    128
    Associativity:      8

Latencies:    1   15  250
L1-Sets:   64 - LRU - assoc:   8
L2-Sets: 1024 - LRU - assoc:   8
Store_allocation: Yes
L2_inclusive: Yes
L2_prefetching: Yes (  8)

L1 Cache Stats:
L1-Load-Hits:        9337894417   99.45%
L1-Load-Misses:        51844128    0.55%
L1-Load-Accesses:    9389738545  100.00%

L1-Store-Hits:        4899376840   99.82%
L1-Store-Misses:         8797673    0.18%
L1-Store-Accesses:    4908174513  100.00%

L1-Total-Hits:       14237271257   99.58%
L1-Total-Misses:        60641801    0.42%
L1-Total-Accesses:   14297913058  100.00%

L2 Cache Stats:
L2-Load-Hits:          45371984   87.52%
L2-Load-Misses:         6472144   12.48%
L2-Load-Accesses:      51844128  100.00%

L2-Store-Hits:           7944633   90.30%
L2-Store-Misses:          853040    9.70%
L2-Store-Accesses:       8797673  100.00%

L2-Total-Hits:          53316617   87.92%
L2-Total-Misses:         7325184   12.08%
L2-Total-Accesses:      60641801  100.00%

