--------
Total Statistics
--------
Total Instructions: 6899721503
Total Cycles: 9696912868
IPC: 0.711538

--------
Single level Tlb hierarchy
--------
  Data Tlb:
    Entries:          64
    Page Size(B):   4096
    Associativity:      4

Latencies:    0  100
Tlb-Sets:   16 - LRU - assoc:   4

Tlb Stats:
Tlb-Load-Hits:        1840021823   99.97%
Tlb-Load-Misses:          556630    0.03%
Tlb-Load-Accesses:    1840578453  100.00%

Tlb-Store-Hits:         682039600   99.99%
Tlb-Store-Misses:           53862    0.01%
Tlb-Store-Accesses:     682093462  100.00%

Tlb-Total-Hits:        2522061423   99.98%
Tlb-Total-Misses:          610492    0.02%
Tlb-Total-Accesses:    2522671915  100.00%



--------
Two level Cache hierarchy
--------
  L1-Data Cache:
    Size(KB):          32
    Block Size(B):     64
    Associativity:      8

  L2-Data Cache:
    Size(KB):        1024
    Block Size(B):    128
    Associativity:      8

Latencies:    1   15  250
L1-Sets:   64 - LRU - assoc:   8
L2-Sets: 1024 - LRU - assoc:   8
Store_allocation: Yes
L2_inclusive: Yes
L2_prefetching: Yes (  1)

L1 Cache Stats:
L1-Load-Hits:        1837205012   99.82%
L1-Load-Misses:         3373441    0.18%
L1-Load-Accesses:    1840578453  100.00%

L1-Store-Hits:         681557053   99.92%
L1-Store-Misses:          536409    0.08%
L1-Store-Accesses:     682093462  100.00%

L1-Total-Hits:        2518762065   99.85%
L1-Total-Misses:         3909850    0.15%
L1-Total-Accesses:    2522671915  100.00%

L2 Cache Stats:
L2-Load-Hits:           2851691   84.53%
L2-Load-Misses:          521750   15.47%
L2-Load-Accesses:       3373441  100.00%

L2-Store-Hits:            438869   81.82%
L2-Store-Misses:           97540   18.18%
L2-Store-Accesses:        536409  100.00%

L2-Total-Hits:           3290560   84.16%
L2-Total-Misses:          619290   15.84%
L2-Total-Accesses:       3909850  100.00%

