--------
Total Statistics
--------
Total Instructions: 6899721478
Total Cycles: 9633878810
IPC: 0.716194

--------
Single level Tlb hierarchy
--------
  Data Tlb:
    Entries:          64
    Page Size(B):   4096
    Associativity:      4

Latencies:    0  100
Tlb-Sets:   16 - LRU - assoc:   4

Tlb Stats:
Tlb-Load-Hits:        1840040142   99.97%
Tlb-Load-Misses:          538303    0.03%
Tlb-Load-Accesses:    1840578445  100.00%

Tlb-Store-Hits:         682042153   99.99%
Tlb-Store-Misses:           51309    0.01%
Tlb-Store-Accesses:     682093462  100.00%

Tlb-Total-Hits:        2522082295   99.98%
Tlb-Total-Misses:          589612    0.02%
Tlb-Total-Accesses:    2522671907  100.00%



--------
Two level Cache hierarchy
--------
  L1-Data Cache:
    Size(KB):          32
    Block Size(B):     64
    Associativity:      8

  L2-Data Cache:
    Size(KB):        1024
    Block Size(B):    128
    Associativity:      8

Latencies:    1   15  250
L1-Sets:   64 - LRU - assoc:   8
L2-Sets: 1024 - LRU - assoc:   8
Store_allocation: Yes
L2_inclusive: Yes
L2_prefetching: Yes (  4)

L1 Cache Stats:
L1-Load-Hits:        1837371424   99.83%
L1-Load-Misses:         3207021    0.17%
L1-Load-Accesses:    1840578445  100.00%

L1-Store-Hits:         681613318   99.93%
L1-Store-Misses:          480144    0.07%
L1-Store-Accesses:     682093462  100.00%

L1-Total-Hits:        2518984742   99.85%
L1-Total-Misses:         3687165    0.15%
L1-Total-Accesses:    2522671907  100.00%

L2 Cache Stats:
L2-Load-Hits:           2857396   89.10%
L2-Load-Misses:          349625   10.90%
L2-Load-Accesses:       3207021  100.00%

L2-Store-Hits:            440902   91.83%
L2-Store-Misses:           39242    8.17%
L2-Store-Accesses:        480144  100.00%

L2-Total-Hits:           3298298   89.45%
L2-Total-Misses:          388867   10.55%
L2-Total-Accesses:       3687165  100.00%

