--------
Total Statistics
--------
Total Instructions: 6899721478
Total Cycles: 9617258300
IPC: 0.717431

--------
Single level Tlb hierarchy
--------
  Data Tlb:
    Entries:          64
    Page Size(B):   4096
    Associativity:      4

Latencies:    0  100
Tlb-Sets:   16 - LRU - assoc:   4

Tlb Stats:
Tlb-Load-Hits:        1840024676   99.97%
Tlb-Load-Misses:          553769    0.03%
Tlb-Load-Accesses:    1840578445  100.00%

Tlb-Store-Hits:         682039772   99.99%
Tlb-Store-Misses:           53690    0.01%
Tlb-Store-Accesses:     682093462  100.00%

Tlb-Total-Hits:        2522064448   99.98%
Tlb-Total-Misses:          607459    0.02%
Tlb-Total-Accesses:    2522671907  100.00%



--------
Two level Cache hierarchy
--------
  L1-Data Cache:
    Size(KB):          32
    Block Size(B):     64
    Associativity:      8

  L2-Data Cache:
    Size(KB):        1024
    Block Size(B):    128
    Associativity:      8

Latencies:    1   15  250
L1-Sets:   64 - LRU - assoc:   8
L2-Sets: 1024 - LRU - assoc:   8
Store_allocation: Yes
L2_inclusive: Yes
L2_prefetching: Yes ( 16)

L1 Cache Stats:
L1-Load-Hits:        1837388699   99.83%
L1-Load-Misses:         3189746    0.17%
L1-Load-Accesses:    1840578445  100.00%

L1-Store-Hits:         681653707   99.94%
L1-Store-Misses:          439755    0.06%
L1-Store-Accesses:     682093462  100.00%

L1-Total-Hits:        2519042406   99.86%
L1-Total-Misses:         3629501    0.14%
L1-Total-Accesses:    2522671907  100.00%

L2 Cache Stats:
L2-Load-Hits:           2884398   90.43%
L2-Load-Misses:          305348    9.57%
L2-Load-Accesses:       3189746  100.00%

L2-Store-Hits:            426397   96.96%
L2-Store-Misses:           13358    3.04%
L2-Store-Accesses:        439755  100.00%

L2-Total-Hits:           3310795   91.22%
L2-Total-Misses:          318706    8.78%
L2-Total-Accesses:       3629501  100.00%

