--------
Total Statistics
--------
Total Instructions: 6899721503
Total Cycles: 9673950993
IPC: 0.713227

--------
Single level Tlb hierarchy
--------
  Data Tlb:
    Entries:          64
    Page Size(B):   4096
    Associativity:      4

Latencies:    0  100
Tlb-Sets:   16 - LRU - assoc:   4

Tlb Stats:
Tlb-Load-Hits:        1839959997   99.97%
Tlb-Load-Misses:          618456    0.03%
Tlb-Load-Accesses:    1840578453  100.00%

Tlb-Store-Hits:         682000287   99.99%
Tlb-Store-Misses:           93175    0.01%
Tlb-Store-Accesses:     682093462  100.00%

Tlb-Total-Hits:        2521960284   99.97%
Tlb-Total-Misses:          711631    0.03%
Tlb-Total-Accesses:    2522671915  100.00%



--------
Two level Cache hierarchy
--------
  L1-Data Cache:
    Size(KB):          32
    Block Size(B):     64
    Associativity:      8

  L2-Data Cache:
    Size(KB):        1024
    Block Size(B):    128
    Associativity:      8

Latencies:    1   15  250
L1-Sets:   64 - LRU - assoc:   8
L2-Sets: 1024 - LRU - assoc:   8
Store_allocation: Yes
L2_inclusive: Yes
L2_prefetching: Yes (  2)

L1 Cache Stats:
L1-Load-Hits:        1837304203   99.82%
L1-Load-Misses:         3274250    0.18%
L1-Load-Accesses:    1840578453  100.00%

L1-Store-Hits:         681584847   99.93%
L1-Store-Misses:          508615    0.07%
L1-Store-Accesses:     682093462  100.00%

L1-Total-Hits:        2518889050   99.85%
L1-Total-Misses:         3782865    0.15%
L1-Total-Accesses:    2522671915  100.00%

L2 Cache Stats:
L2-Load-Hits:           2844714   86.88%
L2-Load-Misses:          429536   13.12%
L2-Load-Accesses:       3274250  100.00%

L2-Store-Hits:            443545   87.21%
L2-Store-Misses:           65070   12.79%
L2-Store-Accesses:        508615  100.00%

L2-Total-Hits:           3288259   86.93%
L2-Total-Misses:          494606   13.07%
L2-Total-Accesses:       3782865  100.00%

