--------
Total Statistics
--------
Total Instructions: 6899721478
Total Cycles: 9623534090
IPC: 0.716963

--------
Single level Tlb hierarchy
--------
  Data Tlb:
    Entries:          64
    Page Size(B):   4096
    Associativity:      4

Latencies:    0  100
Tlb-Sets:   16 - LRU - assoc:   4

Tlb Stats:
Tlb-Load-Hits:        1840038277   99.97%
Tlb-Load-Misses:          540168    0.03%
Tlb-Load-Accesses:    1840578445  100.00%

Tlb-Store-Hits:         682042438   99.99%
Tlb-Store-Misses:           51024    0.01%
Tlb-Store-Accesses:     682093462  100.00%

Tlb-Total-Hits:        2522080715   99.98%
Tlb-Total-Misses:          591192    0.02%
Tlb-Total-Accesses:    2522671907  100.00%



--------
Two level Cache hierarchy
--------
  L1-Data Cache:
    Size(KB):          32
    Block Size(B):     64
    Associativity:      8

  L2-Data Cache:
    Size(KB):        1024
    Block Size(B):    128
    Associativity:      8

Latencies:    1   15  250
L1-Sets:   64 - LRU - assoc:   8
L2-Sets: 1024 - LRU - assoc:   8
Store_allocation: Yes
L2_inclusive: Yes
L2_prefetching: Yes ( 64)

L1 Cache Stats:
L1-Load-Hits:        1837508023   99.83%
L1-Load-Misses:         3070422    0.17%
L1-Load-Accesses:    1840578445  100.00%

L1-Store-Hits:         681663067   99.94%
L1-Store-Misses:          430395    0.06%
L1-Store-Accesses:     682093462  100.00%

L1-Total-Hits:        2519171090   99.86%
L1-Total-Misses:         3500817    0.14%
L1-Total-Accesses:    2522671907  100.00%

L2 Cache Stats:
L2-Load-Hits:           2722930   88.68%
L2-Load-Misses:          347492   11.32%
L2-Load-Accesses:       3070422  100.00%

L2-Store-Hits:            419850   97.55%
L2-Store-Misses:           10545    2.45%
L2-Store-Accesses:        430395  100.00%

L2-Total-Hits:           3142780   89.77%
L2-Total-Misses:          358037   10.23%
L2-Total-Accesses:       3500817  100.00%

