--------
Total Statistics
--------
Total Instructions: 19326205250
Total Cycles: 43584678463
IPC: 0.443417

--------
Single level Tlb hierarchy
--------
  Data Tlb:
    Entries:          64
    Page Size(B):   4096
    Associativity:      4

Latencies:    0  100
Tlb-Sets:   16 - LRU - assoc:   4

Tlb Stats:
Tlb-Load-Hits:        8634623979   99.62%
Tlb-Load-Misses:        33350058    0.38%
Tlb-Load-Accesses:    8667974037  100.00%

Tlb-Store-Hits:         299222772   99.95%
Tlb-Store-Misses:          145724    0.05%
Tlb-Store-Accesses:     299368496  100.00%

Tlb-Total-Hits:        8933846751   99.63%
Tlb-Total-Misses:        33495782    0.37%
Tlb-Total-Accesses:    8967342533  100.00%



--------
Two level Cache hierarchy
--------
  L1-Data Cache:
    Size(KB):          32
    Block Size(B):     64
    Associativity:      8

  L2-Data Cache:
    Size(KB):        1024
    Block Size(B):    128
    Associativity:      8

Latencies:    1   15  250
L1-Sets:   64 - LRU - assoc:   8
L2-Sets: 1024 - LRU - assoc:   8
Store_allocation: Yes
L2_inclusive: Yes
L2_prefetching: Yes ( 16)

L1 Cache Stats:
L1-Load-Hits:        8346229637   96.29%
L1-Load-Misses:       321744400    3.71%
L1-Load-Accesses:    8667974037  100.00%

L1-Store-Hits:         298174264   99.60%
L1-Store-Misses:         1194232    0.40%
L1-Store-Accesses:     299368496  100.00%

L1-Total-Hits:        8644403901   96.40%
L1-Total-Misses:       322938632    3.60%
L1-Total-Accesses:    8967342533  100.00%

L2 Cache Stats:
L2-Load-Hits:         293428275   91.20%
L2-Load-Misses:        28316125    8.80%
L2-Load-Accesses:     321744400  100.00%

L2-Store-Hits:           1120465   93.82%
L2-Store-Misses:           73767    6.18%
L2-Store-Accesses:       1194232  100.00%

L2-Total-Hits:         294548740   91.21%
L2-Total-Misses:        28389892    8.79%
L2-Total-Accesses:     322938632  100.00%

