--------
Total Statistics
--------
Total Instructions: 19326205250
Total Cycles: 43346578268
IPC: 0.445853

--------
Single level Tlb hierarchy
--------
  Data Tlb:
    Entries:          64
    Page Size(B):   4096
    Associativity:      4

Latencies:    0  100
Tlb-Sets:   16 - LRU - assoc:   4

Tlb Stats:
Tlb-Load-Hits:        8634544100   99.61%
Tlb-Load-Misses:        33429937    0.39%
Tlb-Load-Accesses:    8667974037  100.00%

Tlb-Store-Hits:         299208413   99.95%
Tlb-Store-Misses:          160083    0.05%
Tlb-Store-Accesses:     299368496  100.00%

Tlb-Total-Hits:        8933752513   99.63%
Tlb-Total-Misses:        33590020    0.37%
Tlb-Total-Accesses:    8967342533  100.00%



--------
Two level Cache hierarchy
--------
  L1-Data Cache:
    Size(KB):          32
    Block Size(B):     64
    Associativity:      8

  L2-Data Cache:
    Size(KB):        1024
    Block Size(B):    128
    Associativity:      8

Latencies:    1   15  250
L1-Sets:   64 - LRU - assoc:   8
L2-Sets: 1024 - LRU - assoc:   8
Store_allocation: Yes
L2_inclusive: Yes
L2_prefetching: Yes ( 32)

L1 Cache Stats:
L1-Load-Hits:        8350069630   96.33%
L1-Load-Misses:       317904407    3.67%
L1-Load-Accesses:    8667974037  100.00%

L1-Store-Hits:         298148754   99.59%
L1-Store-Misses:         1219742    0.41%
L1-Store-Accesses:     299368496  100.00%

L1-Total-Hits:        8648218384   96.44%
L1-Total-Misses:       319124149    3.56%
L1-Total-Accesses:    8967342533  100.00%

L2 Cache Stats:
L2-Load-Hits:         290367642   91.34%
L2-Load-Misses:        27536765    8.66%
L2-Load-Accesses:     317904407  100.00%

L2-Store-Hits:           1127842   92.47%
L2-Store-Misses:           91900    7.53%
L2-Store-Accesses:       1219742  100.00%

L2-Total-Hits:         291495484   91.34%
L2-Total-Misses:        27628665    8.66%
L2-Total-Accesses:     319124149  100.00%

