--------
Total Statistics
--------
Total Instructions: 19326205275
Total Cycles: 43933843411
IPC: 0.439893

--------
Single level Tlb hierarchy
--------
  Data Tlb:
    Entries:          64
    Page Size(B):   4096
    Associativity:      4

Latencies:    0  100
Tlb-Sets:   16 - LRU - assoc:   4

Tlb Stats:
Tlb-Load-Hits:        8634613171   99.62%
Tlb-Load-Misses:        33360874    0.38%
Tlb-Load-Accesses:    8667974045  100.00%

Tlb-Store-Hits:         299232308   99.95%
Tlb-Store-Misses:          136188    0.05%
Tlb-Store-Accesses:     299368496  100.00%

Tlb-Total-Hits:        8933845479   99.63%
Tlb-Total-Misses:        33497062    0.37%
Tlb-Total-Accesses:    8967342541  100.00%



--------
Two level Cache hierarchy
--------
  L1-Data Cache:
    Size(KB):          32
    Block Size(B):     64
    Associativity:      8

  L2-Data Cache:
    Size(KB):        1024
    Block Size(B):    128
    Associativity:      8

Latencies:    1   15  250
L1-Sets:   64 - LRU - assoc:   8
L2-Sets: 1024 - LRU - assoc:   8
Store_allocation: Yes
L2_inclusive: Yes
L2_prefetching: Yes (  8)

L1 Cache Stats:
L1-Load-Hits:        8344776290   96.27%
L1-Load-Misses:       323197755    3.73%
L1-Load-Accesses:    8667974045  100.00%

L1-Store-Hits:         298184008   99.60%
L1-Store-Misses:         1184488    0.40%
L1-Store-Accesses:     299368496  100.00%

L1-Total-Hits:        8642960298   96.38%
L1-Total-Misses:       324382243    3.62%
L1-Total-Accesses:    8967342541  100.00%

L2 Cache Stats:
L2-Load-Hits:         293568640   90.83%
L2-Load-Misses:        29629115    9.17%
L2-Load-Accesses:     323197755  100.00%

L2-Store-Hits:           1114180   94.06%
L2-Store-Misses:           70308    5.94%
L2-Store-Accesses:       1184488  100.00%

L2-Total-Hits:         294682820   90.84%
L2-Total-Misses:        29699423    9.16%
L2-Total-Accesses:     324382243  100.00%

