--------
Total Statistics
--------
Total Instructions: 19326205275
Total Cycles: 43265314611
IPC: 0.446691

--------
Single level Tlb hierarchy
--------
  Data Tlb:
    Entries:          64
    Page Size(B):   4096
    Associativity:      4

Latencies:    0  100
Tlb-Sets:   16 - LRU - assoc:   4

Tlb Stats:
Tlb-Load-Hits:        8634592388   99.61%
Tlb-Load-Misses:        33381657    0.39%
Tlb-Load-Accesses:    8667974045  100.00%

Tlb-Store-Hits:         299232626   99.95%
Tlb-Store-Misses:          135870    0.05%
Tlb-Store-Accesses:     299368496  100.00%

Tlb-Total-Hits:        8933825014   99.63%
Tlb-Total-Misses:        33517527    0.37%
Tlb-Total-Accesses:    8967342541  100.00%



--------
Two level Cache hierarchy
--------
  L1-Data Cache:
    Size(KB):          32
    Block Size(B):     64
    Associativity:      8

  L2-Data Cache:
    Size(KB):        1024
    Block Size(B):    128
    Associativity:      8

Latencies:    1   15  250
L1-Sets:   64 - LRU - assoc:   8
L2-Sets: 1024 - LRU - assoc:   8
Store_allocation: Yes
L2_inclusive: Yes
L2_prefetching: Yes ( 64)

L1 Cache Stats:
L1-Load-Hits:        8350553466   96.34%
L1-Load-Misses:       317420579    3.66%
L1-Load-Accesses:    8667974045  100.00%

L1-Store-Hits:         298124602   99.58%
L1-Store-Misses:         1243894    0.42%
L1-Store-Accesses:     299368496  100.00%

L1-Total-Hits:        8648678068   96.45%
L1-Total-Misses:       318664473    3.55%
L1-Total-Accesses:    8967342541  100.00%

L2 Cache Stats:
L2-Load-Hits:         290197087   91.42%
L2-Load-Misses:        27223492    8.58%
L2-Load-Accesses:     317420579  100.00%

L2-Store-Hits:           1107198   89.01%
L2-Store-Misses:          136696   10.99%
L2-Store-Accesses:       1243894  100.00%

L2-Total-Hits:         291304285   91.41%
L2-Total-Misses:        27360188    8.59%
L2-Total-Accesses:     318664473  100.00%

