--------
Total Statistics
--------
Total Instructions: 19326205275
Total Cycles: 52219749146
IPC: 0.370094

--------
Single level Tlb hierarchy
--------
  Data Tlb:
    Entries:          64
    Page Size(B):   4096
    Associativity:      4

Latencies:    0  100
Tlb-Sets:   16 - LRU - assoc:   4

Tlb Stats:
Tlb-Load-Hits:        8634622749   99.62%
Tlb-Load-Misses:        33351296    0.38%
Tlb-Load-Accesses:    8667974045  100.00%

Tlb-Store-Hits:         299221549   99.95%
Tlb-Store-Misses:          146947    0.05%
Tlb-Store-Accesses:     299368496  100.00%

Tlb-Total-Hits:        8933844298   99.63%
Tlb-Total-Misses:        33498243    0.37%
Tlb-Total-Accesses:    8967342541  100.00%



--------
Two level Cache hierarchy
--------
  L1-Data Cache:
    Size(KB):          32
    Block Size(B):     64
    Associativity:      8

  L2-Data Cache:
    Size(KB):        1024
    Block Size(B):    128
    Associativity:      8

Latencies:    1   15  250
L1-Sets:   64 - LRU - assoc:   8
L2-Sets: 1024 - LRU - assoc:   8
Store_allocation: Yes
L2_inclusive: Yes
L2_prefetching: Yes (  2)

L1 Cache Stats:
L1-Load-Hits:        8307944245   95.85%
L1-Load-Misses:       360029800    4.15%
L1-Load-Accesses:    8667974045  100.00%

L1-Store-Hits:         297868244   99.50%
L1-Store-Misses:         1500252    0.50%
L1-Store-Accesses:     299368496  100.00%

L1-Total-Hits:        8605812489   95.97%
L1-Total-Misses:       361530052    4.03%
L1-Total-Accesses:    8967342541  100.00%

L2 Cache Stats:
L2-Load-Hits:         299581720   83.21%
L2-Load-Misses:        60448080   16.79%
L2-Load-Accesses:     360029800  100.00%

L2-Store-Hits:           1334627   88.96%
L2-Store-Misses:          165625   11.04%
L2-Store-Accesses:       1500252  100.00%

L2-Total-Hits:         300916347   83.23%
L2-Total-Misses:        60613705   16.77%
L2-Total-Accesses:     361530052  100.00%

