--------
Total Statistics
--------
Total Instructions: 19326205250
Total Cycles: 60022898963
IPC: 0.321981

--------
Single level Tlb hierarchy
--------
  Data Tlb:
    Entries:          64
    Page Size(B):   4096
    Associativity:      4

Latencies:    0  100
Tlb-Sets:   16 - LRU - assoc:   4

Tlb Stats:
Tlb-Load-Hits:        8634640703   99.62%
Tlb-Load-Misses:        33333334    0.38%
Tlb-Load-Accesses:    8667974037  100.00%

Tlb-Store-Hits:         299221396   99.95%
Tlb-Store-Misses:          147100    0.05%
Tlb-Store-Accesses:     299368496  100.00%

Tlb-Total-Hits:        8933862099   99.63%
Tlb-Total-Misses:        33480434    0.37%
Tlb-Total-Accesses:    8967342533  100.00%



--------
Two level Cache hierarchy
--------
  L1-Data Cache:
    Size(KB):          32
    Block Size(B):     64
    Associativity:      8

  L2-Data Cache:
    Size(KB):        1024
    Block Size(B):    128
    Associativity:      8

Latencies:    1   15  250
L1-Sets:   64 - LRU - assoc:   8
L2-Sets: 1024 - LRU - assoc:   8
Store_allocation: Yes
L2_inclusive: Yes
L2_prefetching: Yes (  1)

L1 Cache Stats:
L1-Load-Hits:        8274214273   95.46%
L1-Load-Misses:       393759764    4.54%
L1-Load-Accesses:    8667974037  100.00%

L1-Store-Hits:         297623358   99.42%
L1-Store-Misses:         1745138    0.58%
L1-Store-Accesses:     299368496  100.00%

L1-Total-Hits:        8571837631   95.59%
L1-Total-Misses:       395504902    4.41%
L1-Total-Accesses:    8967342533  100.00%

L2 Cache Stats:
L2-Load-Hits:         304208095   77.26%
L2-Load-Misses:        89551669   22.74%
L2-Load-Accesses:     393759764  100.00%

L2-Store-Hits:           1501870   86.06%
L2-Store-Misses:          243268   13.94%
L2-Store-Accesses:       1745138  100.00%

L2-Total-Hits:         305709965   77.30%
L2-Total-Misses:        89794937   22.70%
L2-Total-Accesses:     395504902  100.00%

