--------
Total Statistics
--------
Total Instructions: 19326205275
Total Cycles: 44419540121
IPC: 0.435083

--------
Single level Tlb hierarchy
--------
  Data Tlb:
    Entries:          64
    Page Size(B):   4096
    Associativity:      4

Latencies:    0  100
Tlb-Sets:   16 - LRU - assoc:   4

Tlb Stats:
Tlb-Load-Hits:        8634609567   99.62%
Tlb-Load-Misses:        33364478    0.38%
Tlb-Load-Accesses:    8667974045  100.00%

Tlb-Store-Hits:         299226115   99.95%
Tlb-Store-Misses:          142381    0.05%
Tlb-Store-Accesses:     299368496  100.00%

Tlb-Total-Hits:        8933835682   99.63%
Tlb-Total-Misses:        33506859    0.37%
Tlb-Total-Accesses:    8967342541  100.00%



--------
Two level Cache hierarchy
--------
  L1-Data Cache:
    Size(KB):          32
    Block Size(B):     64
    Associativity:      8

  L2-Data Cache:
    Size(KB):        1024
    Block Size(B):    128
    Associativity:      8

Latencies:    1   15  250
L1-Sets:   64 - LRU - assoc:   8
L2-Sets: 1024 - LRU - assoc:   8
Store_allocation: Yes
L2_inclusive: Yes
L2_prefetching: Yes (  4)

L1 Cache Stats:
L1-Load-Hits:        8342115739   96.24%
L1-Load-Misses:       325858306    3.76%
L1-Load-Accesses:    8667974045  100.00%

L1-Store-Hits:         298135275   99.59%
L1-Store-Misses:         1233221    0.41%
L1-Store-Accesses:     299368496  100.00%

L1-Total-Hits:        8640251014   96.35%
L1-Total-Misses:       327091527    3.65%
L1-Total-Accesses:    8967342541  100.00%

L2 Cache Stats:
L2-Load-Hits:         294485416   90.37%
L2-Load-Misses:        31372890    9.63%
L2-Load-Accesses:     325858306  100.00%

L2-Store-Hits:           1130377   91.66%
L2-Store-Misses:          102844    8.34%
L2-Store-Accesses:       1233221  100.00%

L2-Total-Hits:         295615793   90.38%
L2-Total-Misses:        31475734    9.62%
L2-Total-Accesses:     327091527  100.00%

