--------
Total Statistics
--------
Total Instructions: 27912831115
Total Cycles: 39786152505
IPC: 0.701572

--------
Single level Tlb hierarchy
--------
  Data Tlb:
    Entries:          64
    Page Size(B):   4096
    Associativity:      4

Latencies:    0  100
Tlb-Sets:   16 - LRU - assoc:   4

Tlb Stats:
Tlb-Load-Hits:        7668528803   99.99%
Tlb-Load-Misses:          789074    0.01%
Tlb-Load-Accesses:    7669317877  100.00%

Tlb-Store-Hits:        2317315972  100.00%
Tlb-Store-Misses:           65806    0.00%
Tlb-Store-Accesses:    2317381778  100.00%

Tlb-Total-Hits:        9985844775   99.99%
Tlb-Total-Misses:          854880    0.01%
Tlb-Total-Accesses:    9986699655  100.00%



--------
Two level Cache hierarchy
--------
  L1-Data Cache:
    Size(KB):          32
    Block Size(B):     64
    Associativity:      8

  L2-Data Cache:
    Size(KB):        1024
    Block Size(B):    128
    Associativity:      8

Latencies:    1   15  250
L1-Sets:   64 - LRU - assoc:   8
L2-Sets: 1024 - LRU - assoc:   8
Store_allocation: Yes
L2_inclusive: Yes
L2_prefetching: Yes (  8)

L1 Cache Stats:
L1-Load-Hits:        7602961969   99.13%
L1-Load-Misses:        66355908    0.87%
L1-Load-Accesses:    7669317877  100.00%

L1-Store-Hits:        2263695687   97.68%
L1-Store-Misses:        53686091    2.32%
L1-Store-Accesses:    2317381778  100.00%

L1-Total-Hits:        9866657656   98.80%
L1-Total-Misses:       120041999    1.20%
L1-Total-Accesses:    9986699655  100.00%

L2 Cache Stats:
L2-Load-Hits:          66355580  100.00%
L2-Load-Misses:             328    0.00%
L2-Load-Accesses:      66355908  100.00%

L2-Store-Hits:          53684404  100.00%
L2-Store-Misses:            1687    0.00%
L2-Store-Accesses:      53686091  100.00%

L2-Total-Hits:         120039984  100.00%
L2-Total-Misses:            2015    0.00%
L2-Total-Accesses:     120041999  100.00%

