--------
Total Statistics
--------
Total Instructions: 27912831115
Total Cycles: 39735226810
IPC: 0.702471

--------
Single level Tlb hierarchy
--------
  Data Tlb:
    Entries:          64
    Page Size(B):   4096
    Associativity:      4

Latencies:    0  100
Tlb-Sets:   16 - LRU - assoc:   4

Tlb Stats:
Tlb-Load-Hits:        7668944057  100.00%
Tlb-Load-Misses:          373820    0.00%
Tlb-Load-Accesses:    7669317877  100.00%

Tlb-Store-Hits:        2317381094  100.00%
Tlb-Store-Misses:             684    0.00%
Tlb-Store-Accesses:    2317381778  100.00%

Tlb-Total-Hits:        9986325151  100.00%
Tlb-Total-Misses:          374504    0.00%
Tlb-Total-Accesses:    9986699655  100.00%



--------
Two level Cache hierarchy
--------
  L1-Data Cache:
    Size(KB):          32
    Block Size(B):     64
    Associativity:      8

  L2-Data Cache:
    Size(KB):        1024
    Block Size(B):    128
    Associativity:      8

Latencies:    1   15  250
L1-Sets:   64 - LRU - assoc:   8
L2-Sets: 1024 - LRU - assoc:   8
Store_allocation: Yes
L2_inclusive: Yes
L2_prefetching: Yes ( 16)

L1 Cache Stats:
L1-Load-Hits:        7603093462   99.14%
L1-Load-Misses:        66224415    0.86%
L1-Load-Accesses:    7669317877  100.00%

L1-Store-Hits:        2263740717   97.69%
L1-Store-Misses:        53641061    2.31%
L1-Store-Accesses:    2317381778  100.00%

L1-Total-Hits:        9866834179   98.80%
L1-Total-Misses:       119865476    1.20%
L1-Total-Accesses:    9986699655  100.00%

L2 Cache Stats:
L2-Load-Hits:          66224212  100.00%
L2-Load-Misses:             203    0.00%
L2-Load-Accesses:      66224415  100.00%

L2-Store-Hits:          53640210  100.00%
L2-Store-Misses:             851    0.00%
L2-Store-Accesses:      53641061  100.00%

L2-Total-Hits:         119864422  100.00%
L2-Total-Misses:            1054    0.00%
L2-Total-Accesses:     119865476  100.00%

