--------
Total Statistics
--------
Total Instructions: 27912831115
Total Cycles: 39697899780
IPC: 0.703131

--------
Single level Tlb hierarchy
--------
  Data Tlb:
    Entries:          64
    Page Size(B):   4096
    Associativity:      4

Latencies:    0  100
Tlb-Sets:   16 - LRU - assoc:   4

Tlb Stats:
Tlb-Load-Hits:        7669311337  100.00%
Tlb-Load-Misses:            6540    0.00%
Tlb-Load-Accesses:    7669317877  100.00%

Tlb-Store-Hits:        2317380811  100.00%
Tlb-Store-Misses:             967    0.00%
Tlb-Store-Accesses:    2317381778  100.00%

Tlb-Total-Hits:        9986692148  100.00%
Tlb-Total-Misses:            7507    0.00%
Tlb-Total-Accesses:    9986699655  100.00%



--------
Two level Cache hierarchy
--------
  L1-Data Cache:
    Size(KB):          32
    Block Size(B):     64
    Associativity:      8

  L2-Data Cache:
    Size(KB):        1024
    Block Size(B):    128
    Associativity:      8

Latencies:    1   15  250
L1-Sets:   64 - LRU - assoc:   8
L2-Sets: 1024 - LRU - assoc:   8
Store_allocation: Yes
L2_inclusive: Yes
L2_prefetching: Yes (  1)

L1 Cache Stats:
L1-Load-Hits:        7603155449   99.14%
L1-Load-Misses:        66162428    0.86%
L1-Load-Accesses:    7669317877  100.00%

L1-Store-Hits:        2263805702   97.69%
L1-Store-Misses:        53576076    2.31%
L1-Store-Accesses:    2317381778  100.00%

L1-Total-Hits:        9866961151   98.80%
L1-Total-Misses:       119738504    1.20%
L1-Total-Accesses:    9986699655  100.00%

L2 Cache Stats:
L2-Load-Hits:          66161388  100.00%
L2-Load-Misses:            1040    0.00%
L2-Load-Accesses:      66162428  100.00%

L2-Store-Hits:          53570953   99.99%
L2-Store-Misses:            5123    0.01%
L2-Store-Accesses:      53576076  100.00%

L2-Total-Hits:         119732341   99.99%
L2-Total-Misses:            6163    0.01%
L2-Total-Accesses:     119738504  100.00%

