--------
Total Statistics
--------
Total Instructions: 27912831115
Total Cycles: 39703447340
IPC: 0.703033

--------
Single level Tlb hierarchy
--------
  Data Tlb:
    Entries:          64
    Page Size(B):   4096
    Associativity:      4

Latencies:    0  100
Tlb-Sets:   16 - LRU - assoc:   4

Tlb Stats:
Tlb-Load-Hits:        7669231043  100.00%
Tlb-Load-Misses:           86834    0.00%
Tlb-Load-Accesses:    7669317877  100.00%

Tlb-Store-Hits:        2317380854  100.00%
Tlb-Store-Misses:             924    0.00%
Tlb-Store-Accesses:    2317381778  100.00%

Tlb-Total-Hits:        9986611897  100.00%
Tlb-Total-Misses:           87758    0.00%
Tlb-Total-Accesses:    9986699655  100.00%



--------
Two level Cache hierarchy
--------
  L1-Data Cache:
    Size(KB):          32
    Block Size(B):     64
    Associativity:      8

  L2-Data Cache:
    Size(KB):        1024
    Block Size(B):    128
    Associativity:      8

Latencies:    1   15  250
L1-Sets:   64 - LRU - assoc:   8
L2-Sets: 1024 - LRU - assoc:   8
Store_allocation: Yes
L2_inclusive: Yes
L2_prefetching: Yes ( 32)

L1 Cache Stats:
L1-Load-Hits:        7603330686   99.14%
L1-Load-Misses:        65987191    0.86%
L1-Load-Accesses:    7669317877  100.00%

L1-Store-Hits:        2263701301   97.68%
L1-Store-Misses:        53680477    2.32%
L1-Store-Accesses:    2317381778  100.00%

L1-Total-Hits:        9867031987   98.80%
L1-Total-Misses:       119667668    1.20%
L1-Total-Accesses:    9986699655  100.00%

L2 Cache Stats:
L2-Load-Hits:          65987076  100.00%
L2-Load-Misses:             115    0.00%
L2-Load-Accesses:      65987191  100.00%

L2-Store-Hits:          53680089  100.00%
L2-Store-Misses:             388    0.00%
L2-Store-Accesses:      53680477  100.00%

L2-Total-Hits:         119667165  100.00%
L2-Total-Misses:             503    0.00%
L2-Total-Accesses:     119667668  100.00%

