--------
Total Statistics
--------
Total Instructions: 27912831090
Total Cycles: 39703084537
IPC: 0.703039

--------
Single level Tlb hierarchy
--------
  Data Tlb:
    Entries:          64
    Page Size(B):   4096
    Associativity:      4

Latencies:    0  100
Tlb-Sets:   16 - LRU - assoc:   4

Tlb Stats:
Tlb-Load-Hits:        7669236996  100.00%
Tlb-Load-Misses:           80873    0.00%
Tlb-Load-Accesses:    7669317869  100.00%

Tlb-Store-Hits:        2317381179  100.00%
Tlb-Store-Misses:             599    0.00%
Tlb-Store-Accesses:    2317381778  100.00%

Tlb-Total-Hits:        9986618175  100.00%
Tlb-Total-Misses:           81472    0.00%
Tlb-Total-Accesses:    9986699647  100.00%



--------
Two level Cache hierarchy
--------
  L1-Data Cache:
    Size(KB):          32
    Block Size(B):     64
    Associativity:      8

  L2-Data Cache:
    Size(KB):        1024
    Block Size(B):    128
    Associativity:      8

Latencies:    1   15  250
L1-Sets:   64 - LRU - assoc:   8
L2-Sets: 1024 - LRU - assoc:   8
Store_allocation: Yes
L2_inclusive: Yes
L2_prefetching: Yes (  4)

L1 Cache Stats:
L1-Load-Hits:        7603281147   99.14%
L1-Load-Misses:        66036722    0.86%
L1-Load-Accesses:    7669317869  100.00%

L1-Store-Hits:        2263773460   97.69%
L1-Store-Misses:        53608318    2.31%
L1-Store-Accesses:    2317381778  100.00%

L1-Total-Hits:        9867054607   98.80%
L1-Total-Misses:       119645040    1.20%
L1-Total-Accesses:    9986699647  100.00%

L2 Cache Stats:
L2-Load-Hits:          66036258  100.00%
L2-Load-Misses:             464    0.00%
L2-Load-Accesses:      66036722  100.00%

L2-Store-Hits:          53605858  100.00%
L2-Store-Misses:            2460    0.00%
L2-Store-Accesses:      53608318  100.00%

L2-Total-Hits:         119642116  100.00%
L2-Total-Misses:            2924    0.00%
L2-Total-Accesses:     119645040  100.00%

