--------
Total Statistics
--------
Total Instructions: 27912831115
Total Cycles: 39764676690
IPC: 0.70195

--------
Single level Tlb hierarchy
--------
  Data Tlb:
    Entries:          64
    Page Size(B):   4096
    Associativity:      4

Latencies:    0  100
Tlb-Sets:   16 - LRU - assoc:   4

Tlb Stats:
Tlb-Load-Hits:        7668727787   99.99%
Tlb-Load-Misses:          590090    0.01%
Tlb-Load-Accesses:    7669317877  100.00%

Tlb-Store-Hits:        2317314289  100.00%
Tlb-Store-Misses:           67489    0.00%
Tlb-Store-Accesses:    2317381778  100.00%

Tlb-Total-Hits:        9986042076   99.99%
Tlb-Total-Misses:          657579    0.01%
Tlb-Total-Accesses:    9986699655  100.00%



--------
Two level Cache hierarchy
--------
  L1-Data Cache:
    Size(KB):          32
    Block Size(B):     64
    Associativity:      8

  L2-Data Cache:
    Size(KB):        1024
    Block Size(B):    128
    Associativity:      8

Latencies:    1   15  250
L1-Sets:   64 - LRU - assoc:   8
L2-Sets: 1024 - LRU - assoc:   8
Store_allocation: Yes
L2_inclusive: Yes
L2_prefetching: Yes (  2)

L1 Cache Stats:
L1-Load-Hits:        7602990182   99.14%
L1-Load-Misses:        66327695    0.86%
L1-Load-Accesses:    7669317877  100.00%

L1-Store-Hits:        2263821105   97.69%
L1-Store-Misses:        53560673    2.31%
L1-Store-Accesses:    2317381778  100.00%

L1-Total-Hits:        9866811287   98.80%
L1-Total-Misses:       119888368    1.20%
L1-Total-Accesses:    9986699655  100.00%

L2 Cache Stats:
L2-Load-Hits:          66326946  100.00%
L2-Load-Misses:             749    0.00%
L2-Load-Accesses:      66327695  100.00%

L2-Store-Hits:          53557172   99.99%
L2-Store-Misses:            3501    0.01%
L2-Store-Accesses:      53560673  100.00%

L2-Total-Hits:         119884118  100.00%
L2-Total-Misses:            4250    0.00%
L2-Total-Accesses:     119888368  100.00%

