--------
Total Statistics
--------
Total Instructions: 2172105006
Total Cycles: 6853492393
IPC: 0.316934

--------
Single level Tlb hierarchy
--------
  Data Tlb:
    Entries:          64
    Page Size(B):   4096
    Associativity:      4

Latencies:    0  100
Tlb-Sets:   16 - LRU - assoc:   4

Tlb Stats:
Tlb-Load-Hits:         567190110   94.21%
Tlb-Load-Misses:        34832926    5.79%
Tlb-Load-Accesses:     602023036  100.00%

Tlb-Store-Hits:         130400705   99.68%
Tlb-Store-Misses:          421401    0.32%
Tlb-Store-Accesses:     130822106  100.00%

Tlb-Total-Hits:         697590815   95.19%
Tlb-Total-Misses:        35254327    4.81%
Tlb-Total-Accesses:     732845142  100.00%



--------
Two level Cache hierarchy
--------
  L1-Data Cache:
    Size(KB):         128
    Block Size(B):     64
    Associativity:      8

  L2-Data Cache:
    Size(KB):        1024
    Block Size(B):    128
    Associativity:      8

Latencies:    1   15  250
L1-Sets:  256 - LRU - assoc:   8
L2-Sets: 1024 - LRU - assoc:   8
Store_allocation: Yes
L2_inclusive: Yes
L2_prefetching: No

L1 Cache Stats:
L1-Load-Hits:         598328259   99.39%
L1-Load-Misses:         3694777    0.61%
L1-Load-Accesses:     602023036  100.00%

L1-Store-Hits:         130208680   99.53%
L1-Store-Misses:          613426    0.47%
L1-Store-Accesses:     130822106  100.00%

L1-Total-Hits:         728536939   99.41%
L1-Total-Misses:         4308203    0.59%
L1-Total-Accesses:     732845142  100.00%

L2 Cache Stats:
L2-Load-Hits:           2465736   66.74%
L2-Load-Misses:         1229041   33.26%
L2-Load-Accesses:       3694777  100.00%

L2-Store-Hits:            408521   66.60%
L2-Store-Misses:          204905   33.40%
L2-Store-Accesses:        613426  100.00%

L2-Total-Hits:           2874257   66.72%
L2-Total-Misses:         1433946   33.28%
L2-Total-Accesses:       4308203  100.00%

