--------
Total Statistics
--------
Total Instructions: 2172104981
Total Cycles: 6896557070
IPC: 0.314955

--------
Single level Tlb hierarchy
--------
  Data Tlb:
    Entries:          64
    Page Size(B):   4096
    Associativity:      4

Latencies:    0  100
Tlb-Sets:   16 - LRU - assoc:   4

Tlb Stats:
Tlb-Load-Hits:         567190102   94.21%
Tlb-Load-Misses:        34832926    5.79%
Tlb-Load-Accesses:     602023028  100.00%

Tlb-Store-Hits:         130400605   99.68%
Tlb-Store-Misses:          421501    0.32%
Tlb-Store-Accesses:     130822106  100.00%

Tlb-Total-Hits:         697590707   95.19%
Tlb-Total-Misses:        35254427    4.81%
Tlb-Total-Accesses:     732845134  100.00%



--------
Two level Cache hierarchy
--------
  L1-Data Cache:
    Size(KB):         128
    Block Size(B):     32
    Associativity:      8

  L2-Data Cache:
    Size(KB):        1024
    Block Size(B):    128
    Associativity:      8

Latencies:    1   15  250
L1-Sets:  512 - LRU - assoc:   8
L2-Sets: 1024 - LRU - assoc:   8
Store_allocation: Yes
L2_inclusive: Yes
L2_prefetching: No

L1 Cache Stats:
L1-Load-Hits:         595870204   98.98%
L1-Load-Misses:         6152824    1.02%
L1-Load-Accesses:     602023028  100.00%

L1-Store-Hits:         129799813   99.22%
L1-Store-Misses:         1022293    0.78%
L1-Store-Accesses:     130822106  100.00%

L1-Total-Hits:         725670017   99.02%
L1-Total-Misses:         7175117    0.98%
L1-Total-Accesses:     732845134  100.00%

L2 Cache Stats:
L2-Load-Hits:           4923579   80.02%
L2-Load-Misses:         1229245   19.98%
L2-Load-Accesses:       6152824  100.00%

L2-Store-Hits:            817388   79.96%
L2-Store-Misses:          204905   20.04%
L2-Store-Accesses:       1022293  100.00%

L2-Total-Hits:           5740967   80.01%
L2-Total-Misses:         1434150   19.99%
L2-Total-Accesses:       7175117  100.00%

