--------
Total Statistics
--------
Total Instructions: 2172105006
Total Cycles: 6855671433
IPC: 0.316833

--------
Single level Tlb hierarchy
--------
  Data Tlb:
    Entries:          64
    Page Size(B):   4096
    Associativity:      4

Latencies:    0  100
Tlb-Sets:   16 - LRU - assoc:   4

Tlb Stats:
Tlb-Load-Hits:         567185409   94.21%
Tlb-Load-Misses:        34837627    5.79%
Tlb-Load-Accesses:     602023036  100.00%

Tlb-Store-Hits:         130385405   99.67%
Tlb-Store-Misses:          436701    0.33%
Tlb-Store-Accesses:     130822106  100.00%

Tlb-Total-Hits:         697570814   95.19%
Tlb-Total-Misses:        35274328    4.81%
Tlb-Total-Accesses:     732845142  100.00%



--------
Two level Cache hierarchy
--------
  L1-Data Cache:
    Size(KB):          64
    Block Size(B):     64
    Associativity:      8

  L2-Data Cache:
    Size(KB):        1024
    Block Size(B):    128
    Associativity:      8

Latencies:    1   15  250
L1-Sets:  128 - LRU - assoc:   8
L2-Sets: 1024 - LRU - assoc:   8
Store_allocation: Yes
L2_inclusive: Yes
L2_prefetching: No

L1 Cache Stats:
L1-Load-Hits:         598323218   99.39%
L1-Load-Misses:         3699818    0.61%
L1-Load-Accesses:     602023036  100.00%

L1-Store-Hits:         130208475   99.53%
L1-Store-Misses:          613631    0.47%
L1-Store-Accesses:     130822106  100.00%

L1-Total-Hits:         728531693   99.41%
L1-Total-Misses:         4313449    0.59%
L1-Total-Accesses:     732845142  100.00%

L2 Cache Stats:
L2-Load-Hits:           2470576   66.78%
L2-Load-Misses:         1229242   33.22%
L2-Load-Accesses:       3699818  100.00%

L2-Store-Hits:            408526   66.58%
L2-Store-Misses:          205105   33.42%
L2-Store-Accesses:        613631  100.00%

L2-Total-Hits:           2879102   66.75%
L2-Total-Misses:         1434347   33.25%
L2-Total-Accesses:       4313449  100.00%

