--------
Total Statistics
--------
Total Instructions: 2172105006
Total Cycles: 6896623643
IPC: 0.314952

--------
Single level Tlb hierarchy
--------
  Data Tlb:
    Entries:          64
    Page Size(B):   4096
    Associativity:      4

Latencies:    0  100
Tlb-Sets:   16 - LRU - assoc:   4

Tlb Stats:
Tlb-Load-Hits:         567190409   94.21%
Tlb-Load-Misses:        34832627    5.79%
Tlb-Load-Accesses:     602023036  100.00%

Tlb-Store-Hits:         130400805   99.68%
Tlb-Store-Misses:          421301    0.32%
Tlb-Store-Accesses:     130822106  100.00%

Tlb-Total-Hits:         697591214   95.19%
Tlb-Total-Misses:        35253928    4.81%
Tlb-Total-Accesses:     732845142  100.00%



--------
Two level Cache hierarchy
--------
  L1-Data Cache:
    Size(KB):          64
    Block Size(B):     32
    Associativity:      8

  L2-Data Cache:
    Size(KB):        1024
    Block Size(B):    128
    Associativity:      8

Latencies:    1   15  250
L1-Sets:  256 - LRU - assoc:   8
L2-Sets: 1024 - LRU - assoc:   8
Store_allocation: Yes
L2_inclusive: Yes
L2_prefetching: No

L1 Cache Stats:
L1-Load-Hits:         595866000   98.98%
L1-Load-Misses:         6157036    1.02%
L1-Load-Accesses:     602023036  100.00%

L1-Store-Hits:         129789529   99.21%
L1-Store-Misses:         1032577    0.79%
L1-Store-Accesses:     130822106  100.00%

L1-Total-Hits:         725655529   99.02%
L1-Total-Misses:         7189613    0.98%
L1-Total-Accesses:     732845142  100.00%

L2 Cache Stats:
L2-Load-Hits:           4928195   80.04%
L2-Load-Misses:         1228841   19.96%
L2-Load-Accesses:       6157036  100.00%

L2-Store-Hits:            827672   80.16%
L2-Store-Misses:          204905   19.84%
L2-Store-Accesses:       1032577  100.00%

L2-Total-Hits:           5755867   80.06%
L2-Total-Misses:         1433746   19.94%
L2-Total-Accesses:       7189613  100.00%

