--------
Total Statistics
--------
Total Instructions: 2172104981
Total Cycles: 6896985525
IPC: 0.314935

--------
Single level Tlb hierarchy
--------
  Data Tlb:
    Entries:          64
    Page Size(B):   4096
    Associativity:      4

Latencies:    0  100
Tlb-Sets:   16 - LRU - assoc:   4

Tlb Stats:
Tlb-Load-Hits:         567190302   94.21%
Tlb-Load-Misses:        34832726    5.79%
Tlb-Load-Accesses:     602023028  100.00%

Tlb-Store-Hits:         130401005   99.68%
Tlb-Store-Misses:          421101    0.32%
Tlb-Store-Accesses:     130822106  100.00%

Tlb-Total-Hits:         697591307   95.19%
Tlb-Total-Misses:        35253827    4.81%
Tlb-Total-Accesses:     732845134  100.00%



--------
Two level Cache hierarchy
--------
  L1-Data Cache:
    Size(KB):          32
    Block Size(B):     32
    Associativity:      8

  L2-Data Cache:
    Size(KB):        1024
    Block Size(B):    128
    Associativity:      8

Latencies:    1   15  250
L1-Sets:  128 - LRU - assoc:   8
L2-Sets: 1024 - LRU - assoc:   8
Store_allocation: Yes
L2_inclusive: Yes
L2_prefetching: No

L1 Cache Stats:
L1-Load-Hits:         595848799   98.97%
L1-Load-Misses:         6174229    1.03%
L1-Load-Accesses:     602023028  100.00%

L1-Store-Hits:         129786871   99.21%
L1-Store-Misses:         1035235    0.79%
L1-Store-Accesses:     130822106  100.00%

L1-Total-Hits:         725635670   99.02%
L1-Total-Misses:         7209464    0.98%
L1-Total-Accesses:     732845134  100.00%

L2 Cache Stats:
L2-Load-Hits:           4945090   80.09%
L2-Load-Misses:         1229139   19.91%
L2-Load-Accesses:       6174229  100.00%

L2-Store-Hits:            830331   80.21%
L2-Store-Misses:          204904   19.79%
L2-Store-Accesses:       1035235  100.00%

L2-Total-Hits:           5775421   80.11%
L2-Total-Misses:         1434043   19.89%
L2-Total-Accesses:       7209464  100.00%

