--------
Total Statistics
--------
Total Instructions: 2172104981
Total Cycles: 7304487670
IPC: 0.297366

--------
Single level Tlb hierarchy
--------
  Data Tlb:
    Entries:          64
    Page Size(B):   4096
    Associativity:      4

Latencies:    0  100
Tlb-Sets:   16 - LRU - assoc:   4

Tlb Stats:
Tlb-Load-Hits:         567190402   94.21%
Tlb-Load-Misses:        34832626    5.79%
Tlb-Load-Accesses:     602023028  100.00%

Tlb-Store-Hits:         130400805   99.68%
Tlb-Store-Misses:          421301    0.32%
Tlb-Store-Accesses:     130822106  100.00%

Tlb-Total-Hits:         697591207   95.19%
Tlb-Total-Misses:        35253927    4.81%
Tlb-Total-Accesses:     732845134  100.00%



--------
Two level Cache hierarchy
--------
  L1-Data Cache:
    Size(KB):          64
    Block Size(B):     64
    Associativity:      4

  L2-Data Cache:
    Size(KB):        1024
    Block Size(B):    128
    Associativity:      8

Latencies:    1   15  250
L1-Sets:  256 - LRU - assoc:   4
L2-Sets: 1024 - LRU - assoc:   8
Store_allocation: Yes
L2_inclusive: Yes
L2_prefetching: No

L1 Cache Stats:
L1-Load-Hits:         568313676   94.40%
L1-Load-Misses:        33709352    5.60%
L1-Load-Accesses:     602023028  100.00%

L1-Store-Hits:         130150901   99.49%
L1-Store-Misses:          671205    0.51%
L1-Store-Accesses:     130822106  100.00%

L1-Total-Hits:         698464577   95.31%
L1-Total-Misses:        34380557    4.69%
L1-Total-Accesses:     732845134  100.00%

L2 Cache Stats:
L2-Load-Hits:          32480511   96.35%
L2-Load-Misses:         1228841    3.65%
L2-Load-Accesses:      33709352  100.00%

L2-Store-Hits:            466300   69.47%
L2-Store-Misses:          204905   30.53%
L2-Store-Accesses:        671205  100.00%

L2-Total-Hits:          32946811   95.83%
L2-Total-Misses:         1433746    4.17%
L2-Total-Accesses:      34380557  100.00%

