--------
Total Statistics
--------
Total Instructions: 2172104981
Total Cycles: 6810887320
IPC: 0.318917

--------
Single level Tlb hierarchy
--------
  Data Tlb:
    Entries:          64
    Page Size(B):   4096
    Associativity:      4

Latencies:    0  100
Tlb-Sets:   16 - LRU - assoc:   4

Tlb Stats:
Tlb-Load-Hits:         567190402   94.21%
Tlb-Load-Misses:        34832626    5.79%
Tlb-Load-Accesses:     602023028  100.00%

Tlb-Store-Hits:         130400805   99.68%
Tlb-Store-Misses:          421301    0.32%
Tlb-Store-Accesses:     130822106  100.00%

Tlb-Total-Hits:         697591207   95.19%
Tlb-Total-Misses:        35253927    4.81%
Tlb-Total-Accesses:     732845134  100.00%



--------
Two level Cache hierarchy
--------
  L1-Data Cache:
    Size(KB):          64
    Block Size(B):    128
    Associativity:      8

  L2-Data Cache:
    Size(KB):        1024
    Block Size(B):    128
    Associativity:      8

Latencies:    1   15  250
L1-Sets:   64 - LRU - assoc:   8
L2-Sets: 1024 - LRU - assoc:   8
Store_allocation: Yes
L2_inclusive: Yes
L2_prefetching: No

L1 Cache Stats:
L1-Load-Hits:         600792226   99.80%
L1-Load-Misses:         1230802    0.20%
L1-Load-Accesses:     602023028  100.00%

L1-Store-Hits:         130616891   99.84%
L1-Store-Misses:          205215    0.16%
L1-Store-Accesses:     130822106  100.00%

L1-Total-Hits:         731409117   99.80%
L1-Total-Misses:         1436017    0.20%
L1-Total-Accesses:     732845134  100.00%

L2 Cache Stats:
L2-Load-Hits:                 0    0.00%
L2-Load-Misses:         1230802  100.00%
L2-Load-Accesses:       1230802  100.00%

L2-Store-Hits:                 0    0.00%
L2-Store-Misses:          205215  100.00%
L2-Store-Accesses:        205215  100.00%

L2-Total-Hits:                 0    0.00%
L2-Total-Misses:         1436017  100.00%
L2-Total-Accesses:       1436017  100.00%

