--------
Total Statistics
--------
Total Instructions: 2172105006
Total Cycles: 6853982323
IPC: 0.316911

--------
Single level Tlb hierarchy
--------
  Data Tlb:
    Entries:          64
    Page Size(B):   4096
    Associativity:      4

Latencies:    0  100
Tlb-Sets:   16 - LRU - assoc:   4

Tlb Stats:
Tlb-Load-Hits:         567190409   94.21%
Tlb-Load-Misses:        34832627    5.79%
Tlb-Load-Accesses:     602023036  100.00%

Tlb-Store-Hits:         130400805   99.68%
Tlb-Store-Misses:          421301    0.32%
Tlb-Store-Accesses:     130822106  100.00%

Tlb-Total-Hits:         697591214   95.19%
Tlb-Total-Misses:        35253928    4.81%
Tlb-Total-Accesses:     732845142  100.00%



--------
Two level Cache hierarchy
--------
  L1-Data Cache:
    Size(KB):          32
    Block Size(B):     64
    Associativity:      8

  L2-Data Cache:
    Size(KB):        1024
    Block Size(B):    128
    Associativity:      8

Latencies:    1   15  250
L1-Sets:   64 - LRU - assoc:   8
L2-Sets: 1024 - LRU - assoc:   8
Store_allocation: Yes
L2_inclusive: Yes
L2_prefetching: No

L1 Cache Stats:
L1-Load-Hits:         598315338   99.38%
L1-Load-Misses:         3707698    0.62%
L1-Load-Accesses:     602023036  100.00%

L1-Store-Hits:         130189579   99.52%
L1-Store-Misses:          632527    0.48%
L1-Store-Accesses:     130822106  100.00%

L1-Total-Hits:         728504917   99.41%
L1-Total-Misses:         4340225    0.59%
L1-Total-Accesses:     732845142  100.00%

L2 Cache Stats:
L2-Load-Hits:           2478459   66.85%
L2-Load-Misses:         1229239   33.15%
L2-Load-Accesses:       3707698  100.00%

L2-Store-Hits:            427622   67.61%
L2-Store-Misses:          204905   32.39%
L2-Store-Accesses:        632527  100.00%

L2-Total-Hits:           2906081   66.96%
L2-Total-Misses:         1434144   33.04%
L2-Total-Accesses:       4340225  100.00%

