--------
Total Statistics
--------
Total Instructions: 2172105006
Total Cycles: 7399233733
IPC: 0.293558

--------
Single level Tlb hierarchy
--------
  Data Tlb:
    Entries:          64
    Page Size(B):   4096
    Associativity:      4

Latencies:    0  100
Tlb-Sets:   16 - LRU - assoc:   4

Tlb Stats:
Tlb-Load-Hits:         567190410   94.21%
Tlb-Load-Misses:        34832626    5.79%
Tlb-Load-Accesses:     602023036  100.00%

Tlb-Store-Hits:         130400805   99.68%
Tlb-Store-Misses:          421301    0.32%
Tlb-Store-Accesses:     130822106  100.00%

Tlb-Total-Hits:         697591215   95.19%
Tlb-Total-Misses:        35253927    4.81%
Tlb-Total-Accesses:     732845142  100.00%



--------
Two level Cache hierarchy
--------
  L1-Data Cache:
    Size(KB):          32
    Block Size(B):     64
    Associativity:      4

  L2-Data Cache:
    Size(KB):        1024
    Block Size(B):    128
    Associativity:      8

Latencies:    1   15  250
L1-Sets:  128 - LRU - assoc:   4
L2-Sets: 1024 - LRU - assoc:   8
Store_allocation: Yes
L2_inclusive: Yes
L2_prefetching: No

L1 Cache Stats:
L1-Load-Hits:         562051969   93.36%
L1-Load-Misses:        39971067    6.64%
L1-Load-Accesses:     602023036  100.00%

L1-Store-Hits:         130096214   99.45%
L1-Store-Misses:          725892    0.55%
L1-Store-Accesses:     130822106  100.00%

L1-Total-Hits:         692148183   94.45%
L1-Total-Misses:        40696959    5.55%
L1-Total-Accesses:     732845142  100.00%

L2 Cache Stats:
L2-Load-Hits:          38742226   96.93%
L2-Load-Misses:         1228841    3.07%
L2-Load-Accesses:      39971067  100.00%

L2-Store-Hits:            520987   71.77%
L2-Store-Misses:          204905   28.23%
L2-Store-Accesses:        725892  100.00%

L2-Total-Hits:          39263213   96.48%
L2-Total-Misses:         1433746    3.52%
L2-Total-Accesses:      40696959  100.00%

