--------
Total Statistics
--------
Total Instructions: 11731092694
Total Cycles: 17712471555
IPC: 0.662307

--------
Single level Tlb hierarchy
--------
  Data Tlb:
    Entries:          64
    Page Size(B):   4096
    Associativity:      4

Latencies:    0  100
Tlb-Sets:   16 - LRU - assoc:   4

Tlb Stats:
Tlb-Load-Hits:        2185719483   99.38%
Tlb-Load-Misses:        13726311    0.62%
Tlb-Load-Accesses:    2199445794  100.00%

Tlb-Store-Hits:         515930179   99.97%
Tlb-Store-Misses:          180428    0.03%
Tlb-Store-Accesses:     516110607  100.00%

Tlb-Total-Hits:        2701649662   99.49%
Tlb-Total-Misses:        13906739    0.51%
Tlb-Total-Accesses:    2715556401  100.00%



--------
Two level Cache hierarchy
--------
  L1-Data Cache:
    Size(KB):          64
    Block Size(B):     64
    Associativity:      8

  L2-Data Cache:
    Size(KB):        1024
    Block Size(B):    128
    Associativity:      8

Latencies:    1   15  250
L1-Sets:  128 - LRU - assoc:   8
L2-Sets: 1024 - LRU - assoc:   8
Store_allocation: Yes
L2_inclusive: Yes
L2_prefetching: No

L1 Cache Stats:
L1-Load-Hits:        2097957955   95.39%
L1-Load-Misses:       101487839    4.61%
L1-Load-Accesses:    2199445794  100.00%

L1-Store-Hits:         510676792   98.95%
L1-Store-Misses:         5433815    1.05%
L1-Store-Accesses:     516110607  100.00%

L1-Total-Hits:        2608634747   96.06%
L1-Total-Misses:       106921654    3.94%
L1-Total-Accesses:    2715556401  100.00%

L2 Cache Stats:
L2-Load-Hits:         100874958   99.40%
L2-Load-Misses:          612881    0.60%
L2-Load-Accesses:     101487839  100.00%

L2-Store-Hits:           4961401   91.31%
L2-Store-Misses:          472414    8.69%
L2-Store-Accesses:       5433815  100.00%

L2-Total-Hits:         105836359   98.98%
L2-Total-Misses:         1085295    1.02%
L2-Total-Accesses:     106921654  100.00%

