--------
Total Statistics
--------
Total Instructions: 11731092694
Total Cycles: 17872381655
IPC: 0.656381

--------
Single level Tlb hierarchy
--------
  Data Tlb:
    Entries:          64
    Page Size(B):   4096
    Associativity:      4

Latencies:    0  100
Tlb-Sets:   16 - LRU - assoc:   4

Tlb Stats:
Tlb-Load-Hits:        2185841545   99.38%
Tlb-Load-Misses:        13604249    0.62%
Tlb-Load-Accesses:    2199445794  100.00%

Tlb-Store-Hits:         515929892   99.96%
Tlb-Store-Misses:          180715    0.04%
Tlb-Store-Accesses:     516110607  100.00%

Tlb-Total-Hits:        2701771437   99.49%
Tlb-Total-Misses:        13784964    0.51%
Tlb-Total-Accesses:    2715556401  100.00%



--------
Two level Cache hierarchy
--------
  L1-Data Cache:
    Size(KB):          32
    Block Size(B):     64
    Associativity:      4

  L2-Data Cache:
    Size(KB):        1024
    Block Size(B):    128
    Associativity:      8

Latencies:    1   15  250
L1-Sets:  128 - LRU - assoc:   4
L2-Sets: 1024 - LRU - assoc:   8
Store_allocation: Yes
L2_inclusive: Yes
L2_prefetching: No

L1 Cache Stats:
L1-Load-Hits:        2087370330   94.90%
L1-Load-Misses:       112075464    5.10%
L1-Load-Accesses:    2199445794  100.00%

L1-Store-Hits:         509735627   98.76%
L1-Store-Misses:         6374980    1.24%
L1-Store-Accesses:     516110607  100.00%

L1-Total-Hits:        2597105957   95.64%
L1-Total-Misses:       118450444    4.36%
L1-Total-Accesses:    2715556401  100.00%

L2 Cache Stats:
L2-Load-Hits:         111465885   99.46%
L2-Load-Misses:          609579    0.54%
L2-Load-Accesses:     112075464  100.00%

L2-Store-Hits:           5902641   92.59%
L2-Store-Misses:          472339    7.41%
L2-Store-Accesses:       6374980  100.00%

L2-Total-Hits:         117368526   99.09%
L2-Total-Misses:         1081918    0.91%
L2-Total-Accesses:     118450444  100.00%

