--------
Total Statistics
--------
Total Instructions: 11731092694
Total Cycles: 17493699035
IPC: 0.67059

--------
Single level Tlb hierarchy
--------
  Data Tlb:
    Entries:          64
    Page Size(B):   4096
    Associativity:      4

Latencies:    0  100
Tlb-Sets:   16 - LRU - assoc:   4

Tlb Stats:
Tlb-Load-Hits:        2185834272   99.38%
Tlb-Load-Misses:        13611522    0.62%
Tlb-Load-Accesses:    2199445794  100.00%

Tlb-Store-Hits:         515849490   99.95%
Tlb-Store-Misses:          261117    0.05%
Tlb-Store-Accesses:     516110607  100.00%

Tlb-Total-Hits:        2701683762   99.49%
Tlb-Total-Misses:        13872639    0.51%
Tlb-Total-Accesses:    2715556401  100.00%



--------
Two level Cache hierarchy
--------
  L1-Data Cache:
    Size(KB):          64
    Block Size(B):    128
    Associativity:      8

  L2-Data Cache:
    Size(KB):        1024
    Block Size(B):    128
    Associativity:      8

Latencies:    1   15  250
L1-Sets:   64 - LRU - assoc:   8
L2-Sets: 1024 - LRU - assoc:   8
Store_allocation: Yes
L2_inclusive: Yes
L2_prefetching: No

L1 Cache Stats:
L1-Load-Hits:        2109717313   95.92%
L1-Load-Misses:        89728481    4.08%
L1-Load-Accesses:    2199445794  100.00%

L1-Store-Hits:         513289902   99.45%
L1-Store-Misses:         2820705    0.55%
L1-Store-Accesses:     516110607  100.00%

L1-Total-Hits:        2623007215   96.59%
L1-Total-Misses:        92549186    3.41%
L1-Total-Accesses:    2715556401  100.00%

L2 Cache Stats:
L2-Load-Hits:          89114782   99.32%
L2-Load-Misses:          613699    0.68%
L2-Load-Accesses:      89728481  100.00%

L2-Store-Hits:           2348211   83.25%
L2-Store-Misses:          472494   16.75%
L2-Store-Accesses:       2820705  100.00%

L2-Total-Hits:          91462993   98.83%
L2-Total-Misses:         1086193    1.17%
L2-Total-Accesses:      92549186  100.00%

