--------
Total Statistics
--------
Total Instructions: 11731092694
Total Cycles: 17638048490
IPC: 0.665102

--------
Single level Tlb hierarchy
--------
  Data Tlb:
    Entries:          64
    Page Size(B):   4096
    Associativity:      4

Latencies:    0  100
Tlb-Sets:   16 - LRU - assoc:   4

Tlb Stats:
Tlb-Load-Hits:        2185809475   99.38%
Tlb-Load-Misses:        13636319    0.62%
Tlb-Load-Accesses:    2199445794  100.00%

Tlb-Store-Hits:         515930221   99.97%
Tlb-Store-Misses:          180386    0.03%
Tlb-Store-Accesses:     516110607  100.00%

Tlb-Total-Hits:        2701739696   99.49%
Tlb-Total-Misses:        13816705    0.51%
Tlb-Total-Accesses:    2715556401  100.00%



--------
Two level Cache hierarchy
--------
  L1-Data Cache:
    Size(KB):          64
    Block Size(B):     64
    Associativity:      4

  L2-Data Cache:
    Size(KB):        1024
    Block Size(B):    128
    Associativity:      8

Latencies:    1   15  250
L1-Sets:  256 - LRU - assoc:   4
L2-Sets: 1024 - LRU - assoc:   8
Store_allocation: Yes
L2_inclusive: Yes
L2_prefetching: No

L1 Cache Stats:
L1-Load-Hits:        2101758857   95.56%
L1-Load-Misses:        97686937    4.44%
L1-Load-Accesses:    2199445794  100.00%

L1-Store-Hits:         511258851   99.06%
L1-Store-Misses:         4851756    0.94%
L1-Store-Accesses:     516110607  100.00%

L1-Total-Hits:        2613017708   96.22%
L1-Total-Misses:       102538693    3.78%
L1-Total-Accesses:    2715556401  100.00%

L2 Cache Stats:
L2-Load-Hits:          97072803   99.37%
L2-Load-Misses:          614134    0.63%
L2-Load-Accesses:      97686937  100.00%

L2-Store-Hits:           4379296   90.26%
L2-Store-Misses:          472460    9.74%
L2-Store-Accesses:       4851756  100.00%

L2-Total-Hits:         101452099   98.94%
L2-Total-Misses:         1086594    1.06%
L2-Total-Accesses:     102538693  100.00%

