--------
Total Statistics
--------
Total Instructions: 11731092694
Total Cycles: 16381989880
IPC: 0.716097

--------
Single level Tlb hierarchy
--------
  Data Tlb:
    Entries:          64
    Page Size(B):   4096
    Associativity:      4

Latencies:    0  100
Tlb-Sets:   16 - LRU - assoc:   4

Tlb Stats:
Tlb-Load-Hits:        2185825147   99.38%
Tlb-Load-Misses:        13620647    0.62%
Tlb-Load-Accesses:    2199445794  100.00%

Tlb-Store-Hits:         515850100   99.95%
Tlb-Store-Misses:          260507    0.05%
Tlb-Store-Accesses:     516110607  100.00%

Tlb-Total-Hits:        2701675247   99.49%
Tlb-Total-Misses:        13881154    0.51%
Tlb-Total-Accesses:    2715556401  100.00%



--------
Two level Cache hierarchy
--------
  L1-Data Cache:
    Size(KB):         128
    Block Size(B):     32
    Associativity:      8

  L2-Data Cache:
    Size(KB):        1024
    Block Size(B):    128
    Associativity:      8

Latencies:    1   15  250
L1-Sets:  512 - LRU - assoc:   8
L2-Sets: 1024 - LRU - assoc:   8
Store_allocation: Yes
L2_inclusive: Yes
L2_prefetching: No

L1 Cache Stats:
L1-Load-Hits:        2185129678   99.35%
L1-Load-Misses:        14316116    0.65%
L1-Load-Accesses:    2199445794  100.00%

L1-Store-Hits:         511998814   99.20%
L1-Store-Misses:         4111793    0.80%
L1-Store-Accesses:     516110607  100.00%

L1-Total-Hits:        2697128492   99.32%
L1-Total-Misses:        18427909    0.68%
L1-Total-Accesses:    2715556401  100.00%

L2 Cache Stats:
L2-Load-Hits:          13705277   95.73%
L2-Load-Misses:          610839    4.27%
L2-Load-Accesses:      14316116  100.00%

L2-Store-Hits:           3639405   88.51%
L2-Store-Misses:          472388   11.49%
L2-Store-Accesses:       4111793  100.00%

L2-Total-Hits:          17344682   94.12%
L2-Total-Misses:         1083227    5.88%
L2-Total-Accesses:      18427909  100.00%

