--------
Total Statistics
--------
Total Instructions: 11731092694
Total Cycles: 17878303475
IPC: 0.656164

--------
Single level Tlb hierarchy
--------
  Data Tlb:
    Entries:          64
    Page Size(B):   4096
    Associativity:      4

Latencies:    0  100
Tlb-Sets:   16 - LRU - assoc:   4

Tlb Stats:
Tlb-Load-Hits:        2185794936   99.38%
Tlb-Load-Misses:        13650858    0.62%
Tlb-Load-Accesses:    2199445794  100.00%

Tlb-Store-Hits:         515930219   99.97%
Tlb-Store-Misses:          180388    0.03%
Tlb-Store-Accesses:     516110607  100.00%

Tlb-Total-Hits:        2701725155   99.49%
Tlb-Total-Misses:        13831246    0.51%
Tlb-Total-Accesses:    2715556401  100.00%



--------
Two level Cache hierarchy
--------
  L1-Data Cache:
    Size(KB):          32
    Block Size(B):     64
    Associativity:      8

  L2-Data Cache:
    Size(KB):        1024
    Block Size(B):    128
    Associativity:      8

Latencies:    1   15  250
L1-Sets:   64 - LRU - assoc:   8
L2-Sets: 1024 - LRU - assoc:   8
Store_allocation: Yes
L2_inclusive: Yes
L2_prefetching: No

L1 Cache Stats:
L1-Load-Hits:        2087277897   94.90%
L1-Load-Misses:       112167897    5.10%
L1-Load-Accesses:    2199445794  100.00%

L1-Store-Hits:         509756302   98.77%
L1-Store-Misses:         6354305    1.23%
L1-Store-Accesses:     516110607  100.00%

L1-Total-Hits:        2597034199   95.64%
L1-Total-Misses:       118522202    4.36%
L1-Total-Accesses:    2715556401  100.00%

L2 Cache Stats:
L2-Load-Hits:         111557423   99.46%
L2-Load-Misses:          610474    0.54%
L2-Load-Accesses:     112167897  100.00%

L2-Store-Hits:           5881992   92.57%
L2-Store-Misses:          472313    7.43%
L2-Store-Accesses:       6354305  100.00%

L2-Total-Hits:         117439415   99.09%
L2-Total-Misses:         1082787    0.91%
L2-Total-Accesses:     118522202  100.00%

