--------
Total Statistics
--------
Total Instructions: 11731092694
Total Cycles: 17137878205
IPC: 0.684513

--------
Single level Tlb hierarchy
--------
  Data Tlb:
    Entries:          64
    Page Size(B):   4096
    Associativity:      4

Latencies:    0  100
Tlb-Sets:   16 - LRU - assoc:   4

Tlb Stats:
Tlb-Load-Hits:        2185833330   99.38%
Tlb-Load-Misses:        13612464    0.62%
Tlb-Load-Accesses:    2199445794  100.00%

Tlb-Store-Hits:         515850142   99.95%
Tlb-Store-Misses:          260465    0.05%
Tlb-Store-Accesses:     516110607  100.00%

Tlb-Total-Hits:        2701683472   99.49%
Tlb-Total-Misses:        13872929    0.51%
Tlb-Total-Accesses:    2715556401  100.00%



--------
Two level Cache hierarchy
--------
  L1-Data Cache:
    Size(KB):          64
    Block Size(B):     32
    Associativity:      8

  L2-Data Cache:
    Size(KB):        1024
    Block Size(B):    128
    Associativity:      8

Latencies:    1   15  250
L1-Sets:  256 - LRU - assoc:   8
L2-Sets: 1024 - LRU - assoc:   8
Store_allocation: Yes
L2_inclusive: Yes
L2_prefetching: No

L1 Cache Stats:
L1-Load-Hits:        2136010322   97.12%
L1-Load-Misses:        63435472    2.88%
L1-Load-Accesses:    2199445794  100.00%

L1-Store-Hits:         510677015   98.95%
L1-Store-Misses:         5433592    1.05%
L1-Store-Accesses:     516110607  100.00%

L1-Total-Hits:        2646687337   97.46%
L1-Total-Misses:        68869064    2.54%
L1-Total-Accesses:    2715556401  100.00%

L2 Cache Stats:
L2-Load-Hits:          62824299   99.04%
L2-Load-Misses:          611173    0.96%
L2-Load-Accesses:      63435472  100.00%

L2-Store-Hits:           4961164   91.31%
L2-Store-Misses:          472428    8.69%
L2-Store-Accesses:       5433592  100.00%

L2-Total-Hits:          67785463   98.43%
L2-Total-Misses:         1083601    1.57%
L2-Total-Accesses:      68869064  100.00%

