--------
Total Statistics
--------
Total Instructions: 1682276995
Total Cycles: 15249165057
IPC: 0.110319

--------
Single level Tlb hierarchy
--------
  Data Tlb:
    Entries:          64
    Page Size(B):   4096
    Associativity:      4

Latencies:    0  100
Tlb-Sets:   16 - LRU - assoc:   4

Tlb Stats:
Tlb-Load-Hits:         281299375   87.48%
Tlb-Load-Misses:        40256470   12.52%
Tlb-Load-Accesses:     321555845  100.00%

Tlb-Store-Hits:         132164838  100.00%
Tlb-Store-Misses:              19    0.00%
Tlb-Store-Accesses:     132164857  100.00%

Tlb-Total-Hits:         413464213   91.13%
Tlb-Total-Misses:        40256489    8.87%
Tlb-Total-Accesses:     453720702  100.00%



--------
Two level Cache hierarchy
--------
  L1-Data Cache:
    Size(KB):          64
    Block Size(B):     32
    Associativity:      8

  L2-Data Cache:
    Size(KB):        1024
    Block Size(B):    128
    Associativity:      8

Latencies:    1   15  250
L1-Sets:  256 - LRU - assoc:   8
L2-Sets: 1024 - LRU - assoc:   8
Store_allocation: Yes
L2_inclusive: Yes
L2_prefetching: No

L1 Cache Stats:
L1-Load-Hits:         247831097   77.07%
L1-Load-Misses:        73724748   22.93%
L1-Load-Accesses:     321555845  100.00%

L1-Store-Hits:         132060691   99.92%
L1-Store-Misses:          104166    0.08%
L1-Store-Accesses:     132164857  100.00%

L1-Total-Hits:         379891788   83.73%
L1-Total-Misses:        73828914   16.27%
L1-Total-Accesses:     453720702  100.00%

L2 Cache Stats:
L2-Load-Hits:          41804705   56.70%
L2-Load-Misses:        31920043   43.30%
L2-Load-Accesses:      73724748  100.00%

L2-Store-Hits:            103870   99.72%
L2-Store-Misses:             296    0.28%
L2-Store-Accesses:        104166  100.00%

L2-Total-Hits:          41908575   56.76%
L2-Total-Misses:        31920339   43.24%
L2-Total-Accesses:      73828914  100.00%

