--------
Total Statistics
--------
Total Instructions: 1682276995
Total Cycles: 15279446917
IPC: 0.110101

--------
Single level Tlb hierarchy
--------
  Data Tlb:
    Entries:          64
    Page Size(B):   4096
    Associativity:      4

Latencies:    0  100
Tlb-Sets:   16 - LRU - assoc:   4

Tlb Stats:
Tlb-Load-Hits:         280467000   87.22%
Tlb-Load-Misses:        41088845   12.78%
Tlb-Load-Accesses:     321555845  100.00%

Tlb-Store-Hits:         132164826  100.00%
Tlb-Store-Misses:              31    0.00%
Tlb-Store-Accesses:     132164857  100.00%

Tlb-Total-Hits:         412631826   90.94%
Tlb-Total-Misses:        41088876    9.06%
Tlb-Total-Accesses:     453720702  100.00%



--------
Two level Cache hierarchy
--------
  L1-Data Cache:
    Size(KB):          64
    Block Size(B):     64
    Associativity:      4

  L2-Data Cache:
    Size(KB):        1024
    Block Size(B):    128
    Associativity:      8

Latencies:    1   15  250
L1-Sets:  256 - LRU - assoc:   4
L2-Sets: 1024 - LRU - assoc:   8
Store_allocation: Yes
L2_inclusive: Yes
L2_prefetching: No

L1 Cache Stats:
L1-Load-Hits:         251702256   78.28%
L1-Load-Misses:        69853589   21.72%
L1-Load-Accesses:     321555845  100.00%

L1-Store-Hits:         132153588   99.99%
L1-Store-Misses:           11269    0.01%
L1-Store-Accesses:     132164857  100.00%

L1-Total-Hits:         383855844   84.60%
L1-Total-Misses:        69864858   15.40%
L1-Total-Accesses:     453720702  100.00%

L2 Cache Stats:
L2-Load-Hits:          37910992   54.27%
L2-Load-Misses:        31942597   45.73%
L2-Load-Accesses:      69853589  100.00%

L2-Store-Hits:              7511   66.65%
L2-Store-Misses:            3758   33.35%
L2-Store-Accesses:         11269  100.00%

L2-Total-Hits:          37918503   54.27%
L2-Total-Misses:        31946355   45.73%
L2-Total-Accesses:      69864858  100.00%

