--------
Total Statistics
--------
Total Instructions: 1682276995
Total Cycles: 15168671457
IPC: 0.110905

--------
Single level Tlb hierarchy
--------
  Data Tlb:
    Entries:          64
    Page Size(B):   4096
    Associativity:      4

Latencies:    0  100
Tlb-Sets:   16 - LRU - assoc:   4

Tlb Stats:
Tlb-Load-Hits:         281434318   87.52%
Tlb-Load-Misses:        40121527   12.48%
Tlb-Load-Accesses:     321555845  100.00%

Tlb-Store-Hits:         132164838  100.00%
Tlb-Store-Misses:              19    0.00%
Tlb-Store-Accesses:     132164857  100.00%

Tlb-Total-Hits:         413599156   91.16%
Tlb-Total-Misses:        40121546    8.84%
Tlb-Total-Accesses:     453720702  100.00%



--------
Two level Cache hierarchy
--------
  L1-Data Cache:
    Size(KB):         128
    Block Size(B):     64
    Associativity:      8

  L2-Data Cache:
    Size(KB):        1024
    Block Size(B):    128
    Associativity:      8

Latencies:    1   15  250
L1-Sets:  256 - LRU - assoc:   8
L2-Sets: 1024 - LRU - assoc:   8
Store_allocation: Yes
L2_inclusive: Yes
L2_prefetching: No

L1 Cache Stats:
L1-Load-Hits:         252352834   78.48%
L1-Load-Misses:        69203011   21.52%
L1-Load-Accesses:     321555845  100.00%

L1-Store-Hits:         132163674  100.00%
L1-Store-Misses:            1183    0.00%
L1-Store-Accesses:     132164857  100.00%

L1-Total-Hits:         384516508   84.75%
L1-Total-Misses:        69204194   15.25%
L1-Total-Accesses:     453720702  100.00%

L2 Cache Stats:
L2-Load-Hits:          37273640   53.86%
L2-Load-Misses:        31929371   46.14%
L2-Load-Accesses:      69203011  100.00%

L2-Store-Hits:               729   61.62%
L2-Store-Misses:             454   38.38%
L2-Store-Accesses:          1183  100.00%

L2-Total-Hits:          37274369   53.86%
L2-Total-Misses:        31929825   46.14%
L2-Total-Accesses:      69204194  100.00%

