--------
Total Statistics
--------
Total Instructions: 1682276995
Total Cycles: 15040124182
IPC: 0.111853

--------
Single level Tlb hierarchy
--------
  Data Tlb:
    Entries:          64
    Page Size(B):   4096
    Associativity:      4

Latencies:    0  100
Tlb-Sets:   16 - LRU - assoc:   4

Tlb Stats:
Tlb-Load-Hits:         277697611   86.36%
Tlb-Load-Misses:        43858234   13.64%
Tlb-Load-Accesses:     321555845  100.00%

Tlb-Store-Hits:         132164838  100.00%
Tlb-Store-Misses:              19    0.00%
Tlb-Store-Accesses:     132164857  100.00%

Tlb-Total-Hits:         409862449   90.33%
Tlb-Total-Misses:        43858253    9.67%
Tlb-Total-Accesses:     453720702  100.00%



--------
Two level Cache hierarchy
--------
  L1-Data Cache:
    Size(KB):          64
    Block Size(B):    128
    Associativity:      8

  L2-Data Cache:
    Size(KB):        1024
    Block Size(B):    128
    Associativity:      8

Latencies:    1   15  250
L1-Sets:   64 - LRU - assoc:   8
L2-Sets: 1024 - LRU - assoc:   8
Store_allocation: Yes
L2_inclusive: Yes
L2_prefetching: No

L1 Cache Stats:
L1-Load-Hits:         286772703   89.18%
L1-Load-Misses:        34783142   10.82%
L1-Load-Accesses:     321555845  100.00%

L1-Store-Hits:         132152120   99.99%
L1-Store-Misses:           12737    0.01%
L1-Store-Accesses:     132164857  100.00%

L1-Total-Hits:         418924823   92.33%
L1-Total-Misses:        34795879    7.67%
L1-Total-Accesses:     453720702  100.00%

L2 Cache Stats:
L2-Load-Hits:           2809896    8.08%
L2-Load-Misses:        31973246   91.92%
L2-Load-Accesses:      34783142  100.00%

L2-Store-Hits:               531    4.17%
L2-Store-Misses:           12206   95.83%
L2-Store-Accesses:         12737  100.00%

L2-Total-Hits:           2810427    8.08%
L2-Total-Misses:        31985452   91.92%
L2-Total-Accesses:      34795879  100.00%

