--------
Total Statistics
--------
Total Instructions: 1682276970
Total Cycles: 15192528584
IPC: 0.110731

--------
Single level Tlb hierarchy
--------
  Data Tlb:
    Entries:          64
    Page Size(B):   4096
    Associativity:      4

Latencies:    0  100
Tlb-Sets:   16 - LRU - assoc:   4

Tlb Stats:
Tlb-Load-Hits:         281530457   87.55%
Tlb-Load-Misses:        40025380   12.45%
Tlb-Load-Accesses:     321555837  100.00%

Tlb-Store-Hits:         132164838  100.00%
Tlb-Store-Misses:              19    0.00%
Tlb-Store-Accesses:     132164857  100.00%

Tlb-Total-Hits:         413695295   91.18%
Tlb-Total-Misses:        40025399    8.82%
Tlb-Total-Accesses:     453720694  100.00%



--------
Two level Cache hierarchy
--------
  L1-Data Cache:
    Size(KB):          32
    Block Size(B):     64
    Associativity:      4

  L2-Data Cache:
    Size(KB):        1024
    Block Size(B):    128
    Associativity:      8

Latencies:    1   15  250
L1-Sets:  128 - LRU - assoc:   4
L2-Sets: 1024 - LRU - assoc:   8
Store_allocation: Yes
L2_inclusive: Yes
L2_prefetching: No

L1 Cache Stats:
L1-Load-Hits:         250200516   77.81%
L1-Load-Misses:        71355321   22.19%
L1-Load-Accesses:     321555837  100.00%

L1-Store-Hits:         132089460   99.94%
L1-Store-Misses:           75397    0.06%
L1-Store-Accesses:     132164857  100.00%

L1-Total-Hits:         382289976   84.26%
L1-Total-Misses:        71430718   15.74%
L1-Total-Accesses:     453720694  100.00%

L2 Cache Stats:
L2-Load-Hits:          39428600   55.26%
L2-Load-Misses:        31926721   44.74%
L2-Load-Accesses:      71355321  100.00%

L2-Store-Hits:             71997   95.49%
L2-Store-Misses:            3400    4.51%
L2-Store-Accesses:         75397  100.00%

L2-Total-Hits:          39500597   55.30%
L2-Total-Misses:        31930121   44.70%
L2-Total-Accesses:      71430718  100.00%

