--------
Total Statistics
--------
Total Instructions: 20857185244
Total Cycles: 55102780541
IPC: 0.378514

--------
Single level Tlb hierarchy
--------
  Data Tlb:
    Entries:          64
    Page Size(B):   4096
    Associativity:      4

Latencies:    0  100
Tlb-Sets:   16 - LRU - assoc:   4

Tlb Stats:
Tlb-Load-Hits:        6349437784   99.44%
Tlb-Load-Misses:        35497552    0.56%
Tlb-Load-Accesses:    6384935336  100.00%

Tlb-Store-Hits:        2615445638   99.82%
Tlb-Store-Misses:         4635568    0.18%
Tlb-Store-Accesses:    2620081206  100.00%

Tlb-Total-Hits:        8964883422   99.55%
Tlb-Total-Misses:        40133120    0.45%
Tlb-Total-Accesses:    9005016542  100.00%



--------
Two level Cache hierarchy
--------
  L1-Data Cache:
    Size(KB):          32
    Block Size(B):     64
    Associativity:      8

  L2-Data Cache:
    Size(KB):        1024
    Block Size(B):    128
    Associativity:      8

Latencies:    1   15  250
L1-Sets:   64 - LRU - assoc:   8
L2-Sets: 1024 - LRU - assoc:   8
Store_allocation: Yes
L2_inclusive: Yes
L2_prefetching: No

L1 Cache Stats:
L1-Load-Hits:        6163287727   96.53%
L1-Load-Misses:       221647609    3.47%
L1-Load-Accesses:    6384935336  100.00%

L1-Store-Hits:        2600928598   99.27%
L1-Store-Misses:        19152608    0.73%
L1-Store-Accesses:    2620081206  100.00%

L1-Total-Hits:        8764216325   97.33%
L1-Total-Misses:       240800217    2.67%
L1-Total-Accesses:    9005016542  100.00%

L2 Cache Stats:
L2-Load-Hits:         156744090   70.72%
L2-Load-Misses:        64903519   29.28%
L2-Load-Accesses:     221647609  100.00%

L2-Store-Hits:          13595073   70.98%
L2-Store-Misses:         5557535   29.02%
L2-Store-Accesses:      19152608  100.00%

L2-Total-Hits:         170339163   70.74%
L2-Total-Misses:        70461054   29.26%
L2-Total-Accesses:     240800217  100.00%

