--------
Total Statistics
--------
Total Instructions: 20857185286
Total Cycles: 56603096436
IPC: 0.368481

--------
Single level Tlb hierarchy
--------
  Data Tlb:
    Entries:          64
    Page Size(B):   4096
    Associativity:      4

Latencies:    0  100
Tlb-Sets:   16 - LRU - assoc:   4

Tlb Stats:
Tlb-Load-Hits:        6354527343   99.52%
Tlb-Load-Misses:        30408001    0.48%
Tlb-Load-Accesses:    6384935344  100.00%

Tlb-Store-Hits:        2616240606   99.85%
Tlb-Store-Misses:         3840615    0.15%
Tlb-Store-Accesses:    2620081221  100.00%

Tlb-Total-Hits:        8970767949   99.62%
Tlb-Total-Misses:        34248616    0.38%
Tlb-Total-Accesses:    9005016565  100.00%



--------
Two level Cache hierarchy
--------
  L1-Data Cache:
    Size(KB):          32
    Block Size(B):     32
    Associativity:      8

  L2-Data Cache:
    Size(KB):        1024
    Block Size(B):    128
    Associativity:      8

Latencies:    1   15  250
L1-Sets:  128 - LRU - assoc:   8
L2-Sets: 1024 - LRU - assoc:   8
Store_allocation: Yes
L2_inclusive: Yes
L2_prefetching: No

L1 Cache Stats:
L1-Load-Hits:        6034389671   94.51%
L1-Load-Misses:       350545673    5.49%
L1-Load-Accesses:    6384935344  100.00%

L1-Store-Hits:        2590667645   98.88%
L1-Store-Misses:        29413576    1.12%
L1-Store-Accesses:    2620081221  100.00%

L1-Total-Hits:        8625057316   95.78%
L1-Total-Misses:       379959249    4.22%
L1-Total-Accesses:    9005016565  100.00%

L2 Cache Stats:
L2-Load-Hits:         285636635   81.48%
L2-Load-Misses:        64909038   18.52%
L2-Load-Accesses:     350545673  100.00%

L2-Store-Hits:          23856037   81.11%
L2-Store-Misses:         5557539   18.89%
L2-Store-Accesses:      29413576  100.00%

L2-Total-Hits:         309492672   81.45%
L2-Total-Misses:        70466577   18.55%
L2-Total-Accesses:     379959249  100.00%

