--------
Total Statistics
--------
Total Instructions: 20857185277
Total Cycles: 56088880927
IPC: 0.37186

--------
Single level Tlb hierarchy
--------
  Data Tlb:
    Entries:          64
    Page Size(B):   4096
    Associativity:      4

Latencies:    0  100
Tlb-Sets:   16 - LRU - assoc:   4

Tlb Stats:
Tlb-Load-Hits:        6357734617   99.57%
Tlb-Load-Misses:        27200714    0.43%
Tlb-Load-Accesses:    6384935331  100.00%

Tlb-Store-Hits:        2616332680   99.86%
Tlb-Store-Misses:         3748544    0.14%
Tlb-Store-Accesses:    2620081224  100.00%

Tlb-Total-Hits:        8974067297   99.66%
Tlb-Total-Misses:        30949258    0.34%
Tlb-Total-Accesses:    9005016555  100.00%



--------
Two level Cache hierarchy
--------
  L1-Data Cache:
    Size(KB):          64
    Block Size(B):     32
    Associativity:      8

  L2-Data Cache:
    Size(KB):        1024
    Block Size(B):    128
    Associativity:      8

Latencies:    1   15  250
L1-Sets:  256 - LRU - assoc:   8
L2-Sets: 1024 - LRU - assoc:   8
Store_allocation: Yes
L2_inclusive: Yes
L2_prefetching: No

L1 Cache Stats:
L1-Load-Hits:        6046424144   94.70%
L1-Load-Misses:       338511187    5.30%
L1-Load-Accesses:    6384935331  100.00%

L1-Store-Hits:        2590910608   98.89%
L1-Store-Misses:        29170616    1.11%
L1-Store-Accesses:    2620081224  100.00%

L1-Total-Hits:        8637334752   95.92%
L1-Total-Misses:       367681803    4.08%
L1-Total-Accesses:    9005016555  100.00%

L2 Cache Stats:
L2-Load-Hits:         273603393   80.83%
L2-Load-Misses:        64907794   19.17%
L2-Load-Accesses:     338511187  100.00%

L2-Store-Hits:          23612305   80.95%
L2-Store-Misses:         5558311   19.05%
L2-Store-Accesses:      29170616  100.00%

L2-Total-Hits:         297215698   80.84%
L2-Total-Misses:        70466105   19.16%
L2-Total-Accesses:     367681803  100.00%

