--------
Total Statistics
--------
Total Instructions: 20857185478
Total Cycles: 54690848107
IPC: 0.381365

--------
Single level Tlb hierarchy
--------
  Data Tlb:
    Entries:          64
    Page Size(B):   4096
    Associativity:      4

Latencies:    0  100
Tlb-Sets:   16 - LRU - assoc:   4

Tlb Stats:
Tlb-Load-Hits:        6353061267   99.50%
Tlb-Load-Misses:        31874127    0.50%
Tlb-Load-Accesses:    6384935394  100.00%

Tlb-Store-Hits:        2616205283   99.85%
Tlb-Store-Misses:         3875952    0.15%
Tlb-Store-Accesses:    2620081235  100.00%

Tlb-Total-Hits:        8969266550   99.60%
Tlb-Total-Misses:        35750079    0.40%
Tlb-Total-Accesses:    9005016629  100.00%



--------
Two level Cache hierarchy
--------
  L1-Data Cache:
    Size(KB):          32
    Block Size(B):     64
    Associativity:      4

  L2-Data Cache:
    Size(KB):        1024
    Block Size(B):    128
    Associativity:      8

Latencies:    1   15  250
L1-Sets:  128 - LRU - assoc:   4
L2-Sets: 1024 - LRU - assoc:   8
Store_allocation: Yes
L2_inclusive: Yes
L2_prefetching: No

L1 Cache Stats:
L1-Load-Hits:        6161944137   96.51%
L1-Load-Misses:       222991257    3.49%
L1-Load-Accesses:    6384935394  100.00%

L1-Store-Hits:        2600575802   99.26%
L1-Store-Misses:        19505433    0.74%
L1-Store-Accesses:    2620081235  100.00%

L1-Total-Hits:        8762519939   97.31%
L1-Total-Misses:       242496690    2.69%
L1-Total-Accesses:    9005016629  100.00%

L2 Cache Stats:
L2-Load-Hits:         158081871   70.89%
L2-Load-Misses:        64909386   29.11%
L2-Load-Accesses:     222991257  100.00%

L2-Store-Hits:          13950068   71.52%
L2-Store-Misses:         5555365   28.48%
L2-Store-Accesses:      19505433  100.00%

L2-Total-Hits:         172031939   70.94%
L2-Total-Misses:        70464751   29.06%
L2-Total-Accesses:     242496690  100.00%

