--------
Total Statistics
--------
Total Instructions: 20857185031
Total Cycles: 54250686778
IPC: 0.384459

--------
Single level Tlb hierarchy
--------
  Data Tlb:
    Entries:          64
    Page Size(B):   4096
    Associativity:      4

Latencies:    0  100
Tlb-Sets:   16 - LRU - assoc:   4

Tlb Stats:
Tlb-Load-Hits:        6354665333   99.53%
Tlb-Load-Misses:        30269952    0.47%
Tlb-Load-Accesses:    6384935285  100.00%

Tlb-Store-Hits:        2615976670   99.84%
Tlb-Store-Misses:         4104517    0.16%
Tlb-Store-Accesses:    2620081187  100.00%

Tlb-Total-Hits:        8970642003   99.62%
Tlb-Total-Misses:        34374469    0.38%
Tlb-Total-Accesses:    9005016472  100.00%



--------
Two level Cache hierarchy
--------
  L1-Data Cache:
    Size(KB):         128
    Block Size(B):     64
    Associativity:      8

  L2-Data Cache:
    Size(KB):        1024
    Block Size(B):    128
    Associativity:      8

Latencies:    1   15  250
L1-Sets:  256 - LRU - assoc:   8
L2-Sets: 1024 - LRU - assoc:   8
Store_allocation: Yes
L2_inclusive: Yes
L2_prefetching: No

L1 Cache Stats:
L1-Load-Hits:        6181729066   96.82%
L1-Load-Misses:       203206219    3.18%
L1-Load-Accesses:    6384935285  100.00%

L1-Store-Hits:        2601469481   99.29%
L1-Store-Misses:        18611706    0.71%
L1-Store-Accesses:    2620081187  100.00%

L1-Total-Hits:        8783198547   97.54%
L1-Total-Misses:       221817925    2.46%
L1-Total-Accesses:    9005016472  100.00%

L2 Cache Stats:
L2-Load-Hits:         138268913   68.04%
L2-Load-Misses:        64937306   31.96%
L2-Load-Accesses:     203206219  100.00%

L2-Store-Hits:          13053934   70.14%
L2-Store-Misses:         5557772   29.86%
L2-Store-Accesses:      18611706  100.00%

L2-Total-Hits:         151322847   68.22%
L2-Total-Misses:        70495078   31.78%
L2-Total-Accesses:     221817925  100.00%

