--------
Total Statistics
--------
Total Instructions: 20857185438
Total Cycles: 52697401730
IPC: 0.395792

--------
Single level Tlb hierarchy
--------
  Data Tlb:
    Entries:          64
    Page Size(B):   4096
    Associativity:      4

Latencies:    0  100
Tlb-Sets:   16 - LRU - assoc:   4

Tlb Stats:
Tlb-Load-Hits:        6350792419   99.47%
Tlb-Load-Misses:        34142963    0.53%
Tlb-Load-Accesses:    6384935382  100.00%

Tlb-Store-Hits:        2615937871   99.84%
Tlb-Store-Misses:         4143369    0.16%
Tlb-Store-Accesses:    2620081240  100.00%

Tlb-Total-Hits:        8966730290   99.57%
Tlb-Total-Misses:        38286332    0.43%
Tlb-Total-Accesses:    9005016622  100.00%



--------
Two level Cache hierarchy
--------
  L1-Data Cache:
    Size(KB):          32
    Block Size(B):    128
    Associativity:      8

  L2-Data Cache:
    Size(KB):        1024
    Block Size(B):    128
    Associativity:      8

Latencies:    1   15  250
L1-Sets:   32 - LRU - assoc:   8
L2-Sets: 1024 - LRU - assoc:   8
Store_allocation: Yes
L2_inclusive: Yes
L2_prefetching: No

L1 Cache Stats:
L1-Load-Hits:        6299205503   98.66%
L1-Load-Misses:        85729879    1.34%
L1-Load-Accesses:    6384935382  100.00%

L1-Store-Hits:        2613243121   99.74%
L1-Store-Misses:         6838119    0.26%
L1-Store-Accesses:    2620081240  100.00%

L1-Total-Hits:        8912448624   98.97%
L1-Total-Misses:        92567998    1.03%
L1-Total-Accesses:    9005016622  100.00%

L2 Cache Stats:
L2-Load-Hits:          20814818   24.28%
L2-Load-Misses:        64915061   75.72%
L2-Load-Accesses:      85729879  100.00%

L2-Store-Hits:           1280994   18.73%
L2-Store-Misses:         5557125   81.27%
L2-Store-Accesses:       6838119  100.00%

L2-Total-Hits:          22095812   23.87%
L2-Total-Misses:        70472186   76.13%
L2-Total-Accesses:      92567998  100.00%

