--------
Total Statistics
--------
Total Instructions: 20857185340
Total Cycles: 56029119631
IPC: 0.372256

--------
Single level Tlb hierarchy
--------
  Data Tlb:
    Entries:          64
    Page Size(B):   4096
    Associativity:      4

Latencies:    0  100
Tlb-Sets:   16 - LRU - assoc:   4

Tlb Stats:
Tlb-Load-Hits:        6357283213   99.57%
Tlb-Load-Misses:        27652150    0.43%
Tlb-Load-Accesses:    6384935363  100.00%

Tlb-Store-Hits:        2616073355   99.85%
Tlb-Store-Misses:         4007888    0.15%
Tlb-Store-Accesses:    2620081243  100.00%

Tlb-Total-Hits:        8973356568   99.65%
Tlb-Total-Misses:        31660038    0.35%
Tlb-Total-Accesses:    9005016606  100.00%



--------
Two level Cache hierarchy
--------
  L1-Data Cache:
    Size(KB):         128
    Block Size(B):     32
    Associativity:      8

  L2-Data Cache:
    Size(KB):        1024
    Block Size(B):    128
    Associativity:      8

Latencies:    1   15  250
L1-Sets:  512 - LRU - assoc:   8
L2-Sets: 1024 - LRU - assoc:   8
Store_allocation: Yes
L2_inclusive: Yes
L2_prefetching: No

L1 Cache Stats:
L1-Load-Hits:        6055184963   94.84%
L1-Load-Misses:       329750400    5.16%
L1-Load-Accesses:    6384935363  100.00%

L1-Store-Hits:        2591187484   98.90%
L1-Store-Misses:        28893759    1.10%
L1-Store-Accesses:    2620081243  100.00%

L1-Total-Hits:        8646372447   96.02%
L1-Total-Misses:       358644159    3.98%
L1-Total-Accesses:    9005016606  100.00%

L2 Cache Stats:
L2-Load-Hits:         264822987   80.31%
L2-Load-Misses:        64927413   19.69%
L2-Load-Accesses:     329750400  100.00%

L2-Store-Hits:          23336166   80.77%
L2-Store-Misses:         5557593   19.23%
L2-Store-Accesses:      28893759  100.00%

L2-Total-Hits:         288159153   80.35%
L2-Total-Misses:        70485006   19.65%
L2-Total-Accesses:     358644159  100.00%

