--------
Total Statistics
--------
Total Instructions: 24710722689
Total Cycles: 56214235188
IPC: 0.439581

--------
Single level Tlb hierarchy
--------
  Data Tlb:
    Entries:          64
    Page Size(B):   4096
    Associativity:      4

Latencies:    0  100
Tlb-Sets:   16 - LRU - assoc:   4

Tlb Stats:
Tlb-Load-Hits:        7077473357   99.48%
Tlb-Load-Misses:        37105359    0.52%
Tlb-Load-Accesses:    7114578716  100.00%

Tlb-Store-Hits:        1451494676   99.64%
Tlb-Store-Misses:         5250512    0.36%
Tlb-Store-Accesses:    1456745188  100.00%

Tlb-Total-Hits:        8528968033   99.51%
Tlb-Total-Misses:        42355871    0.49%
Tlb-Total-Accesses:    8571323904  100.00%



--------
Two level Cache hierarchy
--------
  L1-Data Cache:
    Size(KB):          64
    Block Size(B):     32
    Associativity:      8

  L2-Data Cache:
    Size(KB):        1024
    Block Size(B):    128
    Associativity:      8

Latencies:    1   15  250
L1-Sets:  256 - LRU - assoc:   8
L2-Sets: 1024 - LRU - assoc:   8
Store_allocation: Yes
L2_inclusive: Yes
L2_prefetching: No

L1 Cache Stats:
L1-Load-Hits:        6904750573   97.05%
L1-Load-Misses:       209828143    2.95%
L1-Load-Accesses:    7114578716  100.00%

L1-Store-Hits:        1257128248   86.30%
L1-Store-Misses:       199616940   13.70%
L1-Store-Accesses:    1456745188  100.00%

L1-Total-Hits:        8161878821   95.22%
L1-Total-Misses:       409445083    4.78%
L1-Total-Accesses:    8571323904  100.00%

L2 Cache Stats:
L2-Load-Hits:         163788795   78.06%
L2-Load-Misses:        46039348   21.94%
L2-Load-Accesses:     209828143  100.00%

L2-Store-Hits:         195436587   97.91%
L2-Store-Misses:         4180353    2.09%
L2-Store-Accesses:     199616940  100.00%

L2-Total-Hits:         359225382   87.73%
L2-Total-Misses:        50219701   12.27%
L2-Total-Accesses:     409445083  100.00%

