--------
Total Statistics
--------
Total Instructions: 24710721646
Total Cycles: 52430611384
IPC: 0.471303

--------
Single level Tlb hierarchy
--------
  Data Tlb:
    Entries:          64
    Page Size(B):   4096
    Associativity:      4

Latencies:    0  100
Tlb-Sets:   16 - LRU - assoc:   4

Tlb Stats:
Tlb-Load-Hits:        7078463146   99.49%
Tlb-Load-Misses:        36115570    0.51%
Tlb-Load-Accesses:    7114578716  100.00%

Tlb-Store-Hits:        1451757560   99.66%
Tlb-Store-Misses:         4987032    0.34%
Tlb-Store-Accesses:    1456744592  100.00%

Tlb-Total-Hits:        8530220706   99.52%
Tlb-Total-Misses:        41102602    0.48%
Tlb-Total-Accesses:    8571323308  100.00%



--------
Two level Cache hierarchy
--------
  L1-Data Cache:
    Size(KB):         128
    Block Size(B):     64
    Associativity:      8

  L2-Data Cache:
    Size(KB):        1024
    Block Size(B):    128
    Associativity:      8

Latencies:    1   15  250
L1-Sets:  256 - LRU - assoc:   8
L2-Sets: 1024 - LRU - assoc:   8
Store_allocation: Yes
L2_inclusive: Yes
L2_prefetching: No

L1 Cache Stats:
L1-Load-Hits:        6972157119   98.00%
L1-Load-Misses:       142421597    2.00%
L1-Load-Accesses:    7114578716  100.00%

L1-Store-Hits:        1434697307   98.49%
L1-Store-Misses:        22047285    1.51%
L1-Store-Accesses:    1456744592  100.00%

L1-Total-Hits:        8406854426   98.08%
L1-Total-Misses:       164468882    1.92%
L1-Total-Accesses:    8571323308  100.00%

L2 Cache Stats:
L2-Load-Hits:          96320852   67.63%
L2-Load-Misses:        46100745   32.37%
L2-Load-Accesses:     142421597  100.00%

L2-Store-Hits:          17862938   81.02%
L2-Store-Misses:         4184347   18.98%
L2-Store-Accesses:      22047285  100.00%

L2-Total-Hits:         114183790   69.43%
L2-Total-Misses:        50285092   30.57%
L2-Total-Accesses:     164468882  100.00%

