--------
Total Statistics
--------
Total Instructions: 24710722689
Total Cycles: 54143853053
IPC: 0.45639

--------
Single level Tlb hierarchy
--------
  Data Tlb:
    Entries:          64
    Page Size(B):   4096
    Associativity:      4

Latencies:    0  100
Tlb-Sets:   16 - LRU - assoc:   4

Tlb Stats:
Tlb-Load-Hits:        7079296217   99.50%
Tlb-Load-Misses:        35282499    0.50%
Tlb-Load-Accesses:    7114578716  100.00%

Tlb-Store-Hits:        1451928051   99.67%
Tlb-Store-Misses:         4817137    0.33%
Tlb-Store-Accesses:    1456745188  100.00%

Tlb-Total-Hits:        8531224268   99.53%
Tlb-Total-Misses:        40099636    0.47%
Tlb-Total-Accesses:    8571323904  100.00%



--------
Two level Cache hierarchy
--------
  L1-Data Cache:
    Size(KB):          32
    Block Size(B):     64
    Associativity:      8

  L2-Data Cache:
    Size(KB):        1024
    Block Size(B):    128
    Associativity:      8

Latencies:    1   15  250
L1-Sets:   64 - LRU - assoc:   8
L2-Sets: 1024 - LRU - assoc:   8
Store_allocation: Yes
L2_inclusive: Yes
L2_prefetching: No

L1 Cache Stats:
L1-Load-Hits:        6933118959   97.45%
L1-Load-Misses:       181459757    2.55%
L1-Load-Accesses:    7114578716  100.00%

L1-Store-Hits:        1352201771   92.82%
L1-Store-Misses:       104543417    7.18%
L1-Store-Accesses:    1456745188  100.00%

L1-Total-Hits:        8285320730   96.66%
L1-Total-Misses:       286003174    3.34%
L1-Total-Accesses:    8571323904  100.00%

L2 Cache Stats:
L2-Load-Hits:         135393884   74.61%
L2-Load-Misses:        46065873   25.39%
L2-Load-Accesses:     181459757  100.00%

L2-Store-Hits:         100362109   96.00%
L2-Store-Misses:         4181308    4.00%
L2-Store-Accesses:     104543417  100.00%

L2-Total-Hits:         235755993   82.43%
L2-Total-Misses:        50247181   17.57%
L2-Total-Accesses:     286003174  100.00%

