--------
Total Statistics
--------
Total Instructions: 24710722689
Total Cycles: 51113177418
IPC: 0.483451

--------
Single level Tlb hierarchy
--------
  Data Tlb:
    Entries:          64
    Page Size(B):   4096
    Associativity:      4

Latencies:    0  100
Tlb-Sets:   16 - LRU - assoc:   4

Tlb Stats:
Tlb-Load-Hits:        7078956472   99.50%
Tlb-Load-Misses:        35622244    0.50%
Tlb-Load-Accesses:    7114578716  100.00%

Tlb-Store-Hits:        1451564234   99.64%
Tlb-Store-Misses:         5180954    0.36%
Tlb-Store-Accesses:    1456745188  100.00%

Tlb-Total-Hits:        8530520706   99.52%
Tlb-Total-Misses:        40803198    0.48%
Tlb-Total-Accesses:    8571323904  100.00%



--------
Two level Cache hierarchy
--------
  L1-Data Cache:
    Size(KB):         128
    Block Size(B):    128
    Associativity:      8

  L2-Data Cache:
    Size(KB):        1024
    Block Size(B):    128
    Associativity:      8

Latencies:    1   15  250
L1-Sets:  128 - LRU - assoc:   8
L2-Sets: 1024 - LRU - assoc:   8
Store_allocation: Yes
L2_inclusive: Yes
L2_prefetching: No

L1 Cache Stats:
L1-Load-Hits:        7046374565   99.04%
L1-Load-Misses:        68204151    0.96%
L1-Load-Accesses:    7114578716  100.00%

L1-Store-Hits:        1447037954   99.33%
L1-Store-Misses:         9707234    0.67%
L1-Store-Accesses:    1456745188  100.00%

L1-Total-Hits:        8493412519   99.09%
L1-Total-Misses:        77911385    0.91%
L1-Total-Accesses:    8571323904  100.00%

L2 Cache Stats:
L2-Load-Hits:          22056818   32.34%
L2-Load-Misses:        46147333   67.66%
L2-Load-Accesses:      68204151  100.00%

L2-Store-Hits:           5526006   56.93%
L2-Store-Misses:         4181228   43.07%
L2-Store-Accesses:       9707234  100.00%

L2-Total-Hits:          27582824   35.40%
L2-Total-Misses:        50328561   64.60%
L2-Total-Accesses:      77911385  100.00%

