--------
Total Statistics
--------
Total Instructions: 24710721671
Total Cycles: 53955000862
IPC: 0.457988

--------
Single level Tlb hierarchy
--------
  Data Tlb:
    Entries:          64
    Page Size(B):   4096
    Associativity:      4

Latencies:    0  100
Tlb-Sets:   16 - LRU - assoc:   4

Tlb Stats:
Tlb-Load-Hits:        7076502187   99.46%
Tlb-Load-Misses:        38076537    0.54%
Tlb-Load-Accesses:    7114578724  100.00%

Tlb-Store-Hits:        1452150518   99.68%
Tlb-Store-Misses:         4594074    0.32%
Tlb-Store-Accesses:    1456744592  100.00%

Tlb-Total-Hits:        8528652705   99.50%
Tlb-Total-Misses:        42670611    0.50%
Tlb-Total-Accesses:    8571323316  100.00%



--------
Two level Cache hierarchy
--------
  L1-Data Cache:
    Size(KB):          64
    Block Size(B):     64
    Associativity:      8

  L2-Data Cache:
    Size(KB):        1024
    Block Size(B):    128
    Associativity:      8

Latencies:    1   15  250
L1-Sets:  128 - LRU - assoc:   8
L2-Sets: 1024 - LRU - assoc:   8
Store_allocation: Yes
L2_inclusive: Yes
L2_prefetching: No

L1 Cache Stats:
L1-Load-Hits:        6961596769   97.85%
L1-Load-Misses:       152981955    2.15%
L1-Load-Accesses:    7114578724  100.00%

L1-Store-Hits:        1353512662   92.91%
L1-Store-Misses:       103231930    7.09%
L1-Store-Accesses:    1456744592  100.00%

L1-Total-Hits:        8315109431   97.01%
L1-Total-Misses:       256213885    2.99%
L1-Total-Accesses:    8571323316  100.00%

L2 Cache Stats:
L2-Load-Hits:         106910899   69.88%
L2-Load-Misses:        46071056   30.12%
L2-Load-Accesses:     152981955  100.00%

L2-Store-Hits:          99052240   95.95%
L2-Store-Misses:         4179690    4.05%
L2-Store-Accesses:     103231930  100.00%

L2-Total-Hits:         205963139   80.39%
L2-Total-Misses:        50250746   19.61%
L2-Total-Accesses:     256213885  100.00%

