--------
Total Statistics
--------
Total Instructions: 24710723025
Total Cycles: 53700280661
IPC: 0.46016

--------
Single level Tlb hierarchy
--------
  Data Tlb:
    Entries:          64
    Page Size(B):   4096
    Associativity:      4

Latencies:    0  100
Tlb-Sets:   16 - LRU - assoc:   4

Tlb Stats:
Tlb-Load-Hits:        7079283379   99.50%
Tlb-Load-Misses:        35295337    0.50%
Tlb-Load-Accesses:    7114578716  100.00%

Tlb-Store-Hits:        1452037488   99.68%
Tlb-Store-Misses:         4707892    0.32%
Tlb-Store-Accesses:    1456745380  100.00%

Tlb-Total-Hits:        8531320867   99.53%
Tlb-Total-Misses:        40003229    0.47%
Tlb-Total-Accesses:    8571324096  100.00%



--------
Two level Cache hierarchy
--------
  L1-Data Cache:
    Size(KB):          64
    Block Size(B):     64
    Associativity:      4

  L2-Data Cache:
    Size(KB):        1024
    Block Size(B):    128
    Associativity:      8

Latencies:    1   15  250
L1-Sets:  256 - LRU - assoc:   4
L2-Sets: 1024 - LRU - assoc:   8
Store_allocation: Yes
L2_inclusive: Yes
L2_prefetching: No

L1 Cache Stats:
L1-Load-Hits:        6960780310   97.84%
L1-Load-Misses:       153798406    2.16%
L1-Load-Accesses:    7114578716  100.00%

L1-Store-Hits:        1353527060   92.91%
L1-Store-Misses:       103218320    7.09%
L1-Store-Accesses:    1456745380  100.00%

L1-Total-Hits:        8314307370   97.00%
L1-Total-Misses:       257016726    3.00%
L1-Total-Accesses:    8571324096  100.00%

L2 Cache Stats:
L2-Load-Hits:         107727219   70.04%
L2-Load-Misses:        46071187   29.96%
L2-Load-Accesses:     153798406  100.00%

L2-Store-Hits:          99038868   95.95%
L2-Store-Misses:         4179452    4.05%
L2-Store-Accesses:     103218320  100.00%

L2-Total-Hits:         206766087   80.45%
L2-Total-Misses:        50250639   19.55%
L2-Total-Accesses:     257016726  100.00%

