--------
Total Statistics
--------
Total Instructions: 24710721671
Total Cycles: 56281588102
IPC: 0.439055

--------
Single level Tlb hierarchy
--------
  Data Tlb:
    Entries:          64
    Page Size(B):   4096
    Associativity:      4

Latencies:    0  100
Tlb-Sets:   16 - LRU - assoc:   4

Tlb Stats:
Tlb-Load-Hits:        7079098324   99.50%
Tlb-Load-Misses:        35480400    0.50%
Tlb-Load-Accesses:    7114578724  100.00%

Tlb-Store-Hits:        1452049758   99.68%
Tlb-Store-Misses:         4694834    0.32%
Tlb-Store-Accesses:    1456744592  100.00%

Tlb-Total-Hits:        8531148082   99.53%
Tlb-Total-Misses:        40175234    0.47%
Tlb-Total-Accesses:    8571323316  100.00%



--------
Two level Cache hierarchy
--------
  L1-Data Cache:
    Size(KB):          32
    Block Size(B):     32
    Associativity:      8

  L2-Data Cache:
    Size(KB):        1024
    Block Size(B):    128
    Associativity:      8

Latencies:    1   15  250
L1-Sets:  128 - LRU - assoc:   8
L2-Sets: 1024 - LRU - assoc:   8
Store_allocation: Yes
L2_inclusive: Yes
L2_prefetching: No

L1 Cache Stats:
L1-Load-Hits:        6887080487   96.80%
L1-Load-Misses:       227498237    3.20%
L1-Load-Accesses:    7114578724  100.00%

L1-Store-Hits:        1255638348   86.19%
L1-Store-Misses:       201106244   13.81%
L1-Store-Accesses:    1456744592  100.00%

L1-Total-Hits:        8142718835   95.00%
L1-Total-Misses:       428604481    5.00%
L1-Total-Accesses:    8571323316  100.00%

L2 Cache Stats:
L2-Load-Hits:         181465372   79.77%
L2-Load-Misses:        46032865   20.23%
L2-Load-Accesses:     227498237  100.00%

L2-Store-Hits:         196927299   97.92%
L2-Store-Misses:         4178945    2.08%
L2-Store-Accesses:     201106244  100.00%

L2-Total-Hits:         378392671   88.28%
L2-Total-Misses:        50211810   11.72%
L2-Total-Accesses:     428604481  100.00%

