--------
Total Statistics
--------
Total Instructions: 24710722689
Total Cycles: 54690682628
IPC: 0.451827

--------
Single level Tlb hierarchy
--------
  Data Tlb:
    Entries:          64
    Page Size(B):   4096
    Associativity:      4

Latencies:    0  100
Tlb-Sets:   16 - LRU - assoc:   4

Tlb Stats:
Tlb-Load-Hits:        7073629245   99.42%
Tlb-Load-Misses:        40949471    0.58%
Tlb-Load-Accesses:    7114578716  100.00%

Tlb-Store-Hits:        1450755401   99.59%
Tlb-Store-Misses:         5989787    0.41%
Tlb-Store-Accesses:    1456745188  100.00%

Tlb-Total-Hits:        8524384646   99.45%
Tlb-Total-Misses:        46939258    0.55%
Tlb-Total-Accesses:    8571323904  100.00%



--------
Two level Cache hierarchy
--------
  L1-Data Cache:
    Size(KB):          32
    Block Size(B):     64
    Associativity:      4

  L2-Data Cache:
    Size(KB):        1024
    Block Size(B):    128
    Associativity:      8

Latencies:    1   15  250
L1-Sets:  128 - LRU - assoc:   4
L2-Sets: 1024 - LRU - assoc:   8
Store_allocation: Yes
L2_inclusive: Yes
L2_prefetching: No

L1 Cache Stats:
L1-Load-Hits:        6942852502   97.59%
L1-Load-Misses:       171726214    2.41%
L1-Load-Accesses:    7114578716  100.00%

L1-Store-Hits:        1351593503   92.78%
L1-Store-Misses:       105151685    7.22%
L1-Store-Accesses:    1456745188  100.00%

L1-Total-Hits:        8294446005   96.77%
L1-Total-Misses:       276877899    3.23%
L1-Total-Accesses:    8571323904  100.00%

L2 Cache Stats:
L2-Load-Hits:         125656371   73.17%
L2-Load-Misses:        46069843   26.83%
L2-Load-Accesses:     171726214  100.00%

L2-Store-Hits:         100975361   96.03%
L2-Store-Misses:         4176324    3.97%
L2-Store-Accesses:     105151685  100.00%

L2-Total-Hits:         226631732   81.85%
L2-Total-Misses:        50246167   18.15%
L2-Total-Accesses:     276877899  100.00%

