--------
Total Statistics
--------
Total Instructions: 24710721671
Total Cycles: 51724030797
IPC: 0.477742

--------
Single level Tlb hierarchy
--------
  Data Tlb:
    Entries:          64
    Page Size(B):   4096
    Associativity:      4

Latencies:    0  100
Tlb-Sets:   16 - LRU - assoc:   4

Tlb Stats:
Tlb-Load-Hits:        7079457374   99.51%
Tlb-Load-Misses:        35121350    0.49%
Tlb-Load-Accesses:    7114578724  100.00%

Tlb-Store-Hits:        1451893279   99.67%
Tlb-Store-Misses:         4851313    0.33%
Tlb-Store-Accesses:    1456744592  100.00%

Tlb-Total-Hits:        8531350653   99.53%
Tlb-Total-Misses:        39972663    0.47%
Tlb-Total-Accesses:    8571323316  100.00%



--------
Two level Cache hierarchy
--------
  L1-Data Cache:
    Size(KB):          64
    Block Size(B):    128
    Associativity:      8

  L2-Data Cache:
    Size(KB):        1024
    Block Size(B):    128
    Associativity:      8

Latencies:    1   15  250
L1-Sets:   64 - LRU - assoc:   8
L2-Sets: 1024 - LRU - assoc:   8
Store_allocation: Yes
L2_inclusive: Yes
L2_prefetching: No

L1 Cache Stats:
L1-Load-Hits:        7039216612   98.94%
L1-Load-Misses:        75362112    1.06%
L1-Load-Accesses:    7114578724  100.00%

L1-Store-Hits:        1407104320   96.59%
L1-Store-Misses:        49640272    3.41%
L1-Store-Accesses:    1456744592  100.00%

L1-Total-Hits:        8446320932   98.54%
L1-Total-Misses:       125002384    1.46%
L1-Total-Accesses:    8571323316  100.00%

L2 Cache Stats:
L2-Load-Hits:          29261467   38.83%
L2-Load-Misses:        46100645   61.17%
L2-Load-Accesses:      75362112  100.00%

L2-Store-Hits:          45462182   91.58%
L2-Store-Misses:         4178090    8.42%
L2-Store-Accesses:      49640272  100.00%

L2-Total-Hits:          74723649   59.78%
L2-Total-Misses:        50278735   40.22%
L2-Total-Accesses:     125002384  100.00%

