--------
Total Statistics
--------
Total Instructions: 24710723050
Total Cycles: 54040864524
IPC: 0.45726

--------
Single level Tlb hierarchy
--------
  Data Tlb:
    Entries:          64
    Page Size(B):   4096
    Associativity:      4

Latencies:    0  100
Tlb-Sets:   16 - LRU - assoc:   4

Tlb Stats:
Tlb-Load-Hits:        7072716586   99.41%
Tlb-Load-Misses:        41862138    0.59%
Tlb-Load-Accesses:    7114578724  100.00%

Tlb-Store-Hits:        1450619628   99.58%
Tlb-Store-Misses:         6125752    0.42%
Tlb-Store-Accesses:    1456745380  100.00%

Tlb-Total-Hits:        8523336214   99.44%
Tlb-Total-Misses:        47987890    0.56%
Tlb-Total-Accesses:    8571324104  100.00%



--------
Two level Cache hierarchy
--------
  L1-Data Cache:
    Size(KB):         128
    Block Size(B):     32
    Associativity:      8

  L2-Data Cache:
    Size(KB):        1024
    Block Size(B):    128
    Associativity:      8

Latencies:    1   15  250
L1-Sets:  512 - LRU - assoc:   8
L2-Sets: 1024 - LRU - assoc:   8
Store_allocation: Yes
L2_inclusive: Yes
L2_prefetching: No

L1 Cache Stats:
L1-Load-Hits:        6923025417   97.31%
L1-Load-Misses:       191553307    2.69%
L1-Load-Accesses:    7114578724  100.00%

L1-Store-Hits:        1422038479   97.62%
L1-Store-Misses:        34706901    2.38%
L1-Store-Accesses:    1456745380  100.00%

L1-Total-Hits:        8345063896   97.36%
L1-Total-Misses:       226260208    2.64%
L1-Total-Accesses:    8571324104  100.00%

L2 Cache Stats:
L2-Load-Hits:         145473298   75.94%
L2-Load-Misses:        46080009   24.06%
L2-Load-Accesses:     191553307  100.00%

L2-Store-Hits:          30522409   87.94%
L2-Store-Misses:         4184492   12.06%
L2-Store-Accesses:      34706901  100.00%

L2-Total-Hits:         175995707   77.78%
L2-Total-Misses:        50264501   22.22%
L2-Total-Accesses:     226260208  100.00%

