--------
Total Statistics
--------
Total Instructions: 7966224626
Total Cycles: 12784014375
IPC: 0.62314

--------
Single level Tlb hierarchy
--------
  Data Tlb:
    Entries:          64
    Page Size(B):   4096
    Associativity:      4

Latencies:    0  100
Tlb-Sets:   16 - LRU - assoc:   4

Tlb Stats:
Tlb-Load-Hits:        1867741784   99.97%
Tlb-Load-Misses:          564483    0.03%
Tlb-Load-Accesses:    1868306267  100.00%

Tlb-Store-Hits:         187508295   99.85%
Tlb-Store-Misses:          279852    0.15%
Tlb-Store-Accesses:     187788147  100.00%

Tlb-Total-Hits:        2055250079   99.96%
Tlb-Total-Misses:          844335    0.04%
Tlb-Total-Accesses:    2056094414  100.00%



--------
Two level Cache hierarchy
--------
  L1-Data Cache:
    Size(KB):          32
    Block Size(B):     32
    Associativity:      8

  L2-Data Cache:
    Size(KB):        1024
    Block Size(B):    128
    Associativity:      8

Latencies:    1   15  250
L1-Sets:  128 - LRU - assoc:   8
L2-Sets: 1024 - LRU - assoc:   8
Store_allocation: Yes
L2_inclusive: Yes
L2_prefetching: No

L1 Cache Stats:
L1-Load-Hits:        1841348039   98.56%
L1-Load-Misses:        26958228    1.44%
L1-Load-Accesses:    1868306267  100.00%

L1-Store-Hits:         180977436   96.37%
L1-Store-Misses:         6810711    3.63%
L1-Store-Accesses:     187788147  100.00%

L1-Total-Hits:        2022325475   98.36%
L1-Total-Misses:        33768939    1.64%
L1-Total-Accesses:    2056094414  100.00%

L2 Cache Stats:
L2-Load-Hits:          20994320   77.88%
L2-Load-Misses:         5963908   22.12%
L2-Load-Accesses:      26958228  100.00%

L2-Store-Hits:           4091708   60.08%
L2-Store-Misses:         2719003   39.92%
L2-Store-Accesses:       6810711  100.00%

L2-Total-Hits:          25086028   74.29%
L2-Total-Misses:         8682911   25.71%
L2-Total-Accesses:      33768939  100.00%

