--------
Total Statistics
--------
Total Instructions: 7966224601
Total Cycles: 12500526172
IPC: 0.637271

--------
Single level Tlb hierarchy
--------
  Data Tlb:
    Entries:          64
    Page Size(B):   4096
    Associativity:      4

Latencies:    0  100
Tlb-Sets:   16 - LRU - assoc:   4

Tlb Stats:
Tlb-Load-Hits:        1867741475   99.97%
Tlb-Load-Misses:          564784    0.03%
Tlb-Load-Accesses:    1868306259  100.00%

Tlb-Store-Hits:         187508297   99.85%
Tlb-Store-Misses:          279850    0.15%
Tlb-Store-Accesses:     187788147  100.00%

Tlb-Total-Hits:        2055249772   99.96%
Tlb-Total-Misses:          844634    0.04%
Tlb-Total-Accesses:    2056094406  100.00%



--------
Two level Cache hierarchy
--------
  L1-Data Cache:
    Size(KB):          32
    Block Size(B):    128
    Associativity:      8

  L2-Data Cache:
    Size(KB):        1024
    Block Size(B):    128
    Associativity:      8

Latencies:    1   15  250
L1-Sets:   32 - LRU - assoc:   8
L2-Sets: 1024 - LRU - assoc:   8
Store_allocation: Yes
L2_inclusive: Yes
L2_prefetching: No

L1 Cache Stats:
L1-Load-Hits:        1856250325   99.35%
L1-Load-Misses:        12055934    0.65%
L1-Load-Accesses:    1868306259  100.00%

L1-Store-Hits:         185040430   98.54%
L1-Store-Misses:         2747717    1.46%
L1-Store-Accesses:     187788147  100.00%

L1-Total-Hits:        2041290755   99.28%
L1-Total-Misses:        14803651    0.72%
L1-Total-Accesses:    2056094406  100.00%

L2 Cache Stats:
L2-Load-Hits:           6087963   50.50%
L2-Load-Misses:         5967971   49.50%
L2-Load-Accesses:      12055934  100.00%

L2-Store-Hits:             28932    1.05%
L2-Store-Misses:         2718785   98.95%
L2-Store-Accesses:       2747717  100.00%

L2-Total-Hits:           6116895   41.32%
L2-Total-Misses:         8686756   58.68%
L2-Total-Accesses:      14803651  100.00%

