--------
Total Statistics
--------
Total Instructions: 7966224601
Total Cycles: 12653854017
IPC: 0.629549

--------
Single level Tlb hierarchy
--------
  Data Tlb:
    Entries:          64
    Page Size(B):   4096
    Associativity:      4

Latencies:    0  100
Tlb-Sets:   16 - LRU - assoc:   4

Tlb Stats:
Tlb-Load-Hits:        1867741909   99.97%
Tlb-Load-Misses:          564350    0.03%
Tlb-Load-Accesses:    1868306259  100.00%

Tlb-Store-Hits:         187508297   99.85%
Tlb-Store-Misses:          279850    0.15%
Tlb-Store-Accesses:     187788147  100.00%

Tlb-Total-Hits:        2055250206   99.96%
Tlb-Total-Misses:          844200    0.04%
Tlb-Total-Accesses:    2056094406  100.00%



--------
Two level Cache hierarchy
--------
  L1-Data Cache:
    Size(KB):          64
    Block Size(B):     64
    Associativity:      8

  L2-Data Cache:
    Size(KB):        1024
    Block Size(B):    128
    Associativity:      8

Latencies:    1   15  250
L1-Sets:  128 - LRU - assoc:   8
L2-Sets: 1024 - LRU - assoc:   8
Store_allocation: Yes
L2_inclusive: Yes
L2_prefetching: No

L1 Cache Stats:
L1-Load-Hits:        1848702041   98.95%
L1-Load-Misses:        19604218    1.05%
L1-Load-Accesses:    1868306259  100.00%

L1-Store-Hits:         182307681   97.08%
L1-Store-Misses:         5480466    2.92%
L1-Store-Accesses:     187788147  100.00%

L1-Total-Hits:        2031009722   98.78%
L1-Total-Misses:        25084684    1.22%
L1-Total-Accesses:    2056094406  100.00%

L2 Cache Stats:
L2-Load-Hits:          13639783   69.58%
L2-Load-Misses:         5964435   30.42%
L2-Load-Accesses:      19604218  100.00%

L2-Store-Hits:           2761522   50.39%
L2-Store-Misses:         2718944   49.61%
L2-Store-Accesses:       5480466  100.00%

L2-Total-Hits:          16401305   65.38%
L2-Total-Misses:         8683379   34.62%
L2-Total-Accesses:      25084684  100.00%

