--------
Total Statistics
--------
Total Instructions: 7966224607
Total Cycles: 12473962818
IPC: 0.638628

--------
Single level Tlb hierarchy
--------
  Data Tlb:
    Entries:          64
    Page Size(B):   4096
    Associativity:      4

Latencies:    0  100
Tlb-Sets:   16 - LRU - assoc:   4

Tlb Stats:
Tlb-Load-Hits:        1867741269   99.97%
Tlb-Load-Misses:          564990    0.03%
Tlb-Load-Accesses:    1868306259  100.00%

Tlb-Store-Hits:         187508295   99.85%
Tlb-Store-Misses:          279852    0.15%
Tlb-Store-Accesses:     187788147  100.00%

Tlb-Total-Hits:        2055249564   99.96%
Tlb-Total-Misses:          844842    0.04%
Tlb-Total-Accesses:    2056094406  100.00%



--------
Two level Cache hierarchy
--------
  L1-Data Cache:
    Size(KB):          64
    Block Size(B):    128
    Associativity:      8

  L2-Data Cache:
    Size(KB):        1024
    Block Size(B):    128
    Associativity:      8

Latencies:    1   15  250
L1-Sets:   64 - LRU - assoc:   8
L2-Sets: 1024 - LRU - assoc:   8
Store_allocation: Yes
L2_inclusive: Yes
L2_prefetching: No

L1 Cache Stats:
L1-Load-Hits:        1857996477   99.45%
L1-Load-Misses:        10309782    0.55%
L1-Load-Accesses:    1868306259  100.00%

L1-Store-Hits:         185067422   98.55%
L1-Store-Misses:         2720725    1.45%
L1-Store-Accesses:     187788147  100.00%

L1-Total-Hits:        2043063899   99.37%
L1-Total-Misses:        13030507    0.63%
L1-Total-Accesses:    2056094406  100.00%

L2 Cache Stats:
L2-Load-Hits:           4341756   42.11%
L2-Load-Misses:         5968026   57.89%
L2-Load-Accesses:      10309782  100.00%

L2-Store-Hits:              1943    0.07%
L2-Store-Misses:         2718782   99.93%
L2-Store-Accesses:       2720725  100.00%

L2-Total-Hits:           4343699   33.33%
L2-Total-Misses:         8686808   66.67%
L2-Total-Accesses:      13030507  100.00%

