--------
Total Statistics
--------
Total Instructions: 7966224626
Total Cycles: 12431005630
IPC: 0.640835

--------
Single level Tlb hierarchy
--------
  Data Tlb:
    Entries:          64
    Page Size(B):   4096
    Associativity:      4

Latencies:    0  100
Tlb-Sets:   16 - LRU - assoc:   4

Tlb Stats:
Tlb-Load-Hits:        1867741473   99.97%
Tlb-Load-Misses:          564794    0.03%
Tlb-Load-Accesses:    1868306267  100.00%

Tlb-Store-Hits:         187508293   99.85%
Tlb-Store-Misses:          279854    0.15%
Tlb-Store-Accesses:     187788147  100.00%

Tlb-Total-Hits:        2055249766   99.96%
Tlb-Total-Misses:          844648    0.04%
Tlb-Total-Accesses:    2056094414  100.00%



--------
Two level Cache hierarchy
--------
  L1-Data Cache:
    Size(KB):         128
    Block Size(B):    128
    Associativity:      8

  L2-Data Cache:
    Size(KB):        1024
    Block Size(B):    128
    Associativity:      8

Latencies:    1   15  250
L1-Sets:  128 - LRU - assoc:   8
L2-Sets: 1024 - LRU - assoc:   8
Store_allocation: Yes
L2_inclusive: Yes
L2_prefetching: No

L1 Cache Stats:
L1-Load-Hits:        1860824495   99.60%
L1-Load-Misses:         7481772    0.40%
L1-Load-Accesses:    1868306267  100.00%

L1-Store-Hits:         185068883   98.55%
L1-Store-Misses:         2719264    1.45%
L1-Store-Accesses:     187788147  100.00%

L1-Total-Hits:        2045893378   99.50%
L1-Total-Misses:        10201036    0.50%
L1-Total-Accesses:    2056094414  100.00%

L2 Cache Stats:
L2-Load-Hits:           1516201   20.27%
L2-Load-Misses:         5965571   79.73%
L2-Load-Accesses:       7481772  100.00%

L2-Store-Hits:                10    0.00%
L2-Store-Misses:         2719254  100.00%
L2-Store-Accesses:       2719264  100.00%

L2-Total-Hits:           1516211   14.86%
L2-Total-Misses:         8684825   85.14%
L2-Total-Accesses:      10201036  100.00%

