--------
Total Statistics
--------
Total Instructions: 7966224626
Total Cycles: 12605048540
IPC: 0.631987

--------
Single level Tlb hierarchy
--------
  Data Tlb:
    Entries:          64
    Page Size(B):   4096
    Associativity:      4

Latencies:    0  100
Tlb-Sets:   16 - LRU - assoc:   4

Tlb Stats:
Tlb-Load-Hits:        1867741840   99.97%
Tlb-Load-Misses:          564427    0.03%
Tlb-Load-Accesses:    1868306267  100.00%

Tlb-Store-Hits:         187508293   99.85%
Tlb-Store-Misses:          279854    0.15%
Tlb-Store-Accesses:     187788147  100.00%

Tlb-Total-Hits:        2055250133   99.96%
Tlb-Total-Misses:          844281    0.04%
Tlb-Total-Accesses:    2056094414  100.00%



--------
Two level Cache hierarchy
--------
  L1-Data Cache:
    Size(KB):         128
    Block Size(B):     64
    Associativity:      8

  L2-Data Cache:
    Size(KB):        1024
    Block Size(B):    128
    Associativity:      8

Latencies:    1   15  250
L1-Sets:  256 - LRU - assoc:   8
L2-Sets: 1024 - LRU - assoc:   8
Store_allocation: Yes
L2_inclusive: Yes
L2_prefetching: No

L1 Cache Stats:
L1-Load-Hits:        1851958433   99.12%
L1-Load-Misses:        16347834    0.88%
L1-Load-Accesses:    1868306267  100.00%

L1-Store-Hits:         182315471   97.09%
L1-Store-Misses:         5472676    2.91%
L1-Store-Accesses:     187788147  100.00%

L1-Total-Hits:        2034273904   98.94%
L1-Total-Misses:        21820510    1.06%
L1-Total-Accesses:    2056094414  100.00%

L2 Cache Stats:
L2-Load-Hits:          10383043   63.51%
L2-Load-Misses:         5964791   36.49%
L2-Load-Accesses:      16347834  100.00%

L2-Store-Hits:           2753492   50.31%
L2-Store-Misses:         2719184   49.69%
L2-Store-Accesses:       5472676  100.00%

L2-Total-Hits:          13136535   60.20%
L2-Total-Misses:         8683975   39.80%
L2-Total-Accesses:      21820510  100.00%

