--------
Total Statistics
--------
Total Instructions: 7966224601
Total Cycles: 12698587237
IPC: 0.627332

--------
Single level Tlb hierarchy
--------
  Data Tlb:
    Entries:          64
    Page Size(B):   4096
    Associativity:      4

Latencies:    0  100
Tlb-Sets:   16 - LRU - assoc:   4

Tlb Stats:
Tlb-Load-Hits:        1867660447   99.97%
Tlb-Load-Misses:          645812    0.03%
Tlb-Load-Accesses:    1868306259  100.00%

Tlb-Store-Hits:         187508259   99.85%
Tlb-Store-Misses:          279888    0.15%
Tlb-Store-Accesses:     187788147  100.00%

Tlb-Total-Hits:        2055168706   99.95%
Tlb-Total-Misses:          925700    0.05%
Tlb-Total-Accesses:    2056094406  100.00%



--------
Two level Cache hierarchy
--------
  L1-Data Cache:
    Size(KB):          32
    Block Size(B):     64
    Associativity:      4

  L2-Data Cache:
    Size(KB):        1024
    Block Size(B):    128
    Associativity:      8

Latencies:    1   15  250
L1-Sets:  128 - LRU - assoc:   4
L2-Sets: 1024 - LRU - assoc:   8
Store_allocation: Yes
L2_inclusive: Yes
L2_prefetching: No

L1 Cache Stats:
L1-Load-Hits:        1846273098   98.82%
L1-Load-Misses:        22033161    1.18%
L1-Load-Accesses:    1868306259  100.00%

L1-Store-Hits:         182299676   97.08%
L1-Store-Misses:         5488471    2.92%
L1-Store-Accesses:     187788147  100.00%

L1-Total-Hits:        2028572774   98.66%
L1-Total-Misses:        27521632    1.34%
L1-Total-Accesses:    2056094406  100.00%

L2 Cache Stats:
L2-Load-Hits:          16068547   72.93%
L2-Load-Misses:         5964614   27.07%
L2-Load-Accesses:      22033161  100.00%

L2-Store-Hits:           2769590   50.46%
L2-Store-Misses:         2718881   49.54%
L2-Store-Accesses:       5488471  100.00%

L2-Total-Hits:          18838137   68.45%
L2-Total-Misses:         8683495   31.55%
L2-Total-Accesses:      27521632  100.00%

