--------
Total Statistics
--------
Total Instructions: 31246956939
Total Cycles: 49735191797
IPC: 0.628267

--------
Single level Tlb hierarchy
--------
  Data Tlb:
    Entries:          64
    Page Size(B):   4096
    Associativity:      4

Latencies:    0  100
Tlb-Sets:   16 - LRU - assoc:   4

Tlb Stats:
Tlb-Load-Hits:        9377163884   99.87%
Tlb-Load-Misses:        12574661    0.13%
Tlb-Load-Accesses:    9389738545  100.00%

Tlb-Store-Hits:        4904375919   99.92%
Tlb-Store-Misses:         3798594    0.08%
Tlb-Store-Accesses:    4908174513  100.00%

Tlb-Total-Hits:       14281539803   99.89%
Tlb-Total-Misses:        16373255    0.11%
Tlb-Total-Accesses:   14297913058  100.00%



--------
Two level Cache hierarchy
--------
  L1-Data Cache:
    Size(KB):          64
    Block Size(B):    128
    Associativity:      8

  L2-Data Cache:
    Size(KB):        1024
    Block Size(B):    128
    Associativity:      8

Latencies:    1   15  250
L1-Sets:   64 - LRU - assoc:   8
L2-Sets: 1024 - LRU - assoc:   8
Store_allocation: Yes
L2_inclusive: Yes
L2_prefetching: No

L1 Cache Stats:
L1-Load-Hits:        9364253051   99.73%
L1-Load-Misses:        25485494    0.27%
L1-Load-Accesses:    9389738545  100.00%

L1-Store-Hits:        4903608937   99.91%
L1-Store-Misses:         4565576    0.09%
L1-Store-Accesses:    4908174513  100.00%

L1-Total-Hits:       14267861988   99.79%
L1-Total-Misses:        30051070    0.21%
L1-Total-Accesses:   14297913058  100.00%

L2 Cache Stats:
L2-Load-Hits:          19350005   75.93%
L2-Load-Misses:         6135489   24.07%
L2-Load-Accesses:      25485494  100.00%

L2-Store-Hits:           2292144   50.20%
L2-Store-Misses:         2273432   49.80%
L2-Store-Accesses:       4565576  100.00%

L2-Total-Hits:          21642149   72.02%
L2-Total-Misses:         8408921   27.98%
L2-Total-Accesses:      30051070  100.00%

