--------
Total Statistics
--------
Total Instructions: 31246956914
Total Cycles: 50239475689
IPC: 0.62196

--------
Single level Tlb hierarchy
--------
  Data Tlb:
    Entries:          64
    Page Size(B):   4096
    Associativity:      4

Latencies:    0  100
Tlb-Sets:   16 - LRU - assoc:   4

Tlb Stats:
Tlb-Load-Hits:        9376208999   99.86%
Tlb-Load-Misses:        13529538    0.14%
Tlb-Load-Accesses:    9389738537  100.00%

Tlb-Store-Hits:        4903564354   99.91%
Tlb-Store-Misses:         4610159    0.09%
Tlb-Store-Accesses:    4908174513  100.00%

Tlb-Total-Hits:       14279773353   99.87%
Tlb-Total-Misses:        18139697    0.13%
Tlb-Total-Accesses:   14297913050  100.00%



--------
Two level Cache hierarchy
--------
  L1-Data Cache:
    Size(KB):         128
    Block Size(B):     32
    Associativity:      8

  L2-Data Cache:
    Size(KB):        1024
    Block Size(B):    128
    Associativity:      8

Latencies:    1   15  250
L1-Sets:  512 - LRU - assoc:   8
L2-Sets: 1024 - LRU - assoc:   8
Store_allocation: Yes
L2_inclusive: Yes
L2_prefetching: No

L1 Cache Stats:
L1-Load-Hits:        9350811967   99.59%
L1-Load-Misses:        38926570    0.41%
L1-Load-Accesses:    9389738537  100.00%

L1-Store-Hits:        4895218098   99.74%
L1-Store-Misses:        12956415    0.26%
L1-Store-Accesses:    4908174513  100.00%

L1-Total-Hits:       14246030065   99.64%
L1-Total-Misses:        51882985    0.36%
L1-Total-Accesses:   14297913050  100.00%

L2 Cache Stats:
L2-Load-Hits:          32787647   84.23%
L2-Load-Misses:         6138923   15.77%
L2-Load-Accesses:      38926570  100.00%

L2-Store-Hits:          10685773   82.47%
L2-Store-Misses:         2270642   17.53%
L2-Store-Accesses:      12956415  100.00%

L2-Total-Hits:          43473420   83.79%
L2-Total-Misses:         8409565   16.21%
L2-Total-Accesses:      51882985  100.00%

