--------
Total Statistics
--------
Total Instructions: 31246956914
Total Cycles: 50073544944
IPC: 0.624021

--------
Single level Tlb hierarchy
--------
  Data Tlb:
    Entries:          64
    Page Size(B):   4096
    Associativity:      4

Latencies:    0  100
Tlb-Sets:   16 - LRU - assoc:   4

Tlb Stats:
Tlb-Load-Hits:        9376573662   99.86%
Tlb-Load-Misses:        13164875    0.14%
Tlb-Load-Accesses:    9389738537  100.00%

Tlb-Store-Hits:        4904030092   99.92%
Tlb-Store-Misses:         4144421    0.08%
Tlb-Store-Accesses:    4908174513  100.00%

Tlb-Total-Hits:       14280603754   99.88%
Tlb-Total-Misses:        17309296    0.12%
Tlb-Total-Accesses:   14297913050  100.00%



--------
Two level Cache hierarchy
--------
  L1-Data Cache:
    Size(KB):          32
    Block Size(B):    128
    Associativity:      8

  L2-Data Cache:
    Size(KB):        1024
    Block Size(B):    128
    Associativity:      8

Latencies:    1   15  250
L1-Sets:   32 - LRU - assoc:   8
L2-Sets: 1024 - LRU - assoc:   8
Store_allocation: Yes
L2_inclusive: Yes
L2_prefetching: No

L1 Cache Stats:
L1-Load-Hits:        9348568096   99.56%
L1-Load-Misses:        41170441    0.44%
L1-Load-Accesses:    9389738537  100.00%

L1-Store-Hits:        4902670262   99.89%
L1-Store-Misses:         5504251    0.11%
L1-Store-Accesses:    4908174513  100.00%

L1-Total-Hits:       14251238358   99.67%
L1-Total-Misses:        46674692    0.33%
L1-Total-Accesses:   14297913050  100.00%

L2 Cache Stats:
L2-Load-Hits:          35049341   85.13%
L2-Load-Misses:         6121100   14.87%
L2-Load-Accesses:      41170441  100.00%

L2-Store-Hits:           3234851   58.77%
L2-Store-Misses:         2269400   41.23%
L2-Store-Accesses:       5504251  100.00%

L2-Total-Hits:          38284192   82.02%
L2-Total-Misses:         8390500   17.98%
L2-Total-Accesses:      46674692  100.00%

