--------
Total Statistics
--------
Total Instructions: 31246956914
Total Cycles: 50265793199
IPC: 0.621635

--------
Single level Tlb hierarchy
--------
  Data Tlb:
    Entries:          64
    Page Size(B):   4096
    Associativity:      4

Latencies:    0  100
Tlb-Sets:   16 - LRU - assoc:   4

Tlb Stats:
Tlb-Load-Hits:        9374456481   99.84%
Tlb-Load-Misses:        15282056    0.16%
Tlb-Load-Accesses:    9389738537  100.00%

Tlb-Store-Hits:        4902954126   99.89%
Tlb-Store-Misses:         5220387    0.11%
Tlb-Store-Accesses:    4908174513  100.00%

Tlb-Total-Hits:       14277410607   99.86%
Tlb-Total-Misses:        20502443    0.14%
Tlb-Total-Accesses:   14297913050  100.00%



--------
Two level Cache hierarchy
--------
  L1-Data Cache:
    Size(KB):         128
    Block Size(B):     64
    Associativity:      8

  L2-Data Cache:
    Size(KB):        1024
    Block Size(B):    128
    Associativity:      8

Latencies:    1   15  250
L1-Sets:  256 - LRU - assoc:   8
L2-Sets: 1024 - LRU - assoc:   8
Store_allocation: Yes
L2_inclusive: Yes
L2_prefetching: No

L1 Cache Stats:
L1-Load-Hits:        9360664256   99.69%
L1-Load-Misses:        29074281    0.31%
L1-Load-Accesses:    9389738537  100.00%

L1-Store-Hits:        4899586915   99.83%
L1-Store-Misses:         8587598    0.17%
L1-Store-Accesses:    4908174513  100.00%

L1-Total-Hits:       14260251171   99.74%
L1-Total-Misses:        37661879    0.26%
L1-Total-Accesses:   14297913050  100.00%

L2 Cache Stats:
L2-Load-Hits:          22926006   78.85%
L2-Load-Misses:         6148275   21.15%
L2-Load-Accesses:      29074281  100.00%

L2-Store-Hits:           6312870   73.51%
L2-Store-Misses:         2274728   26.49%
L2-Store-Accesses:       8587598  100.00%

L2-Total-Hits:          29238876   77.64%
L2-Total-Misses:         8423003   22.36%
L2-Total-Accesses:      37661879  100.00%

