--------
Total Statistics
--------
Total Instructions: 31246956914
Total Cycles: 49817709684
IPC: 0.627226

--------
Single level Tlb hierarchy
--------
  Data Tlb:
    Entries:          64
    Page Size(B):   4096
    Associativity:      4

Latencies:    0  100
Tlb-Sets:   16 - LRU - assoc:   4

Tlb Stats:
Tlb-Load-Hits:        9375935368   99.85%
Tlb-Load-Misses:        13803169    0.15%
Tlb-Load-Accesses:    9389738537  100.00%

Tlb-Store-Hits:        4903578697   99.91%
Tlb-Store-Misses:         4595816    0.09%
Tlb-Store-Accesses:    4908174513  100.00%

Tlb-Total-Hits:       14279514065   99.87%
Tlb-Total-Misses:        18398985    0.13%
Tlb-Total-Accesses:   14297913050  100.00%



--------
Two level Cache hierarchy
--------
  L1-Data Cache:
    Size(KB):         128
    Block Size(B):    128
    Associativity:      8

  L2-Data Cache:
    Size(KB):        1024
    Block Size(B):    128
    Associativity:      8

Latencies:    1   15  250
L1-Sets:  128 - LRU - assoc:   8
L2-Sets: 1024 - LRU - assoc:   8
Store_allocation: Yes
L2_inclusive: Yes
L2_prefetching: No

L1 Cache Stats:
L1-Load-Hits:        9371868214   99.81%
L1-Load-Misses:        17870323    0.19%
L1-Load-Accesses:    9389738537  100.00%

L1-Store-Hits:        4904454538   99.92%
L1-Store-Misses:         3719975    0.08%
L1-Store-Accesses:    4908174513  100.00%

L1-Total-Hits:       14276322752   99.85%
L1-Total-Misses:        21590298    0.15%
L1-Total-Accesses:   14297913050  100.00%

L2 Cache Stats:
L2-Load-Hits:          11709247   65.52%
L2-Load-Misses:         6161076   34.48%
L2-Load-Accesses:      17870323  100.00%

L2-Store-Hits:           1444704   38.84%
L2-Store-Misses:         2275271   61.16%
L2-Store-Accesses:       3719975  100.00%

L2-Total-Hits:          13153951   60.93%
L2-Total-Misses:         8436347   39.07%
L2-Total-Accesses:      21590298  100.00%

