--------
Total Statistics
--------
Total Instructions: 31246956939
Total Cycles: 50363602672
IPC: 0.620427

--------
Single level Tlb hierarchy
--------
  Data Tlb:
    Entries:          64
    Page Size(B):   4096
    Associativity:      4

Latencies:    0  100
Tlb-Sets:   16 - LRU - assoc:   4

Tlb Stats:
Tlb-Load-Hits:        9377399962   99.87%
Tlb-Load-Misses:        12338583    0.13%
Tlb-Load-Accesses:    9389738545  100.00%

Tlb-Store-Hits:        4904451839   99.92%
Tlb-Store-Misses:         3722674    0.08%
Tlb-Store-Accesses:    4908174513  100.00%

Tlb-Total-Hits:       14281851801   99.89%
Tlb-Total-Misses:        16061257    0.11%
Tlb-Total-Accesses:   14297913058  100.00%



--------
Two level Cache hierarchy
--------
  L1-Data Cache:
    Size(KB):          32
    Block Size(B):     32
    Associativity:      8

  L2-Data Cache:
    Size(KB):        1024
    Block Size(B):    128
    Associativity:      8

Latencies:    1   15  250
L1-Sets:  128 - LRU - assoc:   8
L2-Sets: 1024 - LRU - assoc:   8
Store_allocation: Yes
L2_inclusive: Yes
L2_prefetching: No

L1 Cache Stats:
L1-Load-Hits:        9330092721   99.36%
L1-Load-Misses:        59645824    0.64%
L1-Load-Accesses:    9389738545  100.00%

L1-Store-Hits:        4893466472   99.70%
L1-Store-Misses:        14708041    0.30%
L1-Store-Accesses:    4908174513  100.00%

L1-Total-Hits:       14223559193   99.48%
L1-Total-Misses:        74353865    0.52%
L1-Total-Accesses:   14297913058  100.00%

L2 Cache Stats:
L2-Load-Hits:          53526340   89.74%
L2-Load-Misses:         6119484   10.26%
L2-Load-Accesses:      59645824  100.00%

L2-Store-Hits:          12438329   84.57%
L2-Store-Misses:         2269712   15.43%
L2-Store-Accesses:      14708041  100.00%

L2-Total-Hits:          65964669   88.72%
L2-Total-Misses:         8389196   11.28%
L2-Total-Accesses:      74353865  100.00%

