--------
Total Statistics
--------
Total Instructions: 31246956914
Total Cycles: 50443419284
IPC: 0.619446

--------
Single level Tlb hierarchy
--------
  Data Tlb:
    Entries:          64
    Page Size(B):   4096
    Associativity:      4

Latencies:    0  100
Tlb-Sets:   16 - LRU - assoc:   4

Tlb Stats:
Tlb-Load-Hits:        9375587134   99.85%
Tlb-Load-Misses:        14151403    0.15%
Tlb-Load-Accesses:    9389738537  100.00%

Tlb-Store-Hits:        4903512524   99.91%
Tlb-Store-Misses:         4661989    0.09%
Tlb-Store-Accesses:    4908174513  100.00%

Tlb-Total-Hits:       14279099658   99.87%
Tlb-Total-Misses:        18813392    0.13%
Tlb-Total-Accesses:   14297913050  100.00%



--------
Two level Cache hierarchy
--------
  L1-Data Cache:
    Size(KB):          32
    Block Size(B):     64
    Associativity:      4

  L2-Data Cache:
    Size(KB):        1024
    Block Size(B):    128
    Associativity:      8

Latencies:    1   15  250
L1-Sets:  128 - LRU - assoc:   4
L2-Sets: 1024 - LRU - assoc:   8
Store_allocation: Yes
L2_inclusive: Yes
L2_prefetching: No

L1 Cache Stats:
L1-Load-Hits:        9338602399   99.46%
L1-Load-Misses:        51136138    0.54%
L1-Load-Accesses:    9389738537  100.00%

L1-Store-Hits:        4897978993   99.79%
L1-Store-Misses:        10195520    0.21%
L1-Store-Accesses:    4908174513  100.00%

L1-Total-Hits:       14236581392   99.57%
L1-Total-Misses:        61331658    0.43%
L1-Total-Accesses:   14297913050  100.00%

L2 Cache Stats:
L2-Load-Hits:          45017085   88.03%
L2-Load-Misses:         6119053   11.97%
L2-Load-Accesses:      51136138  100.00%

L2-Store-Hits:           7925632   77.74%
L2-Store-Misses:         2269888   22.26%
L2-Store-Accesses:      10195520  100.00%

L2-Total-Hits:          52942717   86.32%
L2-Total-Misses:         8388941   13.68%
L2-Total-Accesses:      61331658  100.00%

