--------
Total Statistics
--------
Total Instructions: 31246956939
Total Cycles: 50136592272
IPC: 0.623237

--------
Single level Tlb hierarchy
--------
  Data Tlb:
    Entries:          64
    Page Size(B):   4096
    Associativity:      4

Latencies:    0  100
Tlb-Sets:   16 - LRU - assoc:   4

Tlb Stats:
Tlb-Load-Hits:        9377533804   99.87%
Tlb-Load-Misses:        12204741    0.13%
Tlb-Load-Accesses:    9389738545  100.00%

Tlb-Store-Hits:        4904478468   99.92%
Tlb-Store-Misses:         3696045    0.08%
Tlb-Store-Accesses:    4908174513  100.00%

Tlb-Total-Hits:       14282012272   99.89%
Tlb-Total-Misses:        15900786    0.11%
Tlb-Total-Accesses:   14297913058  100.00%



--------
Two level Cache hierarchy
--------
  L1-Data Cache:
    Size(KB):          32
    Block Size(B):     64
    Associativity:      8

  L2-Data Cache:
    Size(KB):        1024
    Block Size(B):    128
    Associativity:      8

Latencies:    1   15  250
L1-Sets:   64 - LRU - assoc:   8
L2-Sets: 1024 - LRU - assoc:   8
Store_allocation: Yes
L2_inclusive: Yes
L2_prefetching: No

L1 Cache Stats:
L1-Load-Hits:        9339656972   99.47%
L1-Load-Misses:        50081573    0.53%
L1-Load-Accesses:    9389738545  100.00%

L1-Store-Hits:        4897936991   99.79%
L1-Store-Misses:        10237522    0.21%
L1-Store-Accesses:    4908174513  100.00%

L1-Total-Hits:       14237593963   99.58%
L1-Total-Misses:        60319095    0.42%
L1-Total-Accesses:   14297913058  100.00%

L2 Cache Stats:
L2-Load-Hits:          43962795   87.78%
L2-Load-Misses:         6118778   12.22%
L2-Load-Accesses:      50081573  100.00%

L2-Store-Hits:           7968871   77.84%
L2-Store-Misses:         2268651   22.16%
L2-Store-Accesses:      10237522  100.00%

L2-Total-Hits:          51931666   86.09%
L2-Total-Misses:         8387429   13.91%
L2-Total-Accesses:      60319095  100.00%

