--------
Total Statistics
--------
Total Instructions: 31246956939
Total Cycles: 50193429902
IPC: 0.622531

--------
Single level Tlb hierarchy
--------
  Data Tlb:
    Entries:          64
    Page Size(B):   4096
    Associativity:      4

Latencies:    0  100
Tlb-Sets:   16 - LRU - assoc:   4

Tlb Stats:
Tlb-Load-Hits:        9377068124   99.87%
Tlb-Load-Misses:        12670421    0.13%
Tlb-Load-Accesses:    9389738545  100.00%

Tlb-Store-Hits:        4904354005   99.92%
Tlb-Store-Misses:         3820508    0.08%
Tlb-Store-Accesses:    4908174513  100.00%

Tlb-Total-Hits:       14281422129   99.88%
Tlb-Total-Misses:        16490929    0.12%
Tlb-Total-Accesses:   14297913058  100.00%



--------
Two level Cache hierarchy
--------
  L1-Data Cache:
    Size(KB):          64
    Block Size(B):     32
    Associativity:      8

  L2-Data Cache:
    Size(KB):        1024
    Block Size(B):    128
    Associativity:      8

Latencies:    1   15  250
L1-Sets:  256 - LRU - assoc:   8
L2-Sets: 1024 - LRU - assoc:   8
Store_allocation: Yes
L2_inclusive: Yes
L2_prefetching: No

L1 Cache Stats:
L1-Load-Hits:        9343298671   99.51%
L1-Load-Misses:        46439874    0.49%
L1-Load-Accesses:    9389738545  100.00%

L1-Store-Hits:        4894542870   99.72%
L1-Store-Misses:        13631643    0.28%
L1-Store-Accesses:    4908174513  100.00%

L1-Total-Hits:       14237841541   99.58%
L1-Total-Misses:        60071517    0.42%
L1-Total-Accesses:   14297913058  100.00%

L2 Cache Stats:
L2-Load-Hits:          40316841   86.82%
L2-Load-Misses:         6123033   13.18%
L2-Load-Accesses:      46439874  100.00%

L2-Store-Hits:          11361099   83.34%
L2-Store-Misses:         2270544   16.66%
L2-Store-Accesses:      13631643  100.00%

L2-Total-Hits:          51677940   86.03%
L2-Total-Misses:         8393577   13.97%
L2-Total-Accesses:      60071517  100.00%

