--------
Total Statistics
--------
Total Instructions: 31246956914
Total Cycles: 49923383224
IPC: 0.625898

--------
Single level Tlb hierarchy
--------
  Data Tlb:
    Entries:          64
    Page Size(B):   4096
    Associativity:      4

Latencies:    0  100
Tlb-Sets:   16 - LRU - assoc:   4

Tlb Stats:
Tlb-Load-Hits:        9377457880   99.87%
Tlb-Load-Misses:        12280657    0.13%
Tlb-Load-Accesses:    9389738537  100.00%

Tlb-Store-Hits:        4904483281   99.92%
Tlb-Store-Misses:         3691232    0.08%
Tlb-Store-Accesses:    4908174513  100.00%

Tlb-Total-Hits:       14281941161   99.89%
Tlb-Total-Misses:        15971889    0.11%
Tlb-Total-Accesses:   14297913050  100.00%



--------
Two level Cache hierarchy
--------
  L1-Data Cache:
    Size(KB):          64
    Block Size(B):     64
    Associativity:      8

  L2-Data Cache:
    Size(KB):        1024
    Block Size(B):    128
    Associativity:      8

Latencies:    1   15  250
L1-Sets:  128 - LRU - assoc:   8
L2-Sets: 1024 - LRU - assoc:   8
Store_allocation: Yes
L2_inclusive: Yes
L2_prefetching: No

L1 Cache Stats:
L1-Load-Hits:        9353651027   99.62%
L1-Load-Misses:        36087510    0.38%
L1-Load-Accesses:    9389738537  100.00%

L1-Store-Hits:        4898869499   99.81%
L1-Store-Misses:         9305014    0.19%
L1-Store-Accesses:    4908174513  100.00%

L1-Total-Hits:       14252520526   99.68%
L1-Total-Misses:        45392524    0.32%
L1-Total-Accesses:   14297913050  100.00%

L2 Cache Stats:
L2-Load-Hits:          29957372   83.01%
L2-Load-Misses:         6130138   16.99%
L2-Load-Accesses:      36087510  100.00%

L2-Store-Hits:           7033406   75.59%
L2-Store-Misses:         2271608   24.41%
L2-Store-Accesses:       9305014  100.00%

L2-Total-Hits:          36990778   81.49%
L2-Total-Misses:         8401746   18.51%
L2-Total-Accesses:      45392524  100.00%

