--------
Total Statistics
--------
Total Instructions: 6899721503
Total Cycles: 9776016163
IPC: 0.70578

--------
Single level Tlb hierarchy
--------
  Data Tlb:
    Entries:          64
    Page Size(B):   4096
    Associativity:      4

Latencies:    0  100
Tlb-Sets:   16 - LRU - assoc:   4

Tlb Stats:
Tlb-Load-Hits:        1840035218   99.97%
Tlb-Load-Misses:          543235    0.03%
Tlb-Load-Accesses:    1840578453  100.00%

Tlb-Store-Hits:         682042277   99.99%
Tlb-Store-Misses:           51185    0.01%
Tlb-Store-Accesses:     682093462  100.00%

Tlb-Total-Hits:        2522077495   99.98%
Tlb-Total-Misses:          594420    0.02%
Tlb-Total-Accesses:    2522671915  100.00%



--------
Two level Cache hierarchy
--------
  L1-Data Cache:
    Size(KB):         128
    Block Size(B):     64
    Associativity:      8

  L2-Data Cache:
    Size(KB):        1024
    Block Size(B):    128
    Associativity:      8

Latencies:    1   15  250
L1-Sets:  256 - LRU - assoc:   8
L2-Sets: 1024 - LRU - assoc:   8
Store_allocation: Yes
L2_inclusive: Yes
L2_prefetching: No

L1 Cache Stats:
L1-Load-Hits:        1837667759   99.84%
L1-Load-Misses:         2910694    0.16%
L1-Load-Accesses:    1840578453  100.00%

L1-Store-Hits:         681514523   99.92%
L1-Store-Misses:          578939    0.08%
L1-Store-Accesses:     682093462  100.00%

L1-Total-Hits:        2519182282   99.86%
L1-Total-Misses:         3489633    0.14%
L1-Total-Accesses:    2522671915  100.00%

L2 Cache Stats:
L2-Load-Hits:           2138573   73.47%
L2-Load-Misses:          772121   26.53%
L2-Load-Accesses:       2910694  100.00%

L2-Store-Hits:            383715   66.28%
L2-Store-Misses:          195224   33.72%
L2-Store-Accesses:        578939  100.00%

L2-Total-Hits:           2522288   72.28%
L2-Total-Misses:          967345   27.72%
L2-Total-Accesses:       3489633  100.00%

