--------
Total Statistics
--------
Total Instructions: 6899721478
Total Cycles: 9803048070
IPC: 0.703834

--------
Single level Tlb hierarchy
--------
  Data Tlb:
    Entries:          64
    Page Size(B):   4096
    Associativity:      4

Latencies:    0  100
Tlb-Sets:   16 - LRU - assoc:   4

Tlb Stats:
Tlb-Load-Hits:        1840012696   99.97%
Tlb-Load-Misses:          565749    0.03%
Tlb-Load-Accesses:    1840578445  100.00%

Tlb-Store-Hits:         682041429   99.99%
Tlb-Store-Misses:           52033    0.01%
Tlb-Store-Accesses:     682093462  100.00%

Tlb-Total-Hits:        2522054125   99.98%
Tlb-Total-Misses:          617782    0.02%
Tlb-Total-Accesses:    2522671907  100.00%



--------
Two level Cache hierarchy
--------
  L1-Data Cache:
    Size(KB):         128
    Block Size(B):     32
    Associativity:      8

  L2-Data Cache:
    Size(KB):        1024
    Block Size(B):    128
    Associativity:      8

Latencies:    1   15  250
L1-Sets:  512 - LRU - assoc:   8
L2-Sets: 1024 - LRU - assoc:   8
Store_allocation: Yes
L2_inclusive: Yes
L2_prefetching: No

L1 Cache Stats:
L1-Load-Hits:        1836403291   99.77%
L1-Load-Misses:         4175154    0.23%
L1-Load-Accesses:    1840578445  100.00%

L1-Store-Hits:         681127467   99.86%
L1-Store-Misses:          965995    0.14%
L1-Store-Accesses:     682093462  100.00%

L1-Total-Hits:        2517530758   99.80%
L1-Total-Misses:         5141149    0.20%
L1-Total-Accesses:    2522671907  100.00%

L2 Cache Stats:
L2-Load-Hits:           3403349   81.51%
L2-Load-Misses:          771805   18.49%
L2-Load-Accesses:       4175154  100.00%

L2-Store-Hits:            770763   79.79%
L2-Store-Misses:          195232   20.21%
L2-Store-Accesses:        965995  100.00%

L2-Total-Hits:           4174112   81.19%
L2-Total-Misses:          967037   18.81%
L2-Total-Accesses:       5141149  100.00%

