--------
Total Statistics
--------
Total Instructions: 6899721503
Total Cycles: 9804808033
IPC: 0.703708

--------
Single level Tlb hierarchy
--------
  Data Tlb:
    Entries:          64
    Page Size(B):   4096
    Associativity:      4

Latencies:    0  100
Tlb-Sets:   16 - LRU - assoc:   4

Tlb Stats:
Tlb-Load-Hits:        1839896040   99.96%
Tlb-Load-Misses:          682413    0.04%
Tlb-Load-Accesses:    1840578453  100.00%

Tlb-Store-Hits:         681996016   99.99%
Tlb-Store-Misses:           97446    0.01%
Tlb-Store-Accesses:     682093462  100.00%

Tlb-Total-Hits:        2521892056   99.97%
Tlb-Total-Misses:          779859    0.03%
Tlb-Total-Accesses:    2522671915  100.00%



--------
Two level Cache hierarchy
--------
  L1-Data Cache:
    Size(KB):          32
    Block Size(B):     64
    Associativity:      8

  L2-Data Cache:
    Size(KB):        1024
    Block Size(B):    128
    Associativity:      8

Latencies:    1   15  250
L1-Sets:   64 - LRU - assoc:   8
L2-Sets: 1024 - LRU - assoc:   8
Store_allocation: Yes
L2_inclusive: Yes
L2_prefetching: No

L1 Cache Stats:
L1-Load-Hits:        1837028311   99.81%
L1-Load-Misses:         3550142    0.19%
L1-Load-Accesses:    1840578453  100.00%

L1-Store-Hits:         681466823   99.91%
L1-Store-Misses:          626639    0.09%
L1-Store-Accesses:     682093462  100.00%

L1-Total-Hits:        2518495134   99.83%
L1-Total-Misses:         4176781    0.17%
L1-Total-Accesses:    2522671915  100.00%

L2 Cache Stats:
L2-Load-Hits:           2778211   78.26%
L2-Load-Misses:          771931   21.74%
L2-Load-Accesses:       3550142  100.00%

L2-Store-Hits:            431462   68.85%
L2-Store-Misses:          195177   31.15%
L2-Store-Accesses:        626639  100.00%

L2-Total-Hits:           3209673   76.85%
L2-Total-Misses:          967108   23.15%
L2-Total-Accesses:       4176781  100.00%

