--------
Total Statistics
--------
Total Instructions: 6899721478
Total Cycles: 9780642780
IPC: 0.705447

--------
Single level Tlb hierarchy
--------
  Data Tlb:
    Entries:          64
    Page Size(B):   4096
    Associativity:      4

Latencies:    0  100
Tlb-Sets:   16 - LRU - assoc:   4

Tlb Stats:
Tlb-Load-Hits:        1840024353   99.97%
Tlb-Load-Misses:          554092    0.03%
Tlb-Load-Accesses:    1840578445  100.00%

Tlb-Store-Hits:         682041173   99.99%
Tlb-Store-Misses:           52289    0.01%
Tlb-Store-Accesses:     682093462  100.00%

Tlb-Total-Hits:        2522065526   99.98%
Tlb-Total-Misses:          606381    0.02%
Tlb-Total-Accesses:    2522671907  100.00%



--------
Two level Cache hierarchy
--------
  L1-Data Cache:
    Size(KB):          64
    Block Size(B):     64
    Associativity:      4

  L2-Data Cache:
    Size(KB):        1024
    Block Size(B):    128
    Associativity:      8

Latencies:    1   15  250
L1-Sets:  256 - LRU - assoc:   4
L2-Sets: 1024 - LRU - assoc:   8
Store_allocation: Yes
L2_inclusive: Yes
L2_prefetching: No

L1 Cache Stats:
L1-Load-Hits:        1837476847   99.83%
L1-Load-Misses:         3101598    0.17%
L1-Load-Accesses:    1840578445  100.00%

L1-Store-Hits:         681508207   99.91%
L1-Store-Misses:          585255    0.09%
L1-Store-Accesses:     682093462  100.00%

L1-Total-Hits:        2518985054   99.85%
L1-Total-Misses:         3686853    0.15%
L1-Total-Accesses:    2522671907  100.00%

L2 Cache Stats:
L2-Load-Hits:           2327682   75.05%
L2-Load-Misses:          773916   24.95%
L2-Load-Accesses:       3101598  100.00%

L2-Store-Hits:            389937   66.63%
L2-Store-Misses:          195318   33.37%
L2-Store-Accesses:        585255  100.00%

L2-Total-Hits:           2717619   73.71%
L2-Total-Misses:          969234   26.29%
L2-Total-Accesses:       3686853  100.00%

