--------
Total Statistics
--------
Total Instructions: 6899721478
Total Cycles: 9785610000
IPC: 0.705089

--------
Single level Tlb hierarchy
--------
  Data Tlb:
    Entries:          64
    Page Size(B):   4096
    Associativity:      4

Latencies:    0  100
Tlb-Sets:   16 - LRU - assoc:   4

Tlb Stats:
Tlb-Load-Hits:        1840043785   99.97%
Tlb-Load-Misses:          534660    0.03%
Tlb-Load-Accesses:    1840578445  100.00%

Tlb-Store-Hits:         682042833   99.99%
Tlb-Store-Misses:           50629    0.01%
Tlb-Store-Accesses:     682093462  100.00%

Tlb-Total-Hits:        2522086618   99.98%
Tlb-Total-Misses:          585289    0.02%
Tlb-Total-Accesses:    2522671907  100.00%



--------
Two level Cache hierarchy
--------
  L1-Data Cache:
    Size(KB):          32
    Block Size(B):     64
    Associativity:      4

  L2-Data Cache:
    Size(KB):        1024
    Block Size(B):    128
    Associativity:      8

Latencies:    1   15  250
L1-Sets:  128 - LRU - assoc:   4
L2-Sets: 1024 - LRU - assoc:   8
Store_allocation: Yes
L2_inclusive: Yes
L2_prefetching: No

L1 Cache Stats:
L1-Load-Hits:        1837009005   99.81%
L1-Load-Misses:         3569440    0.19%
L1-Load-Accesses:    1840578445  100.00%

L1-Store-Hits:         681467821   99.91%
L1-Store-Misses:          625641    0.09%
L1-Store-Accesses:     682093462  100.00%

L1-Total-Hits:        2518476826   99.83%
L1-Total-Misses:         4195081    0.17%
L1-Total-Accesses:    2522671907  100.00%

L2 Cache Stats:
L2-Load-Hits:           2797436   78.37%
L2-Load-Misses:          772004   21.63%
L2-Load-Accesses:       3569440  100.00%

L2-Store-Hits:            430599   68.83%
L2-Store-Misses:          195042   31.17%
L2-Store-Accesses:        625641  100.00%

L2-Total-Hits:           3228035   76.95%
L2-Total-Misses:          967046   23.05%
L2-Total-Accesses:       4195081  100.00%

