--------
Total Statistics
--------
Total Instructions: 6899721478
Total Cycles: 9746491475
IPC: 0.707918

--------
Single level Tlb hierarchy
--------
  Data Tlb:
    Entries:          64
    Page Size(B):   4096
    Associativity:      4

Latencies:    0  100
Tlb-Sets:   16 - LRU - assoc:   4

Tlb Stats:
Tlb-Load-Hits:        1840040537   99.97%
Tlb-Load-Misses:          537908    0.03%
Tlb-Load-Accesses:    1840578445  100.00%

Tlb-Store-Hits:         682042418   99.99%
Tlb-Store-Misses:           51044    0.01%
Tlb-Store-Accesses:     682093462  100.00%

Tlb-Total-Hits:        2522082955   99.98%
Tlb-Total-Misses:          588952    0.02%
Tlb-Total-Accesses:    2522671907  100.00%



--------
Two level Cache hierarchy
--------
  L1-Data Cache:
    Size(KB):         128
    Block Size(B):    128
    Associativity:      8

  L2-Data Cache:
    Size(KB):        1024
    Block Size(B):    128
    Associativity:      8

Latencies:    1   15  250
L1-Sets:  128 - LRU - assoc:   8
L2-Sets: 1024 - LRU - assoc:   8
Store_allocation: Yes
L2_inclusive: Yes
L2_prefetching: No

L1 Cache Stats:
L1-Load-Hits:        1839299153   99.93%
L1-Load-Misses:         1279292    0.07%
L1-Load-Accesses:    1840578445  100.00%

L1-Store-Hits:         681894778   99.97%
L1-Store-Misses:          198684    0.03%
L1-Store-Accesses:     682093462  100.00%

L1-Total-Hits:        2521193931   99.94%
L1-Total-Misses:         1477976    0.06%
L1-Total-Accesses:    2522671907  100.00%

L2 Cache Stats:
L2-Load-Hits:            503113   39.33%
L2-Load-Misses:          776179   60.67%
L2-Load-Accesses:       1279292  100.00%

L2-Store-Hits:              2730    1.37%
L2-Store-Misses:          195954   98.63%
L2-Store-Accesses:        198684  100.00%

L2-Total-Hits:            505843   34.23%
L2-Total-Misses:          972133   65.77%
L2-Total-Accesses:       1477976  100.00%

