--------
Total Statistics
--------
Total Instructions: 6899721503
Total Cycles: 9807805753
IPC: 0.703493

--------
Single level Tlb hierarchy
--------
  Data Tlb:
    Entries:          64
    Page Size(B):   4096
    Associativity:      4

Latencies:    0  100
Tlb-Sets:   16 - LRU - assoc:   4

Tlb Stats:
Tlb-Load-Hits:        1840048506   99.97%
Tlb-Load-Misses:          529947    0.03%
Tlb-Load-Accesses:    1840578453  100.00%

Tlb-Store-Hits:         682042863   99.99%
Tlb-Store-Misses:           50599    0.01%
Tlb-Store-Accesses:     682093462  100.00%

Tlb-Total-Hits:        2522091369   99.98%
Tlb-Total-Misses:          580546    0.02%
Tlb-Total-Accesses:    2522671915  100.00%



--------
Two level Cache hierarchy
--------
  L1-Data Cache:
    Size(KB):          32
    Block Size(B):     32
    Associativity:      8

  L2-Data Cache:
    Size(KB):        1024
    Block Size(B):    128
    Associativity:      8

Latencies:    1   15  250
L1-Sets:  128 - LRU - assoc:   8
L2-Sets: 1024 - LRU - assoc:   8
Store_allocation: Yes
L2_inclusive: Yes
L2_prefetching: No

L1 Cache Stats:
L1-Load-Hits:        1835858267   99.74%
L1-Load-Misses:         4720186    0.26%
L1-Load-Accesses:    1840578453  100.00%

L1-Store-Hits:         681084299   99.85%
L1-Store-Misses:         1009163    0.15%
L1-Store-Accesses:     682093462  100.00%

L1-Total-Hits:        2516942566   99.77%
L1-Total-Misses:         5729349    0.23%
L1-Total-Accesses:    2522671915  100.00%

L2 Cache Stats:
L2-Load-Hits:           3949604   83.67%
L2-Load-Misses:          770582   16.33%
L2-Load-Accesses:       4720186  100.00%

L2-Store-Hits:            814075   80.67%
L2-Store-Misses:          195088   19.33%
L2-Store-Accesses:       1009163  100.00%

L2-Total-Hits:           4763679   83.15%
L2-Total-Misses:          965670   16.85%
L2-Total-Accesses:       5729349  100.00%

