--------
Total Statistics
--------
Total Instructions: 6899721478
Total Cycles: 9779979085
IPC: 0.705495

--------
Single level Tlb hierarchy
--------
  Data Tlb:
    Entries:          64
    Page Size(B):   4096
    Associativity:      4

Latencies:    0  100
Tlb-Sets:   16 - LRU - assoc:   4

Tlb Stats:
Tlb-Load-Hits:        1840017719   99.97%
Tlb-Load-Misses:          560726    0.03%
Tlb-Load-Accesses:    1840578445  100.00%

Tlb-Store-Hits:         682039588   99.99%
Tlb-Store-Misses:           53874    0.01%
Tlb-Store-Accesses:     682093462  100.00%

Tlb-Total-Hits:        2522057307   99.98%
Tlb-Total-Misses:          614600    0.02%
Tlb-Total-Accesses:    2522671907  100.00%



--------
Two level Cache hierarchy
--------
  L1-Data Cache:
    Size(KB):          64
    Block Size(B):     64
    Associativity:      8

  L2-Data Cache:
    Size(KB):        1024
    Block Size(B):    128
    Associativity:      8

Latencies:    1   15  250
L1-Sets:  128 - LRU - assoc:   8
L2-Sets: 1024 - LRU - assoc:   8
Store_allocation: Yes
L2_inclusive: Yes
L2_prefetching: No

L1 Cache Stats:
L1-Load-Hits:        1837501479   99.83%
L1-Load-Misses:         3076966    0.17%
L1-Load-Accesses:    1840578445  100.00%

L1-Store-Hits:         681512498   99.91%
L1-Store-Misses:          580964    0.09%
L1-Store-Accesses:     682093462  100.00%

L1-Total-Hits:        2519013977   99.85%
L1-Total-Misses:         3657930    0.15%
L1-Total-Accesses:    2522671907  100.00%

L2 Cache Stats:
L2-Load-Hits:           2307179   74.98%
L2-Load-Misses:          769787   25.02%
L2-Load-Accesses:       3076966  100.00%

L2-Store-Hits:            385724   66.39%
L2-Store-Misses:          195240   33.61%
L2-Store-Accesses:        580964  100.00%

L2-Total-Hits:           2692903   73.62%
L2-Total-Misses:          965027   26.38%
L2-Total-Accesses:       3657930  100.00%

