--------
Total Statistics
--------
Total Instructions: 6899721503
Total Cycles: 9749517588
IPC: 0.707699

--------
Single level Tlb hierarchy
--------
  Data Tlb:
    Entries:          64
    Page Size(B):   4096
    Associativity:      4

Latencies:    0  100
Tlb-Sets:   16 - LRU - assoc:   4

Tlb Stats:
Tlb-Load-Hits:        1840030566   99.97%
Tlb-Load-Misses:          547887    0.03%
Tlb-Load-Accesses:    1840578453  100.00%

Tlb-Store-Hits:         682035273   99.99%
Tlb-Store-Misses:           58189    0.01%
Tlb-Store-Accesses:     682093462  100.00%

Tlb-Total-Hits:        2522065839   99.98%
Tlb-Total-Misses:          606076    0.02%
Tlb-Total-Accesses:    2522671915  100.00%



--------
Two level Cache hierarchy
--------
  L1-Data Cache:
    Size(KB):          64
    Block Size(B):    128
    Associativity:      8

  L2-Data Cache:
    Size(KB):        1024
    Block Size(B):    128
    Associativity:      8

Latencies:    1   15  250
L1-Sets:   64 - LRU - assoc:   8
L2-Sets: 1024 - LRU - assoc:   8
Store_allocation: Yes
L2_inclusive: Yes
L2_prefetching: No

L1 Cache Stats:
L1-Load-Hits:        1839166684   99.92%
L1-Load-Misses:         1411769    0.08%
L1-Load-Accesses:    1840578453  100.00%

L1-Store-Hits:         681889493   99.97%
L1-Store-Misses:          203969    0.03%
L1-Store-Accesses:     682093462  100.00%

L1-Total-Hits:        2521056177   99.94%
L1-Total-Misses:         1615738    0.06%
L1-Total-Accesses:    2522671915  100.00%

L2 Cache Stats:
L2-Load-Hits:            638208   45.21%
L2-Load-Misses:          773561   54.79%
L2-Load-Accesses:       1411769  100.00%

L2-Store-Hits:              8408    4.12%
L2-Store-Misses:          195561   95.88%
L2-Store-Accesses:        203969  100.00%

L2-Total-Hits:            646616   40.02%
L2-Total-Misses:          969122   59.98%
L2-Total-Accesses:       1615738  100.00%

