--------
Total Statistics
--------
Total Instructions: 19326205275
Total Cycles: 80653804756
IPC: 0.239619

--------
Single level Tlb hierarchy
--------
  Data Tlb:
    Entries:          64
    Page Size(B):   4096
    Associativity:      4

Latencies:    0  100
Tlb-Sets:   16 - LRU - assoc:   4

Tlb Stats:
Tlb-Load-Hits:        8634646695   99.62%
Tlb-Load-Misses:        33327350    0.38%
Tlb-Load-Accesses:    8667974045  100.00%

Tlb-Store-Hits:         299232327   99.95%
Tlb-Store-Misses:          136169    0.05%
Tlb-Store-Accesses:     299368496  100.00%

Tlb-Total-Hits:        8933879022   99.63%
Tlb-Total-Misses:        33463519    0.37%
Tlb-Total-Accesses:    8967342541  100.00%



--------
Two level Cache hierarchy
--------
  L1-Data Cache:
    Size(KB):          32
    Block Size(B):     32
    Associativity:      8

  L2-Data Cache:
    Size(KB):        1024
    Block Size(B):    128
    Associativity:      8

Latencies:    1   15  250
L1-Sets:  128 - LRU - assoc:   8
L2-Sets: 1024 - LRU - assoc:   8
Store_allocation: Yes
L2_inclusive: Yes
L2_prefetching: No

L1 Cache Stats:
L1-Load-Hits:        7961190578   91.85%
L1-Load-Misses:       706783467    8.15%
L1-Load-Accesses:    8667974045  100.00%

L1-Store-Hits:         296789527   99.14%
L1-Store-Misses:         2578969    0.86%
L1-Store-Accesses:     299368496  100.00%

L1-Total-Hits:        8257980105   92.09%
L1-Total-Misses:       709362436    7.91%
L1-Total-Accesses:    8967342541  100.00%

L2 Cache Stats:
L2-Load-Hits:         553744120   78.35%
L2-Load-Misses:       153039347   21.65%
L2-Load-Accesses:     706783467  100.00%

L2-Store-Hits:           2124442   82.38%
L2-Store-Misses:          454527   17.62%
L2-Store-Accesses:       2578969  100.00%

L2-Total-Hits:         555868562   78.36%
L2-Total-Misses:       153493874   21.64%
L2-Total-Accesses:     709362436  100.00%

