--------
Total Statistics
--------
Total Instructions: 19326205250
Total Cycles: 76883692168
IPC: 0.251369

--------
Single level Tlb hierarchy
--------
  Data Tlb:
    Entries:          64
    Page Size(B):   4096
    Associativity:      4

Latencies:    0  100
Tlb-Sets:   16 - LRU - assoc:   4

Tlb Stats:
Tlb-Load-Hits:        8634623435   99.62%
Tlb-Load-Misses:        33350602    0.38%
Tlb-Load-Accesses:    8667974037  100.00%

Tlb-Store-Hits:         299223395   99.95%
Tlb-Store-Misses:          145101    0.05%
Tlb-Store-Accesses:     299368496  100.00%

Tlb-Total-Hits:        8933846830   99.63%
Tlb-Total-Misses:        33495703    0.37%
Tlb-Total-Accesses:    8967342533  100.00%



--------
Two level Cache hierarchy
--------
  L1-Data Cache:
    Size(KB):          32
    Block Size(B):     64
    Associativity:      8

  L2-Data Cache:
    Size(KB):        1024
    Block Size(B):    128
    Associativity:      8

Latencies:    1   15  250
L1-Sets:   64 - LRU - assoc:   8
L2-Sets: 1024 - LRU - assoc:   8
Store_allocation: Yes
L2_inclusive: Yes
L2_prefetching: No

L1 Cache Stats:
L1-Load-Hits:        8212325246   94.74%
L1-Load-Misses:       455648791    5.26%
L1-Load-Accesses:    8667974037  100.00%

L1-Store-Hits:         297394498   99.34%
L1-Store-Misses:         1973998    0.66%
L1-Store-Accesses:     299368496  100.00%

L1-Total-Hits:        8509719744   94.90%
L1-Total-Misses:       457622789    5.10%
L1-Total-Accesses:    8967342533  100.00%

L2 Cache Stats:
L2-Load-Hits:         302612217   66.41%
L2-Load-Misses:       153036574   33.59%
L2-Load-Accesses:     455648791  100.00%

L2-Store-Hits:           1505643   76.27%
L2-Store-Misses:          468355   23.73%
L2-Store-Accesses:       1973998  100.00%

L2-Total-Hits:         304117860   66.46%
L2-Total-Misses:       153504929   33.54%
L2-Total-Accesses:     457622789  100.00%

