--------
Total Statistics
--------
Total Instructions: 19326205275
Total Cycles: 80504745966
IPC: 0.240063

--------
Single level Tlb hierarchy
--------
  Data Tlb:
    Entries:          64
    Page Size(B):   4096
    Associativity:      4

Latencies:    0  100
Tlb-Sets:   16 - LRU - assoc:   4

Tlb Stats:
Tlb-Load-Hits:        8634607642   99.62%
Tlb-Load-Misses:        33366403    0.38%
Tlb-Load-Accesses:    8667974045  100.00%

Tlb-Store-Hits:         299226270   99.95%
Tlb-Store-Misses:          142226    0.05%
Tlb-Store-Accesses:     299368496  100.00%

Tlb-Total-Hits:        8933833912   99.63%
Tlb-Total-Misses:        33508629    0.37%
Tlb-Total-Accesses:    8967342541  100.00%



--------
Two level Cache hierarchy
--------
  L1-Data Cache:
    Size(KB):          64
    Block Size(B):     32
    Associativity:      8

  L2-Data Cache:
    Size(KB):        1024
    Block Size(B):    128
    Associativity:      8

Latencies:    1   15  250
L1-Sets:  256 - LRU - assoc:   8
L2-Sets: 1024 - LRU - assoc:   8
Store_allocation: Yes
L2_inclusive: Yes
L2_prefetching: No

L1 Cache Stats:
L1-Load-Hits:        7971187188   91.96%
L1-Load-Misses:       696786857    8.04%
L1-Load-Accesses:    8667974045  100.00%

L1-Store-Hits:         297089753   99.24%
L1-Store-Misses:         2278743    0.76%
L1-Store-Accesses:     299368496  100.00%

L1-Total-Hits:        8268276941   92.20%
L1-Total-Misses:       699065600    7.80%
L1-Total-Accesses:    8967342541  100.00%

L2 Cache Stats:
L2-Load-Hits:         543758471   78.04%
L2-Load-Misses:       153028386   21.96%
L2-Load-Accesses:     696786857  100.00%

L2-Store-Hits:           1809724   79.42%
L2-Store-Misses:          469019   20.58%
L2-Store-Accesses:       2278743  100.00%

L2-Total-Hits:         545568195   78.04%
L2-Total-Misses:       153497405   21.96%
L2-Total-Accesses:     699065600  100.00%

