--------
Total Statistics
--------
Total Instructions: 19326205275
Total Cycles: 72426168721
IPC: 0.26684

--------
Single level Tlb hierarchy
--------
  Data Tlb:
    Entries:          64
    Page Size(B):   4096
    Associativity:      4

Latencies:    0  100
Tlb-Sets:   16 - LRU - assoc:   4

Tlb Stats:
Tlb-Load-Hits:        8634552601   99.61%
Tlb-Load-Misses:        33421444    0.39%
Tlb-Load-Accesses:    8667974045  100.00%

Tlb-Store-Hits:         299218396   99.95%
Tlb-Store-Misses:          150100    0.05%
Tlb-Store-Accesses:     299368496  100.00%

Tlb-Total-Hits:        8933770997   99.63%
Tlb-Total-Misses:        33571544    0.37%
Tlb-Total-Accesses:    8967342541  100.00%



--------
Two level Cache hierarchy
--------
  L1-Data Cache:
    Size(KB):          32
    Block Size(B):    128
    Associativity:      8

  L2-Data Cache:
    Size(KB):        1024
    Block Size(B):    128
    Associativity:      8

Latencies:    1   15  250
L1-Sets:   32 - LRU - assoc:   8
L2-Sets: 1024 - LRU - assoc:   8
Store_allocation: Yes
L2_inclusive: Yes
L2_prefetching: No

L1 Cache Stats:
L1-Load-Hits:        8509968171   98.18%
L1-Load-Misses:       158005874    1.82%
L1-Load-Accesses:    8667974045  100.00%

L1-Store-Hits:         298803953   99.81%
L1-Store-Misses:          564543    0.19%
L1-Store-Accesses:     299368496  100.00%

L1-Total-Hits:        8808772124   98.23%
L1-Total-Misses:       158570417    1.77%
L1-Total-Accesses:    8967342541  100.00%

L2 Cache Stats:
L2-Load-Hits:           4887116    3.09%
L2-Load-Misses:       153118758   96.91%
L2-Load-Accesses:     158005874  100.00%

L2-Store-Hits:             95660   16.94%
L2-Store-Misses:          468883   83.06%
L2-Store-Accesses:        564543  100.00%

L2-Total-Hits:           4982776    3.14%
L2-Total-Misses:       153587641   96.86%
L2-Total-Accesses:     158570417  100.00%

