--------
Total Statistics
--------
Total Instructions: 19326205250
Total Cycles: 76669929723
IPC: 0.25207

--------
Single level Tlb hierarchy
--------
  Data Tlb:
    Entries:          64
    Page Size(B):   4096
    Associativity:      4

Latencies:    0  100
Tlb-Sets:   16 - LRU - assoc:   4

Tlb Stats:
Tlb-Load-Hits:        8634622533   99.62%
Tlb-Load-Misses:        33351504    0.38%
Tlb-Load-Accesses:    8667974037  100.00%

Tlb-Store-Hits:         299224968   99.95%
Tlb-Store-Misses:          143528    0.05%
Tlb-Store-Accesses:     299368496  100.00%

Tlb-Total-Hits:        8933847501   99.63%
Tlb-Total-Misses:        33495032    0.37%
Tlb-Total-Accesses:    8967342533  100.00%



--------
Two level Cache hierarchy
--------
  L1-Data Cache:
    Size(KB):         128
    Block Size(B):     64
    Associativity:      8

  L2-Data Cache:
    Size(KB):        1024
    Block Size(B):    128
    Associativity:      8

Latencies:    1   15  250
L1-Sets:  256 - LRU - assoc:   8
L2-Sets: 1024 - LRU - assoc:   8
Store_allocation: Yes
L2_inclusive: Yes
L2_prefetching: No

L1 Cache Stats:
L1-Load-Hits:        8225729138   94.90%
L1-Load-Misses:       442244899    5.10%
L1-Load-Accesses:    8667974037  100.00%

L1-Store-Hits:         297793629   99.47%
L1-Store-Misses:         1574867    0.53%
L1-Store-Accesses:     299368496  100.00%

L1-Total-Hits:        8523522767   95.05%
L1-Total-Misses:       443819766    4.95%
L1-Total-Accesses:    8967342533  100.00%

L2 Cache Stats:
L2-Load-Hits:         289219126   65.40%
L2-Load-Misses:       153025773   34.60%
L2-Load-Accesses:     442244899  100.00%

L2-Store-Hits:           1122311   71.26%
L2-Store-Misses:          452556   28.74%
L2-Store-Accesses:       1574867  100.00%

L2-Total-Hits:         290341437   65.42%
L2-Total-Misses:       153478329   34.58%
L2-Total-Accesses:     443819766  100.00%

