--------
Total Statistics
--------
Total Instructions: 19326205250
Total Cycles: 76789852228
IPC: 0.251677

--------
Single level Tlb hierarchy
--------
  Data Tlb:
    Entries:          64
    Page Size(B):   4096
    Associativity:      4

Latencies:    0  100
Tlb-Sets:   16 - LRU - assoc:   4

Tlb Stats:
Tlb-Load-Hits:        8634625853   99.62%
Tlb-Load-Misses:        33348184    0.38%
Tlb-Load-Accesses:    8667974037  100.00%

Tlb-Store-Hits:         299203518   99.94%
Tlb-Store-Misses:          164978    0.06%
Tlb-Store-Accesses:     299368496  100.00%

Tlb-Total-Hits:        8933829371   99.63%
Tlb-Total-Misses:        33513162    0.37%
Tlb-Total-Accesses:    8967342533  100.00%



--------
Two level Cache hierarchy
--------
  L1-Data Cache:
    Size(KB):          32
    Block Size(B):     64
    Associativity:      4

  L2-Data Cache:
    Size(KB):        1024
    Block Size(B):    128
    Associativity:      8

Latencies:    1   15  250
L1-Sets:  128 - LRU - assoc:   4
L2-Sets: 1024 - LRU - assoc:   8
Store_allocation: Yes
L2_inclusive: Yes
L2_prefetching: No

L1 Cache Stats:
L1-Load-Hits:        8218288139   94.81%
L1-Load-Misses:       449685898    5.19%
L1-Load-Accesses:    8667974037  100.00%

L1-Store-Hits:         297605061   99.41%
L1-Store-Misses:         1763435    0.59%
L1-Store-Accesses:     299368496  100.00%

L1-Total-Hits:        8515893200   94.97%
L1-Total-Misses:       451449333    5.03%
L1-Total-Accesses:    8967342533  100.00%

L2 Cache Stats:
L2-Load-Hits:         296661671   65.97%
L2-Load-Misses:       153024227   34.03%
L2-Load-Accesses:     449685898  100.00%

L2-Store-Hits:           1294669   73.42%
L2-Store-Misses:          468766   26.58%
L2-Store-Accesses:       1763435  100.00%

L2-Total-Hits:         297956340   66.00%
L2-Total-Misses:       153492993   34.00%
L2-Total-Accesses:     451449333  100.00%

