--------
Total Statistics
--------
Total Instructions: 19326205275
Total Cycles: 72425344931
IPC: 0.266843

--------
Single level Tlb hierarchy
--------
  Data Tlb:
    Entries:          64
    Page Size(B):   4096
    Associativity:      4

Latencies:    0  100
Tlb-Sets:   16 - LRU - assoc:   4

Tlb Stats:
Tlb-Load-Hits:        8634553302   99.61%
Tlb-Load-Misses:        33420743    0.39%
Tlb-Load-Accesses:    8667974045  100.00%

Tlb-Store-Hits:         299209124   99.95%
Tlb-Store-Misses:          159372    0.05%
Tlb-Store-Accesses:     299368496  100.00%

Tlb-Total-Hits:        8933762426   99.63%
Tlb-Total-Misses:        33580115    0.37%
Tlb-Total-Accesses:    8967342541  100.00%



--------
Two level Cache hierarchy
--------
  L1-Data Cache:
    Size(KB):          64
    Block Size(B):    128
    Associativity:      8

  L2-Data Cache:
    Size(KB):        1024
    Block Size(B):    128
    Associativity:      8

Latencies:    1   15  250
L1-Sets:   64 - LRU - assoc:   8
L2-Sets: 1024 - LRU - assoc:   8
Store_allocation: Yes
L2_inclusive: Yes
L2_prefetching: No

L1 Cache Stats:
L1-Load-Hits:        8511012837   98.19%
L1-Load-Misses:       156961208    1.81%
L1-Load-Accesses:    8667974045  100.00%

L1-Store-Hits:         298851813   99.83%
L1-Store-Misses:          516683    0.17%
L1-Store-Accesses:     299368496  100.00%

L1-Total-Hits:        8809864650   98.24%
L1-Total-Misses:       157477891    1.76%
L1-Total-Accesses:    8967342541  100.00%

L2 Cache Stats:
L2-Load-Hits:           3788586    2.41%
L2-Load-Misses:       153172622   97.59%
L2-Load-Accesses:     156961208  100.00%

L2-Store-Hits:             42836    8.29%
L2-Store-Misses:          473847   91.71%
L2-Store-Accesses:        516683  100.00%

L2-Total-Hits:           3831422    2.43%
L2-Total-Misses:       153646469   97.57%
L2-Total-Accesses:     157477891  100.00%

