--------
Total Statistics
--------
Total Instructions: 19326205250
Total Cycles: 76760106583
IPC: 0.251774

--------
Single level Tlb hierarchy
--------
  Data Tlb:
    Entries:          64
    Page Size(B):   4096
    Associativity:      4

Latencies:    0  100
Tlb-Sets:   16 - LRU - assoc:   4

Tlb Stats:
Tlb-Load-Hits:        8634578193   99.61%
Tlb-Load-Misses:        33395844    0.39%
Tlb-Load-Accesses:    8667974037  100.00%

Tlb-Store-Hits:         299223725   99.95%
Tlb-Store-Misses:          144771    0.05%
Tlb-Store-Accesses:     299368496  100.00%

Tlb-Total-Hits:        8933801918   99.63%
Tlb-Total-Misses:        33540615    0.37%
Tlb-Total-Accesses:    8967342533  100.00%



--------
Two level Cache hierarchy
--------
  L1-Data Cache:
    Size(KB):          64
    Block Size(B):     64
    Associativity:      8

  L2-Data Cache:
    Size(KB):        1024
    Block Size(B):    128
    Associativity:      8

Latencies:    1   15  250
L1-Sets:  128 - LRU - assoc:   8
L2-Sets: 1024 - LRU - assoc:   8
Store_allocation: Yes
L2_inclusive: Yes
L2_prefetching: No

L1 Cache Stats:
L1-Load-Hits:        8220694934   94.84%
L1-Load-Misses:       447279103    5.16%
L1-Load-Accesses:    8667974037  100.00%

L1-Store-Hits:         297612779   99.41%
L1-Store-Misses:         1755717    0.59%
L1-Store-Accesses:     299368496  100.00%

L1-Total-Hits:        8518307713   94.99%
L1-Total-Misses:       449034820    5.01%
L1-Total-Accesses:    8967342533  100.00%

L2 Cache Stats:
L2-Load-Hits:         294245794   65.79%
L2-Load-Misses:       153033309   34.21%
L2-Load-Accesses:     447279103  100.00%

L2-Store-Hits:           1281126   72.97%
L2-Store-Misses:          474591   27.03%
L2-Store-Accesses:       1755717  100.00%

L2-Total-Hits:         295526920   65.81%
L2-Total-Misses:       153507900   34.19%
L2-Total-Accesses:     449034820  100.00%

