--------
Total Statistics
--------
Total Instructions: 19326205275
Total Cycles: 76705047786
IPC: 0.251955

--------
Single level Tlb hierarchy
--------
  Data Tlb:
    Entries:          64
    Page Size(B):   4096
    Associativity:      4

Latencies:    0  100
Tlb-Sets:   16 - LRU - assoc:   4

Tlb Stats:
Tlb-Load-Hits:        8634552586   99.61%
Tlb-Load-Misses:        33421459    0.39%
Tlb-Load-Accesses:    8667974045  100.00%

Tlb-Store-Hits:         299210796   99.95%
Tlb-Store-Misses:          157700    0.05%
Tlb-Store-Accesses:     299368496  100.00%

Tlb-Total-Hits:        8933763382   99.63%
Tlb-Total-Misses:        33579159    0.37%
Tlb-Total-Accesses:    8967342541  100.00%



--------
Two level Cache hierarchy
--------
  L1-Data Cache:
    Size(KB):          64
    Block Size(B):     64
    Associativity:      4

  L2-Data Cache:
    Size(KB):        1024
    Block Size(B):    128
    Associativity:      8

Latencies:    1   15  250
L1-Sets:  256 - LRU - assoc:   4
L2-Sets: 1024 - LRU - assoc:   8
Store_allocation: Yes
L2_inclusive: Yes
L2_prefetching: No

L1 Cache Stats:
L1-Load-Hits:        8224395673   94.88%
L1-Load-Misses:       443578372    5.12%
L1-Load-Accesses:    8667974045  100.00%

L1-Store-Hits:         297768780   99.47%
L1-Store-Misses:         1599716    0.53%
L1-Store-Accesses:     299368496  100.00%

L1-Total-Hits:        8522164453   95.04%
L1-Total-Misses:       445178088    4.96%
L1-Total-Accesses:    8967342541  100.00%

L2 Cache Stats:
L2-Load-Hits:         290545117   65.50%
L2-Load-Misses:       153033255   34.50%
L2-Load-Accesses:     443578372  100.00%

L2-Store-Hits:           1129320   70.60%
L2-Store-Misses:          470396   29.40%
L2-Store-Accesses:       1599716  100.00%

L2-Total-Hits:         291674437   65.52%
L2-Total-Misses:       153503651   34.48%
L2-Total-Accesses:     445178088  100.00%

