--------
Total Statistics
--------
Total Instructions: 27912831090
Total Cycles: 40859992377
IPC: 0.683134

--------
Single level Tlb hierarchy
--------
  Data Tlb:
    Entries:          64
    Page Size(B):   4096
    Associativity:      4

Latencies:    0  100
Tlb-Sets:   16 - LRU - assoc:   4

Tlb Stats:
Tlb-Load-Hits:        7669257685  100.00%
Tlb-Load-Misses:           60184    0.00%
Tlb-Load-Accesses:    7669317869  100.00%

Tlb-Store-Hits:        2317381430  100.00%
Tlb-Store-Misses:             348    0.00%
Tlb-Store-Accesses:    2317381778  100.00%

Tlb-Total-Hits:        9986639115  100.00%
Tlb-Total-Misses:           60532    0.00%
Tlb-Total-Accesses:    9986699647  100.00%



--------
Two level Cache hierarchy
--------
  L1-Data Cache:
    Size(KB):          32
    Block Size(B):     32
    Associativity:      8

  L2-Data Cache:
    Size(KB):        1024
    Block Size(B):    128
    Associativity:      8

Latencies:    1   15  250
L1-Sets:  128 - LRU - assoc:   8
L2-Sets: 1024 - LRU - assoc:   8
Store_allocation: Yes
L2_inclusive: Yes
L2_prefetching: No

L1 Cache Stats:
L1-Load-Hits:        7572981439   98.74%
L1-Load-Misses:        96336430    1.26%
L1-Load-Accesses:    7669317869  100.00%

L1-Store-Hits:        2216949162   95.67%
L1-Store-Misses:       100432616    4.33%
L1-Store-Accesses:    2317381778  100.00%

L1-Total-Hits:        9789930601   98.03%
L1-Total-Misses:       196769046    1.97%
L1-Total-Accesses:    9986699647  100.00%

L2 Cache Stats:
L2-Load-Hits:          96334430  100.00%
L2-Load-Misses:            2000    0.00%
L2-Load-Accesses:      96336430  100.00%

L2-Store-Hits:         100423125   99.99%
L2-Store-Misses:            9491    0.01%
L2-Store-Accesses:     100432616  100.00%

L2-Total-Hits:         196757555   99.99%
L2-Total-Misses:           11491    0.01%
L2-Total-Accesses:     196769046  100.00%

