--------
Total Statistics
--------
Total Instructions: 27912831115
Total Cycles: 39711568145
IPC: 0.702889

--------
Single level Tlb hierarchy
--------
  Data Tlb:
    Entries:          64
    Page Size(B):   4096
    Associativity:      4

Latencies:    0  100
Tlb-Sets:   16 - LRU - assoc:   4

Tlb Stats:
Tlb-Load-Hits:        7669190140  100.00%
Tlb-Load-Misses:          127737    0.00%
Tlb-Load-Accesses:    7669317877  100.00%

Tlb-Store-Hits:        2317381232  100.00%
Tlb-Store-Misses:             546    0.00%
Tlb-Store-Accesses:    2317381778  100.00%

Tlb-Total-Hits:        9986571372  100.00%
Tlb-Total-Misses:          128283    0.00%
Tlb-Total-Accesses:    9986699655  100.00%



--------
Two level Cache hierarchy
--------
  L1-Data Cache:
    Size(KB):          32
    Block Size(B):     64
    Associativity:      8

  L2-Data Cache:
    Size(KB):        1024
    Block Size(B):    128
    Associativity:      8

Latencies:    1   15  250
L1-Sets:   64 - LRU - assoc:   8
L2-Sets: 1024 - LRU - assoc:   8
Store_allocation: Yes
L2_inclusive: Yes
L2_prefetching: No

L1 Cache Stats:
L1-Load-Hits:        7603184320   99.14%
L1-Load-Misses:        66133557    0.86%
L1-Load-Accesses:    7669317877  100.00%

L1-Store-Hits:        2263759580   97.69%
L1-Store-Misses:        53622198    2.31%
L1-Store-Accesses:    2317381778  100.00%

L1-Total-Hits:        9866943900   98.80%
L1-Total-Misses:       119755755    1.20%
L1-Total-Accesses:    9986699655  100.00%

L2 Cache Stats:
L2-Load-Hits:          66131555  100.00%
L2-Load-Misses:            2002    0.00%
L2-Load-Accesses:      66133557  100.00%

L2-Store-Hits:          53612709   99.98%
L2-Store-Misses:            9489    0.02%
L2-Store-Accesses:      53622198  100.00%

L2-Total-Hits:         119744264   99.99%
L2-Total-Misses:           11491    0.01%
L2-Total-Accesses:     119755755  100.00%

