--------
Total Statistics
--------
Total Instructions: 27912831115
Total Cycles: 38044506785
IPC: 0.733689

--------
Single level Tlb hierarchy
--------
  Data Tlb:
    Entries:          64
    Page Size(B):   4096
    Associativity:      4

Latencies:    0  100
Tlb-Sets:   16 - LRU - assoc:   4

Tlb Stats:
Tlb-Load-Hits:        7668786596   99.99%
Tlb-Load-Misses:          531281    0.01%
Tlb-Load-Accesses:    7669317877  100.00%

Tlb-Store-Hits:        2317363473  100.00%
Tlb-Store-Misses:           18305    0.00%
Tlb-Store-Accesses:    2317381778  100.00%

Tlb-Total-Hits:        9986150069   99.99%
Tlb-Total-Misses:          549586    0.01%
Tlb-Total-Accesses:    9986699655  100.00%



--------
Two level Cache hierarchy
--------
  L1-Data Cache:
    Size(KB):          64
    Block Size(B):     64
    Associativity:      8

  L2-Data Cache:
    Size(KB):        1024
    Block Size(B):    128
    Associativity:      8

Latencies:    1   15  250
L1-Sets:  128 - LRU - assoc:   8
L2-Sets: 1024 - LRU - assoc:   8
Store_allocation: Yes
L2_inclusive: Yes
L2_prefetching: No

L1 Cache Stats:
L1-Load-Hits:        7665491923   99.95%
L1-Load-Misses:         3825954    0.05%
L1-Load-Accesses:    7669317877  100.00%

L1-Store-Hits:        2315398321   99.91%
L1-Store-Misses:         1983457    0.09%
L1-Store-Accesses:    2317381778  100.00%

L1-Total-Hits:        9980890244   99.94%
L1-Total-Misses:         5809411    0.06%
L1-Total-Accesses:    9986699655  100.00%

L2 Cache Stats:
L2-Load-Hits:           3823940   99.95%
L2-Load-Misses:            2014    0.05%
L2-Load-Accesses:       3825954  100.00%

L2-Store-Hits:           1973966   99.52%
L2-Store-Misses:            9491    0.48%
L2-Store-Accesses:       1983457  100.00%

L2-Total-Hits:           5797906   99.80%
L2-Total-Misses:           11505    0.20%
L2-Total-Accesses:       5809411  100.00%

