--------
Total Statistics
--------
Total Instructions: 27912831090
Total Cycles: 37931066382
IPC: 0.735883

--------
Single level Tlb hierarchy
--------
  Data Tlb:
    Entries:          64
    Page Size(B):   4096
    Associativity:      4

Latencies:    0  100
Tlb-Sets:   16 - LRU - assoc:   4

Tlb Stats:
Tlb-Load-Hits:        7669039787  100.00%
Tlb-Load-Misses:          278082    0.00%
Tlb-Load-Accesses:    7669317869  100.00%

Tlb-Store-Hits:        2317381363  100.00%
Tlb-Store-Misses:             415    0.00%
Tlb-Store-Accesses:    2317381778  100.00%

Tlb-Total-Hits:        9986421150  100.00%
Tlb-Total-Misses:          278497    0.00%
Tlb-Total-Accesses:    9986699647  100.00%



--------
Two level Cache hierarchy
--------
  L1-Data Cache:
    Size(KB):         128
    Block Size(B):     32
    Associativity:      8

  L2-Data Cache:
    Size(KB):        1024
    Block Size(B):    128
    Associativity:      8

Latencies:    1   15  250
L1-Sets:  512 - LRU - assoc:   8
L2-Sets: 1024 - LRU - assoc:   8
Store_allocation: Yes
L2_inclusive: Yes
L2_prefetching: No

L1 Cache Stats:
L1-Load-Hits:        7669311992  100.00%
L1-Load-Misses:            5877    0.00%
L1-Load-Accesses:    7669317869  100.00%

L1-Store-Hits:        2317336992  100.00%
L1-Store-Misses:           44786    0.00%
L1-Store-Accesses:    2317381778  100.00%

L1-Total-Hits:        9986648984  100.00%
L1-Total-Misses:           50663    0.00%
L1-Total-Accesses:    9986699647  100.00%

L2 Cache Stats:
L2-Load-Hits:              3678   62.58%
L2-Load-Misses:            2199   37.42%
L2-Load-Accesses:          5877  100.00%

L2-Store-Hits:             35281   78.78%
L2-Store-Misses:            9505   21.22%
L2-Store-Accesses:         44786  100.00%

L2-Total-Hits:             38959   76.90%
L2-Total-Misses:           11704   23.10%
L2-Total-Accesses:         50663  100.00%

