--------
Total Statistics
--------
Total Instructions: 27912831090
Total Cycles: 38017263522
IPC: 0.734215

--------
Single level Tlb hierarchy
--------
  Data Tlb:
    Entries:          64
    Page Size(B):   4096
    Associativity:      4

Latencies:    0  100
Tlb-Sets:   16 - LRU - assoc:   4

Tlb Stats:
Tlb-Load-Hits:        7668960339  100.00%
Tlb-Load-Misses:          357530    0.00%
Tlb-Load-Accesses:    7669317869  100.00%

Tlb-Store-Hits:        2317379304  100.00%
Tlb-Store-Misses:            2474    0.00%
Tlb-Store-Accesses:    2317381778  100.00%

Tlb-Total-Hits:        9986339643  100.00%
Tlb-Total-Misses:          360004    0.00%
Tlb-Total-Accesses:    9986699647  100.00%



--------
Two level Cache hierarchy
--------
  L1-Data Cache:
    Size(KB):          64
    Block Size(B):     32
    Associativity:      8

  L2-Data Cache:
    Size(KB):        1024
    Block Size(B):    128
    Associativity:      8

Latencies:    1   15  250
L1-Sets:  256 - LRU - assoc:   8
L2-Sets: 1024 - LRU - assoc:   8
Store_allocation: Yes
L2_inclusive: Yes
L2_prefetching: No

L1 Cache Stats:
L1-Load-Hits:        7665873718   99.96%
L1-Load-Misses:         3444151    0.04%
L1-Load-Accesses:    7669317869  100.00%

L1-Store-Hits:        2315568770   99.92%
L1-Store-Misses:         1813008    0.08%
L1-Store-Accesses:    2317381778  100.00%

L1-Total-Hits:        9981442488   99.95%
L1-Total-Misses:         5257159    0.05%
L1-Total-Accesses:    9986699647  100.00%

L2 Cache Stats:
L2-Load-Hits:           3442140   99.94%
L2-Load-Misses:            2011    0.06%
L2-Load-Accesses:       3444151  100.00%

L2-Store-Hits:           1803519   99.48%
L2-Store-Misses:            9489    0.52%
L2-Store-Accesses:       1813008  100.00%

L2-Total-Hits:           5245659   99.78%
L2-Total-Misses:           11500    0.22%
L2-Total-Accesses:       5257159  100.00%

