--------
Total Statistics
--------
Total Instructions: 27912831090
Total Cycles: 38067536707
IPC: 0.733245

--------
Single level Tlb hierarchy
--------
  Data Tlb:
    Entries:          64
    Page Size(B):   4096
    Associativity:      4

Latencies:    0  100
Tlb-Sets:   16 - LRU - assoc:   4

Tlb Stats:
Tlb-Load-Hits:        7669202558  100.00%
Tlb-Load-Misses:          115311    0.00%
Tlb-Load-Accesses:    7669317869  100.00%

Tlb-Store-Hits:        2317381435  100.00%
Tlb-Store-Misses:             343    0.00%
Tlb-Store-Accesses:    2317381778  100.00%

Tlb-Total-Hits:        9986583993  100.00%
Tlb-Total-Misses:          115654    0.00%
Tlb-Total-Accesses:    9986699647  100.00%



--------
Two level Cache hierarchy
--------
  L1-Data Cache:
    Size(KB):          64
    Block Size(B):     64
    Associativity:      4

  L2-Data Cache:
    Size(KB):        1024
    Block Size(B):    128
    Associativity:      8

Latencies:    1   15  250
L1-Sets:  256 - LRU - assoc:   4
L2-Sets: 1024 - LRU - assoc:   8
Store_allocation: Yes
L2_inclusive: Yes
L2_prefetching: No

L1 Cache Stats:
L1-Load-Hits:        7662101918   99.91%
L1-Load-Misses:         7215951    0.09%
L1-Load-Accesses:    7669317869  100.00%

L1-Store-Hits:        2314359991   99.87%
L1-Store-Misses:         3021787    0.13%
L1-Store-Accesses:    2317381778  100.00%

L1-Total-Hits:        9976461909   99.90%
L1-Total-Misses:        10237738    0.10%
L1-Total-Accesses:    9986699647  100.00%

L2 Cache Stats:
L2-Load-Hits:           7213946   99.97%
L2-Load-Misses:            2005    0.03%
L2-Load-Accesses:       7215951  100.00%

L2-Store-Hits:           3012294   99.69%
L2-Store-Misses:            9493    0.31%
L2-Store-Accesses:       3021787  100.00%

L2-Total-Hits:          10226240   99.89%
L2-Total-Misses:           11498    0.11%
L2-Total-Accesses:      10237738  100.00%

