                                     | Core 0     | Core 1     | Core 2     | Core 3     | Core 4     | Core 5     | Core 6     | Core 7     | Core 8     | Core 9     | Core 10    | Core 11    | Core 12    | Core 13    | Core 14    | Core 15   
  Instructions                       |    1405655 |    1405823 |    1405135 |    1405303 |    1405249 |    1404234 |    1405068 |    1404985 |    1405830 |    1405128 |    1404498 |    1405256 |    1405404 |    1405212 |    1405214 |    1405197
  Cycles                             |  102053694 |  102053694 |  102053694 |  102053694 |  102053694 |  102053694 |  102053694 |  102053694 |  102053694 |  102053694 |  102053694 |  102053694 |  102053694 |  102053694 |  102053694 |  102053694
  IPC                                |       0.01 |       0.01 |       0.01 |       0.01 |       0.01 |       0.01 |       0.01 |       0.01 |       0.01 |       0.01 |       0.01 |       0.01 |       0.01 |       0.01 |       0.01 |       0.01
  Time (ns)                          |   38366051 |   38366051 |   38366051 |   38366051 |   38366051 |   38366051 |   38366051 |   38366051 |   38366051 |   38366051 |   38366051 |   38366051 |   38366051 |   38366051 |   38366051 |   38366051
  Idle time (ns)                     |   36937731 |   36938784 |   36939583 |   36936534 |   36938113 |   36941581 |   36937711 |   36938911 |   36947189 |   36951450 |   36953608 |   36950042 |   36949660 |   36946790 |   36948988 |   36948011
  Idle time (%)                      |      96.3% |      96.3% |      96.3% |      96.3% |      96.3% |      96.3% |      96.3% |      96.3% |      96.3% |      96.3% |      96.3% |      96.3% |      96.3% |      96.3% |      96.3% |      96.3%
Branch predictor stats               |            |            |            |            |            |            |            |            |            |            |            |            |            |            |            |           
  num correct                        |     110510 |     110492 |     110402 |     110496 |     110439 |     110347 |     110412 |     110427 |     110516 |     110453 |     110336 |     110485 |     110603 |     110433 |     110495 |     110461
  num incorrect                      |        853 |        884 |        882 |        836 |        876 |        829 |        879 |        855 |        871 |        840 |        870 |        819 |        842 |        873 |        823 |        858
  misprediction rate                 |      0.77% |      0.79% |      0.79% |      0.75% |      0.79% |      0.75% |      0.79% |      0.77% |      0.78% |      0.75% |      0.78% |      0.74% |      0.76% |      0.78% |      0.74% |      0.77%
  mpki                               |       0.61 |       0.63 |       0.63 |       0.59 |       0.62 |       0.59 |       0.63 |       0.61 |       0.62 |       0.60 |       0.62 |       0.58 |       0.60 |       0.62 |       0.59 |       0.61
TLB Summary                          |            |            |            |            |            |            |            |            |            |            |            |            |            |            |            |           
Cache Summary                        |            |            |            |            |            |            |            |            |            |            |            |            |            |            |            |           
  Cache L1-I                         |            |            |            |            |            |            |            |            |            |            |            |            |            |            |            |           
    num cache accesses               |      19948 |      19988 |      19965 |      19893 |      19925 |      19907 |      19916 |      19911 |      19955 |      19935 |      19926 |      19961 |      19824 |      19932 |      19901 |      19892
    num cache misses                 |         24 |         24 |         25 |         25 |         24 |         24 |         25 |         25 |         25 |         25 |         25 |         25 |         24 |         25 |         24 |         24
    miss rate                        |      0.12% |      0.12% |      0.13% |      0.13% |      0.12% |      0.12% |      0.13% |      0.13% |      0.13% |      0.13% |      0.13% |      0.13% |      0.12% |      0.13% |      0.12% |      0.12%
    mpki                             |       0.02 |       0.02 |       0.02 |       0.02 |       0.02 |       0.02 |       0.02 |       0.02 |       0.02 |       0.02 |       0.02 |       0.02 |       0.02 |       0.02 |       0.02 |       0.02
  Cache L1-D                         |            |            |            |            |            |            |            |            |            |            |            |            |            |            |            |           
    num cache accesses               |     951990 |     952063 |     951859 |     951859 |     951857 |     951555 |     951804 |     951777 |     952047 |     951836 |     951651 |     951883 |     951745 |     951858 |     951831 |     951821
    num cache misses                 |       2967 |       3002 |       2875 |       2915 |       2893 |       2790 |       2865 |       2856 |       2817 |       2716 |       2603 |       2742 |       2787 |       2763 |       2728 |       2696
    miss rate                        |      0.31% |      0.32% |      0.30% |      0.31% |      0.30% |      0.29% |      0.30% |      0.30% |      0.30% |      0.29% |      0.27% |      0.29% |      0.29% |      0.29% |      0.29% |      0.28%
    mpki                             |       2.11 |       2.14 |       2.05 |       2.07 |       2.06 |       1.99 |       2.04 |       2.03 |       2.00 |       1.93 |       1.85 |       1.95 |       1.98 |       1.97 |       1.94 |       1.92
  Cache L2                           |            |            |            |            |            |            |            |            |            |            |            |            |            |            |            |           
    num cache accesses               |       3538 |       3619 |       3465 |       3458 |       3449 |       3379 |       3415 |       3449 |       3549 |       3431 |       3336 |       3490 |       3501 |       3507 |       3443 |       3397
    num cache misses                 |       2991 |       3026 |       2900 |       2940 |       2917 |       2814 |       2890 |       2881 |       2842 |       2741 |       2628 |       2767 |       2811 |       2788 |       2752 |       2720
    miss rate                        |     84.54% |     83.61% |     83.69% |     85.02% |     84.58% |     83.28% |     84.63% |     83.53% |     80.08% |     79.89% |     78.78% |     79.28% |     80.29% |     79.50% |     79.93% |     80.07%
    mpki                             |       2.13 |       2.15 |       2.06 |       2.09 |       2.08 |       2.00 |       2.06 |       2.05 |       2.02 |       1.95 |       1.87 |       1.97 |       2.00 |       1.98 |       1.96 |       1.94
  Cache L3                           |            |            |            |            |            |            |            |            |            |            |            |            |            |            |            |           
    num cache accesses               |       3538 |       3619 |       3465 |       3458 |       3449 |       3379 |       3415 |       3449 |       3549 |       3431 |       3336 |       3490 |       3501 |       3507 |       3443 |       3397
    num cache misses                 |       1778 |       1803 |       1688 |       1691 |       1661 |       1656 |       1628 |       1721 |       1640 |       1514 |       1437 |       1561 |       1537 |       1605 |       1525 |       1518
    miss rate                        |     50.25% |     49.82% |     48.72% |     48.90% |     48.16% |     49.01% |     47.67% |     49.90% |     46.21% |     44.13% |     43.08% |     44.73% |     43.90% |     45.77% |     44.29% |     44.69%
    mpki                             |       1.26 |       1.28 |       1.20 |       1.20 |       1.18 |       1.18 |       1.16 |       1.22 |       1.17 |       1.08 |       1.02 |       1.11 |       1.09 |       1.14 |       1.09 |       1.08
DRAM summary                         |            |            |            |            |            |            |            |            |            |            |            |            |            |            |            |           
  num dram accesses                  |        130 |          0 |          0 |          0 |          0 |          0 |          0 |          0 |          0 |          0 |          0 |          0 |          0 |          0 |          0 |          0
  average dram access latency (ns)   |     257.26 |        inf |        inf |        inf |        inf |        inf |        inf |        inf |        inf |        inf |        inf |        inf |        inf |        inf |        inf |        inf
  average dram queueing delay        |     203.83 |       0.00 |       0.00 |       0.00 |       0.00 |       0.00 |       0.00 |       0.00 |       0.00 |       0.00 |       0.00 |       0.00 |       0.00 |       0.00 |       0.00 |       0.00
  average dram bandwidth utilization |      0.00% |      0.00% |      0.00% |      0.00% |      0.00% |      0.00% |      0.00% |      0.00% |      0.00% |      0.00% |      0.00% |      0.00% |      0.00% |      0.00% |      0.00% |      0.00%
Coherency Traffic                    |            |            |            |            |            |            |            |            |            |            |            |            |            |            |            |           
  num loads from dram                |          5 |          5 |          4 |          5 |          5 |          4 |          4 |          4 |          4 |          4 |          5 |          5 |          5 |          4 |          7 |          4
  num loads from dram cache          |          0 |          0 |          0 |          0 |          0 |          0 |          0 |          0 |          0 |          0 |          0 |          0 |          0 |          0 |          0 |          0
  num loads from remote cache        |        987 |        998 |        916 |        908 |        940 |        934 |        896 |        958 |        963 |        890 |        874 |        928 |        910 |        950 |        902 |        887
