--------
Total Statistics
--------
Total Instructions: 2172105006
Total Cycles: 6730302013
IPC: 0.322735

--------
Single level Tlb hierarchy
--------
  Data Tlb:
    Entries:         128
    Page Size(B):   4096
    Associativity:      4

Latencies:    0  100
Tlb-Sets:   32 - LRU - assoc:   4

Tlb Stats:
Tlb-Load-Hits:         568219811   94.39%
Tlb-Load-Misses:        33803225    5.61%
Tlb-Load-Accesses:     602023036  100.00%

Tlb-Store-Hits:         130608205   99.84%
Tlb-Store-Misses:          213901    0.16%
Tlb-Store-Accesses:     130822106  100.00%

Tlb-Total-Hits:         698828016   95.36%
Tlb-Total-Misses:        34017126    4.64%
Tlb-Total-Accesses:     732845142  100.00%



--------
Two level Cache hierarchy
--------
  L1-Data Cache:
    Size(KB):          32
    Block Size(B):     64
    Associativity:      8

  L2-Data Cache:
    Size(KB):        1024
    Block Size(B):    128
    Associativity:      8

Latencies:    1   15  250
L1-Sets:   64 - LRU - assoc:   8
L2-Sets: 1024 - LRU - assoc:   8
Store_allocation: Yes
L2_inclusive: Yes
L2_prefetching: No

L1 Cache Stats:
L1-Load-Hits:         598315363   99.38%
L1-Load-Misses:         3707673    0.62%
L1-Load-Accesses:     602023036  100.00%

L1-Store-Hits:         130189578   99.52%
L1-Store-Misses:          632528    0.48%
L1-Store-Accesses:     130822106  100.00%

L1-Total-Hits:         728504941   99.41%
L1-Total-Misses:         4340201    0.59%
L1-Total-Accesses:     732845142  100.00%

L2 Cache Stats:
L2-Load-Hits:           2478434   66.85%
L2-Load-Misses:         1229239   33.15%
L2-Load-Accesses:       3707673  100.00%

L2-Store-Hits:            427622   67.61%
L2-Store-Misses:          204906   32.39%
L2-Store-Accesses:        632528  100.00%

L2-Total-Hits:           2906056   66.96%
L2-Total-Misses:         1434145   33.04%
L2-Total-Accesses:       4340201  100.00%

