--------
Total Statistics
--------
Total Instructions: 2172105006
Total Cycles: 7139412618
IPC: 0.304241

--------
Single level Tlb hierarchy
--------
  Data Tlb:
    Entries:          32
    Page Size(B):   4096
    Associativity:      4

Latencies:    0  100
Tlb-Sets:    8 - LRU - assoc:   4

Tlb Stats:
Tlb-Load-Hits:         565131711   93.87%
Tlb-Load-Misses:        36891325    6.13%
Tlb-Load-Accesses:     602023036  100.00%

Tlb-Store-Hits:         129601806   99.07%
Tlb-Store-Misses:         1220300    0.93%
Tlb-Store-Accesses:     130822106  100.00%

Tlb-Total-Hits:         694733517   94.80%
Tlb-Total-Misses:        38111625    5.20%
Tlb-Total-Accesses:     732845142  100.00%



--------
Two level Cache hierarchy
--------
  L1-Data Cache:
    Size(KB):          32
    Block Size(B):     64
    Associativity:      8

  L2-Data Cache:
    Size(KB):        1024
    Block Size(B):    128
    Associativity:      8

Latencies:    1   15  250
L1-Sets:   64 - LRU - assoc:   8
L2-Sets: 1024 - LRU - assoc:   8
Store_allocation: Yes
L2_inclusive: Yes
L2_prefetching: No

L1 Cache Stats:
L1-Load-Hits:         598315562   99.38%
L1-Load-Misses:         3707474    0.62%
L1-Load-Accesses:     602023036  100.00%

L1-Store-Hits:         130208682   99.53%
L1-Store-Misses:          613424    0.47%
L1-Store-Accesses:     130822106  100.00%

L1-Total-Hits:         728524244   99.41%
L1-Total-Misses:         4320898    0.59%
L1-Total-Accesses:     732845142  100.00%

L2 Cache Stats:
L2-Load-Hits:           2478434   66.85%
L2-Load-Misses:         1229040   33.15%
L2-Load-Accesses:       3707474  100.00%

L2-Store-Hits:            408518   66.60%
L2-Store-Misses:          204906   33.40%
L2-Store-Accesses:        613424  100.00%

L2-Total-Hits:           2886952   66.81%
L2-Total-Misses:         1433946   33.19%
L2-Total-Accesses:       4320898  100.00%

