--------
Total Statistics
--------
Total Instructions: 2172104981
Total Cycles: 3917379720
IPC: 0.554479

--------
Single level Tlb hierarchy
--------
  Data Tlb:
    Entries:          64
    Page Size(B):   4096
    Associativity:      8

Latencies:    0  100
Tlb-Sets:    8 - LRU - assoc:   8

Tlb Stats:
Tlb-Load-Hits:         596932801   99.15%
Tlb-Load-Misses:         5090227    0.85%
Tlb-Load-Accesses:     602023028  100.00%

Tlb-Store-Hits:         130026004   99.39%
Tlb-Store-Misses:          796102    0.61%
Tlb-Store-Accesses:     130822106  100.00%

Tlb-Total-Hits:         726958805   99.20%
Tlb-Total-Misses:         5886329    0.80%
Tlb-Total-Accesses:     732845134  100.00%



--------
Two level Cache hierarchy
--------
  L1-Data Cache:
    Size(KB):          32
    Block Size(B):     64
    Associativity:      8

  L2-Data Cache:
    Size(KB):        1024
    Block Size(B):    128
    Associativity:      8

Latencies:    1   15  250
L1-Sets:   64 - LRU - assoc:   8
L2-Sets: 1024 - LRU - assoc:   8
Store_allocation: Yes
L2_inclusive: Yes
L2_prefetching: No

L1 Cache Stats:
L1-Load-Hits:         598314735   99.38%
L1-Load-Misses:         3708293    0.62%
L1-Load-Accesses:     602023028  100.00%

L1-Store-Hits:         130189652   99.52%
L1-Store-Misses:          632454    0.48%
L1-Store-Accesses:     130822106  100.00%

L1-Total-Hits:         728504387   99.41%
L1-Total-Misses:         4340747    0.59%
L1-Total-Accesses:     732845134  100.00%

L2 Cache Stats:
L2-Load-Hits:           2478456   66.84%
L2-Load-Misses:         1229837   33.16%
L2-Load-Accesses:       3708293  100.00%

L2-Store-Hits:            427549   67.60%
L2-Store-Misses:          204905   32.40%
L2-Store-Accesses:        632454  100.00%

L2-Total-Hits:           2906005   66.95%
L2-Total-Misses:         1434742   33.05%
L2-Total-Accesses:       4340747  100.00%

