--------
Total Statistics
--------
Total Instructions: 2172104981
Total Cycles: 6834342765
IPC: 0.317822

--------
Single level Tlb hierarchy
--------
  Data Tlb:
    Entries:          64
    Page Size(B):   4096
    Associativity:      2

Latencies:    0  100
Tlb-Sets:   32 - LRU - assoc:   2

Tlb Stats:
Tlb-Load-Hits:         567390605   94.25%
Tlb-Load-Misses:        34632423    5.75%
Tlb-Load-Accesses:     602023028  100.00%

Tlb-Store-Hits:         130393605   99.67%
Tlb-Store-Misses:          428501    0.33%
Tlb-Store-Accesses:     130822106  100.00%

Tlb-Total-Hits:         697784210   95.22%
Tlb-Total-Misses:        35060924    4.78%
Tlb-Total-Accesses:     732845134  100.00%



--------
Two level Cache hierarchy
--------
  L1-Data Cache:
    Size(KB):          32
    Block Size(B):     64
    Associativity:      8

  L2-Data Cache:
    Size(KB):        1024
    Block Size(B):    128
    Associativity:      8

Latencies:    1   15  250
L1-Sets:   64 - LRU - assoc:   8
L2-Sets: 1024 - LRU - assoc:   8
Store_allocation: Yes
L2_inclusive: Yes
L2_prefetching: No

L1 Cache Stats:
L1-Load-Hits:         598315553   99.38%
L1-Load-Misses:         3707475    0.62%
L1-Load-Accesses:     602023028  100.00%

L1-Store-Hits:         130208681   99.53%
L1-Store-Misses:          613425    0.47%
L1-Store-Accesses:     130822106  100.00%

L1-Total-Hits:         728524234   99.41%
L1-Total-Misses:         4320900    0.59%
L1-Total-Accesses:     732845134  100.00%

L2 Cache Stats:
L2-Load-Hits:           2478434   66.85%
L2-Load-Misses:         1229041   33.15%
L2-Load-Accesses:       3707475  100.00%

L2-Store-Hits:            408519   66.60%
L2-Store-Misses:          204906   33.40%
L2-Store-Accesses:        613425  100.00%

L2-Total-Hits:           2886953   66.81%
L2-Total-Misses:         1433947   33.19%
L2-Total-Accesses:       4320900  100.00%

