--------
Total Statistics
--------
Total Instructions: 11731092694
Total Cycles: 18231878670
IPC: 0.643439

--------
Single level Tlb hierarchy
--------
  Data Tlb:
    Entries:          64
    Page Size(B):   4096
    Associativity:      2

Latencies:    0  100
Tlb-Sets:   32 - LRU - assoc:   2

Tlb Stats:
Tlb-Load-Hits:        2182387121   99.22%
Tlb-Load-Misses:        17058673    0.78%
Tlb-Load-Accesses:    2199445794  100.00%

Tlb-Store-Hits:         515786563   99.94%
Tlb-Store-Misses:          324044    0.06%
Tlb-Store-Accesses:     516110607  100.00%

Tlb-Total-Hits:        2698173684   99.36%
Tlb-Total-Misses:        17382717    0.64%
Tlb-Total-Accesses:    2715556401  100.00%



--------
Two level Cache hierarchy
--------
  L1-Data Cache:
    Size(KB):          32
    Block Size(B):     64
    Associativity:      8

  L2-Data Cache:
    Size(KB):        1024
    Block Size(B):    128
    Associativity:      8

Latencies:    1   15  250
L1-Sets:   64 - LRU - assoc:   8
L2-Sets: 1024 - LRU - assoc:   8
Store_allocation: Yes
L2_inclusive: Yes
L2_prefetching: No

L1 Cache Stats:
L1-Load-Hits:        2087405605   94.91%
L1-Load-Misses:       112040189    5.09%
L1-Load-Accesses:    2199445794  100.00%

L1-Store-Hits:         509729621   98.76%
L1-Store-Misses:         6380986    1.24%
L1-Store-Accesses:     516110607  100.00%

L1-Total-Hits:        2597135226   95.64%
L1-Total-Misses:       118421175    4.36%
L1-Total-Accesses:    2715556401  100.00%

L2 Cache Stats:
L2-Load-Hits:         111429978   99.46%
L2-Load-Misses:          610211    0.54%
L2-Load-Accesses:     112040189  100.00%

L2-Store-Hits:           5908636   92.60%
L2-Store-Misses:          472350    7.40%
L2-Store-Accesses:       6380986  100.00%

L2-Total-Hits:         117338614   99.09%
L2-Total-Misses:         1082561    0.91%
L2-Total-Accesses:     118421175  100.00%

