--------
Total Statistics
--------
Total Instructions: 11731092694
Total Cycles: 18162267450
IPC: 0.645905

--------
Single level Tlb hierarchy
--------
  Data Tlb:
    Entries:          32
    Page Size(B):   4096
    Associativity:      4

Latencies:    0  100
Tlb-Sets:    8 - LRU - assoc:   4

Tlb Stats:
Tlb-Load-Hits:        2182908290   99.25%
Tlb-Load-Misses:        16537504    0.75%
Tlb-Load-Accesses:    2199445794  100.00%

Tlb-Store-Hits:         515926689   99.96%
Tlb-Store-Misses:          183918    0.04%
Tlb-Store-Accesses:     516110607  100.00%

Tlb-Total-Hits:        2698834979   99.38%
Tlb-Total-Misses:        16721422    0.62%
Tlb-Total-Accesses:    2715556401  100.00%



--------
Two level Cache hierarchy
--------
  L1-Data Cache:
    Size(KB):          32
    Block Size(B):     64
    Associativity:      8

  L2-Data Cache:
    Size(KB):        1024
    Block Size(B):    128
    Associativity:      8

Latencies:    1   15  250
L1-Sets:   64 - LRU - assoc:   8
L2-Sets: 1024 - LRU - assoc:   8
Store_allocation: Yes
L2_inclusive: Yes
L2_prefetching: No

L1 Cache Stats:
L1-Load-Hits:        2087395190   94.91%
L1-Load-Misses:       112050604    5.09%
L1-Load-Accesses:    2199445794  100.00%

L1-Store-Hits:         509989484   98.81%
L1-Store-Misses:         6121123    1.19%
L1-Store-Accesses:     516110607  100.00%

L1-Total-Hits:        2597384674   95.65%
L1-Total-Misses:       118171727    4.35%
L1-Total-Accesses:    2715556401  100.00%

L2 Cache Stats:
L2-Load-Hits:         111439398   99.45%
L2-Load-Misses:          611206    0.55%
L2-Load-Accesses:     112050604  100.00%

L2-Store-Hits:           5648728   92.28%
L2-Store-Misses:          472395    7.72%
L2-Store-Accesses:       6121123  100.00%

L2-Total-Hits:         117088126   99.08%
L2-Total-Misses:         1083601    0.92%
L2-Total-Accesses:     118171727  100.00%

