--------
Total Statistics
--------
Total Instructions: 11731092694
Total Cycles: 21453681030
IPC: 0.54681

--------
Single level Tlb hierarchy
--------
  Data Tlb:
    Entries:          64
    Page Size(B):   4096
    Associativity:      1

Latencies:    0  100
Tlb-Sets:   64 - LRU - assoc:   1

Tlb Stats:
Tlb-Load-Hits:        2151817734   97.83%
Tlb-Load-Misses:        47628060    2.17%
Tlb-Load-Accesses:    2199445794  100.00%

Tlb-Store-Hits:         514109799   99.61%
Tlb-Store-Misses:         2000808    0.39%
Tlb-Store-Accesses:     516110607  100.00%

Tlb-Total-Hits:        2665927533   98.17%
Tlb-Total-Misses:        49628868    1.83%
Tlb-Total-Accesses:    2715556401  100.00%



--------
Two level Cache hierarchy
--------
  L1-Data Cache:
    Size(KB):          32
    Block Size(B):     64
    Associativity:      8

  L2-Data Cache:
    Size(KB):        1024
    Block Size(B):    128
    Associativity:      8

Latencies:    1   15  250
L1-Sets:   64 - LRU - assoc:   8
L2-Sets: 1024 - LRU - assoc:   8
Store_allocation: Yes
L2_inclusive: Yes
L2_prefetching: No

L1 Cache Stats:
L1-Load-Hits:        2087402390   94.91%
L1-Load-Misses:       112043404    5.09%
L1-Load-Accesses:    2199445794  100.00%

L1-Store-Hits:         509944752   98.81%
L1-Store-Misses:         6165855    1.19%
L1-Store-Accesses:     516110607  100.00%

L1-Total-Hits:        2597347142   95.65%
L1-Total-Misses:       118209259    4.35%
L1-Total-Accesses:    2715556401  100.00%

L2 Cache Stats:
L2-Load-Hits:         111431766   99.45%
L2-Load-Misses:          611638    0.55%
L2-Load-Accesses:     112043404  100.00%

L2-Store-Hits:           5693468   92.34%
L2-Store-Misses:          472387    7.66%
L2-Store-Accesses:       6165855  100.00%

L2-Total-Hits:         117125234   99.08%
L2-Total-Misses:         1084025    0.92%
L2-Total-Accesses:     118209259  100.00%

