--------
Total Statistics
--------
Total Instructions: 11731092669
Total Cycles: 17866019057
IPC: 0.656615

--------
Single level Tlb hierarchy
--------
  Data Tlb:
    Entries:          64
    Page Size(B):   4096
    Associativity:     16

Latencies:    0  100
Tlb-Sets:    4 - LRU - assoc:  16

Tlb Stats:
Tlb-Load-Hits:        2185858252   99.38%
Tlb-Load-Misses:        13587534    0.62%
Tlb-Load-Accesses:    2199445786  100.00%

Tlb-Store-Hits:         515930208   99.97%
Tlb-Store-Misses:          180399    0.03%
Tlb-Store-Accesses:     516110607  100.00%

Tlb-Total-Hits:        2701788460   99.49%
Tlb-Total-Misses:        13767933    0.51%
Tlb-Total-Accesses:    2715556393  100.00%



--------
Two level Cache hierarchy
--------
  L1-Data Cache:
    Size(KB):          32
    Block Size(B):     64
    Associativity:      8

  L2-Data Cache:
    Size(KB):        1024
    Block Size(B):    128
    Associativity:      8

Latencies:    1   15  250
L1-Sets:   64 - LRU - assoc:   8
L2-Sets: 1024 - LRU - assoc:   8
Store_allocation: Yes
L2_inclusive: Yes
L2_prefetching: No

L1 Cache Stats:
L1-Load-Hits:        2087392429   94.91%
L1-Load-Misses:       112053357    5.09%
L1-Load-Accesses:    2199445786  100.00%

L1-Store-Hits:         510042051   98.82%
L1-Store-Misses:         6068556    1.18%
L1-Store-Accesses:     516110607  100.00%

L1-Total-Hits:        2597434480   95.65%
L1-Total-Misses:       118121913    4.35%
L1-Total-Accesses:    2715556393  100.00%

L2 Cache Stats:
L2-Load-Hits:         111442714   99.46%
L2-Load-Misses:          610643    0.54%
L2-Load-Accesses:     112053357  100.00%

L2-Store-Hits:           5596207   92.22%
L2-Store-Misses:          472349    7.78%
L2-Store-Accesses:       6068556  100.00%

L2-Total-Hits:         117038921   99.08%
L2-Total-Misses:         1082992    0.92%
L2-Total-Accesses:     118121913  100.00%

