--------
Total Statistics
--------
Total Instructions: 11731092669
Total Cycles: 17875444662
IPC: 0.656269

--------
Single level Tlb hierarchy
--------
  Data Tlb:
    Entries:          64
    Page Size(B):   4096
    Associativity:     64

Latencies:    0  100
Tlb-Sets:    1 - LRU - assoc:  64

Tlb Stats:
Tlb-Load-Hits:        2185858282   99.38%
Tlb-Load-Misses:        13587504    0.62%
Tlb-Load-Accesses:    2199445786  100.00%

Tlb-Store-Hits:         515850248   99.95%
Tlb-Store-Misses:          260359    0.05%
Tlb-Store-Accesses:     516110607  100.00%

Tlb-Total-Hits:        2701708530   99.49%
Tlb-Total-Misses:        13847863    0.51%
Tlb-Total-Accesses:    2715556393  100.00%



--------
Two level Cache hierarchy
--------
  L1-Data Cache:
    Size(KB):          32
    Block Size(B):     64
    Associativity:      8

  L2-Data Cache:
    Size(KB):        1024
    Block Size(B):    128
    Associativity:      8

Latencies:    1   15  250
L1-Sets:   64 - LRU - assoc:   8
L2-Sets: 1024 - LRU - assoc:   8
Store_allocation: Yes
L2_inclusive: Yes
L2_prefetching: No

L1 Cache Stats:
L1-Load-Hits:        2087473751   94.91%
L1-Load-Misses:       111972035    5.09%
L1-Load-Accesses:    2199445786  100.00%

L1-Store-Hits:         509877572   98.79%
L1-Store-Misses:         6233035    1.21%
L1-Store-Accesses:     516110607  100.00%

L1-Total-Hits:        2597351323   95.65%
L1-Total-Misses:       118205070    4.35%
L1-Total-Accesses:    2715556393  100.00%

L2 Cache Stats:
L2-Load-Hits:         111360742   99.45%
L2-Load-Misses:          611293    0.55%
L2-Load-Accesses:     111972035  100.00%

L2-Store-Hits:           5760595   92.42%
L2-Store-Misses:          472440    7.58%
L2-Store-Accesses:       6233035  100.00%

L2-Total-Hits:         117121337   99.08%
L2-Total-Misses:         1083733    0.92%
L2-Total-Accesses:     118205070  100.00%

