--------
Total Statistics
--------
Total Instructions: 11731092669
Total Cycles: 24718464717
IPC: 0.474588

--------
Single level Tlb hierarchy
--------
  Data Tlb:
    Entries:           8
    Page Size(B):   4096
    Associativity:      4

Latencies:    0  100
Tlb-Sets:    2 - LRU - assoc:   4

Tlb Stats:
Tlb-Load-Hits:        2120898462   96.43%
Tlb-Load-Misses:        78547324    3.57%
Tlb-Load-Accesses:    2199445786  100.00%

Tlb-Store-Hits:         512377514   99.28%
Tlb-Store-Misses:         3733093    0.72%
Tlb-Store-Accesses:     516110607  100.00%

Tlb-Total-Hits:        2633275976   96.97%
Tlb-Total-Misses:        82280417    3.03%
Tlb-Total-Accesses:    2715556393  100.00%



--------
Two level Cache hierarchy
--------
  L1-Data Cache:
    Size(KB):          32
    Block Size(B):     64
    Associativity:      8

  L2-Data Cache:
    Size(KB):        1024
    Block Size(B):    128
    Associativity:      8

Latencies:    1   15  250
L1-Sets:   64 - LRU - assoc:   8
L2-Sets: 1024 - LRU - assoc:   8
Store_allocation: Yes
L2_inclusive: Yes
L2_prefetching: No

L1 Cache Stats:
L1-Load-Hits:        2087372713   94.90%
L1-Load-Misses:       112073073    5.10%
L1-Load-Accesses:    2199445786  100.00%

L1-Store-Hits:         509991433   98.81%
L1-Store-Misses:         6119174    1.19%
L1-Store-Accesses:     516110607  100.00%

L1-Total-Hits:        2597364146   95.65%
L1-Total-Misses:       118192247    4.35%
L1-Total-Accesses:    2715556393  100.00%

L2 Cache Stats:
L2-Load-Hits:         111461972   99.45%
L2-Load-Misses:          611101    0.55%
L2-Load-Accesses:     112073073  100.00%

L2-Store-Hits:           5646714   92.28%
L2-Store-Misses:          472460    7.72%
L2-Store-Accesses:       6119174  100.00%

L2-Total-Hits:         117108686   99.08%
L2-Total-Misses:         1083561    0.92%
L2-Total-Accesses:     118192247  100.00%

