--------
Total Statistics
--------
Total Instructions: 11731092669
Total Cycles: 17882463857
IPC: 0.656011

--------
Single level Tlb hierarchy
--------
  Data Tlb:
    Entries:          64
    Page Size(B):   4096
    Associativity:      4

Latencies:    0  100
Tlb-Sets:   16 - LRU - assoc:   4

Tlb Stats:
Tlb-Load-Hits:        2185790260   99.38%
Tlb-Load-Misses:        13655526    0.62%
Tlb-Load-Accesses:    2199445786  100.00%

Tlb-Store-Hits:         515850123   99.95%
Tlb-Store-Misses:          260484    0.05%
Tlb-Store-Accesses:     516110607  100.00%

Tlb-Total-Hits:        2701640383   99.49%
Tlb-Total-Misses:        13916010    0.51%
Tlb-Total-Accesses:    2715556393  100.00%



--------
Two level Cache hierarchy
--------
  L1-Data Cache:
    Size(KB):          32
    Block Size(B):     64
    Associativity:      8

  L2-Data Cache:
    Size(KB):        1024
    Block Size(B):    128
    Associativity:      8

Latencies:    1   15  250
L1-Sets:   64 - LRU - assoc:   8
L2-Sets: 1024 - LRU - assoc:   8
Store_allocation: Yes
L2_inclusive: Yes
L2_prefetching: No

L1 Cache Stats:
L1-Load-Hits:        2087458391   94.91%
L1-Load-Misses:       111987395    5.09%
L1-Load-Accesses:    2199445786  100.00%

L1-Store-Hits:         509890199   98.79%
L1-Store-Misses:         6220408    1.21%
L1-Store-Accesses:     516110607  100.00%

L1-Total-Hits:        2597348590   95.65%
L1-Total-Misses:       118207803    4.35%
L1-Total-Accesses:    2715556393  100.00%

L2 Cache Stats:
L2-Load-Hits:         111375399   99.45%
L2-Load-Misses:          611996    0.55%
L2-Load-Accesses:     111987395  100.00%

L2-Store-Hits:           5748017   92.41%
L2-Store-Misses:          472391    7.59%
L2-Store-Accesses:       6220408  100.00%

L2-Total-Hits:         117123416   99.08%
L2-Total-Misses:         1084387    0.92%
L2-Total-Accesses:     118207803  100.00%

