--------
Total Statistics
--------
Total Instructions: 11731092694
Total Cycles: 17869896400
IPC: 0.656472

--------
Single level Tlb hierarchy
--------
  Data Tlb:
    Entries:          64
    Page Size(B):   4096
    Associativity:      8

Latencies:    0  100
Tlb-Sets:    8 - LRU - assoc:   8

Tlb Stats:
Tlb-Load-Hits:        2185857978   99.38%
Tlb-Load-Misses:        13587816    0.62%
Tlb-Load-Accesses:    2199445794  100.00%

Tlb-Store-Hits:         515930240   99.97%
Tlb-Store-Misses:          180367    0.03%
Tlb-Store-Accesses:     516110607  100.00%

Tlb-Total-Hits:        2701788218   99.49%
Tlb-Total-Misses:        13768183    0.51%
Tlb-Total-Accesses:    2715556401  100.00%



--------
Two level Cache hierarchy
--------
  L1-Data Cache:
    Size(KB):          32
    Block Size(B):     64
    Associativity:      8

  L2-Data Cache:
    Size(KB):        1024
    Block Size(B):    128
    Associativity:      8

Latencies:    1   15  250
L1-Sets:   64 - LRU - assoc:   8
L2-Sets: 1024 - LRU - assoc:   8
Store_allocation: Yes
L2_inclusive: Yes
L2_prefetching: No

L1 Cache Stats:
L1-Load-Hits:        2087466699   94.91%
L1-Load-Misses:       111979095    5.09%
L1-Load-Accesses:    2199445794  100.00%

L1-Store-Hits:         509734885   98.76%
L1-Store-Misses:         6375722    1.24%
L1-Store-Accesses:     516110607  100.00%

L1-Total-Hits:        2597201584   95.64%
L1-Total-Misses:       118354817    4.36%
L1-Total-Accesses:    2715556401  100.00%

L2 Cache Stats:
L2-Load-Hits:         111367088   99.45%
L2-Load-Misses:          612007    0.55%
L2-Load-Accesses:     111979095  100.00%

L2-Store-Hits:           5903302   92.59%
L2-Store-Misses:          472420    7.41%
L2-Store-Accesses:       6375722  100.00%

L2-Total-Hits:         117270390   99.08%
L2-Total-Misses:         1084427    0.92%
L2-Total-Accesses:     118354817  100.00%

