--------
Total Statistics
--------
Total Instructions: 11731092694
Total Cycles: 17867437615
IPC: 0.656563

--------
Single level Tlb hierarchy
--------
  Data Tlb:
    Entries:          64
    Page Size(B):   4096
    Associativity:     32

Latencies:    0  100
Tlb-Sets:    2 - LRU - assoc:  32

Tlb Stats:
Tlb-Load-Hits:        2185858253   99.38%
Tlb-Load-Misses:        13587541    0.62%
Tlb-Load-Accesses:    2199445794  100.00%

Tlb-Store-Hits:         515930193   99.97%
Tlb-Store-Misses:          180414    0.03%
Tlb-Store-Accesses:     516110607  100.00%

Tlb-Total-Hits:        2701788446   99.49%
Tlb-Total-Misses:        13767955    0.51%
Tlb-Total-Accesses:    2715556401  100.00%



--------
Two level Cache hierarchy
--------
  L1-Data Cache:
    Size(KB):          32
    Block Size(B):     64
    Associativity:      8

  L2-Data Cache:
    Size(KB):        1024
    Block Size(B):    128
    Associativity:      8

Latencies:    1   15  250
L1-Sets:   64 - LRU - assoc:   8
L2-Sets: 1024 - LRU - assoc:   8
Store_allocation: Yes
L2_inclusive: Yes
L2_prefetching: No

L1 Cache Stats:
L1-Load-Hits:        2087403251   94.91%
L1-Load-Misses:       112042543    5.09%
L1-Load-Accesses:    2199445794  100.00%

L1-Store-Hits:         509944732   98.81%
L1-Store-Misses:         6165875    1.19%
L1-Store-Accesses:     516110607  100.00%

L1-Total-Hits:        2597347983   95.65%
L1-Total-Misses:       118208418    4.35%
L1-Total-Accesses:    2715556401  100.00%

L2 Cache Stats:
L2-Load-Hits:         111431489   99.45%
L2-Load-Misses:          611054    0.55%
L2-Load-Accesses:     112042543  100.00%

L2-Store-Hits:           5693462   92.34%
L2-Store-Misses:          472413    7.66%
L2-Store-Accesses:       6165875  100.00%

L2-Total-Hits:         117124951   99.08%
L2-Total-Misses:         1083467    0.92%
L2-Total-Accesses:     118208418  100.00%

