--------
Total Statistics
--------
Total Instructions: 1682276970
Total Cycles: 15971077294
IPC: 0.105333

--------
Single level Tlb hierarchy
--------
  Data Tlb:
    Entries:          64
    Page Size(B):   4096
    Associativity:      2

Latencies:    0  100
Tlb-Sets:   32 - LRU - assoc:   2

Tlb Stats:
Tlb-Load-Hits:         273911386   85.18%
Tlb-Load-Misses:        47644451   14.82%
Tlb-Load-Accesses:     321555837  100.00%

Tlb-Store-Hits:         132162990  100.00%
Tlb-Store-Misses:            1867    0.00%
Tlb-Store-Accesses:     132164857  100.00%

Tlb-Total-Hits:         406074376   89.50%
Tlb-Total-Misses:        47646318   10.50%
Tlb-Total-Accesses:     453720694  100.00%



--------
Two level Cache hierarchy
--------
  L1-Data Cache:
    Size(KB):          32
    Block Size(B):     64
    Associativity:      8

  L2-Data Cache:
    Size(KB):        1024
    Block Size(B):    128
    Associativity:      8

Latencies:    1   15  250
L1-Sets:   64 - LRU - assoc:   8
L2-Sets: 1024 - LRU - assoc:   8
Store_allocation: Yes
L2_inclusive: Yes
L2_prefetching: No

L1 Cache Stats:
L1-Load-Hits:         249188549   77.49%
L1-Load-Misses:        72367288   22.51%
L1-Load-Accesses:     321555837  100.00%

L1-Store-Hits:         132147873   99.99%
L1-Store-Misses:           16984    0.01%
L1-Store-Accesses:     132164857  100.00%

L1-Total-Hits:         381336422   84.05%
L1-Total-Misses:        72384272   15.95%
L1-Total-Accesses:     453720694  100.00%

L2 Cache Stats:
L2-Load-Hits:          40432967   55.87%
L2-Load-Misses:        31934321   44.13%
L2-Load-Accesses:      72367288  100.00%

L2-Store-Hits:             12570   74.01%
L2-Store-Misses:            4414   25.99%
L2-Store-Accesses:         16984  100.00%

L2-Total-Hits:          40445537   55.88%
L2-Total-Misses:        31938735   44.12%
L2-Total-Accesses:      72384272  100.00%

