--------
Total Statistics
--------
Total Instructions: 1682276970
Total Cycles: 14600618664
IPC: 0.11522

--------
Single level Tlb hierarchy
--------
  Data Tlb:
    Entries:          64
    Page Size(B):   4096
    Associativity:     16

Latencies:    0  100
Tlb-Sets:    4 - LRU - assoc:  16

Tlb Stats:
Tlb-Load-Hits:         287617199   89.45%
Tlb-Load-Misses:        33938638   10.55%
Tlb-Load-Accesses:     321555837  100.00%

Tlb-Store-Hits:         132164838  100.00%
Tlb-Store-Misses:              19    0.00%
Tlb-Store-Accesses:     132164857  100.00%

Tlb-Total-Hits:         419782037   92.52%
Tlb-Total-Misses:        33938657    7.48%
Tlb-Total-Accesses:     453720694  100.00%



--------
Two level Cache hierarchy
--------
  L1-Data Cache:
    Size(KB):          32
    Block Size(B):     64
    Associativity:      8

  L2-Data Cache:
    Size(KB):        1024
    Block Size(B):    128
    Associativity:      8

Latencies:    1   15  250
L1-Sets:   64 - LRU - assoc:   8
L2-Sets: 1024 - LRU - assoc:   8
Store_allocation: Yes
L2_inclusive: Yes
L2_prefetching: No

L1 Cache Stats:
L1-Load-Hits:         249151824   77.48%
L1-Load-Misses:        72404013   22.52%
L1-Load-Accesses:     321555837  100.00%

L1-Store-Hits:         132137850   99.98%
L1-Store-Misses:           27007    0.02%
L1-Store-Accesses:     132164857  100.00%

L1-Total-Hits:         381289674   84.04%
L1-Total-Misses:        72431020   15.96%
L1-Total-Accesses:     453720694  100.00%

L2 Cache Stats:
L2-Load-Hits:          40470625   55.90%
L2-Load-Misses:        31933388   44.10%
L2-Load-Accesses:      72404013  100.00%

L2-Store-Hits:             23235   86.03%
L2-Store-Misses:            3772   13.97%
L2-Store-Accesses:         27007  100.00%

L2-Total-Hits:          40493860   55.91%
L2-Total-Misses:        31937160   44.09%
L2-Total-Accesses:      72431020  100.00%

