--------
Total Statistics
--------
Total Instructions: 1682276970
Total Cycles: 15401402849
IPC: 0.109229

--------
Single level Tlb hierarchy
--------
  Data Tlb:
    Entries:          64
    Page Size(B):   4096
    Associativity:      4

Latencies:    0  100
Tlb-Sets:   16 - LRU - assoc:   4

Tlb Stats:
Tlb-Load-Hits:         279591274   86.95%
Tlb-Load-Misses:        41964563   13.05%
Tlb-Load-Accesses:     321555837  100.00%

Tlb-Store-Hits:         132164838  100.00%
Tlb-Store-Misses:              19    0.00%
Tlb-Store-Accesses:     132164857  100.00%

Tlb-Total-Hits:         411756112   90.75%
Tlb-Total-Misses:        41964582    9.25%
Tlb-Total-Accesses:     453720694  100.00%



--------
Two level Cache hierarchy
--------
  L1-Data Cache:
    Size(KB):          32
    Block Size(B):     64
    Associativity:      8

  L2-Data Cache:
    Size(KB):        1024
    Block Size(B):    128
    Associativity:      8

Latencies:    1   15  250
L1-Sets:   64 - LRU - assoc:   8
L2-Sets: 1024 - LRU - assoc:   8
Store_allocation: Yes
L2_inclusive: Yes
L2_prefetching: No

L1 Cache Stats:
L1-Load-Hits:         249190554   77.50%
L1-Load-Misses:        72365283   22.50%
L1-Load-Accesses:     321555837  100.00%

L1-Store-Hits:         132154341   99.99%
L1-Store-Misses:           10516    0.01%
L1-Store-Accesses:     132164857  100.00%

L1-Total-Hits:         381344895   84.05%
L1-Total-Misses:        72375799   15.95%
L1-Total-Accesses:     453720694  100.00%

L2 Cache Stats:
L2-Load-Hits:          40434335   55.88%
L2-Load-Misses:        31930948   44.12%
L2-Load-Accesses:      72365283  100.00%

L2-Store-Hits:              8224   78.20%
L2-Store-Misses:            2292   21.80%
L2-Store-Accesses:         10516  100.00%

L2-Total-Hits:          40442559   55.88%
L2-Total-Misses:        31933240   44.12%
L2-Total-Accesses:      72375799  100.00%

