--------
Total Statistics
--------
Total Instructions: 1682276995
Total Cycles: 14183113617
IPC: 0.118611

--------
Single level Tlb hierarchy
--------
  Data Tlb:
    Entries:         256
    Page Size(B):   4096
    Associativity:      4

Latencies:    0  100
Tlb-Sets:   64 - LRU - assoc:   4

Tlb Stats:
Tlb-Load-Hits:         291783145   90.74%
Tlb-Load-Misses:        29772700    9.26%
Tlb-Load-Accesses:     321555845  100.00%

Tlb-Store-Hits:         132164839  100.00%
Tlb-Store-Misses:              18    0.00%
Tlb-Store-Accesses:     132164857  100.00%

Tlb-Total-Hits:         423947984   93.44%
Tlb-Total-Misses:        29772718    6.56%
Tlb-Total-Accesses:     453720702  100.00%



--------
Two level Cache hierarchy
--------
  L1-Data Cache:
    Size(KB):          32
    Block Size(B):     64
    Associativity:      8

  L2-Data Cache:
    Size(KB):        1024
    Block Size(B):    128
    Associativity:      8

Latencies:    1   15  250
L1-Sets:   64 - LRU - assoc:   8
L2-Sets: 1024 - LRU - assoc:   8
Store_allocation: Yes
L2_inclusive: Yes
L2_prefetching: No

L1 Cache Stats:
L1-Load-Hits:         249198280   77.50%
L1-Load-Misses:        72357565   22.50%
L1-Load-Accesses:     321555845  100.00%

L1-Store-Hits:         132147914   99.99%
L1-Store-Misses:           16943    0.01%
L1-Store-Accesses:     132164857  100.00%

L1-Total-Hits:         381346194   84.05%
L1-Total-Misses:        72374508   15.95%
L1-Total-Accesses:     453720702  100.00%

L2 Cache Stats:
L2-Load-Hits:          40425022   55.87%
L2-Load-Misses:        31932543   44.13%
L2-Load-Accesses:      72357565  100.00%

L2-Store-Hits:             12580   74.25%
L2-Store-Misses:            4363   25.75%
L2-Store-Accesses:         16943  100.00%

L2-Total-Hits:          40437602   55.87%
L2-Total-Misses:        31936906   44.13%
L2-Total-Accesses:      72374508  100.00%

