--------
Total Statistics
--------
Total Instructions: 1682276970
Total Cycles: 16813681789
IPC: 0.100054

--------
Single level Tlb hierarchy
--------
  Data Tlb:
    Entries:          64
    Page Size(B):   4096
    Associativity:      1

Latencies:    0  100
Tlb-Sets:   64 - LRU - assoc:   1

Tlb Stats:
Tlb-Load-Hits:         265531326   82.58%
Tlb-Load-Misses:        56024511   17.42%
Tlb-Load-Accesses:     321555837  100.00%

Tlb-Store-Hits:         132100273   99.95%
Tlb-Store-Misses:           64584    0.05%
Tlb-Store-Accesses:     132164857  100.00%

Tlb-Total-Hits:         397631599   87.64%
Tlb-Total-Misses:        56089095   12.36%
Tlb-Total-Accesses:     453720694  100.00%



--------
Two level Cache hierarchy
--------
  L1-Data Cache:
    Size(KB):          32
    Block Size(B):     64
    Associativity:      8

  L2-Data Cache:
    Size(KB):        1024
    Block Size(B):    128
    Associativity:      8

Latencies:    1   15  250
L1-Sets:   64 - LRU - assoc:   8
L2-Sets: 1024 - LRU - assoc:   8
Store_allocation: Yes
L2_inclusive: Yes
L2_prefetching: No

L1 Cache Stats:
L1-Load-Hits:         249197462   77.50%
L1-Load-Misses:        72358375   22.50%
L1-Load-Accesses:     321555837  100.00%

L1-Store-Hits:         132154607   99.99%
L1-Store-Misses:           10250    0.01%
L1-Store-Accesses:     132164857  100.00%

L1-Total-Hits:         381352069   84.05%
L1-Total-Misses:        72368625   15.95%
L1-Total-Accesses:     453720694  100.00%

L2 Cache Stats:
L2-Load-Hits:          40427571   55.87%
L2-Load-Misses:        31930804   44.13%
L2-Load-Accesses:      72358375  100.00%

L2-Store-Hits:              8073   78.76%
L2-Store-Misses:            2177   21.24%
L2-Store-Accesses:         10250  100.00%

L2-Total-Hits:          40435644   55.87%
L2-Total-Misses:        31932981   44.13%
L2-Total-Accesses:      72368625  100.00%

