--------
Total Statistics
--------
Total Instructions: 1682276970
Total Cycles: 21313740284
IPC: 0.0789292

--------
Single level Tlb hierarchy
--------
  Data Tlb:
    Entries:           8
    Page Size(B):   4096
    Associativity:      4

Latencies:    0  100
Tlb-Sets:    2 - LRU - assoc:   4

Tlb Stats:
Tlb-Load-Hits:         220465851   68.56%
Tlb-Load-Misses:       101089986   31.44%
Tlb-Load-Accesses:     321555837  100.00%

Tlb-Store-Hits:         132164436  100.00%
Tlb-Store-Misses:             421    0.00%
Tlb-Store-Accesses:     132164857  100.00%

Tlb-Total-Hits:         352630287   77.72%
Tlb-Total-Misses:       101090407   22.28%
Tlb-Total-Accesses:     453720694  100.00%



--------
Two level Cache hierarchy
--------
  L1-Data Cache:
    Size(KB):          32
    Block Size(B):     64
    Associativity:      8

  L2-Data Cache:
    Size(KB):        1024
    Block Size(B):    128
    Associativity:      8

Latencies:    1   15  250
L1-Sets:   64 - LRU - assoc:   8
L2-Sets: 1024 - LRU - assoc:   8
Store_allocation: Yes
L2_inclusive: Yes
L2_prefetching: No

L1 Cache Stats:
L1-Load-Hits:         249204793   77.50%
L1-Load-Misses:        72351044   22.50%
L1-Load-Accesses:     321555837  100.00%

L1-Store-Hits:         132154423   99.99%
L1-Store-Misses:           10434    0.01%
L1-Store-Accesses:     132164857  100.00%

L1-Total-Hits:         381359216   84.05%
L1-Total-Misses:        72361478   15.95%
L1-Total-Accesses:     453720694  100.00%

L2 Cache Stats:
L2-Load-Hits:          40420184   55.87%
L2-Load-Misses:        31930860   44.13%
L2-Load-Accesses:      72351044  100.00%

L2-Store-Hits:              8175   78.35%
L2-Store-Misses:            2259   21.65%
L2-Store-Accesses:         10434  100.00%

L2-Total-Hits:          40428359   55.87%
L2-Total-Misses:        31933119   44.13%
L2-Total-Accesses:      72361478  100.00%

