--------
Total Statistics
--------
Total Instructions: 1682276970
Total Cycles: 14421590039
IPC: 0.11665

--------
Single level Tlb hierarchy
--------
  Data Tlb:
    Entries:         128
    Page Size(B):   4096
    Associativity:      4

Latencies:    0  100
Tlb-Sets:   32 - LRU - assoc:   4

Tlb Stats:
Tlb-Load-Hits:         289399415   90.00%
Tlb-Load-Misses:        32156422   10.00%
Tlb-Load-Accesses:     321555837  100.00%

Tlb-Store-Hits:         132164839  100.00%
Tlb-Store-Misses:              18    0.00%
Tlb-Store-Accesses:     132164857  100.00%

Tlb-Total-Hits:         421564254   92.91%
Tlb-Total-Misses:        32156440    7.09%
Tlb-Total-Accesses:     453720694  100.00%



--------
Two level Cache hierarchy
--------
  L1-Data Cache:
    Size(KB):          32
    Block Size(B):     64
    Associativity:      8

  L2-Data Cache:
    Size(KB):        1024
    Block Size(B):    128
    Associativity:      8

Latencies:    1   15  250
L1-Sets:   64 - LRU - assoc:   8
L2-Sets: 1024 - LRU - assoc:   8
Store_allocation: Yes
L2_inclusive: Yes
L2_prefetching: No

L1 Cache Stats:
L1-Load-Hits:         249192638   77.50%
L1-Load-Misses:        72363199   22.50%
L1-Load-Accesses:     321555837  100.00%

L1-Store-Hits:         132154431   99.99%
L1-Store-Misses:           10426    0.01%
L1-Store-Accesses:     132164857  100.00%

L1-Total-Hits:         381347069   84.05%
L1-Total-Misses:        72373625   15.95%
L1-Total-Accesses:     453720694  100.00%

L2 Cache Stats:
L2-Load-Hits:          40428001   55.87%
L2-Load-Misses:        31935198   44.13%
L2-Load-Accesses:      72363199  100.00%

L2-Store-Hits:              8248   79.11%
L2-Store-Misses:            2178   20.89%
L2-Store-Accesses:         10426  100.00%

L2-Total-Hits:          40436249   55.87%
L2-Total-Misses:        31937376   44.13%
L2-Total-Accesses:      72373625  100.00%

