--------
Total Statistics
--------
Total Instructions: 1682276970
Total Cycles: 15081870229
IPC: 0.111543

--------
Single level Tlb hierarchy
--------
  Data Tlb:
    Entries:          64
    Page Size(B):   4096
    Associativity:      8

Latencies:    0  100
Tlb-Sets:    8 - LRU - assoc:   8

Tlb Stats:
Tlb-Load-Hits:         282795837   87.95%
Tlb-Load-Misses:        38760000   12.05%
Tlb-Load-Accesses:     321555837  100.00%

Tlb-Store-Hits:         132164839  100.00%
Tlb-Store-Misses:              18    0.00%
Tlb-Store-Accesses:     132164857  100.00%

Tlb-Total-Hits:         414960676   91.46%
Tlb-Total-Misses:        38760018    8.54%
Tlb-Total-Accesses:     453720694  100.00%



--------
Two level Cache hierarchy
--------
  L1-Data Cache:
    Size(KB):          32
    Block Size(B):     64
    Associativity:      8

  L2-Data Cache:
    Size(KB):        1024
    Block Size(B):    128
    Associativity:      8

Latencies:    1   15  250
L1-Sets:   64 - LRU - assoc:   8
L2-Sets: 1024 - LRU - assoc:   8
Store_allocation: Yes
L2_inclusive: Yes
L2_prefetching: No

L1 Cache Stats:
L1-Load-Hits:         249192285   77.50%
L1-Load-Misses:        72363552   22.50%
L1-Load-Accesses:     321555837  100.00%

L1-Store-Hits:         132154358   99.99%
L1-Store-Misses:           10499    0.01%
L1-Store-Accesses:     132164857  100.00%

L1-Total-Hits:         381346643   84.05%
L1-Total-Misses:        72374051   15.95%
L1-Total-Accesses:     453720694  100.00%

L2 Cache Stats:
L2-Load-Hits:          40428741   55.87%
L2-Load-Misses:        31934811   44.13%
L2-Load-Accesses:      72363552  100.00%

L2-Store-Hits:              8270   78.77%
L2-Store-Misses:            2229   21.23%
L2-Store-Accesses:         10499  100.00%

L2-Total-Hits:          40437011   55.87%
L2-Total-Misses:        31937040   44.13%
L2-Total-Accesses:      72374051  100.00%

