--------
Total Statistics
--------
Total Instructions: 1682276995
Total Cycles: 17826504517
IPC: 0.0943694

--------
Single level Tlb hierarchy
--------
  Data Tlb:
    Entries:          32
    Page Size(B):   4096
    Associativity:      4

Latencies:    0  100
Tlb-Sets:    8 - LRU - assoc:   4

Tlb Stats:
Tlb-Load-Hits:         255356383   79.41%
Tlb-Load-Misses:        66199462   20.59%
Tlb-Load-Accesses:     321555845  100.00%

Tlb-Store-Hits:         132164838  100.00%
Tlb-Store-Misses:              19    0.00%
Tlb-Store-Accesses:     132164857  100.00%

Tlb-Total-Hits:         387521221   85.41%
Tlb-Total-Misses:        66199481   14.59%
Tlb-Total-Accesses:     453720702  100.00%



--------
Two level Cache hierarchy
--------
  L1-Data Cache:
    Size(KB):          32
    Block Size(B):     64
    Associativity:      8

  L2-Data Cache:
    Size(KB):        1024
    Block Size(B):    128
    Associativity:      8

Latencies:    1   15  250
L1-Sets:   64 - LRU - assoc:   8
L2-Sets: 1024 - LRU - assoc:   8
Store_allocation: Yes
L2_inclusive: Yes
L2_prefetching: No

L1 Cache Stats:
L1-Load-Hits:         249167029   77.49%
L1-Load-Misses:        72388816   22.51%
L1-Load-Accesses:     321555845  100.00%

L1-Store-Hits:         132142075   99.98%
L1-Store-Misses:           22782    0.02%
L1-Store-Accesses:     132164857  100.00%

L1-Total-Hits:         381309104   84.04%
L1-Total-Misses:        72411598   15.96%
L1-Total-Accesses:     453720702  100.00%

L2 Cache Stats:
L2-Load-Hits:          40455732   55.89%
L2-Load-Misses:        31933084   44.11%
L2-Load-Accesses:      72388816  100.00%

L2-Store-Hits:             18327   80.45%
L2-Store-Misses:            4455   19.55%
L2-Store-Accesses:         22782  100.00%

L2-Total-Hits:          40474059   55.89%
L2-Total-Misses:        31937539   44.11%
L2-Total-Accesses:      72411598  100.00%

