--------
Total Statistics
--------
Total Instructions: 20857185847
Total Cycles: 54673371762
IPC: 0.381487

--------
Single level Tlb hierarchy
--------
  Data Tlb:
    Entries:          64
    Page Size(B):   4096
    Associativity:      4

Latencies:    0  100
Tlb-Sets:   16 - LRU - assoc:   4

Tlb Stats:
Tlb-Load-Hits:        6352975418   99.50%
Tlb-Load-Misses:        31960082    0.50%
Tlb-Load-Accesses:    6384935500  100.00%

Tlb-Store-Hits:        2616255446   99.85%
Tlb-Store-Misses:         3825879    0.15%
Tlb-Store-Accesses:    2620081325  100.00%

Tlb-Total-Hits:        8969230864   99.60%
Tlb-Total-Misses:        35785961    0.40%
Tlb-Total-Accesses:    9005016825  100.00%



--------
Two level Cache hierarchy
--------
  L1-Data Cache:
    Size(KB):          32
    Block Size(B):     64
    Associativity:      8

  L2-Data Cache:
    Size(KB):        1024
    Block Size(B):    128
    Associativity:      8

Latencies:    1   15  250
L1-Sets:   64 - LRU - assoc:   8
L2-Sets: 1024 - LRU - assoc:   8
Store_allocation: Yes
L2_inclusive: Yes
L2_prefetching: No

L1 Cache Stats:
L1-Load-Hits:        6163085548   96.53%
L1-Load-Misses:       221849952    3.47%
L1-Load-Accesses:    6384935500  100.00%

L1-Store-Hits:        2600914761   99.27%
L1-Store-Misses:        19166564    0.73%
L1-Store-Accesses:    2620081325  100.00%

L1-Total-Hits:        8764000309   97.32%
L1-Total-Misses:       241016516    2.68%
L1-Total-Accesses:    9005016825  100.00%

L2 Cache Stats:
L2-Load-Hits:         156936964   70.74%
L2-Load-Misses:        64912988   29.26%
L2-Load-Accesses:     221849952  100.00%

L2-Store-Hits:          13610251   71.01%
L2-Store-Misses:         5556313   28.99%
L2-Store-Accesses:      19166564  100.00%

L2-Total-Hits:         170547215   70.76%
L2-Total-Misses:        70469301   29.24%
L2-Total-Accesses:     241016516  100.00%

