--------
Total Statistics
--------
Total Instructions: 20857185767
Total Cycles: 51441366275
IPC: 0.405456

--------
Single level Tlb hierarchy
--------
  Data Tlb:
    Entries:         256
    Page Size(B):   4096
    Associativity:      4

Latencies:    0  100
Tlb-Sets:   64 - LRU - assoc:   4

Tlb Stats:
Tlb-Load-Hits:        6381752749   99.95%
Tlb-Load-Misses:         3182744    0.05%
Tlb-Load-Accesses:    6384935493  100.00%

Tlb-Store-Hits:        2619808412   99.99%
Tlb-Store-Misses:          272893    0.01%
Tlb-Store-Accesses:    2620081305  100.00%

Tlb-Total-Hits:        9001561161   99.96%
Tlb-Total-Misses:         3455637    0.04%
Tlb-Total-Accesses:    9005016798  100.00%



--------
Two level Cache hierarchy
--------
  L1-Data Cache:
    Size(KB):          32
    Block Size(B):     64
    Associativity:      8

  L2-Data Cache:
    Size(KB):        1024
    Block Size(B):    128
    Associativity:      8

Latencies:    1   15  250
L1-Sets:   64 - LRU - assoc:   8
L2-Sets: 1024 - LRU - assoc:   8
Store_allocation: Yes
L2_inclusive: Yes
L2_prefetching: No

L1 Cache Stats:
L1-Load-Hits:        6163032687   96.52%
L1-Load-Misses:       221902806    3.48%
L1-Load-Accesses:    6384935493  100.00%

L1-Store-Hits:        2600838677   99.27%
L1-Store-Misses:        19242628    0.73%
L1-Store-Accesses:    2620081305  100.00%

L1-Total-Hits:        8763871364   97.32%
L1-Total-Misses:       241145434    2.68%
L1-Total-Accesses:    9005016798  100.00%

L2 Cache Stats:
L2-Load-Hits:         156993646   70.75%
L2-Load-Misses:        64909160   29.25%
L2-Load-Accesses:     221902806  100.00%

L2-Store-Hits:          13686114   71.12%
L2-Store-Misses:         5556514   28.88%
L2-Store-Accesses:      19242628  100.00%

L2-Total-Hits:         170679760   70.78%
L2-Total-Misses:        70465674   29.22%
L2-Total-Accesses:     241145434  100.00%

