--------
Total Statistics
--------
Total Instructions: 20857187952
Total Cycles: 52633797073
IPC: 0.39627

--------
Single level Tlb hierarchy
--------
  Data Tlb:
    Entries:          64
    Page Size(B):   4096
    Associativity:     32

Latencies:    0  100
Tlb-Sets:    2 - LRU - assoc:  32

Tlb Stats:
Tlb-Load-Hits:        6370750717   99.78%
Tlb-Load-Misses:        14185413    0.22%
Tlb-Load-Accesses:    6384936130  100.00%

Tlb-Store-Hits:        2618826860   99.95%
Tlb-Store-Misses:         1254771    0.05%
Tlb-Store-Accesses:    2620081631  100.00%

Tlb-Total-Hits:        8989577577   99.83%
Tlb-Total-Misses:        15440184    0.17%
Tlb-Total-Accesses:    9005017761  100.00%



--------
Two level Cache hierarchy
--------
  L1-Data Cache:
    Size(KB):          32
    Block Size(B):     64
    Associativity:      8

  L2-Data Cache:
    Size(KB):        1024
    Block Size(B):    128
    Associativity:      8

Latencies:    1   15  250
L1-Sets:   64 - LRU - assoc:   8
L2-Sets: 1024 - LRU - assoc:   8
Store_allocation: Yes
L2_inclusive: Yes
L2_prefetching: No

L1 Cache Stats:
L1-Load-Hits:        6163262115   96.53%
L1-Load-Misses:       221674015    3.47%
L1-Load-Accesses:    6384936130  100.00%

L1-Store-Hits:        2600938482   99.27%
L1-Store-Misses:        19143149    0.73%
L1-Store-Accesses:    2620081631  100.00%

L1-Total-Hits:        8764200597   97.33%
L1-Total-Misses:       240817164    2.67%
L1-Total-Accesses:    9005017761  100.00%

L2 Cache Stats:
L2-Load-Hits:         156770139   70.72%
L2-Load-Misses:        64903876   29.28%
L2-Load-Accesses:     221674015  100.00%

L2-Store-Hits:          13585763   70.97%
L2-Store-Misses:         5557386   29.03%
L2-Store-Accesses:      19143149  100.00%

L2-Total-Hits:         170355902   70.74%
L2-Total-Misses:        70461262   29.26%
L2-Total-Accesses:     240817164  100.00%

