--------
Total Statistics
--------
Total Instructions: 1684470312
Total Cycles: 5126605416
IPC: 0.328574

--------
Single level Tlb hierarchy
--------
  Data Tlb:
    Entries:          64
    Page Size(B):   4096
    Associativity:      1

Latencies:    0  100
Tlb-Sets:   64 - LRU - assoc:   1

Tlb Stats:
Tlb-Load-Hits:         503706555   96.55%
Tlb-Load-Misses:        18021434    3.45%
Tlb-Load-Accesses:     521727989  100.00%

Tlb-Store-Hits:         280301468   99.38%
Tlb-Store-Misses:         1751742    0.62%
Tlb-Store-Accesses:     282053210  100.00%

Tlb-Total-Hits:         784008023   97.54%
Tlb-Total-Misses:        19773176    2.46%
Tlb-Total-Accesses:     803781199  100.00%



--------
Two level Cache hierarchy
--------
  L1-Data Cache:
    Size(KB):          32
    Block Size(B):     64
    Associativity:      8

  L2-Data Cache:
    Size(KB):        1024
    Block Size(B):    128
    Associativity:      8

Latencies:    1   15  250
L1-Sets:   64 - LRU - assoc:   8
L2-Sets: 1024 - LRU - assoc:   8
Store_allocation: Yes
L2_inclusive: Yes
L2_prefetching: No

L1 Cache Stats:
L1-Load-Hits:         518917898   99.46%
L1-Load-Misses:         2810091    0.54%
L1-Load-Accesses:     521727989  100.00%

L1-Store-Hits:         276874214   98.16%
L1-Store-Misses:         5178996    1.84%
L1-Store-Accesses:     282053210  100.00%

L1-Total-Hits:         795792112   99.01%
L1-Total-Misses:         7989087    0.99%
L1-Total-Accesses:     803781199  100.00%

L2 Cache Stats:
L2-Load-Hits:           2365976   84.20%
L2-Load-Misses:          444115   15.80%
L2-Load-Accesses:       2810091  100.00%

L2-Store-Hits:           3458311   66.78%
L2-Store-Misses:         1720685   33.22%
L2-Store-Accesses:       5178996  100.00%

L2-Total-Hits:           5824287   72.90%
L2-Total-Misses:         2164800   27.10%
L2-Total-Accesses:       7989087  100.00%

