--------
Total Statistics
--------
Total Instructions: 20857186875
Total Cycles: 53081960323
IPC: 0.392924

--------
Single level Tlb hierarchy
--------
  Data Tlb:
    Entries:          64
    Page Size(B):   4096
    Associativity:     16

Latencies:    0  100
Tlb-Sets:    4 - LRU - assoc:  16

Tlb Stats:
Tlb-Load-Hits:        6367009152   99.72%
Tlb-Load-Misses:        17926621    0.28%
Tlb-Load-Accesses:    6384935773  100.00%

Tlb-Store-Hits:        2618144950   99.93%
Tlb-Store-Misses:         1936470    0.07%
Tlb-Store-Accesses:    2620081420  100.00%

Tlb-Total-Hits:        8985154102   99.78%
Tlb-Total-Misses:        19863091    0.22%
Tlb-Total-Accesses:    9005017193  100.00%



--------
Two level Cache hierarchy
--------
  L1-Data Cache:
    Size(KB):          32
    Block Size(B):     64
    Associativity:      8

  L2-Data Cache:
    Size(KB):        1024
    Block Size(B):    128
    Associativity:      8

Latencies:    1   15  250
L1-Sets:   64 - LRU - assoc:   8
L2-Sets: 1024 - LRU - assoc:   8
Store_allocation: Yes
L2_inclusive: Yes
L2_prefetching: No

L1 Cache Stats:
L1-Load-Hits:        6163159146   96.53%
L1-Load-Misses:       221776627    3.47%
L1-Load-Accesses:    6384935773  100.00%

L1-Store-Hits:        2600859320   99.27%
L1-Store-Misses:        19222100    0.73%
L1-Store-Accesses:    2620081420  100.00%

L1-Total-Hits:        8764018466   97.32%
L1-Total-Misses:       240998727    2.68%
L1-Total-Accesses:    9005017193  100.00%

L2 Cache Stats:
L2-Load-Hits:         156859473   70.73%
L2-Load-Misses:        64917154   29.27%
L2-Load-Accesses:     221776627  100.00%

L2-Store-Hits:          13665389   71.09%
L2-Store-Misses:         5556711   28.91%
L2-Store-Accesses:      19222100  100.00%

L2-Total-Hits:         170524862   70.76%
L2-Total-Misses:        70473865   29.24%
L2-Total-Accesses:     240998727  100.00%

