--------
Total Statistics
--------
Total Instructions: 20857185765
Total Cycles: 57900696551
IPC: 0.360223

--------
Single level Tlb hierarchy
--------
  Data Tlb:
    Entries:          64
    Page Size(B):   4096
    Associativity:      2

Latencies:    0  100
Tlb-Sets:   32 - LRU - assoc:   2

Tlb Stats:
Tlb-Load-Hits:        6323434123   99.04%
Tlb-Load-Misses:        61501358    0.96%
Tlb-Load-Accesses:    6384935481  100.00%

Tlb-Store-Hits:        2613486452   99.75%
Tlb-Store-Misses:         6594843    0.25%
Tlb-Store-Accesses:    2620081295  100.00%

Tlb-Total-Hits:        8936920575   99.24%
Tlb-Total-Misses:        68096201    0.76%
Tlb-Total-Accesses:    9005016776  100.00%



--------
Two level Cache hierarchy
--------
  L1-Data Cache:
    Size(KB):          32
    Block Size(B):     64
    Associativity:      8

  L2-Data Cache:
    Size(KB):        1024
    Block Size(B):    128
    Associativity:      8

Latencies:    1   15  250
L1-Sets:   64 - LRU - assoc:   8
L2-Sets: 1024 - LRU - assoc:   8
Store_allocation: Yes
L2_inclusive: Yes
L2_prefetching: No

L1 Cache Stats:
L1-Load-Hits:        6163293606   96.53%
L1-Load-Misses:       221641875    3.47%
L1-Load-Accesses:    6384935481  100.00%

L1-Store-Hits:        2600906076   99.27%
L1-Store-Misses:        19175219    0.73%
L1-Store-Accesses:    2620081295  100.00%

L1-Total-Hits:        8764199682   97.33%
L1-Total-Misses:       240817094    2.67%
L1-Total-Accesses:    9005016776  100.00%

L2 Cache Stats:
L2-Load-Hits:         156732645   70.71%
L2-Load-Misses:        64909230   29.29%
L2-Load-Accesses:     221641875  100.00%

L2-Store-Hits:          13617979   71.02%
L2-Store-Misses:         5557240   28.98%
L2-Store-Accesses:      19175219  100.00%

L2-Total-Hits:         170350624   70.74%
L2-Total-Misses:        70466470   29.26%
L2-Total-Accesses:     240817094  100.00%

