--------
Total Statistics
--------
Total Instructions: 20857186395
Total Cycles: 61158724840
IPC: 0.341034

--------
Single level Tlb hierarchy
--------
  Data Tlb:
    Entries:          32
    Page Size(B):   4096
    Associativity:      4

Latencies:    0  100
Tlb-Sets:    8 - LRU - assoc:   4

Tlb Stats:
Tlb-Load-Hits:        6294460447   98.58%
Tlb-Load-Misses:        90475214    1.42%
Tlb-Load-Accesses:    6384935661  100.00%

Tlb-Store-Hits:        2609894281   99.61%
Tlb-Store-Misses:        10187113    0.39%
Tlb-Store-Accesses:    2620081394  100.00%

Tlb-Total-Hits:        8904354728   98.88%
Tlb-Total-Misses:       100662327    1.12%
Tlb-Total-Accesses:    9005017055  100.00%



--------
Two level Cache hierarchy
--------
  L1-Data Cache:
    Size(KB):          32
    Block Size(B):     64
    Associativity:      8

  L2-Data Cache:
    Size(KB):        1024
    Block Size(B):    128
    Associativity:      8

Latencies:    1   15  250
L1-Sets:   64 - LRU - assoc:   8
L2-Sets: 1024 - LRU - assoc:   8
Store_allocation: Yes
L2_inclusive: Yes
L2_prefetching: No

L1 Cache Stats:
L1-Load-Hits:        6163280930   96.53%
L1-Load-Misses:       221654731    3.47%
L1-Load-Accesses:    6384935661  100.00%

L1-Store-Hits:        2600958579   99.27%
L1-Store-Misses:        19122815    0.73%
L1-Store-Accesses:    2620081394  100.00%

L1-Total-Hits:        8764239509   97.33%
L1-Total-Misses:       240777546    2.67%
L1-Total-Accesses:    9005017055  100.00%

L2 Cache Stats:
L2-Load-Hits:         156738906   70.71%
L2-Load-Misses:        64915825   29.29%
L2-Load-Accesses:     221654731  100.00%

L2-Store-Hits:          13564138   70.93%
L2-Store-Misses:         5558677   29.07%
L2-Store-Accesses:      19122815  100.00%

L2-Total-Hits:         170303044   70.73%
L2-Total-Misses:        70474502   29.27%
L2-Total-Accesses:     240777546  100.00%

