--------
Total Statistics
--------
Total Instructions: 24710723025
Total Cycles: 52586072306
IPC: 0.46991

--------
Single level Tlb hierarchy
--------
  Data Tlb:
    Entries:          64
    Page Size(B):   4096
    Associativity:      8

Latencies:    0  100
Tlb-Sets:    8 - LRU - assoc:   8

Tlb Stats:
Tlb-Load-Hits:        7089481217   99.65%
Tlb-Load-Misses:        25097499    0.35%
Tlb-Load-Accesses:    7114578716  100.00%

Tlb-Store-Hits:        1455695158   99.93%
Tlb-Store-Misses:         1050222    0.07%
Tlb-Store-Accesses:    1456745380  100.00%

Tlb-Total-Hits:        8545176375   99.69%
Tlb-Total-Misses:        26147721    0.31%
Tlb-Total-Accesses:    8571324096  100.00%



--------
Two level Cache hierarchy
--------
  L1-Data Cache:
    Size(KB):          32
    Block Size(B):     64
    Associativity:      8

  L2-Data Cache:
    Size(KB):        1024
    Block Size(B):    128
    Associativity:      8

Latencies:    1   15  250
L1-Sets:   64 - LRU - assoc:   8
L2-Sets: 1024 - LRU - assoc:   8
Store_allocation: Yes
L2_inclusive: Yes
L2_prefetching: No

L1 Cache Stats:
L1-Load-Hits:        6943942657   97.60%
L1-Load-Misses:       170636059    2.40%
L1-Load-Accesses:    7114578716  100.00%

L1-Store-Hits:        1352303000   92.83%
L1-Store-Misses:       104442380    7.17%
L1-Store-Accesses:    1456745380  100.00%

L1-Total-Hits:        8296245657   96.79%
L1-Total-Misses:       275078439    3.21%
L1-Total-Accesses:    8571324096  100.00%

L2 Cache Stats:
L2-Load-Hits:         124565042   73.00%
L2-Load-Misses:        46071017   27.00%
L2-Load-Accesses:     170636059  100.00%

L2-Store-Hits:         100261091   96.00%
L2-Store-Misses:         4181289    4.00%
L2-Store-Accesses:     104442380  100.00%

L2-Total-Hits:         224826133   81.73%
L2-Total-Misses:        50252306   18.27%
L2-Total-Accesses:     275078439  100.00%

