--------
Total Statistics
--------
Total Instructions: 24710723050
Total Cycles: 52261267189
IPC: 0.472831

--------
Single level Tlb hierarchy
--------
  Data Tlb:
    Entries:         256
    Page Size(B):   4096
    Associativity:      4

Latencies:    0  100
Tlb-Sets:   64 - LRU - assoc:   4

Tlb Stats:
Tlb-Load-Hits:        7093587111   99.70%
Tlb-Load-Misses:        20991613    0.30%
Tlb-Load-Accesses:    7114578724  100.00%

Tlb-Store-Hits:        1456569532   99.99%
Tlb-Store-Misses:          175848    0.01%
Tlb-Store-Accesses:    1456745380  100.00%

Tlb-Total-Hits:        8550156643   99.75%
Tlb-Total-Misses:        21167461    0.25%
Tlb-Total-Accesses:    8571324104  100.00%



--------
Two level Cache hierarchy
--------
  L1-Data Cache:
    Size(KB):          32
    Block Size(B):     64
    Associativity:      8

  L2-Data Cache:
    Size(KB):        1024
    Block Size(B):    128
    Associativity:      8

Latencies:    1   15  250
L1-Sets:   64 - LRU - assoc:   8
L2-Sets: 1024 - LRU - assoc:   8
Store_allocation: Yes
L2_inclusive: Yes
L2_prefetching: No

L1 Cache Stats:
L1-Load-Hits:        6932679077   97.44%
L1-Load-Misses:       181899647    2.56%
L1-Load-Accesses:    7114578724  100.00%

L1-Store-Hits:        1352103348   92.82%
L1-Store-Misses:       104642032    7.18%
L1-Store-Accesses:    1456745380  100.00%

L1-Total-Hits:        8284782425   96.66%
L1-Total-Misses:       286541679    3.34%
L1-Total-Accesses:    8571324104  100.00%

L2 Cache Stats:
L2-Load-Hits:         135823492   74.67%
L2-Load-Misses:        46076155   25.33%
L2-Load-Accesses:     181899647  100.00%

L2-Store-Hits:         100460792   96.00%
L2-Store-Misses:         4181240    4.00%
L2-Store-Accesses:     104642032  100.00%

L2-Total-Hits:         236284284   82.46%
L2-Total-Misses:        50257395   17.54%
L2-Total-Accesses:     286541679  100.00%

