--------
Total Statistics
--------
Total Instructions: 24710723050
Total Cycles: 52433168549
IPC: 0.47128

--------
Single level Tlb hierarchy
--------
  Data Tlb:
    Entries:          64
    Page Size(B):   4096
    Associativity:     16

Latencies:    0  100
Tlb-Sets:    4 - LRU - assoc:  16

Tlb Stats:
Tlb-Load-Hits:        7091139848   99.67%
Tlb-Load-Misses:        23438876    0.33%
Tlb-Load-Accesses:    7114578724  100.00%

Tlb-Store-Hits:        1456230869   99.96%
Tlb-Store-Misses:          514511    0.04%
Tlb-Store-Accesses:    1456745380  100.00%

Tlb-Total-Hits:        8547370717   99.72%
Tlb-Total-Misses:        23953387    0.28%
Tlb-Total-Accesses:    8571324104  100.00%



--------
Two level Cache hierarchy
--------
  L1-Data Cache:
    Size(KB):          32
    Block Size(B):     64
    Associativity:      8

  L2-Data Cache:
    Size(KB):        1024
    Block Size(B):    128
    Associativity:      8

Latencies:    1   15  250
L1-Sets:   64 - LRU - assoc:   8
L2-Sets: 1024 - LRU - assoc:   8
Store_allocation: Yes
L2_inclusive: Yes
L2_prefetching: No

L1 Cache Stats:
L1-Load-Hits:        6939375300   97.54%
L1-Load-Misses:       175203424    2.46%
L1-Load-Accesses:    7114578724  100.00%

L1-Store-Hits:        1352448191   92.84%
L1-Store-Misses:       104297189    7.16%
L1-Store-Accesses:    1456745380  100.00%

L1-Total-Hits:        8291823491   96.74%
L1-Total-Misses:       279500613    3.26%
L1-Total-Accesses:    8571324104  100.00%

L2 Cache Stats:
L2-Load-Hits:         129130912   73.70%
L2-Load-Misses:        46072512   26.30%
L2-Load-Accesses:     175203424  100.00%

L2-Store-Hits:         100116607   95.99%
L2-Store-Misses:         4180582    4.01%
L2-Store-Accesses:     104297189  100.00%

L2-Total-Hits:         229247519   82.02%
L2-Total-Misses:        50253094   17.98%
L2-Total-Accesses:     279500613  100.00%

