--------
Total Statistics
--------
Total Instructions: 24710723942
Total Cycles: 59817565392
IPC: 0.413101

--------
Single level Tlb hierarchy
--------
  Data Tlb:
    Entries:          64
    Page Size(B):   4096
    Associativity:      2

Latencies:    0  100
Tlb-Sets:   32 - LRU - assoc:   2

Tlb Stats:
Tlb-Load-Hits:        7045593532   99.03%
Tlb-Load-Misses:        68985184    0.97%
Tlb-Load-Accesses:    7114578716  100.00%

Tlb-Store-Hits:        1427482574   97.99%
Tlb-Store-Misses:        29263330    2.01%
Tlb-Store-Accesses:    1456745904  100.00%

Tlb-Total-Hits:        8473076106   98.85%
Tlb-Total-Misses:        98248514    1.15%
Tlb-Total-Accesses:    8571324620  100.00%



--------
Two level Cache hierarchy
--------
  L1-Data Cache:
    Size(KB):          32
    Block Size(B):     64
    Associativity:      8

  L2-Data Cache:
    Size(KB):        1024
    Block Size(B):    128
    Associativity:      8

Latencies:    1   15  250
L1-Sets:   64 - LRU - assoc:   8
L2-Sets: 1024 - LRU - assoc:   8
Store_allocation: Yes
L2_inclusive: Yes
L2_prefetching: No

L1 Cache Stats:
L1-Load-Hits:        6942385164   97.58%
L1-Load-Misses:       172193552    2.42%
L1-Load-Accesses:    7114578716  100.00%

L1-Store-Hits:        1352447944   92.84%
L1-Store-Misses:       104297960    7.16%
L1-Store-Accesses:    1456745904  100.00%

L1-Total-Hits:        8294833108   96.77%
L1-Total-Misses:       276491512    3.23%
L1-Total-Accesses:    8571324620  100.00%

L2 Cache Stats:
L2-Load-Hits:         126123177   73.25%
L2-Load-Misses:        46070375   26.75%
L2-Load-Accesses:     172193552  100.00%

L2-Store-Hits:         100115164   95.99%
L2-Store-Misses:         4182796    4.01%
L2-Store-Accesses:     104297960  100.00%

L2-Total-Hits:         226238341   81.82%
L2-Total-Misses:        50253171   18.18%
L2-Total-Accesses:     276491512  100.00%

