--------
Total Statistics
--------
Total Instructions: 24710723967
Total Cycles: 122290905395
IPC: 0.202065

--------
Single level Tlb hierarchy
--------
  Data Tlb:
    Entries:           8
    Page Size(B):   4096
    Associativity:      4

Latencies:    0  100
Tlb-Sets:    2 - LRU - assoc:   4

Tlb Stats:
Tlb-Load-Hits:        6447704877   90.63%
Tlb-Load-Misses:       666873847    9.37%
Tlb-Load-Accesses:    7114578724  100.00%

Tlb-Store-Hits:        1400979674   96.17%
Tlb-Store-Misses:        55766230    3.83%
Tlb-Store-Accesses:    1456745904  100.00%

Tlb-Total-Hits:        7848684551   91.57%
Tlb-Total-Misses:       722640077    8.43%
Tlb-Total-Accesses:    8571324628  100.00%



--------
Two level Cache hierarchy
--------
  L1-Data Cache:
    Size(KB):          32
    Block Size(B):     64
    Associativity:      8

  L2-Data Cache:
    Size(KB):        1024
    Block Size(B):    128
    Associativity:      8

Latencies:    1   15  250
L1-Sets:   64 - LRU - assoc:   8
L2-Sets: 1024 - LRU - assoc:   8
Store_allocation: Yes
L2_inclusive: Yes
L2_prefetching: No

L1 Cache Stats:
L1-Load-Hits:        6940134426   97.55%
L1-Load-Misses:       174444298    2.45%
L1-Load-Accesses:    7114578724  100.00%

L1-Store-Hits:        1352126262   92.82%
L1-Store-Misses:       104619642    7.18%
L1-Store-Accesses:    1456745904  100.00%

L1-Total-Hits:        8292260688   96.74%
L1-Total-Misses:       279063940    3.26%
L1-Total-Accesses:    8571324628  100.00%

L2 Cache Stats:
L2-Load-Hits:         128388114   73.60%
L2-Load-Misses:        46056184   26.40%
L2-Load-Accesses:     174444298  100.00%

L2-Store-Hits:         100440266   96.01%
L2-Store-Misses:         4179376    3.99%
L2-Store-Accesses:     104619642  100.00%

L2-Total-Hits:         228828380   82.00%
L2-Total-Misses:        50235560   18.00%
L2-Total-Accesses:     279063940  100.00%

