--------
Total Statistics
--------
Total Instructions: 24710721646
Total Cycles: 54224574039
IPC: 0.455711

--------
Single level Tlb hierarchy
--------
  Data Tlb:
    Entries:          64
    Page Size(B):   4096
    Associativity:      4

Latencies:    0  100
Tlb-Sets:   16 - LRU - assoc:   4

Tlb Stats:
Tlb-Load-Hits:        7078896501   99.50%
Tlb-Load-Misses:        35682215    0.50%
Tlb-Load-Accesses:    7114578716  100.00%

Tlb-Store-Hits:        1451576663   99.65%
Tlb-Store-Misses:         5167929    0.35%
Tlb-Store-Accesses:    1456744592  100.00%

Tlb-Total-Hits:        8530473164   99.52%
Tlb-Total-Misses:        40850144    0.48%
Tlb-Total-Accesses:    8571323308  100.00%



--------
Two level Cache hierarchy
--------
  L1-Data Cache:
    Size(KB):          32
    Block Size(B):     64
    Associativity:      8

  L2-Data Cache:
    Size(KB):        1024
    Block Size(B):    128
    Associativity:      8

Latencies:    1   15  250
L1-Sets:   64 - LRU - assoc:   8
L2-Sets: 1024 - LRU - assoc:   8
Store_allocation: Yes
L2_inclusive: Yes
L2_prefetching: No

L1 Cache Stats:
L1-Load-Hits:        6932721898   97.44%
L1-Load-Misses:       181856818    2.56%
L1-Load-Accesses:    7114578716  100.00%

L1-Store-Hits:        1352349231   92.83%
L1-Store-Misses:       104395361    7.17%
L1-Store-Accesses:    1456744592  100.00%

L1-Total-Hits:        8285071129   96.66%
L1-Total-Misses:       286252179    3.34%
L1-Total-Accesses:    8571323308  100.00%

L2 Cache Stats:
L2-Load-Hits:         135777806   74.66%
L2-Load-Misses:        46079012   25.34%
L2-Load-Accesses:     181856818  100.00%

L2-Store-Hits:         100219445   96.00%
L2-Store-Misses:         4175916    4.00%
L2-Store-Accesses:     104395361  100.00%

L2-Total-Hits:         235997251   82.44%
L2-Total-Misses:        50254928   17.56%
L2-Total-Accesses:     286252179  100.00%

