--------
Total Statistics
--------
Total Instructions: 24710723050
Total Cycles: 71944983134
IPC: 0.343467

--------
Single level Tlb hierarchy
--------
  Data Tlb:
    Entries:          16
    Page Size(B):   4096
    Associativity:      4

Latencies:    0  100
Tlb-Sets:    4 - LRU - assoc:   4

Tlb Stats:
Tlb-Load-Hits:        6922371756   97.30%
Tlb-Load-Misses:       192206968    2.70%
Tlb-Load-Accesses:    7114578724  100.00%

Tlb-Store-Hits:        1429010854   98.10%
Tlb-Store-Misses:        27734526    1.90%
Tlb-Store-Accesses:    1456745380  100.00%

Tlb-Total-Hits:        8351382610   97.43%
Tlb-Total-Misses:       219941494    2.57%
Tlb-Total-Accesses:    8571324104  100.00%



--------
Two level Cache hierarchy
--------
  L1-Data Cache:
    Size(KB):          32
    Block Size(B):     64
    Associativity:      8

  L2-Data Cache:
    Size(KB):        1024
    Block Size(B):    128
    Associativity:      8

Latencies:    1   15  250
L1-Sets:   64 - LRU - assoc:   8
L2-Sets: 1024 - LRU - assoc:   8
Store_allocation: Yes
L2_inclusive: Yes
L2_prefetching: No

L1 Cache Stats:
L1-Load-Hits:        6945020306   97.62%
L1-Load-Misses:       169558418    2.38%
L1-Load-Accesses:    7114578724  100.00%

L1-Store-Hits:        1352294926   92.83%
L1-Store-Misses:       104450454    7.17%
L1-Store-Accesses:    1456745380  100.00%

L1-Total-Hits:        8297315232   96.80%
L1-Total-Misses:       274008872    3.20%
L1-Total-Accesses:    8571324104  100.00%

L2 Cache Stats:
L2-Load-Hits:         123502990   72.84%
L2-Load-Misses:        46055428   27.16%
L2-Load-Accesses:     169558418  100.00%

L2-Store-Hits:         100271268   96.00%
L2-Store-Misses:         4179186    4.00%
L2-Store-Accesses:     104450454  100.00%

L2-Total-Hits:         223774258   81.67%
L2-Total-Misses:        50234614   18.33%
L2-Total-Accesses:     274008872  100.00%

