--------
Total Statistics
--------
Total Instructions: 24710723967
Total Cycles: 74972341425
IPC: 0.329598

--------
Single level Tlb hierarchy
--------
  Data Tlb:
    Entries:          64
    Page Size(B):   4096
    Associativity:      1

Latencies:    0  100
Tlb-Sets:   64 - LRU - assoc:   1

Tlb Stats:
Tlb-Load-Hits:        6897824758   96.95%
Tlb-Load-Misses:       216753966    3.05%
Tlb-Load-Accesses:    7114578724  100.00%

Tlb-Store-Hits:        1423387005   97.71%
Tlb-Store-Misses:        33358899    2.29%
Tlb-Store-Accesses:    1456745904  100.00%

Tlb-Total-Hits:        8321211763   97.08%
Tlb-Total-Misses:       250112865    2.92%
Tlb-Total-Accesses:    8571324628  100.00%



--------
Two level Cache hierarchy
--------
  L1-Data Cache:
    Size(KB):          32
    Block Size(B):     64
    Associativity:      8

  L2-Data Cache:
    Size(KB):        1024
    Block Size(B):    128
    Associativity:      8

Latencies:    1   15  250
L1-Sets:   64 - LRU - assoc:   8
L2-Sets: 1024 - LRU - assoc:   8
Store_allocation: Yes
L2_inclusive: Yes
L2_prefetching: No

L1 Cache Stats:
L1-Load-Hits:        6944319861   97.61%
L1-Load-Misses:       170258863    2.39%
L1-Load-Accesses:    7114578724  100.00%

L1-Store-Hits:        1352491645   92.84%
L1-Store-Misses:       104254259    7.16%
L1-Store-Accesses:    1456745904  100.00%

L1-Total-Hits:        8296811506   96.80%
L1-Total-Misses:       274513122    3.20%
L1-Total-Accesses:    8571324628  100.00%

L2 Cache Stats:
L2-Load-Hits:         124192486   72.94%
L2-Load-Misses:        46066377   27.06%
L2-Load-Accesses:     170258863  100.00%

L2-Store-Hits:         100075398   95.99%
L2-Store-Misses:         4178861    4.01%
L2-Store-Accesses:     104254259  100.00%

L2-Total-Hits:         224267884   81.70%
L2-Total-Misses:        50245238   18.30%
L2-Total-Accesses:     274513122  100.00%

