--------
Total Statistics
--------
Total Instructions: 24710721646
Total Cycles: 52335388904
IPC: 0.472161

--------
Single level Tlb hierarchy
--------
  Data Tlb:
    Entries:          64
    Page Size(B):   4096
    Associativity:     64

Latencies:    0  100
Tlb-Sets:    1 - LRU - assoc:  64

Tlb Stats:
Tlb-Load-Hits:        7091256417   99.67%
Tlb-Load-Misses:        23322299    0.33%
Tlb-Load-Accesses:    7114578716  100.00%

Tlb-Store-Hits:        1456318354   99.97%
Tlb-Store-Misses:          426238    0.03%
Tlb-Store-Accesses:    1456744592  100.00%

Tlb-Total-Hits:        8547574771   99.72%
Tlb-Total-Misses:        23748537    0.28%
Tlb-Total-Accesses:    8571323308  100.00%



--------
Two level Cache hierarchy
--------
  L1-Data Cache:
    Size(KB):          32
    Block Size(B):     64
    Associativity:      8

  L2-Data Cache:
    Size(KB):        1024
    Block Size(B):    128
    Associativity:      8

Latencies:    1   15  250
L1-Sets:   64 - LRU - assoc:   8
L2-Sets: 1024 - LRU - assoc:   8
Store_allocation: Yes
L2_inclusive: Yes
L2_prefetching: No

L1 Cache Stats:
L1-Load-Hits:        6944358585   97.61%
L1-Load-Misses:       170220131    2.39%
L1-Load-Accesses:    7114578716  100.00%

L1-Store-Hits:        1352491523   92.84%
L1-Store-Misses:       104253069    7.16%
L1-Store-Accesses:    1456744592  100.00%

L1-Total-Hits:        8296850108   96.80%
L1-Total-Misses:       274473200    3.20%
L1-Total-Accesses:    8571323308  100.00%

L2 Cache Stats:
L2-Load-Hits:         124153980   72.94%
L2-Load-Misses:        46066151   27.06%
L2-Load-Accesses:     170220131  100.00%

L2-Store-Hits:         100073651   95.99%
L2-Store-Misses:         4179418    4.01%
L2-Store-Accesses:     104253069  100.00%

L2-Total-Hits:         224227631   81.69%
L2-Total-Misses:        50245569   18.31%
L2-Total-Accesses:     274473200  100.00%

