--------
Total Statistics
--------
Total Instructions: 24710722689
Total Cycles: 52368208633
IPC: 0.471865

--------
Single level Tlb hierarchy
--------
  Data Tlb:
    Entries:          64
    Page Size(B):   4096
    Associativity:     32

Latencies:    0  100
Tlb-Sets:    2 - LRU - assoc:  32

Tlb Stats:
Tlb-Load-Hits:        7091211522   99.67%
Tlb-Load-Misses:        23367194    0.33%
Tlb-Load-Accesses:    7114578716  100.00%

Tlb-Store-Hits:        1456295056   99.97%
Tlb-Store-Misses:          450132    0.03%
Tlb-Store-Accesses:    1456745188  100.00%

Tlb-Total-Hits:        8547506578   99.72%
Tlb-Total-Misses:        23817326    0.28%
Tlb-Total-Accesses:    8571323904  100.00%



--------
Two level Cache hierarchy
--------
  L1-Data Cache:
    Size(KB):          32
    Block Size(B):     64
    Associativity:      8

  L2-Data Cache:
    Size(KB):        1024
    Block Size(B):    128
    Associativity:      8

Latencies:    1   15  250
L1-Sets:   64 - LRU - assoc:   8
L2-Sets: 1024 - LRU - assoc:   8
Store_allocation: Yes
L2_inclusive: Yes
L2_prefetching: No

L1 Cache Stats:
L1-Load-Hits:        6942664091   97.58%
L1-Load-Misses:       171914625    2.42%
L1-Load-Accesses:    7114578716  100.00%

L1-Store-Hits:        1352454517   92.84%
L1-Store-Misses:       104290671    7.16%
L1-Store-Accesses:    1456745188  100.00%

L1-Total-Hits:        8295118608   96.78%
L1-Total-Misses:       276205296    3.22%
L1-Total-Accesses:    8571323904  100.00%

L2 Cache Stats:
L2-Load-Hits:         125847258   73.20%
L2-Load-Misses:        46067367   26.80%
L2-Load-Accesses:     171914625  100.00%

L2-Store-Hits:         100112638   95.99%
L2-Store-Misses:         4178033    4.01%
L2-Store-Accesses:     104290671  100.00%

L2-Total-Hits:         225959896   81.81%
L2-Total-Misses:        50245400   18.19%
L2-Total-Accesses:     276205296  100.00%

