--------
Total Statistics
--------
Total Instructions: 7966224601
Total Cycles: 12689075042
IPC: 0.627802

--------
Single level Tlb hierarchy
--------
  Data Tlb:
    Entries:          64
    Page Size(B):   4096
    Associativity:      8

Latencies:    0  100
Tlb-Sets:    8 - LRU - assoc:   8

Tlb Stats:
Tlb-Load-Hits:        1867756036   99.97%
Tlb-Load-Misses:          550223    0.03%
Tlb-Load-Accesses:    1868306259  100.00%

Tlb-Store-Hits:         187508297   99.85%
Tlb-Store-Misses:          279850    0.15%
Tlb-Store-Accesses:     187788147  100.00%

Tlb-Total-Hits:        2055264333   99.96%
Tlb-Total-Misses:          830073    0.04%
Tlb-Total-Accesses:    2056094406  100.00%



--------
Two level Cache hierarchy
--------
  L1-Data Cache:
    Size(KB):          32
    Block Size(B):     64
    Associativity:      8

  L2-Data Cache:
    Size(KB):        1024
    Block Size(B):    128
    Associativity:      8

Latencies:    1   15  250
L1-Sets:   64 - LRU - assoc:   8
L2-Sets: 1024 - LRU - assoc:   8
Store_allocation: Yes
L2_inclusive: Yes
L2_prefetching: No

L1 Cache Stats:
L1-Load-Hits:        1846274866   98.82%
L1-Load-Misses:        22031393    1.18%
L1-Load-Accesses:    1868306259  100.00%

L1-Store-Hits:         182292241   97.07%
L1-Store-Misses:         5495906    2.93%
L1-Store-Accesses:     187788147  100.00%

L1-Total-Hits:        2028567107   98.66%
L1-Total-Misses:        27527299    1.34%
L1-Total-Accesses:    2056094406  100.00%

L2 Cache Stats:
L2-Load-Hits:          16066987   72.93%
L2-Load-Misses:         5964406   27.07%
L2-Load-Accesses:      22031393  100.00%

L2-Store-Hits:           2776955   50.53%
L2-Store-Misses:         2718951   49.47%
L2-Store-Accesses:       5495906  100.00%

L2-Total-Hits:          18843942   68.46%
L2-Total-Misses:         8683357   31.54%
L2-Total-Accesses:      27527299  100.00%

