--------
Total Statistics
--------
Total Instructions: 7966224626
Total Cycles: 12684145545
IPC: 0.628046

--------
Single level Tlb hierarchy
--------
  Data Tlb:
    Entries:         256
    Page Size(B):   4096
    Associativity:      4

Latencies:    0  100
Tlb-Sets:   64 - LRU - assoc:   4

Tlb Stats:
Tlb-Load-Hits:        1867798823   99.97%
Tlb-Load-Misses:          507444    0.03%
Tlb-Load-Accesses:    1868306267  100.00%

Tlb-Store-Hits:         187508301   99.85%
Tlb-Store-Misses:          279846    0.15%
Tlb-Store-Accesses:     187788147  100.00%

Tlb-Total-Hits:        2055307124   99.96%
Tlb-Total-Misses:          787290    0.04%
Tlb-Total-Accesses:    2056094414  100.00%



--------
Two level Cache hierarchy
--------
  L1-Data Cache:
    Size(KB):          32
    Block Size(B):     64
    Associativity:      8

  L2-Data Cache:
    Size(KB):        1024
    Block Size(B):    128
    Associativity:      8

Latencies:    1   15  250
L1-Sets:   64 - LRU - assoc:   8
L2-Sets: 1024 - LRU - assoc:   8
Store_allocation: Yes
L2_inclusive: Yes
L2_prefetching: No

L1 Cache Stats:
L1-Load-Hits:        1846330587   98.82%
L1-Load-Misses:        21975680    1.18%
L1-Load-Accesses:    1868306267  100.00%

L1-Store-Hits:         182293160   97.07%
L1-Store-Misses:         5494987    2.93%
L1-Store-Accesses:     187788147  100.00%

L1-Total-Hits:        2028623747   98.66%
L1-Total-Misses:        27470667    1.34%
L1-Total-Accesses:    2056094414  100.00%

L2 Cache Stats:
L2-Load-Hits:          16010651   72.86%
L2-Load-Misses:         5965029   27.14%
L2-Load-Accesses:      21975680  100.00%

L2-Store-Hits:           2775866   50.52%
L2-Store-Misses:         2719121   49.48%
L2-Store-Accesses:       5494987  100.00%

L2-Total-Hits:          18786517   68.39%
L2-Total-Misses:         8684150   31.61%
L2-Total-Accesses:      27470667  100.00%

