--------
Total Statistics
--------
Total Instructions: 7966224626
Total Cycles: 12687551745
IPC: 0.627877

--------
Single level Tlb hierarchy
--------
  Data Tlb:
    Entries:         128
    Page Size(B):   4096
    Associativity:      4

Latencies:    0  100
Tlb-Sets:   32 - LRU - assoc:   4

Tlb Stats:
Tlb-Load-Hits:        1867770146   99.97%
Tlb-Load-Misses:          536121    0.03%
Tlb-Load-Accesses:    1868306267  100.00%

Tlb-Store-Hits:         187508277   99.85%
Tlb-Store-Misses:          279870    0.15%
Tlb-Store-Accesses:     187788147  100.00%

Tlb-Total-Hits:        2055278423   99.96%
Tlb-Total-Misses:          815991    0.04%
Tlb-Total-Accesses:    2056094414  100.00%



--------
Two level Cache hierarchy
--------
  L1-Data Cache:
    Size(KB):          32
    Block Size(B):     64
    Associativity:      8

  L2-Data Cache:
    Size(KB):        1024
    Block Size(B):    128
    Associativity:      8

Latencies:    1   15  250
L1-Sets:   64 - LRU - assoc:   8
L2-Sets: 1024 - LRU - assoc:   8
Store_allocation: Yes
L2_inclusive: Yes
L2_prefetching: No

L1 Cache Stats:
L1-Load-Hits:        1846281451   98.82%
L1-Load-Misses:        22024816    1.18%
L1-Load-Accesses:    1868306267  100.00%

L1-Store-Hits:         182292356   97.07%
L1-Store-Misses:         5495791    2.93%
L1-Store-Accesses:     187788147  100.00%

L1-Total-Hits:        2028573807   98.66%
L1-Total-Misses:        27520607    1.34%
L1-Total-Accesses:    2056094414  100.00%

L2 Cache Stats:
L2-Load-Hits:          16060396   72.92%
L2-Load-Misses:         5964420   27.08%
L2-Load-Accesses:      22024816  100.00%

L2-Store-Hits:           2776913   50.53%
L2-Store-Misses:         2718878   49.47%
L2-Store-Accesses:       5495791  100.00%

L2-Total-Hits:          18837309   68.45%
L2-Total-Misses:         8683298   31.55%
L2-Total-Accesses:      27520607  100.00%

