--------
Total Statistics
--------
Total Instructions: 7966224626
Total Cycles: 12758256945
IPC: 0.624398

--------
Single level Tlb hierarchy
--------
  Data Tlb:
    Entries:          64
    Page Size(B):   4096
    Associativity:      2

Latencies:    0  100
Tlb-Sets:   32 - LRU - assoc:   2

Tlb Stats:
Tlb-Load-Hits:        1867070770   99.93%
Tlb-Load-Misses:         1235497    0.07%
Tlb-Load-Accesses:    1868306267  100.00%

Tlb-Store-Hits:         187499512   99.85%
Tlb-Store-Misses:          288635    0.15%
Tlb-Store-Accesses:     187788147  100.00%

Tlb-Total-Hits:        2054570282   99.93%
Tlb-Total-Misses:         1524132    0.07%
Tlb-Total-Accesses:    2056094414  100.00%



--------
Two level Cache hierarchy
--------
  L1-Data Cache:
    Size(KB):          32
    Block Size(B):     64
    Associativity:      8

  L2-Data Cache:
    Size(KB):        1024
    Block Size(B):    128
    Associativity:      8

Latencies:    1   15  250
L1-Sets:   64 - LRU - assoc:   8
L2-Sets: 1024 - LRU - assoc:   8
Store_allocation: Yes
L2_inclusive: Yes
L2_prefetching: No

L1 Cache Stats:
L1-Load-Hits:        1846295049   98.82%
L1-Load-Misses:        22011218    1.18%
L1-Load-Accesses:    1868306267  100.00%

L1-Store-Hits:         182291218   97.07%
L1-Store-Misses:         5496929    2.93%
L1-Store-Accesses:     187788147  100.00%

L1-Total-Hits:        2028586267   98.66%
L1-Total-Misses:        27508147    1.34%
L1-Total-Accesses:    2056094414  100.00%

L2 Cache Stats:
L2-Load-Hits:          16046616   72.90%
L2-Load-Misses:         5964602   27.10%
L2-Load-Accesses:      22011218  100.00%

L2-Store-Hits:           2777921   50.54%
L2-Store-Misses:         2719008   49.46%
L2-Store-Accesses:       5496929  100.00%

L2-Total-Hits:          18824537   68.43%
L2-Total-Misses:         8683610   31.57%
L2-Total-Accesses:      27508147  100.00%

