--------
Total Statistics
--------
Total Instructions: 7966224601
Total Cycles: 12690621132
IPC: 0.627725

--------
Single level Tlb hierarchy
--------
  Data Tlb:
    Entries:          64
    Page Size(B):   4096
    Associativity:     64

Latencies:    0  100
Tlb-Sets:    1 - LRU - assoc:  64

Tlb Stats:
Tlb-Load-Hits:        1867737124   99.97%
Tlb-Load-Misses:          569135    0.03%
Tlb-Load-Accesses:    1868306259  100.00%

Tlb-Store-Hits:         187508297   99.85%
Tlb-Store-Misses:          279850    0.15%
Tlb-Store-Accesses:     187788147  100.00%

Tlb-Total-Hits:        2055245421   99.96%
Tlb-Total-Misses:          848985    0.04%
Tlb-Total-Accesses:    2056094406  100.00%



--------
Two level Cache hierarchy
--------
  L1-Data Cache:
    Size(KB):          32
    Block Size(B):     64
    Associativity:      8

  L2-Data Cache:
    Size(KB):        1024
    Block Size(B):    128
    Associativity:      8

Latencies:    1   15  250
L1-Sets:   64 - LRU - assoc:   8
L2-Sets: 1024 - LRU - assoc:   8
Store_allocation: Yes
L2_inclusive: Yes
L2_prefetching: No

L1 Cache Stats:
L1-Load-Hits:        1846296662   98.82%
L1-Load-Misses:        22009597    1.18%
L1-Load-Accesses:    1868306259  100.00%

L1-Store-Hits:         182291019   97.07%
L1-Store-Misses:         5497128    2.93%
L1-Store-Accesses:     187788147  100.00%

L1-Total-Hits:        2028587681   98.66%
L1-Total-Misses:        27506725    1.34%
L1-Total-Accesses:    2056094406  100.00%

L2 Cache Stats:
L2-Load-Hits:          16045425   72.90%
L2-Load-Misses:         5964172   27.10%
L2-Load-Accesses:      22009597  100.00%

L2-Store-Hits:           2778089   50.54%
L2-Store-Misses:         2719039   49.46%
L2-Store-Accesses:       5497128  100.00%

L2-Total-Hits:          18823514   68.43%
L2-Total-Misses:         8683211   31.57%
L2-Total-Accesses:      27506725  100.00%

