--------
Total Statistics
--------
Total Instructions: 7966224626
Total Cycles: 14260024540
IPC: 0.55864

--------
Single level Tlb hierarchy
--------
  Data Tlb:
    Entries:          64
    Page Size(B):   4096
    Associativity:      1

Latencies:    0  100
Tlb-Sets:   64 - LRU - assoc:   1

Tlb Stats:
Tlb-Load-Hits:        1852198428   99.14%
Tlb-Load-Misses:        16107839    0.86%
Tlb-Load-Accesses:    1868306267  100.00%

Tlb-Store-Hits:         187349375   99.77%
Tlb-Store-Misses:          438772    0.23%
Tlb-Store-Accesses:     187788147  100.00%

Tlb-Total-Hits:        2039547803   99.20%
Tlb-Total-Misses:        16546611    0.80%
Tlb-Total-Accesses:    2056094414  100.00%



--------
Two level Cache hierarchy
--------
  L1-Data Cache:
    Size(KB):          32
    Block Size(B):     64
    Associativity:      8

  L2-Data Cache:
    Size(KB):        1024
    Block Size(B):    128
    Associativity:      8

Latencies:    1   15  250
L1-Sets:   64 - LRU - assoc:   8
L2-Sets: 1024 - LRU - assoc:   8
Store_allocation: Yes
L2_inclusive: Yes
L2_prefetching: No

L1 Cache Stats:
L1-Load-Hits:        1846330690   98.82%
L1-Load-Misses:        21975577    1.18%
L1-Load-Accesses:    1868306267  100.00%

L1-Store-Hits:         182293114   97.07%
L1-Store-Misses:         5495033    2.93%
L1-Store-Accesses:     187788147  100.00%

L1-Total-Hits:        2028623804   98.66%
L1-Total-Misses:        27470610    1.34%
L1-Total-Accesses:    2056094414  100.00%

L2 Cache Stats:
L2-Load-Hits:          16010587   72.86%
L2-Load-Misses:         5964990   27.14%
L2-Load-Accesses:      21975577  100.00%

L2-Store-Hits:           2776082   50.52%
L2-Store-Misses:         2718951   49.48%
L2-Store-Accesses:       5495033  100.00%

L2-Total-Hits:          18786669   68.39%
L2-Total-Misses:         8683941   31.61%
L2-Total-Accesses:      27470610  100.00%

