--------
Total Statistics
--------
Total Instructions: 7966224601
Total Cycles: 12689823637
IPC: 0.627765

--------
Single level Tlb hierarchy
--------
  Data Tlb:
    Entries:          64
    Page Size(B):   4096
    Associativity:      4

Latencies:    0  100
Tlb-Sets:   16 - LRU - assoc:   4

Tlb Stats:
Tlb-Load-Hits:        1867741891   99.97%
Tlb-Load-Misses:          564368    0.03%
Tlb-Load-Accesses:    1868306259  100.00%

Tlb-Store-Hits:         187508292   99.85%
Tlb-Store-Misses:          279855    0.15%
Tlb-Store-Accesses:     187788147  100.00%

Tlb-Total-Hits:        2055250183   99.96%
Tlb-Total-Misses:          844223    0.04%
Tlb-Total-Accesses:    2056094406  100.00%



--------
Two level Cache hierarchy
--------
  L1-Data Cache:
    Size(KB):          32
    Block Size(B):     64
    Associativity:      8

  L2-Data Cache:
    Size(KB):        1024
    Block Size(B):    128
    Associativity:      8

Latencies:    1   15  250
L1-Sets:   64 - LRU - assoc:   8
L2-Sets: 1024 - LRU - assoc:   8
Store_allocation: Yes
L2_inclusive: Yes
L2_prefetching: No

L1 Cache Stats:
L1-Load-Hits:        1846327865   98.82%
L1-Load-Misses:        21978394    1.18%
L1-Load-Accesses:    1868306259  100.00%

L1-Store-Hits:         182293219   97.07%
L1-Store-Misses:         5494928    2.93%
L1-Store-Accesses:     187788147  100.00%

L1-Total-Hits:        2028621084   98.66%
L1-Total-Misses:        27473322    1.34%
L1-Total-Accesses:    2056094406  100.00%

L2 Cache Stats:
L2-Load-Hits:          16013448   72.86%
L2-Load-Misses:         5964946   27.14%
L2-Load-Accesses:      21978394  100.00%

L2-Store-Hits:           2775944   50.52%
L2-Store-Misses:         2718984   49.48%
L2-Store-Accesses:       5494928  100.00%

L2-Total-Hits:          18789392   68.39%
L2-Total-Misses:         8683930   31.61%
L2-Total-Accesses:      27473322  100.00%

