--------
Total Statistics
--------
Total Instructions: 7966224626
Total Cycles: 12733908615
IPC: 0.625591

--------
Single level Tlb hierarchy
--------
  Data Tlb:
    Entries:          32
    Page Size(B):   4096
    Associativity:      4

Latencies:    0  100
Tlb-Sets:    8 - LRU - assoc:   4

Tlb Stats:
Tlb-Load-Hits:        1867300057   99.95%
Tlb-Load-Misses:         1006210    0.05%
Tlb-Load-Accesses:    1868306267  100.00%

Tlb-Store-Hits:         187507173   99.85%
Tlb-Store-Misses:          280974    0.15%
Tlb-Store-Accesses:     187788147  100.00%

Tlb-Total-Hits:        2054807230   99.94%
Tlb-Total-Misses:         1287184    0.06%
Tlb-Total-Accesses:    2056094414  100.00%



--------
Two level Cache hierarchy
--------
  L1-Data Cache:
    Size(KB):          32
    Block Size(B):     64
    Associativity:      8

  L2-Data Cache:
    Size(KB):        1024
    Block Size(B):    128
    Associativity:      8

Latencies:    1   15  250
L1-Sets:   64 - LRU - assoc:   8
L2-Sets: 1024 - LRU - assoc:   8
Store_allocation: Yes
L2_inclusive: Yes
L2_prefetching: No

L1 Cache Stats:
L1-Load-Hits:        1846333597   98.82%
L1-Load-Misses:        21972670    1.18%
L1-Load-Accesses:    1868306267  100.00%

L1-Store-Hits:         182293272   97.07%
L1-Store-Misses:         5494875    2.93%
L1-Store-Accesses:     187788147  100.00%

L1-Total-Hits:        2028626869   98.66%
L1-Total-Misses:        27467545    1.34%
L1-Total-Accesses:    2056094414  100.00%

L2 Cache Stats:
L2-Load-Hits:          16008254   72.86%
L2-Load-Misses:         5964416   27.14%
L2-Load-Accesses:      21972670  100.00%

L2-Store-Hits:           2775859   50.52%
L2-Store-Misses:         2719016   49.48%
L2-Store-Accesses:       5494875  100.00%

L2-Total-Hits:          18784113   68.39%
L2-Total-Misses:         8683432   31.61%
L2-Total-Accesses:      27467545  100.00%

