--------
Total Statistics
--------
Total Instructions: 7966224626
Total Cycles: 12688548845
IPC: 0.627828

--------
Single level Tlb hierarchy
--------
  Data Tlb:
    Entries:          64
    Page Size(B):   4096
    Associativity:     32

Latencies:    0  100
Tlb-Sets:    2 - LRU - assoc:  32

Tlb Stats:
Tlb-Load-Hits:        1867758147   99.97%
Tlb-Load-Misses:          548120    0.03%
Tlb-Load-Accesses:    1868306267  100.00%

Tlb-Store-Hits:         187508297   99.85%
Tlb-Store-Misses:          279850    0.15%
Tlb-Store-Accesses:     187788147  100.00%

Tlb-Total-Hits:        2055266444   99.96%
Tlb-Total-Misses:          827970    0.04%
Tlb-Total-Accesses:    2056094414  100.00%



--------
Two level Cache hierarchy
--------
  L1-Data Cache:
    Size(KB):          32
    Block Size(B):     64
    Associativity:      8

  L2-Data Cache:
    Size(KB):        1024
    Block Size(B):    128
    Associativity:      8

Latencies:    1   15  250
L1-Sets:   64 - LRU - assoc:   8
L2-Sets: 1024 - LRU - assoc:   8
Store_allocation: Yes
L2_inclusive: Yes
L2_prefetching: No

L1 Cache Stats:
L1-Load-Hits:        1846301451   98.82%
L1-Load-Misses:        22004816    1.18%
L1-Load-Accesses:    1868306267  100.00%

L1-Store-Hits:         182290876   97.07%
L1-Store-Misses:         5497271    2.93%
L1-Store-Accesses:     187788147  100.00%

L1-Total-Hits:        2028592327   98.66%
L1-Total-Misses:        27502087    1.34%
L1-Total-Accesses:    2056094414  100.00%

L2 Cache Stats:
L2-Load-Hits:          16040243   72.89%
L2-Load-Misses:         5964573   27.11%
L2-Load-Accesses:      22004816  100.00%

L2-Store-Hits:           2778238   50.54%
L2-Store-Misses:         2719033   49.46%
L2-Store-Accesses:       5497271  100.00%

L2-Total-Hits:          18818481   68.43%
L2-Total-Misses:         8683606   31.57%
L2-Total-Accesses:      27502087  100.00%

