--------
Total Statistics
--------
Total Instructions: 7966224601
Total Cycles: 17228721432
IPC: 0.46238

--------
Single level Tlb hierarchy
--------
  Data Tlb:
    Entries:           8
    Page Size(B):   4096
    Associativity:      4

Latencies:    0  100
Tlb-Sets:    2 - LRU - assoc:   4

Tlb Stats:
Tlb-Load-Hits:        1822401859   97.54%
Tlb-Load-Misses:        45904400    2.46%
Tlb-Load-Accesses:    1868306259  100.00%

Tlb-Store-Hits:         187465362   99.83%
Tlb-Store-Misses:          322785    0.17%
Tlb-Store-Accesses:     187788147  100.00%

Tlb-Total-Hits:        2009867221   97.75%
Tlb-Total-Misses:        46227185    2.25%
Tlb-Total-Accesses:    2056094406  100.00%



--------
Two level Cache hierarchy
--------
  L1-Data Cache:
    Size(KB):          32
    Block Size(B):     64
    Associativity:      8

  L2-Data Cache:
    Size(KB):        1024
    Block Size(B):    128
    Associativity:      8

Latencies:    1   15  250
L1-Sets:   64 - LRU - assoc:   8
L2-Sets: 1024 - LRU - assoc:   8
Store_allocation: Yes
L2_inclusive: Yes
L2_prefetching: No

L1 Cache Stats:
L1-Load-Hits:        1846279830   98.82%
L1-Load-Misses:        22026429    1.18%
L1-Load-Accesses:    1868306259  100.00%

L1-Store-Hits:         182292181   97.07%
L1-Store-Misses:         5495966    2.93%
L1-Store-Accesses:     187788147  100.00%

L1-Total-Hits:        2028572011   98.66%
L1-Total-Misses:        27522395    1.34%
L1-Total-Accesses:    2056094406  100.00%

L2 Cache Stats:
L2-Load-Hits:          16062024   72.92%
L2-Load-Misses:         5964405   27.08%
L2-Load-Accesses:      22026429  100.00%

L2-Store-Hits:           2776979   50.53%
L2-Store-Misses:         2718987   49.47%
L2-Store-Accesses:       5495966  100.00%

L2-Total-Hits:          18839003   68.45%
L2-Total-Misses:         8683392   31.55%
L2-Total-Accesses:      27522395  100.00%

