--------
Total Statistics
--------
Total Instructions: 7966224626
Total Cycles: 13476696855
IPC: 0.591111

--------
Single level Tlb hierarchy
--------
  Data Tlb:
    Entries:          16
    Page Size(B):   4096
    Associativity:      4

Latencies:    0  100
Tlb-Sets:    4 - LRU - assoc:   4

Tlb Stats:
Tlb-Load-Hits:        1859889823   99.55%
Tlb-Load-Misses:         8416444    0.45%
Tlb-Load-Accesses:    1868306267  100.00%

Tlb-Store-Hits:         187494937   99.84%
Tlb-Store-Misses:          293210    0.16%
Tlb-Store-Accesses:     187788147  100.00%

Tlb-Total-Hits:        2047384760   99.58%
Tlb-Total-Misses:         8709654    0.42%
Tlb-Total-Accesses:    2056094414  100.00%



--------
Two level Cache hierarchy
--------
  L1-Data Cache:
    Size(KB):          32
    Block Size(B):     64
    Associativity:      8

  L2-Data Cache:
    Size(KB):        1024
    Block Size(B):    128
    Associativity:      8

Latencies:    1   15  250
L1-Sets:   64 - LRU - assoc:   8
L2-Sets: 1024 - LRU - assoc:   8
Store_allocation: Yes
L2_inclusive: Yes
L2_prefetching: No

L1 Cache Stats:
L1-Load-Hits:        1846302523   98.82%
L1-Load-Misses:        22003744    1.18%
L1-Load-Accesses:    1868306267  100.00%

L1-Store-Hits:         182290880   97.07%
L1-Store-Misses:         5497267    2.93%
L1-Store-Accesses:     187788147  100.00%

L1-Total-Hits:        2028593403   98.66%
L1-Total-Misses:        27501011    1.34%
L1-Total-Accesses:    2056094414  100.00%

L2 Cache Stats:
L2-Load-Hits:          16039141   72.89%
L2-Load-Misses:         5964603   27.11%
L2-Load-Accesses:      22003744  100.00%

L2-Store-Hits:           2778281   50.54%
L2-Store-Misses:         2718986   49.46%
L2-Store-Accesses:       5497267  100.00%

L2-Total-Hits:          18817422   68.42%
L2-Total-Misses:         8683589   31.58%
L2-Total-Accesses:      27501011  100.00%

