--------
Total Statistics
--------
Total Instructions: 31246956914
Total Cycles: 55082284579
IPC: 0.567278

--------
Single level Tlb hierarchy
--------
  Data Tlb:
    Entries:          64
    Page Size(B):   4096
    Associativity:      2

Latencies:    0  100
Tlb-Sets:   32 - LRU - assoc:   2

Tlb Stats:
Tlb-Load-Hits:        9336813141   99.44%
Tlb-Load-Misses:        52925396    0.56%
Tlb-Load-Accesses:    9389738537  100.00%

Tlb-Store-Hits:        4895745412   99.75%
Tlb-Store-Misses:        12429101    0.25%
Tlb-Store-Accesses:    4908174513  100.00%

Tlb-Total-Hits:       14232558553   99.54%
Tlb-Total-Misses:        65354497    0.46%
Tlb-Total-Accesses:   14297913050  100.00%



--------
Two level Cache hierarchy
--------
  L1-Data Cache:
    Size(KB):          32
    Block Size(B):     64
    Associativity:      8

  L2-Data Cache:
    Size(KB):        1024
    Block Size(B):    128
    Associativity:      8

Latencies:    1   15  250
L1-Sets:   64 - LRU - assoc:   8
L2-Sets: 1024 - LRU - assoc:   8
Store_allocation: Yes
L2_inclusive: Yes
L2_prefetching: No

L1 Cache Stats:
L1-Load-Hits:        9339640626   99.47%
L1-Load-Misses:        50097911    0.53%
L1-Load-Accesses:    9389738537  100.00%

L1-Store-Hits:        4897919163   99.79%
L1-Store-Misses:        10255350    0.21%
L1-Store-Accesses:    4908174513  100.00%

L1-Total-Hits:       14237559789   99.58%
L1-Total-Misses:        60353261    0.42%
L1-Total-Accesses:   14297913050  100.00%

L2 Cache Stats:
L2-Load-Hits:          43980074   87.79%
L2-Load-Misses:         6117837   12.21%
L2-Load-Accesses:      50097911  100.00%

L2-Store-Hits:           7986523   77.88%
L2-Store-Misses:         2268827   22.12%
L2-Store-Accesses:      10255350  100.00%

L2-Total-Hits:          51966597   86.10%
L2-Total-Misses:         8386664   13.90%
L2-Total-Accesses:      60353261  100.00%

