--------
Total Statistics
--------
Total Instructions: 31246956914
Total Cycles: 50048045119
IPC: 0.624339

--------
Single level Tlb hierarchy
--------
  Data Tlb:
    Entries:          64
    Page Size(B):   4096
    Associativity:     32

Latencies:    0  100
Tlb-Sets:    2 - LRU - assoc:  32

Tlb Stats:
Tlb-Load-Hits:        9378147577   99.88%
Tlb-Load-Misses:        11590960    0.12%
Tlb-Load-Accesses:    9389738537  100.00%

Tlb-Store-Hits:        4904747615   99.93%
Tlb-Store-Misses:         3426898    0.07%
Tlb-Store-Accesses:    4908174513  100.00%

Tlb-Total-Hits:       14282895192   99.89%
Tlb-Total-Misses:        15017858    0.11%
Tlb-Total-Accesses:   14297913050  100.00%



--------
Two level Cache hierarchy
--------
  L1-Data Cache:
    Size(KB):          32
    Block Size(B):     64
    Associativity:      8

  L2-Data Cache:
    Size(KB):        1024
    Block Size(B):    128
    Associativity:      8

Latencies:    1   15  250
L1-Sets:   64 - LRU - assoc:   8
L2-Sets: 1024 - LRU - assoc:   8
Store_allocation: Yes
L2_inclusive: Yes
L2_prefetching: No

L1 Cache Stats:
L1-Load-Hits:        9339637950   99.47%
L1-Load-Misses:        50100587    0.53%
L1-Load-Accesses:    9389738537  100.00%

L1-Store-Hits:        4897953693   99.79%
L1-Store-Misses:        10220820    0.21%
L1-Store-Accesses:    4908174513  100.00%

L1-Total-Hits:       14237591643   99.58%
L1-Total-Misses:        60321407    0.42%
L1-Total-Accesses:   14297913050  100.00%

L2 Cache Stats:
L2-Load-Hits:          43982552   87.79%
L2-Load-Misses:         6118035   12.21%
L2-Load-Accesses:      50100587  100.00%

L2-Store-Hits:           7952582   77.81%
L2-Store-Misses:         2268238   22.19%
L2-Store-Accesses:      10220820  100.00%

L2-Total-Hits:          51935134   86.10%
L2-Total-Misses:         8386273   13.90%
L2-Total-Accesses:      60321407  100.00%

