--------
Total Statistics
--------
Total Instructions: 31246956914
Total Cycles: 50120810624
IPC: 0.623433

--------
Single level Tlb hierarchy
--------
  Data Tlb:
    Entries:         128
    Page Size(B):   4096
    Associativity:      4

Latencies:    0  100
Tlb-Sets:   32 - LRU - assoc:   4

Tlb Stats:
Tlb-Load-Hits:        9377031425   99.86%
Tlb-Load-Misses:        12707112    0.14%
Tlb-Load-Accesses:    9389738537  100.00%

Tlb-Store-Hits:        4905139585   99.94%
Tlb-Store-Misses:         3034928    0.06%
Tlb-Store-Accesses:    4908174513  100.00%

Tlb-Total-Hits:       14282171010   99.89%
Tlb-Total-Misses:        15742040    0.11%
Tlb-Total-Accesses:   14297913050  100.00%



--------
Two level Cache hierarchy
--------
  L1-Data Cache:
    Size(KB):          32
    Block Size(B):     64
    Associativity:      8

  L2-Data Cache:
    Size(KB):        1024
    Block Size(B):    128
    Associativity:      8

Latencies:    1   15  250
L1-Sets:   64 - LRU - assoc:   8
L2-Sets: 1024 - LRU - assoc:   8
Store_allocation: Yes
L2_inclusive: Yes
L2_prefetching: No

L1 Cache Stats:
L1-Load-Hits:        9339635256   99.47%
L1-Load-Misses:        50103281    0.53%
L1-Load-Accesses:    9389738537  100.00%

L1-Store-Hits:        4897956200   99.79%
L1-Store-Misses:        10218313    0.21%
L1-Store-Accesses:    4908174513  100.00%

L1-Total-Hits:       14237591456   99.58%
L1-Total-Misses:        60321594    0.42%
L1-Total-Accesses:   14297913050  100.00%

L2 Cache Stats:
L2-Load-Hits:          43983909   87.79%
L2-Load-Misses:         6119372   12.21%
L2-Load-Accesses:      50103281  100.00%

L2-Store-Hits:           7950034   77.80%
L2-Store-Misses:         2268279   22.20%
L2-Store-Accesses:      10218313  100.00%

L2-Total-Hits:          51933943   86.10%
L2-Total-Misses:         8387651   13.90%
L2-Total-Accesses:      60321594  100.00%

