--------
Total Statistics
--------
Total Instructions: 31246956939
Total Cycles: 50049688282
IPC: 0.624319

--------
Single level Tlb hierarchy
--------
  Data Tlb:
    Entries:          64
    Page Size(B):   4096
    Associativity:     16

Latencies:    0  100
Tlb-Sets:    4 - LRU - assoc:  16

Tlb Stats:
Tlb-Load-Hits:        9378154477   99.88%
Tlb-Load-Misses:        11584068    0.12%
Tlb-Load-Accesses:    9389738545  100.00%

Tlb-Store-Hits:        4904733255   99.93%
Tlb-Store-Misses:         3441258    0.07%
Tlb-Store-Accesses:    4908174513  100.00%

Tlb-Total-Hits:       14282887732   99.89%
Tlb-Total-Misses:        15025326    0.11%
Tlb-Total-Accesses:   14297913058  100.00%



--------
Two level Cache hierarchy
--------
  L1-Data Cache:
    Size(KB):          32
    Block Size(B):     64
    Associativity:      8

  L2-Data Cache:
    Size(KB):        1024
    Block Size(B):    128
    Associativity:      8

Latencies:    1   15  250
L1-Sets:   64 - LRU - assoc:   8
L2-Sets: 1024 - LRU - assoc:   8
Store_allocation: Yes
L2_inclusive: Yes
L2_prefetching: No

L1 Cache Stats:
L1-Load-Hits:        9339574239   99.47%
L1-Load-Misses:        50164306    0.53%
L1-Load-Accesses:    9389738545  100.00%

L1-Store-Hits:        4897943090   99.79%
L1-Store-Misses:        10231423    0.21%
L1-Store-Accesses:    4908174513  100.00%

L1-Total-Hits:       14237517329   99.58%
L1-Total-Misses:        60395729    0.42%
L1-Total-Accesses:   14297913058  100.00%

L2 Cache Stats:
L2-Load-Hits:          44047221   87.81%
L2-Load-Misses:         6117085   12.19%
L2-Load-Accesses:      50164306  100.00%

L2-Store-Hits:           7963109   77.83%
L2-Store-Misses:         2268314   22.17%
L2-Store-Accesses:      10231423  100.00%

L2-Total-Hits:          52010330   86.12%
L2-Total-Misses:         8385399   13.88%
L2-Total-Accesses:      60395729  100.00%

