--------
Total Statistics
--------
Total Instructions: 31246956914
Total Cycles: 50060490529
IPC: 0.624184

--------
Single level Tlb hierarchy
--------
  Data Tlb:
    Entries:          64
    Page Size(B):   4096
    Associativity:      8

Latencies:    0  100
Tlb-Sets:    8 - LRU - assoc:   8

Tlb Stats:
Tlb-Load-Hits:        9378097831   99.88%
Tlb-Load-Misses:        11640706    0.12%
Tlb-Load-Accesses:    9389738537  100.00%

Tlb-Store-Hits:        4904672439   99.93%
Tlb-Store-Misses:         3502074    0.07%
Tlb-Store-Accesses:    4908174513  100.00%

Tlb-Total-Hits:       14282770270   99.89%
Tlb-Total-Misses:        15142780    0.11%
Tlb-Total-Accesses:   14297913050  100.00%



--------
Two level Cache hierarchy
--------
  L1-Data Cache:
    Size(KB):          32
    Block Size(B):     64
    Associativity:      8

  L2-Data Cache:
    Size(KB):        1024
    Block Size(B):    128
    Associativity:      8

Latencies:    1   15  250
L1-Sets:   64 - LRU - assoc:   8
L2-Sets: 1024 - LRU - assoc:   8
Store_allocation: Yes
L2_inclusive: Yes
L2_prefetching: No

L1 Cache Stats:
L1-Load-Hits:        9339606712   99.47%
L1-Load-Misses:        50131825    0.53%
L1-Load-Accesses:    9389738537  100.00%

L1-Store-Hits:        4897953667   99.79%
L1-Store-Misses:        10220846    0.21%
L1-Store-Accesses:    4908174513  100.00%

L1-Total-Hits:       14237560379   99.58%
L1-Total-Misses:        60352671    0.42%
L1-Total-Accesses:   14297913050  100.00%

L2 Cache Stats:
L2-Load-Hits:          44015097   87.80%
L2-Load-Misses:         6116728   12.20%
L2-Load-Accesses:      50131825  100.00%

L2-Store-Hits:           7953364   77.82%
L2-Store-Misses:         2267482   22.18%
L2-Store-Accesses:      10220846  100.00%

L2-Total-Hits:          51968461   86.11%
L2-Total-Misses:         8384210   13.89%
L2-Total-Accesses:      60352671  100.00%

