--------
Total Statistics
--------
Total Instructions: 31246956914
Total Cycles: 50578478849
IPC: 0.617792

--------
Single level Tlb hierarchy
--------
  Data Tlb:
    Entries:          64
    Page Size(B):   4096
    Associativity:      4

Latencies:    0  100
Tlb-Sets:   16 - LRU - assoc:   4

Tlb Stats:
Tlb-Load-Hits:        9373974094   99.83%
Tlb-Load-Misses:        15764443    0.17%
Tlb-Load-Accesses:    9389738537  100.00%

Tlb-Store-Hits:        4903618691   99.91%
Tlb-Store-Misses:         4555822    0.09%
Tlb-Store-Accesses:    4908174513  100.00%

Tlb-Total-Hits:       14277592785   99.86%
Tlb-Total-Misses:        20320265    0.14%
Tlb-Total-Accesses:   14297913050  100.00%



--------
Two level Cache hierarchy
--------
  L1-Data Cache:
    Size(KB):          32
    Block Size(B):     64
    Associativity:      8

  L2-Data Cache:
    Size(KB):        1024
    Block Size(B):    128
    Associativity:      8

Latencies:    1   15  250
L1-Sets:   64 - LRU - assoc:   8
L2-Sets: 1024 - LRU - assoc:   8
Store_allocation: Yes
L2_inclusive: Yes
L2_prefetching: No

L1 Cache Stats:
L1-Load-Hits:        9339642701   99.47%
L1-Load-Misses:        50095836    0.53%
L1-Load-Accesses:    9389738537  100.00%

L1-Store-Hits:        4897949290   99.79%
L1-Store-Misses:        10225223    0.21%
L1-Store-Accesses:    4908174513  100.00%

L1-Total-Hits:       14237591991   99.58%
L1-Total-Misses:        60321059    0.42%
L1-Total-Accesses:   14297913050  100.00%

L2 Cache Stats:
L2-Load-Hits:          43977484   87.79%
L2-Load-Misses:         6118352   12.21%
L2-Load-Accesses:      50095836  100.00%

L2-Store-Hits:           7956509   77.81%
L2-Store-Misses:         2268714   22.19%
L2-Store-Accesses:      10225223  100.00%

L2-Total-Hits:          51933993   86.10%
L2-Total-Misses:         8387066   13.90%
L2-Total-Accesses:      60321059  100.00%

