--------
Total Statistics
--------
Total Instructions: 31246956914
Total Cycles: 49204858584
IPC: 0.635038

--------
Single level Tlb hierarchy
--------
  Data Tlb:
    Entries:         256
    Page Size(B):   4096
    Associativity:      4

Latencies:    0  100
Tlb-Sets:   64 - LRU - assoc:   4

Tlb Stats:
Tlb-Load-Hits:        9385582137   99.96%
Tlb-Load-Misses:         4156400    0.04%
Tlb-Load-Accesses:    9389738537  100.00%

Tlb-Store-Hits:        4905746155   99.95%
Tlb-Store-Misses:         2428358    0.05%
Tlb-Store-Accesses:    4908174513  100.00%

Tlb-Total-Hits:       14291328292   99.95%
Tlb-Total-Misses:         6584758    0.05%
Tlb-Total-Accesses:   14297913050  100.00%



--------
Two level Cache hierarchy
--------
  L1-Data Cache:
    Size(KB):          32
    Block Size(B):     64
    Associativity:      8

  L2-Data Cache:
    Size(KB):        1024
    Block Size(B):    128
    Associativity:      8

Latencies:    1   15  250
L1-Sets:   64 - LRU - assoc:   8
L2-Sets: 1024 - LRU - assoc:   8
Store_allocation: Yes
L2_inclusive: Yes
L2_prefetching: No

L1 Cache Stats:
L1-Load-Hits:        9339672890   99.47%
L1-Load-Misses:        50065647    0.53%
L1-Load-Accesses:    9389738537  100.00%

L1-Store-Hits:        4897966822   99.79%
L1-Store-Misses:        10207691    0.21%
L1-Store-Accesses:    4908174513  100.00%

L1-Total-Hits:       14237639712   99.58%
L1-Total-Misses:        60273338    0.42%
L1-Total-Accesses:   14297913050  100.00%

L2 Cache Stats:
L2-Load-Hits:          43946001   87.78%
L2-Load-Misses:         6119646   12.22%
L2-Load-Accesses:      50065647  100.00%

L2-Store-Hits:           7937686   77.76%
L2-Store-Misses:         2270005   22.24%
L2-Store-Accesses:      10207691  100.00%

L2-Total-Hits:          51883687   86.08%
L2-Total-Misses:         8389651   13.92%
L2-Total-Accesses:      60273338  100.00%

