--------
Total Statistics
--------
Total Instructions: 31246956939
Total Cycles: 156980863937
IPC: 0.199049

--------
Single level Tlb hierarchy
--------
  Data Tlb:
    Entries:          64
    Page Size(B):   4096
    Associativity:      1

Latencies:    0  100
Tlb-Sets:   64 - LRU - assoc:   1

Tlb Stats:
Tlb-Load-Hits:        8482380320   90.34%
Tlb-Load-Misses:       907358225    9.66%
Tlb-Load-Accesses:    9389738545  100.00%

Tlb-Store-Hits:        4731198293   96.39%
Tlb-Store-Misses:       176976220    3.61%
Tlb-Store-Accesses:    4908174513  100.00%

Tlb-Total-Hits:       13213578613   92.42%
Tlb-Total-Misses:      1084334445    7.58%
Tlb-Total-Accesses:   14297913058  100.00%



--------
Two level Cache hierarchy
--------
  L1-Data Cache:
    Size(KB):          32
    Block Size(B):     64
    Associativity:      8

  L2-Data Cache:
    Size(KB):        1024
    Block Size(B):    128
    Associativity:      8

Latencies:    1   15  250
L1-Sets:   64 - LRU - assoc:   8
L2-Sets: 1024 - LRU - assoc:   8
Store_allocation: Yes
L2_inclusive: Yes
L2_prefetching: No

L1 Cache Stats:
L1-Load-Hits:        9339654791   99.47%
L1-Load-Misses:        50083754    0.53%
L1-Load-Accesses:    9389738545  100.00%

L1-Store-Hits:        4897970921   99.79%
L1-Store-Misses:        10203592    0.21%
L1-Store-Accesses:    4908174513  100.00%

L1-Total-Hits:       14237625712   99.58%
L1-Total-Misses:        60287346    0.42%
L1-Total-Accesses:   14297913058  100.00%

L2 Cache Stats:
L2-Load-Hits:          43961621   87.78%
L2-Load-Misses:         6122133   12.22%
L2-Load-Accesses:      50083754  100.00%

L2-Store-Hits:           7932768   77.74%
L2-Store-Misses:         2270824   22.26%
L2-Store-Accesses:      10203592  100.00%

L2-Total-Hits:          51894389   86.08%
L2-Total-Misses:         8392957   13.92%
L2-Total-Accesses:      60287346  100.00%

