--------
Total Statistics
--------
Total Instructions: 31246956914
Total Cycles: 50045635924
IPC: 0.624369

--------
Single level Tlb hierarchy
--------
  Data Tlb:
    Entries:          64
    Page Size(B):   4096
    Associativity:     64

Latencies:    0  100
Tlb-Sets:    1 - LRU - assoc:  64

Tlb Stats:
Tlb-Load-Hits:        9378135264   99.88%
Tlb-Load-Misses:        11603273    0.12%
Tlb-Load-Accesses:    9389738537  100.00%

Tlb-Store-Hits:        4904779333   99.93%
Tlb-Store-Misses:         3395180    0.07%
Tlb-Store-Accesses:    4908174513  100.00%

Tlb-Total-Hits:       14282914597   99.90%
Tlb-Total-Misses:        14998453    0.10%
Tlb-Total-Accesses:   14297913050  100.00%



--------
Two level Cache hierarchy
--------
  L1-Data Cache:
    Size(KB):          32
    Block Size(B):     64
    Associativity:      8

  L2-Data Cache:
    Size(KB):        1024
    Block Size(B):    128
    Associativity:      8

Latencies:    1   15  250
L1-Sets:   64 - LRU - assoc:   8
L2-Sets: 1024 - LRU - assoc:   8
Store_allocation: Yes
L2_inclusive: Yes
L2_prefetching: No

L1 Cache Stats:
L1-Load-Hits:        9339630825   99.47%
L1-Load-Misses:        50107712    0.53%
L1-Load-Accesses:    9389738537  100.00%

L1-Store-Hits:        4897963131   99.79%
L1-Store-Misses:        10211382    0.21%
L1-Store-Accesses:    4908174513  100.00%

L1-Total-Hits:       14237593956   99.58%
L1-Total-Misses:        60319094    0.42%
L1-Total-Accesses:   14297913050  100.00%

L2 Cache Stats:
L2-Load-Hits:          43990871   87.79%
L2-Load-Misses:         6116841   12.21%
L2-Load-Accesses:      50107712  100.00%

L2-Store-Hits:           7943686   77.79%
L2-Store-Misses:         2267696   22.21%
L2-Store-Accesses:      10211382  100.00%

L2-Total-Hits:          51934557   86.10%
L2-Total-Misses:         8384537   13.90%
L2-Total-Accesses:      60319094  100.00%

