--------
Total Statistics
--------
Total Instructions: 6899721503
Total Cycles: 9746396408
IPC: 0.707925

--------
Single level Tlb hierarchy
--------
  Data Tlb:
    Entries:         256
    Page Size(B):   4096
    Associativity:      4

Latencies:    0  100
Tlb-Sets:   64 - LRU - assoc:   4

Tlb Stats:
Tlb-Load-Hits:        1840395572   99.99%
Tlb-Load-Misses:          182881    0.01%
Tlb-Load-Accesses:    1840578453  100.00%

Tlb-Store-Hits:         682083283  100.00%
Tlb-Store-Misses:           10179    0.00%
Tlb-Store-Accesses:     682093462  100.00%

Tlb-Total-Hits:        2522478855   99.99%
Tlb-Total-Misses:          193060    0.01%
Tlb-Total-Accesses:    2522671915  100.00%



--------
Two level Cache hierarchy
--------
  L1-Data Cache:
    Size(KB):          32
    Block Size(B):     64
    Associativity:      8

  L2-Data Cache:
    Size(KB):        1024
    Block Size(B):    128
    Associativity:      8

Latencies:    1   15  250
L1-Sets:   64 - LRU - assoc:   8
L2-Sets: 1024 - LRU - assoc:   8
Store_allocation: Yes
L2_inclusive: Yes
L2_prefetching: No

L1 Cache Stats:
L1-Load-Hits:        1837008910   99.81%
L1-Load-Misses:         3569543    0.19%
L1-Load-Accesses:    1840578453  100.00%

L1-Store-Hits:         681458639   99.91%
L1-Store-Misses:          634823    0.09%
L1-Store-Accesses:     682093462  100.00%

L1-Total-Hits:        2518467549   99.83%
L1-Total-Misses:         4204366    0.17%
L1-Total-Accesses:    2522671915  100.00%

L2 Cache Stats:
L2-Load-Hits:           2798181   78.39%
L2-Load-Misses:          771362   21.61%
L2-Load-Accesses:       3569543  100.00%

L2-Store-Hits:            439659   69.26%
L2-Store-Misses:          195164   30.74%
L2-Store-Accesses:        634823  100.00%

L2-Total-Hits:           3237840   77.01%
L2-Total-Misses:          966526   22.99%
L2-Total-Accesses:       4204366  100.00%

