--------
Total Statistics
--------
Total Instructions: 6899721478
Total Cycles: 9887677605
IPC: 0.69781

--------
Single level Tlb hierarchy
--------
  Data Tlb:
    Entries:          32
    Page Size(B):   4096
    Associativity:      4

Latencies:    0  100
Tlb-Sets:    8 - LRU - assoc:   4

Tlb Stats:
Tlb-Load-Hits:        1839148834   99.92%
Tlb-Load-Misses:         1429611    0.08%
Tlb-Load-Accesses:    1840578445  100.00%

Tlb-Store-Hits:         681910547   99.97%
Tlb-Store-Misses:          182915    0.03%
Tlb-Store-Accesses:     682093462  100.00%

Tlb-Total-Hits:        2521059381   99.94%
Tlb-Total-Misses:         1612526    0.06%
Tlb-Total-Accesses:    2522671907  100.00%



--------
Two level Cache hierarchy
--------
  L1-Data Cache:
    Size(KB):          32
    Block Size(B):     64
    Associativity:      8

  L2-Data Cache:
    Size(KB):        1024
    Block Size(B):    128
    Associativity:      8

Latencies:    1   15  250
L1-Sets:   64 - LRU - assoc:   8
L2-Sets: 1024 - LRU - assoc:   8
Store_allocation: Yes
L2_inclusive: Yes
L2_prefetching: No

L1 Cache Stats:
L1-Load-Hits:        1837032737   99.81%
L1-Load-Misses:         3545708    0.19%
L1-Load-Accesses:    1840578445  100.00%

L1-Store-Hits:         681465012   99.91%
L1-Store-Misses:          628450    0.09%
L1-Store-Accesses:     682093462  100.00%

L1-Total-Hits:        2518497749   99.83%
L1-Total-Misses:         4174158    0.17%
L1-Total-Accesses:    2522671907  100.00%

L2 Cache Stats:
L2-Load-Hits:           2775141   78.27%
L2-Load-Misses:          770567   21.73%
L2-Load-Accesses:       3545708  100.00%

L2-Store-Hits:            433340   68.95%
L2-Store-Misses:          195110   31.05%
L2-Store-Accesses:        628450  100.00%

L2-Total-Hits:           3208481   76.87%
L2-Total-Misses:          965677   23.13%
L2-Total-Accesses:       4174158  100.00%

