--------
Total Statistics
--------
Total Instructions: 6899721478
Total Cycles: 10407250060
IPC: 0.662973

--------
Single level Tlb hierarchy
--------
  Data Tlb:
    Entries:           8
    Page Size(B):   4096
    Associativity:      4

Latencies:    0  100
Tlb-Sets:    2 - LRU - assoc:   4

Tlb Stats:
Tlb-Load-Hits:        1834726998   99.68%
Tlb-Load-Misses:         5851447    0.32%
Tlb-Load-Accesses:    1840578445  100.00%

Tlb-Store-Hits:         681140654   99.86%
Tlb-Store-Misses:          952808    0.14%
Tlb-Store-Accesses:     682093462  100.00%

Tlb-Total-Hits:        2515867652   99.73%
Tlb-Total-Misses:         6804255    0.27%
Tlb-Total-Accesses:    2522671907  100.00%



--------
Two level Cache hierarchy
--------
  L1-Data Cache:
    Size(KB):          32
    Block Size(B):     64
    Associativity:      8

  L2-Data Cache:
    Size(KB):        1024
    Block Size(B):    128
    Associativity:      8

Latencies:    1   15  250
L1-Sets:   64 - LRU - assoc:   8
L2-Sets: 1024 - LRU - assoc:   8
Store_allocation: Yes
L2_inclusive: Yes
L2_prefetching: No

L1 Cache Stats:
L1-Load-Hits:        1837038119   99.81%
L1-Load-Misses:         3540326    0.19%
L1-Load-Accesses:    1840578445  100.00%

L1-Store-Hits:         681464093   99.91%
L1-Store-Misses:          629369    0.09%
L1-Store-Accesses:     682093462  100.00%

L1-Total-Hits:        2518502212   99.83%
L1-Total-Misses:         4169695    0.17%
L1-Total-Accesses:    2522671907  100.00%

L2 Cache Stats:
L2-Load-Hits:           2767980   78.18%
L2-Load-Misses:          772346   21.82%
L2-Load-Accesses:       3540326  100.00%

L2-Store-Hits:            434172   68.99%
L2-Store-Misses:          195197   31.01%
L2-Store-Accesses:        629369  100.00%

L2-Total-Hits:           3202152   76.80%
L2-Total-Misses:          967543   23.20%
L2-Total-Accesses:       4169695  100.00%

