--------
Total Statistics
--------
Total Instructions: 6899721478
Total Cycles: 9784719300
IPC: 0.705153

--------
Single level Tlb hierarchy
--------
  Data Tlb:
    Entries:          64
    Page Size(B):   4096
    Associativity:      4

Latencies:    0  100
Tlb-Sets:   16 - LRU - assoc:   4

Tlb Stats:
Tlb-Load-Hits:        1840044335   99.97%
Tlb-Load-Misses:          534110    0.03%
Tlb-Load-Accesses:    1840578445  100.00%

Tlb-Store-Hits:         682042567   99.99%
Tlb-Store-Misses:           50895    0.01%
Tlb-Store-Accesses:     682093462  100.00%

Tlb-Total-Hits:        2522086902   99.98%
Tlb-Total-Misses:          585005    0.02%
Tlb-Total-Accesses:    2522671907  100.00%



--------
Two level Cache hierarchy
--------
  L1-Data Cache:
    Size(KB):          32
    Block Size(B):     64
    Associativity:      8

  L2-Data Cache:
    Size(KB):        1024
    Block Size(B):    128
    Associativity:      8

Latencies:    1   15  250
L1-Sets:   64 - LRU - assoc:   8
L2-Sets: 1024 - LRU - assoc:   8
Store_allocation: Yes
L2_inclusive: Yes
L2_prefetching: No

L1 Cache Stats:
L1-Load-Hits:        1837042400   99.81%
L1-Load-Misses:         3536045    0.19%
L1-Load-Accesses:    1840578445  100.00%

L1-Store-Hits:         681466846   99.91%
L1-Store-Misses:          626616    0.09%
L1-Store-Accesses:     682093462  100.00%

L1-Total-Hits:        2518509246   99.83%
L1-Total-Misses:         4162661    0.17%
L1-Total-Accesses:    2522671907  100.00%

L2 Cache Stats:
L2-Load-Hits:           2765675   78.21%
L2-Load-Misses:          770370   21.79%
L2-Load-Accesses:       3536045  100.00%

L2-Store-Hits:            431444   68.85%
L2-Store-Misses:          195172   31.15%
L2-Store-Accesses:        626616  100.00%

L2-Total-Hits:           3197119   76.80%
L2-Total-Misses:          965542   23.20%
L2-Total-Accesses:       4162661  100.00%

