--------
Total Statistics
--------
Total Instructions: 6899721478
Total Cycles: 10042481735
IPC: 0.687053

--------
Single level Tlb hierarchy
--------
  Data Tlb:
    Entries:          64
    Page Size(B):   4096
    Associativity:      1

Latencies:    0  100
Tlb-Sets:   64 - LRU - assoc:   1

Tlb Stats:
Tlb-Load-Hits:        1837773083   99.85%
Tlb-Load-Misses:         2805362    0.15%
Tlb-Load-Accesses:    1840578445  100.00%

Tlb-Store-Hits:         681743401   99.95%
Tlb-Store-Misses:          350061    0.05%
Tlb-Store-Accesses:     682093462  100.00%

Tlb-Total-Hits:        2519516484   99.87%
Tlb-Total-Misses:         3155423    0.13%
Tlb-Total-Accesses:    2522671907  100.00%



--------
Two level Cache hierarchy
--------
  L1-Data Cache:
    Size(KB):          32
    Block Size(B):     64
    Associativity:      8

  L2-Data Cache:
    Size(KB):        1024
    Block Size(B):    128
    Associativity:      8

Latencies:    1   15  250
L1-Sets:   64 - LRU - assoc:   8
L2-Sets: 1024 - LRU - assoc:   8
Store_allocation: Yes
L2_inclusive: Yes
L2_prefetching: No

L1 Cache Stats:
L1-Load-Hits:        1837011167   99.81%
L1-Load-Misses:         3567278    0.19%
L1-Load-Accesses:    1840578445  100.00%

L1-Store-Hits:         681484570   99.91%
L1-Store-Misses:          608892    0.09%
L1-Store-Accesses:     682093462  100.00%

L1-Total-Hits:        2518495737   99.83%
L1-Total-Misses:         4176170    0.17%
L1-Total-Accesses:    2522671907  100.00%

L2 Cache Stats:
L2-Load-Hits:           2794754   78.34%
L2-Load-Misses:          772524   21.66%
L2-Load-Accesses:       3567278  100.00%

L2-Store-Hits:            413802   67.96%
L2-Store-Misses:          195090   32.04%
L2-Store-Accesses:        608892  100.00%

L2-Total-Hits:           3208556   76.83%
L2-Total-Misses:          967614   23.17%
L2-Total-Accesses:       4176170  100.00%

