--------
Total Statistics
--------
Total Instructions: 6899721503
Total Cycles: 9774768138
IPC: 0.705871

--------
Single level Tlb hierarchy
--------
  Data Tlb:
    Entries:          64
    Page Size(B):   4096
    Associativity:     64

Latencies:    0  100
Tlb-Sets:    1 - LRU - assoc:  64

Tlb Stats:
Tlb-Load-Hits:        1840141918   99.98%
Tlb-Load-Misses:          436535    0.02%
Tlb-Load-Accesses:    1840578453  100.00%

Tlb-Store-Hits:         682047060   99.99%
Tlb-Store-Misses:           46402    0.01%
Tlb-Store-Accesses:     682093462  100.00%

Tlb-Total-Hits:        2522188978   99.98%
Tlb-Total-Misses:          482937    0.02%
Tlb-Total-Accesses:    2522671915  100.00%



--------
Two level Cache hierarchy
--------
  L1-Data Cache:
    Size(KB):          32
    Block Size(B):     64
    Associativity:      8

  L2-Data Cache:
    Size(KB):        1024
    Block Size(B):    128
    Associativity:      8

Latencies:    1   15  250
L1-Sets:   64 - LRU - assoc:   8
L2-Sets: 1024 - LRU - assoc:   8
Store_allocation: Yes
L2_inclusive: Yes
L2_prefetching: No

L1 Cache Stats:
L1-Load-Hits:        1837039862   99.81%
L1-Load-Misses:         3538591    0.19%
L1-Load-Accesses:    1840578453  100.00%

L1-Store-Hits:         681464235   99.91%
L1-Store-Misses:          629227    0.09%
L1-Store-Accesses:     682093462  100.00%

L1-Total-Hits:        2518504097   99.83%
L1-Total-Misses:         4167818    0.17%
L1-Total-Accesses:    2522671915  100.00%

L2 Cache Stats:
L2-Load-Hits:           2767452   78.21%
L2-Load-Misses:          771139   21.79%
L2-Load-Accesses:       3538591  100.00%

L2-Store-Hits:            434111   68.99%
L2-Store-Misses:          195116   31.01%
L2-Store-Accesses:        629227  100.00%

L2-Total-Hits:           3201563   76.82%
L2-Total-Misses:          966255   23.18%
L2-Total-Accesses:       4167818  100.00%

