--------
Total Statistics
--------
Total Instructions: 6899721503
Total Cycles: 9804018948
IPC: 0.703765

--------
Single level Tlb hierarchy
--------
  Data Tlb:
    Entries:          64
    Page Size(B):   4096
    Associativity:      2

Latencies:    0  100
Tlb-Sets:   32 - LRU - assoc:   2

Tlb Stats:
Tlb-Load-Hits:        1839864084   99.96%
Tlb-Load-Misses:          714369    0.04%
Tlb-Load-Accesses:    1840578453  100.00%

Tlb-Store-Hits:         682030715   99.99%
Tlb-Store-Misses:           62747    0.01%
Tlb-Store-Accesses:     682093462  100.00%

Tlb-Total-Hits:        2521894799   99.97%
Tlb-Total-Misses:          777116    0.03%
Tlb-Total-Accesses:    2522671915  100.00%



--------
Two level Cache hierarchy
--------
  L1-Data Cache:
    Size(KB):          32
    Block Size(B):     64
    Associativity:      8

  L2-Data Cache:
    Size(KB):        1024
    Block Size(B):    128
    Associativity:      8

Latencies:    1   15  250
L1-Sets:   64 - LRU - assoc:   8
L2-Sets: 1024 - LRU - assoc:   8
Store_allocation: Yes
L2_inclusive: Yes
L2_prefetching: No

L1 Cache Stats:
L1-Load-Hits:        1837039657   99.81%
L1-Load-Misses:         3538796    0.19%
L1-Load-Accesses:    1840578453  100.00%

L1-Store-Hits:         681483396   99.91%
L1-Store-Misses:          610066    0.09%
L1-Store-Accesses:     682093462  100.00%

L1-Total-Hits:        2518523053   99.84%
L1-Total-Misses:         4148862    0.16%
L1-Total-Accesses:    2522671915  100.00%

L2 Cache Stats:
L2-Load-Hits:           2767211   78.20%
L2-Load-Misses:          771585   21.80%
L2-Load-Accesses:       3538796  100.00%

L2-Store-Hits:            414927   68.01%
L2-Store-Misses:          195139   31.99%
L2-Store-Accesses:        610066  100.00%

L2-Total-Hits:           3182138   76.70%
L2-Total-Misses:          966724   23.30%
L2-Total-Accesses:       4148862  100.00%

