--------
Total Statistics
--------
Total Instructions: 19326205275
Total Cycles: 76863407451
IPC: 0.251436

--------
Single level Tlb hierarchy
--------
  Data Tlb:
    Entries:          64
    Page Size(B):   4096
    Associativity:     64

Latencies:    0  100
Tlb-Sets:    1 - LRU - assoc:  64

Tlb Stats:
Tlb-Load-Hits:        8634835551   99.62%
Tlb-Load-Misses:        33138494    0.38%
Tlb-Load-Accesses:    8667974045  100.00%

Tlb-Store-Hits:         299268737   99.97%
Tlb-Store-Misses:           99759    0.03%
Tlb-Store-Accesses:     299368496  100.00%

Tlb-Total-Hits:        8934104288   99.63%
Tlb-Total-Misses:        33238253    0.37%
Tlb-Total-Accesses:    8967342541  100.00%



--------
Two level Cache hierarchy
--------
  L1-Data Cache:
    Size(KB):          32
    Block Size(B):     64
    Associativity:      8

  L2-Data Cache:
    Size(KB):        1024
    Block Size(B):    128
    Associativity:      8

Latencies:    1   15  250
L1-Sets:   64 - LRU - assoc:   8
L2-Sets: 1024 - LRU - assoc:   8
Store_allocation: Yes
L2_inclusive: Yes
L2_prefetching: No

L1 Cache Stats:
L1-Load-Hits:        8212385393   94.74%
L1-Load-Misses:       455588652    5.26%
L1-Load-Accesses:    8667974045  100.00%

L1-Store-Hits:         297377109   99.33%
L1-Store-Misses:         1991387    0.67%
L1-Store-Accesses:     299368496  100.00%

L1-Total-Hits:        8509762502   94.90%
L1-Total-Misses:       457580039    5.10%
L1-Total-Accesses:    8967342541  100.00%

L2 Cache Stats:
L2-Load-Hits:         302548901   66.41%
L2-Load-Misses:       153039751   33.59%
L2-Load-Accesses:     455588652  100.00%

L2-Store-Hits:           1501803   75.41%
L2-Store-Misses:          489584   24.59%
L2-Store-Accesses:       1991387  100.00%

L2-Total-Hits:         304050704   66.45%
L2-Total-Misses:       153529335   33.55%
L2-Total-Accesses:     457580039  100.00%

