--------
Total Statistics
--------
Total Instructions: 19326205250
Total Cycles: 76948396368
IPC: 0.251158

--------
Single level Tlb hierarchy
--------
  Data Tlb:
    Entries:          64
    Page Size(B):   4096
    Associativity:      4

Latencies:    0  100
Tlb-Sets:   16 - LRU - assoc:   4

Tlb Stats:
Tlb-Load-Hits:        8634543697   99.61%
Tlb-Load-Misses:        33430340    0.39%
Tlb-Load-Accesses:    8667974037  100.00%

Tlb-Store-Hits:         299198764   99.94%
Tlb-Store-Misses:          169732    0.06%
Tlb-Store-Accesses:     299368496  100.00%

Tlb-Total-Hits:        8933742461   99.63%
Tlb-Total-Misses:        33600072    0.37%
Tlb-Total-Accesses:    8967342533  100.00%



--------
Two level Cache hierarchy
--------
  L1-Data Cache:
    Size(KB):          32
    Block Size(B):     64
    Associativity:      8

  L2-Data Cache:
    Size(KB):        1024
    Block Size(B):    128
    Associativity:      8

Latencies:    1   15  250
L1-Sets:   64 - LRU - assoc:   8
L2-Sets: 1024 - LRU - assoc:   8
Store_allocation: Yes
L2_inclusive: Yes
L2_prefetching: No

L1 Cache Stats:
L1-Load-Hits:        8208549539   94.70%
L1-Load-Misses:       459424498    5.30%
L1-Load-Accesses:    8667974037  100.00%

L1-Store-Hits:         297394135   99.34%
L1-Store-Misses:         1974361    0.66%
L1-Store-Accesses:     299368496  100.00%

L1-Total-Hits:        8505943674   94.85%
L1-Total-Misses:       461398859    5.15%
L1-Total-Accesses:    8967342533  100.00%

L2 Cache Stats:
L2-Load-Hits:         306399578   66.69%
L2-Load-Misses:       153024920   33.31%
L2-Load-Accesses:     459424498  100.00%

L2-Store-Hits:           1503847   76.17%
L2-Store-Misses:          470514   23.83%
L2-Store-Accesses:       1974361  100.00%

L2-Total-Hits:         307903425   66.73%
L2-Total-Misses:       153495434   33.27%
L2-Total-Accesses:     461398859  100.00%

