--------
Total Statistics
--------
Total Instructions: 19326205250
Total Cycles: 76861039438
IPC: 0.251443

--------
Single level Tlb hierarchy
--------
  Data Tlb:
    Entries:          64
    Page Size(B):   4096
    Associativity:     32

Latencies:    0  100
Tlb-Sets:    2 - LRU - assoc:  32

Tlb Stats:
Tlb-Load-Hits:        8634793680   99.62%
Tlb-Load-Misses:        33180357    0.38%
Tlb-Load-Accesses:    8667974037  100.00%

Tlb-Store-Hits:         299266681   99.97%
Tlb-Store-Misses:          101815    0.03%
Tlb-Store-Accesses:     299368496  100.00%

Tlb-Total-Hits:        8934060361   99.63%
Tlb-Total-Misses:        33282172    0.37%
Tlb-Total-Accesses:    8967342533  100.00%



--------
Two level Cache hierarchy
--------
  L1-Data Cache:
    Size(KB):          32
    Block Size(B):     64
    Associativity:      8

  L2-Data Cache:
    Size(KB):        1024
    Block Size(B):    128
    Associativity:      8

Latencies:    1   15  250
L1-Sets:   64 - LRU - assoc:   8
L2-Sets: 1024 - LRU - assoc:   8
Store_allocation: Yes
L2_inclusive: Yes
L2_prefetching: No

L1 Cache Stats:
L1-Load-Hits:        8212380197   94.74%
L1-Load-Misses:       455593840    5.26%
L1-Load-Accesses:    8667974037  100.00%

L1-Store-Hits:         297398639   99.34%
L1-Store-Misses:         1969857    0.66%
L1-Store-Accesses:     299368496  100.00%

L1-Total-Hits:        8509778836   94.90%
L1-Total-Misses:       457563697    5.10%
L1-Total-Accesses:    8967342533  100.00%

L2 Cache Stats:
L2-Load-Hits:         302556303   66.41%
L2-Load-Misses:       153037537   33.59%
L2-Load-Accesses:     455593840  100.00%

L2-Store-Hits:           1504118   76.36%
L2-Store-Misses:          465739   23.64%
L2-Store-Accesses:       1969857  100.00%

L2-Total-Hits:         304060421   66.45%
L2-Total-Misses:       153503276   33.55%
L2-Total-Accesses:     457563697  100.00%

