--------
Total Statistics
--------
Total Instructions: 19326205275
Total Cycles: 76597919546
IPC: 0.252307

--------
Single level Tlb hierarchy
--------
  Data Tlb:
    Entries:         256
    Page Size(B):   4096
    Associativity:      4

Latencies:    0  100
Tlb-Sets:   64 - LRU - assoc:   4

Tlb Stats:
Tlb-Load-Hits:        8637901125   99.65%
Tlb-Load-Misses:        30072920    0.35%
Tlb-Load-Accesses:    8667974045  100.00%

Tlb-Store-Hits:         299340474   99.99%
Tlb-Store-Misses:           28022    0.01%
Tlb-Store-Accesses:     299368496  100.00%

Tlb-Total-Hits:        8937241599   99.66%
Tlb-Total-Misses:        30100942    0.34%
Tlb-Total-Accesses:    8967342541  100.00%



--------
Two level Cache hierarchy
--------
  L1-Data Cache:
    Size(KB):          32
    Block Size(B):     64
    Associativity:      8

  L2-Data Cache:
    Size(KB):        1024
    Block Size(B):    128
    Associativity:      8

Latencies:    1   15  250
L1-Sets:   64 - LRU - assoc:   8
L2-Sets: 1024 - LRU - assoc:   8
Store_allocation: Yes
L2_inclusive: Yes
L2_prefetching: No

L1 Cache Stats:
L1-Load-Hits:        8208505069   94.70%
L1-Load-Misses:       459468976    5.30%
L1-Load-Accesses:    8667974045  100.00%

L1-Store-Hits:         297400320   99.34%
L1-Store-Misses:         1968176    0.66%
L1-Store-Accesses:     299368496  100.00%

L1-Total-Hits:        8505905389   94.85%
L1-Total-Misses:       461437152    5.15%
L1-Total-Accesses:    8967342541  100.00%

L2 Cache Stats:
L2-Load-Hits:         306445552   66.70%
L2-Load-Misses:       153023424   33.30%
L2-Load-Accesses:     459468976  100.00%

L2-Store-Hits:           1500719   76.25%
L2-Store-Misses:          467457   23.75%
L2-Store-Accesses:       1968176  100.00%

L2-Total-Hits:         307946271   66.74%
L2-Total-Misses:       153490881   33.26%
L2-Total-Accesses:     461437152  100.00%

