--------
Total Statistics
--------
Total Instructions: 19326205275
Total Cycles: 76847221196
IPC: 0.251489

--------
Single level Tlb hierarchy
--------
  Data Tlb:
    Entries:         128
    Page Size(B):   4096
    Associativity:      4

Latencies:    0  100
Tlb-Sets:   32 - LRU - assoc:   4

Tlb Stats:
Tlb-Load-Hits:        8635897070   99.63%
Tlb-Load-Misses:        32076975    0.37%
Tlb-Load-Accesses:    8667974045  100.00%

Tlb-Store-Hits:         299312119   99.98%
Tlb-Store-Misses:           56377    0.02%
Tlb-Store-Accesses:     299368496  100.00%

Tlb-Total-Hits:        8935209189   99.64%
Tlb-Total-Misses:        32133352    0.36%
Tlb-Total-Accesses:    8967342541  100.00%



--------
Two level Cache hierarchy
--------
  L1-Data Cache:
    Size(KB):          32
    Block Size(B):     64
    Associativity:      8

  L2-Data Cache:
    Size(KB):        1024
    Block Size(B):    128
    Associativity:      8

Latencies:    1   15  250
L1-Sets:   64 - LRU - assoc:   8
L2-Sets: 1024 - LRU - assoc:   8
Store_allocation: Yes
L2_inclusive: Yes
L2_prefetching: No

L1 Cache Stats:
L1-Load-Hits:        8205290182   94.66%
L1-Load-Misses:       462683863    5.34%
L1-Load-Accesses:    8667974045  100.00%

L1-Store-Hits:         297399497   99.34%
L1-Store-Misses:         1968999    0.66%
L1-Store-Accesses:     299368496  100.00%

L1-Total-Hits:        8502689679   94.82%
L1-Total-Misses:       464652862    5.18%
L1-Total-Accesses:    8967342541  100.00%

L2 Cache Stats:
L2-Load-Hits:         309664954   66.93%
L2-Load-Misses:       153018909   33.07%
L2-Load-Accesses:     462683863  100.00%

L2-Store-Hits:           1505727   76.47%
L2-Store-Misses:          463272   23.53%
L2-Store-Accesses:       1968999  100.00%

L2-Total-Hits:         311170681   66.97%
L2-Total-Misses:       153482181   33.03%
L2-Total-Accesses:     464652862  100.00%

