--------
Total Statistics
--------
Total Instructions: 19326205250
Total Cycles: 79863470903
IPC: 0.241991

--------
Single level Tlb hierarchy
--------
  Data Tlb:
    Entries:           8
    Page Size(B):   4096
    Associativity:      4

Latencies:    0  100
Tlb-Sets:    2 - LRU - assoc:   4

Tlb Stats:
Tlb-Load-Hits:        8606833118   99.29%
Tlb-Load-Misses:        61140919    0.71%
Tlb-Load-Accesses:    8667974037  100.00%

Tlb-Store-Hits:         297228968   99.29%
Tlb-Store-Misses:         2139528    0.71%
Tlb-Store-Accesses:     299368496  100.00%

Tlb-Total-Hits:        8904062086   99.29%
Tlb-Total-Misses:        63280447    0.71%
Tlb-Total-Accesses:    8967342533  100.00%



--------
Two level Cache hierarchy
--------
  L1-Data Cache:
    Size(KB):          32
    Block Size(B):     64
    Associativity:      8

  L2-Data Cache:
    Size(KB):        1024
    Block Size(B):    128
    Associativity:      8

Latencies:    1   15  250
L1-Sets:   64 - LRU - assoc:   8
L2-Sets: 1024 - LRU - assoc:   8
Store_allocation: Yes
L2_inclusive: Yes
L2_prefetching: No

L1 Cache Stats:
L1-Load-Hits:        8212372302   94.74%
L1-Load-Misses:       455601735    5.26%
L1-Load-Accesses:    8667974037  100.00%

L1-Store-Hits:         297393953   99.34%
L1-Store-Misses:         1974543    0.66%
L1-Store-Accesses:     299368496  100.00%

L1-Total-Hits:        8509766255   94.90%
L1-Total-Misses:       457576278    5.10%
L1-Total-Accesses:    8967342533  100.00%

L2 Cache Stats:
L2-Load-Hits:         302559644   66.41%
L2-Load-Misses:       153042091   33.59%
L2-Load-Accesses:     455601735  100.00%

L2-Store-Hits:           1503697   76.15%
L2-Store-Misses:          470846   23.85%
L2-Store-Accesses:       1974543  100.00%

L2-Total-Hits:         304063341   66.45%
L2-Total-Misses:       153512937   33.55%
L2-Total-Accesses:     457576278  100.00%

