--------
Total Statistics
--------
Total Instructions: 19326205275
Total Cycles: 77137328111
IPC: 0.250543

--------
Single level Tlb hierarchy
--------
  Data Tlb:
    Entries:          32
    Page Size(B):   4096
    Associativity:      4

Latencies:    0  100
Tlb-Sets:    8 - LRU - assoc:   4

Tlb Stats:
Tlb-Load-Hits:        8632417900   99.59%
Tlb-Load-Misses:        35556145    0.41%
Tlb-Load-Accesses:    8667974045  100.00%

Tlb-Store-Hits:         298923089   99.85%
Tlb-Store-Misses:          445407    0.15%
Tlb-Store-Accesses:     299368496  100.00%

Tlb-Total-Hits:        8931340989   99.60%
Tlb-Total-Misses:        36001552    0.40%
Tlb-Total-Accesses:    8967342541  100.00%



--------
Two level Cache hierarchy
--------
  L1-Data Cache:
    Size(KB):          32
    Block Size(B):     64
    Associativity:      8

  L2-Data Cache:
    Size(KB):        1024
    Block Size(B):    128
    Associativity:      8

Latencies:    1   15  250
L1-Sets:   64 - LRU - assoc:   8
L2-Sets: 1024 - LRU - assoc:   8
Store_allocation: Yes
L2_inclusive: Yes
L2_prefetching: No

L1 Cache Stats:
L1-Load-Hits:        8212370297   94.74%
L1-Load-Misses:       455603748    5.26%
L1-Load-Accesses:    8667974045  100.00%

L1-Store-Hits:         297387571   99.34%
L1-Store-Misses:         1980925    0.66%
L1-Store-Accesses:     299368496  100.00%

L1-Total-Hits:        8509757868   94.90%
L1-Total-Misses:       457584673    5.10%
L1-Total-Accesses:    8967342541  100.00%

L2 Cache Stats:
L2-Load-Hits:         302558273   66.41%
L2-Load-Misses:       153045475   33.59%
L2-Load-Accesses:     455603748  100.00%

L2-Store-Hits:           1506980   76.07%
L2-Store-Misses:          473945   23.93%
L2-Store-Accesses:       1980925  100.00%

L2-Total-Hits:         304065253   66.45%
L2-Total-Misses:       153519420   33.55%
L2-Total-Accesses:     457584673  100.00%

