--------
Total Statistics
--------
Total Instructions: 19326205275
Total Cycles: 77143366736
IPC: 0.250523

--------
Single level Tlb hierarchy
--------
  Data Tlb:
    Entries:          64
    Page Size(B):   4096
    Associativity:      2

Latencies:    0  100
Tlb-Sets:   32 - LRU - assoc:   2

Tlb Stats:
Tlb-Load-Hits:        8633133925   99.60%
Tlb-Load-Misses:        34840120    0.40%
Tlb-Load-Accesses:    8667974045  100.00%

Tlb-Store-Hits:         299151878   99.93%
Tlb-Store-Misses:          216618    0.07%
Tlb-Store-Accesses:     299368496  100.00%

Tlb-Total-Hits:        8932285803   99.61%
Tlb-Total-Misses:        35056738    0.39%
Tlb-Total-Accesses:    8967342541  100.00%



--------
Two level Cache hierarchy
--------
  L1-Data Cache:
    Size(KB):          32
    Block Size(B):     64
    Associativity:      8

  L2-Data Cache:
    Size(KB):        1024
    Block Size(B):    128
    Associativity:      8

Latencies:    1   15  250
L1-Sets:   64 - LRU - assoc:   8
L2-Sets: 1024 - LRU - assoc:   8
Store_allocation: Yes
L2_inclusive: Yes
L2_prefetching: No

L1 Cache Stats:
L1-Load-Hits:        8205314235   94.66%
L1-Load-Misses:       462659810    5.34%
L1-Load-Accesses:    8667974045  100.00%

L1-Store-Hits:         297395198   99.34%
L1-Store-Misses:         1973298    0.66%
L1-Store-Accesses:     299368496  100.00%

L1-Total-Hits:        8502709433   94.82%
L1-Total-Misses:       464633108    5.18%
L1-Total-Accesses:    8967342541  100.00%

L2 Cache Stats:
L2-Load-Hits:         309631776   66.92%
L2-Load-Misses:       153028034   33.08%
L2-Load-Accesses:     462659810  100.00%

L2-Store-Hits:           1502738   76.15%
L2-Store-Misses:          470560   23.85%
L2-Store-Accesses:       1973298  100.00%

L2-Total-Hits:         311134514   66.96%
L2-Total-Misses:       153498594   33.04%
L2-Total-Accesses:     464633108  100.00%

