--------
Total Statistics
--------
Total Instructions: 19326205275
Total Cycles: 76971193681
IPC: 0.251084

--------
Single level Tlb hierarchy
--------
  Data Tlb:
    Entries:          64
    Page Size(B):   4096
    Associativity:      8

Latencies:    0  100
Tlb-Sets:    8 - LRU - assoc:   8

Tlb Stats:
Tlb-Load-Hits:        8634747094   99.62%
Tlb-Load-Misses:        33226951    0.38%
Tlb-Load-Accesses:    8667974045  100.00%

Tlb-Store-Hits:         299250868   99.96%
Tlb-Store-Misses:          117628    0.04%
Tlb-Store-Accesses:     299368496  100.00%

Tlb-Total-Hits:        8933997962   99.63%
Tlb-Total-Misses:        33344579    0.37%
Tlb-Total-Accesses:    8967342541  100.00%



--------
Two level Cache hierarchy
--------
  L1-Data Cache:
    Size(KB):          32
    Block Size(B):     64
    Associativity:      8

  L2-Data Cache:
    Size(KB):        1024
    Block Size(B):    128
    Associativity:      8

Latencies:    1   15  250
L1-Sets:   64 - LRU - assoc:   8
L2-Sets: 1024 - LRU - assoc:   8
Store_allocation: Yes
L2_inclusive: Yes
L2_prefetching: No

L1 Cache Stats:
L1-Load-Hits:        8205322758   94.66%
L1-Load-Misses:       462651287    5.34%
L1-Load-Accesses:    8667974045  100.00%

L1-Store-Hits:         297389152   99.34%
L1-Store-Misses:         1979344    0.66%
L1-Store-Accesses:     299368496  100.00%

L1-Total-Hits:        8502711910   94.82%
L1-Total-Misses:       464630631    5.18%
L1-Total-Accesses:    8967342541  100.00%

L2 Cache Stats:
L2-Load-Hits:         309625212   66.92%
L2-Load-Misses:       153026075   33.08%
L2-Load-Accesses:     462651287  100.00%

L2-Store-Hits:           1510505   76.31%
L2-Store-Misses:          468839   23.69%
L2-Store-Accesses:       1979344  100.00%

L2-Total-Hits:         311135717   66.96%
L2-Total-Misses:       153494914   33.04%
L2-Total-Accesses:     464630631  100.00%

