--------
Total Statistics
--------
Total Instructions: 19326205275
Total Cycles: 77861645626
IPC: 0.248212

--------
Single level Tlb hierarchy
--------
  Data Tlb:
    Entries:          16
    Page Size(B):   4096
    Associativity:      4

Latencies:    0  100
Tlb-Sets:    4 - LRU - assoc:   4

Tlb Stats:
Tlb-Load-Hits:        8626203008   99.52%
Tlb-Load-Misses:        41771037    0.48%
Tlb-Load-Accesses:    8667974045  100.00%

Tlb-Store-Hits:         298392954   99.67%
Tlb-Store-Misses:          975542    0.33%
Tlb-Store-Accesses:     299368496  100.00%

Tlb-Total-Hits:        8924595962   99.52%
Tlb-Total-Misses:        42746579    0.48%
Tlb-Total-Accesses:    8967342541  100.00%



--------
Two level Cache hierarchy
--------
  L1-Data Cache:
    Size(KB):          32
    Block Size(B):     64
    Associativity:      8

  L2-Data Cache:
    Size(KB):        1024
    Block Size(B):    128
    Associativity:      8

Latencies:    1   15  250
L1-Sets:   64 - LRU - assoc:   8
L2-Sets: 1024 - LRU - assoc:   8
Store_allocation: Yes
L2_inclusive: Yes
L2_prefetching: No

L1 Cache Stats:
L1-Load-Hits:        8208541244   94.70%
L1-Load-Misses:       459432801    5.30%
L1-Load-Accesses:    8667974045  100.00%

L1-Store-Hits:         297396353   99.34%
L1-Store-Misses:         1972143    0.66%
L1-Store-Accesses:     299368496  100.00%

L1-Total-Hits:        8505937597   94.85%
L1-Total-Misses:       461404944    5.15%
L1-Total-Accesses:    8967342541  100.00%

L2 Cache Stats:
L2-Load-Hits:         306410731   66.69%
L2-Load-Misses:       153022070   33.31%
L2-Load-Accesses:     459432801  100.00%

L2-Store-Hits:           1504750   76.30%
L2-Store-Misses:          467393   23.70%
L2-Store-Accesses:       1972143  100.00%

L2-Total-Hits:         307915481   66.73%
L2-Total-Misses:       153489463   33.27%
L2-Total-Accesses:     461404944  100.00%

