--------
Total Statistics
--------
Total Instructions: 27912831090
Total Cycles: 39701959602
IPC: 0.703059

--------
Single level Tlb hierarchy
--------
  Data Tlb:
    Entries:         128
    Page Size(B):   4096
    Associativity:      4

Latencies:    0  100
Tlb-Sets:   32 - LRU - assoc:   4

Tlb Stats:
Tlb-Load-Hits:        7669317814  100.00%
Tlb-Load-Misses:              55    0.00%
Tlb-Load-Accesses:    7669317869  100.00%

Tlb-Store-Hits:        2317381435  100.00%
Tlb-Store-Misses:             343    0.00%
Tlb-Store-Accesses:    2317381778  100.00%

Tlb-Total-Hits:        9986699249  100.00%
Tlb-Total-Misses:             398    0.00%
Tlb-Total-Accesses:    9986699647  100.00%



--------
Two level Cache hierarchy
--------
  L1-Data Cache:
    Size(KB):          32
    Block Size(B):     64
    Associativity:      8

  L2-Data Cache:
    Size(KB):        1024
    Block Size(B):    128
    Associativity:      8

Latencies:    1   15  250
L1-Sets:   64 - LRU - assoc:   8
L2-Sets: 1024 - LRU - assoc:   8
Store_allocation: Yes
L2_inclusive: Yes
L2_prefetching: No

L1 Cache Stats:
L1-Load-Hits:        7603043752   99.14%
L1-Load-Misses:        66274117    0.86%
L1-Load-Accesses:    7669317869  100.00%

L1-Store-Hits:        2263688124   97.68%
L1-Store-Misses:        53693654    2.32%
L1-Store-Accesses:    2317381778  100.00%

L1-Total-Hits:        9866731876   98.80%
L1-Total-Misses:       119967771    1.20%
L1-Total-Accesses:    9986699647  100.00%

L2 Cache Stats:
L2-Load-Hits:          66272116  100.00%
L2-Load-Misses:            2001    0.00%
L2-Load-Accesses:      66274117  100.00%

L2-Store-Hits:          53684165   99.98%
L2-Store-Misses:            9489    0.02%
L2-Store-Accesses:      53693654  100.00%

L2-Total-Hits:         119956281   99.99%
L2-Total-Misses:           11490    0.01%
L2-Total-Accesses:     119967771  100.00%

