--------
Total Statistics
--------
Total Instructions: 27912831090
Total Cycles: 40045133117
IPC: 0.697034

--------
Single level Tlb hierarchy
--------
  Data Tlb:
    Entries:          32
    Page Size(B):   4096
    Associativity:      4

Latencies:    0  100
Tlb-Sets:    8 - LRU - assoc:   4

Tlb Stats:
Tlb-Load-Hits:        7666188501   99.96%
Tlb-Load-Misses:         3129368    0.04%
Tlb-Load-Accesses:    7669317869  100.00%

Tlb-Store-Hits:        2317064563   99.99%
Tlb-Store-Misses:          317215    0.01%
Tlb-Store-Accesses:    2317381778  100.00%

Tlb-Total-Hits:        9983253064   99.97%
Tlb-Total-Misses:         3446583    0.03%
Tlb-Total-Accesses:    9986699647  100.00%



--------
Two level Cache hierarchy
--------
  L1-Data Cache:
    Size(KB):          32
    Block Size(B):     64
    Associativity:      8

  L2-Data Cache:
    Size(KB):        1024
    Block Size(B):    128
    Associativity:      8

Latencies:    1   15  250
L1-Sets:   64 - LRU - assoc:   8
L2-Sets: 1024 - LRU - assoc:   8
Store_allocation: Yes
L2_inclusive: Yes
L2_prefetching: No

L1 Cache Stats:
L1-Load-Hits:        7603349871   99.14%
L1-Load-Misses:        65967998    0.86%
L1-Load-Accesses:    7669317869  100.00%

L1-Store-Hits:        2263478354   97.67%
L1-Store-Misses:        53903424    2.33%
L1-Store-Accesses:    2317381778  100.00%

L1-Total-Hits:        9866828225   98.80%
L1-Total-Misses:       119871422    1.20%
L1-Total-Accesses:    9986699647  100.00%

L2 Cache Stats:
L2-Load-Hits:          65965997  100.00%
L2-Load-Misses:            2001    0.00%
L2-Load-Accesses:      65967998  100.00%

L2-Store-Hits:          53893934   99.98%
L2-Store-Misses:            9490    0.02%
L2-Store-Accesses:      53903424  100.00%

L2-Total-Hits:         119859931   99.99%
L2-Total-Misses:           11491    0.01%
L2-Total-Accesses:     119871422  100.00%

