--------
Total Statistics
--------
Total Instructions: 27912831090
Total Cycles: 39695708147
IPC: 0.70317

--------
Single level Tlb hierarchy
--------
  Data Tlb:
    Entries:          64
    Page Size(B):   4096
    Associativity:      8

Latencies:    0  100
Tlb-Sets:    8 - LRU - assoc:   8

Tlb Stats:
Tlb-Load-Hits:        7669317784  100.00%
Tlb-Load-Misses:              85    0.00%
Tlb-Load-Accesses:    7669317869  100.00%

Tlb-Store-Hits:        2317381434  100.00%
Tlb-Store-Misses:             344    0.00%
Tlb-Store-Accesses:    2317381778  100.00%

Tlb-Total-Hits:        9986699218  100.00%
Tlb-Total-Misses:             429    0.00%
Tlb-Total-Accesses:    9986699647  100.00%



--------
Two level Cache hierarchy
--------
  L1-Data Cache:
    Size(KB):          32
    Block Size(B):     64
    Associativity:      8

  L2-Data Cache:
    Size(KB):        1024
    Block Size(B):    128
    Associativity:      8

Latencies:    1   15  250
L1-Sets:   64 - LRU - assoc:   8
L2-Sets: 1024 - LRU - assoc:   8
Store_allocation: Yes
L2_inclusive: Yes
L2_prefetching: No

L1 Cache Stats:
L1-Load-Hits:        7603169017   99.14%
L1-Load-Misses:        66148852    0.86%
L1-Load-Accesses:    7669317869  100.00%

L1-Store-Hits:        2263979846   97.70%
L1-Store-Misses:        53401932    2.30%
L1-Store-Accesses:    2317381778  100.00%

L1-Total-Hits:        9867148863   98.80%
L1-Total-Misses:       119550784    1.20%
L1-Total-Accesses:    9986699647  100.00%

L2 Cache Stats:
L2-Load-Hits:          66146849  100.00%
L2-Load-Misses:            2003    0.00%
L2-Load-Accesses:      66148852  100.00%

L2-Store-Hits:          53392444   99.98%
L2-Store-Misses:            9488    0.02%
L2-Store-Accesses:      53401932  100.00%

L2-Total-Hits:         119539293   99.99%
L2-Total-Misses:           11491    0.01%
L2-Total-Accesses:     119550784  100.00%

