--------
Total Statistics
--------
Total Instructions: 27912831090
Total Cycles: 65896985742
IPC: 0.423583

--------
Single level Tlb hierarchy
--------
  Data Tlb:
    Entries:          64
    Page Size(B):   4096
    Associativity:      1

Latencies:    0  100
Tlb-Sets:   64 - LRU - assoc:   1

Tlb Stats:
Tlb-Load-Hits:        7450607726   97.15%
Tlb-Load-Misses:       218710143    2.85%
Tlb-Load-Accesses:    7669317869  100.00%

Tlb-Store-Hits:        2274086645   98.13%
Tlb-Store-Misses:        43295133    1.87%
Tlb-Store-Accesses:    2317381778  100.00%

Tlb-Total-Hits:        9724694371   97.38%
Tlb-Total-Misses:       262005276    2.62%
Tlb-Total-Accesses:    9986699647  100.00%



--------
Two level Cache hierarchy
--------
  L1-Data Cache:
    Size(KB):          32
    Block Size(B):     64
    Associativity:      8

  L2-Data Cache:
    Size(KB):        1024
    Block Size(B):    128
    Associativity:      8

Latencies:    1   15  250
L1-Sets:   64 - LRU - assoc:   8
L2-Sets: 1024 - LRU - assoc:   8
Store_allocation: Yes
L2_inclusive: Yes
L2_prefetching: No

L1 Cache Stats:
L1-Load-Hits:        7603355681   99.14%
L1-Load-Misses:        65962188    0.86%
L1-Load-Accesses:    7669317869  100.00%

L1-Store-Hits:        2263740339   97.69%
L1-Store-Misses:        53641439    2.31%
L1-Store-Accesses:    2317381778  100.00%

L1-Total-Hits:        9867096020   98.80%
L1-Total-Misses:       119603627    1.20%
L1-Total-Accesses:    9986699647  100.00%

L2 Cache Stats:
L2-Load-Hits:          65960185  100.00%
L2-Load-Misses:            2003    0.00%
L2-Load-Accesses:      65962188  100.00%

L2-Store-Hits:          53631950   99.98%
L2-Store-Misses:            9489    0.02%
L2-Store-Accesses:      53641439  100.00%

L2-Total-Hits:         119592135   99.99%
L2-Total-Misses:           11492    0.01%
L2-Total-Accesses:     119603627  100.00%

