--------
Total Statistics
--------
Total Instructions: 27912831090
Total Cycles: 46887920822
IPC: 0.59531

--------
Single level Tlb hierarchy
--------
  Data Tlb:
    Entries:          16
    Page Size(B):   4096
    Associativity:      4

Latencies:    0  100
Tlb-Sets:    4 - LRU - assoc:   4

Tlb Stats:
Tlb-Load-Hits:        7608456388   99.21%
Tlb-Load-Misses:        60861481    0.79%
Tlb-Load-Accesses:    7669317869  100.00%

Tlb-Store-Hits:        2306348262   99.52%
Tlb-Store-Misses:        11033516    0.48%
Tlb-Store-Accesses:    2317381778  100.00%

Tlb-Total-Hits:        9914804650   99.28%
Tlb-Total-Misses:        71894997    0.72%
Tlb-Total-Accesses:    9986699647  100.00%



--------
Two level Cache hierarchy
--------
  L1-Data Cache:
    Size(KB):          32
    Block Size(B):     64
    Associativity:      8

  L2-Data Cache:
    Size(KB):        1024
    Block Size(B):    128
    Associativity:      8

Latencies:    1   15  250
L1-Sets:   64 - LRU - assoc:   8
L2-Sets: 1024 - LRU - assoc:   8
Store_allocation: Yes
L2_inclusive: Yes
L2_prefetching: No

L1 Cache Stats:
L1-Load-Hits:        7603181545   99.14%
L1-Load-Misses:        66136324    0.86%
L1-Load-Accesses:    7669317869  100.00%

L1-Store-Hits:        2263783593   97.69%
L1-Store-Misses:        53598185    2.31%
L1-Store-Accesses:    2317381778  100.00%

L1-Total-Hits:        9866965138   98.80%
L1-Total-Misses:       119734509    1.20%
L1-Total-Accesses:    9986699647  100.00%

L2 Cache Stats:
L2-Load-Hits:          66134323  100.00%
L2-Load-Misses:            2001    0.00%
L2-Load-Accesses:      66136324  100.00%

L2-Store-Hits:          53588695   99.98%
L2-Store-Misses:            9490    0.02%
L2-Store-Accesses:      53598185  100.00%

L2-Total-Hits:         119723018   99.99%
L2-Total-Misses:           11491    0.01%
L2-Total-Accesses:     119734509  100.00%

