--------
Total Statistics
--------
Total Instructions: 27912831115
Total Cycles: 123543556490
IPC: 0.225935

--------
Single level Tlb hierarchy
--------
  Data Tlb:
    Entries:           8
    Page Size(B):   4096
    Associativity:      4

Latencies:    0  100
Tlb-Sets:    2 - LRU - assoc:   4

Tlb Stats:
Tlb-Load-Hits:        6908792340   90.08%
Tlb-Load-Misses:       760525537    9.92%
Tlb-Load-Accesses:    7669317877  100.00%

Tlb-Store-Hits:        2239485117   96.64%
Tlb-Store-Misses:        77896661    3.36%
Tlb-Store-Accesses:    2317381778  100.00%

Tlb-Total-Hits:        9148277457   91.60%
Tlb-Total-Misses:       838422198    8.40%
Tlb-Total-Accesses:    9986699655  100.00%



--------
Two level Cache hierarchy
--------
  L1-Data Cache:
    Size(KB):          32
    Block Size(B):     64
    Associativity:      8

  L2-Data Cache:
    Size(KB):        1024
    Block Size(B):    128
    Associativity:      8

Latencies:    1   15  250
L1-Sets:   64 - LRU - assoc:   8
L2-Sets: 1024 - LRU - assoc:   8
Store_allocation: Yes
L2_inclusive: Yes
L2_prefetching: No

L1 Cache Stats:
L1-Load-Hits:        7602956436   99.13%
L1-Load-Misses:        66361441    0.87%
L1-Load-Accesses:    7669317877  100.00%

L1-Store-Hits:        2263814341   97.69%
L1-Store-Misses:        53567437    2.31%
L1-Store-Accesses:    2317381778  100.00%

L1-Total-Hits:        9866770777   98.80%
L1-Total-Misses:       119928878    1.20%
L1-Total-Accesses:    9986699655  100.00%

L2 Cache Stats:
L2-Load-Hits:          66359440  100.00%
L2-Load-Misses:            2001    0.00%
L2-Load-Accesses:      66361441  100.00%

L2-Store-Hits:          53557947   99.98%
L2-Store-Misses:            9490    0.02%
L2-Store-Accesses:      53567437  100.00%

L2-Total-Hits:         119917387   99.99%
L2-Total-Misses:           11491    0.01%
L2-Total-Accesses:     119928878  100.00%

